--------------- Build Started: 03/10/2022 22:11:20 Project: VDAC_Saw_Export, Configuration: ARM GCC 5.4-2016-q2-update Debug ---------------
The code generation step is up to date.
The compile step is up to date, no work needs to be done.
The link step is up to date, no work needs to be done.
arm-none-eabi-gcc.exe -mcpu=cortex-m4 -mfloat-abi=softfp -mfpu=fpv4-sp-d16 -mthumb -I. -IGenerated_Source\PSoC6 -IGenerated_Source\PSoC6\pdl\cmsis/include/ -IGenerated_Source\PSoC6\pdl\devices/psoc6/include/ -IGenerated_Source\PSoC6\pdl\devices/psoc6/include/ip/ -IGenerated_Source\PSoC6\pdl\drivers/peripheral/ -IGenerated_Source\PSoC6\pdl\drivers/peripheral/ctb/ -IGenerated_Source\PSoC6\pdl\drivers/peripheral/ctdac/ -IGenerated_Source\PSoC6\pdl\drivers/peripheral/device/ -IGenerated_Source\PSoC6\pdl\drivers/peripheral/efuse/ -IGenerated_Source\PSoC6\pdl\drivers/peripheral/flash/ -IGenerated_Source\PSoC6\pdl\drivers/peripheral/gpio/ -IGenerated_Source\PSoC6\pdl\drivers/peripheral/ipc/ -IGenerated_Source\PSoC6\pdl\drivers/peripheral/lvd/ -IGenerated_Source\PSoC6\pdl\drivers/peripheral/profile/ -IGenerated_Source\PSoC6\pdl\drivers/peripheral/prot/ -IGenerated_Source\PSoC6\pdl\drivers/peripheral/scb/ -IGenerated_Source\PSoC6\pdl\drivers/peripheral/sysanalog/ -IGenerated_Source\PSoC6\pdl\drivers/peripheral/sysclk/ -IGenerated_Source\PSoC6\pdl\drivers/peripheral/sysint/ -IGenerated_Source\PSoC6\pdl\drivers/peripheral/syslib/ -IGenerated_Source\PSoC6\pdl\drivers/peripheral/syspm/ -IGenerated_Source\PSoC6\pdl\drivers/peripheral/systick/ -IGenerated_Source\PSoC6\pdl\drivers/peripheral/trigmux/ -IGenerated_Source\PSoC6\pdl\drivers/peripheral/wdt/ -IGenerated_Source\PSoC6\pdl\middleware/ -Wa,-alh=.\CortexM4\ARM_GCC_541\Debug/main_cm4.lst -g -D DEBUG -D CY_CORE_ID=0 -D CY_PSOC_CREATOR_USED=1 -D CYBLE_416045_02 -Wall -ffunction-sections -ffat-lto-objects -O0 -c main_cm4.c -o .\CortexM4\ARM_GCC_541\Debug\main_cm4.o
main_cm4.c: In function 'main':
main_cm4.c:86:11: warning: unused variable 'sleep1' [-Wunused-variable]
     float sleep1;
           ^
main_cm4.c:82:11: warning: unused variable 'volt' [-Wunused-variable]
     float volt = 2.0;
           ^
arm-none-eabi-gcc.exe -Wl,--start-group -o "D:\OneDrive\OneDrive - UNSW\2022_T1\Thesis A\darayus\VDAC_Saw_Export.cydsn\CortexM4\ARM_GCC_541\Debug\VDAC_Saw_Export_link.elf" .\CortexM4\ARM_GCC_541\Debug\startup_psoc6_01_cm4.o .\CortexM4\ARM_GCC_541\Debug\main_cm4.o .\CortexM4\ARM_GCC_541\Debug\system_psoc6_cm4.o .\CortexM4\ARM_GCC_541\Debug\cyfitter_sysint_cfg.o .\CortexM4\ARM_GCC_541\Debug\cymetadata.o .\CortexM4\ARM_GCC_541\Debug\VDAC_1.o .\CortexM4\ARM_GCC_541\Debug\cy_ctb.o .\CortexM4\ARM_GCC_541\Debug\cy_efuse.o .\CortexM4\ARM_GCC_541\Debug\cy_flash.o .\CortexM4\ARM_GCC_541\Debug\cy_gpio.o .\CortexM4\ARM_GCC_541\Debug\cy_ipc_drv.o .\CortexM4\ARM_GCC_541\Debug\cy_ipc_sema.o .\CortexM4\ARM_GCC_541\Debug\cy_ipc_pipe.o .\CortexM4\ARM_GCC_541\Debug\cy_lvd.o .\CortexM4\ARM_GCC_541\Debug\cy_profile.o .\CortexM4\ARM_GCC_541\Debug\cy_prot.o .\CortexM4\ARM_GCC_541\Debug\cy_sysanalog.o .\CortexM4\ARM_GCC_541\Debug\cy_sysclk.o .\CortexM4\ARM_GCC_541\Debug\cy_sysint.o .\CortexM4\ARM_GCC_541\Debug\cy_syslib.o .\CortexM4\ARM_GCC_541\Debug\cy_syslib_gcc.o .\CortexM4\ARM_GCC_541\Debug\cy_syspm.o .\CortexM4\ARM_GCC_541\Debug\cy_systick.o .\CortexM4\ARM_GCC_541\Debug\cy_trigmux.o .\CortexM4\ARM_GCC_541\Debug\cy_wdt.o .\CortexM4\ARM_GCC_541\Debug\cy_device.o .\CortexM4\ARM_GCC_541\Debug\cy_ctdac.o .\CortexM4\ARM_GCC_541\Debug\cy_scb_common.o .\CortexM4\ARM_GCC_541\Debug\cy_scb_i2c.o .\CortexM4\ARM_GCC_541\Debug\cy_scb_ezi2c.o .\CortexM4\ARM_GCC_541\Debug\cy_scb_spi.o .\CortexM4\ARM_GCC_541\Debug\cy_scb_uart.o .\CortexM4\ARM_GCC_541\Debug\cy_ble_clk.o .\CortexM4\ARM_GCC_541\Debug\UART_1.o -mcpu=cortex-m4 -mfloat-abi=softfp -mfpu=fpv4-sp-d16 -mthumb -L Generated_Source\PSoC6 -Wl,-Map,.\CortexM4\ARM_GCC_541\Debug/VDAC_Saw_Export.map -T cy8c6xx7_cm4_dual.ld -specs=nano.specs -Wl,--gc-sections -g -ffunction-sections -O0 -ffat-lto-objects -Wl,--end-group
"C:\Program Files (x86)\Cypress\PDL\3.1.5\tools\win\elf\cymcuelftool.exe" --sign "D:\OneDrive\OneDrive - UNSW\2022_T1\Thesis A\darayus\VDAC_Saw_Export.cydsn\CortexM4\ARM_GCC_541\Debug\VDAC_Saw_Export_link.elf" --output "D:\OneDrive\OneDrive - UNSW\2022_T1\Thesis A\darayus\VDAC_Saw_Export.cydsn\CortexM4\ARM_GCC_541\Debug\VDAC_Saw_Export_signed.elf" --hex "D:\OneDrive\OneDrive - UNSW\2022_T1\Thesis A\darayus\VDAC_Saw_Export.cydsn\CortexM4\ARM_GCC_541\Debug\VDAC_Saw_Export_signed.hex"
No ELF section .cychecksum found, creating one
Application checksum calculated and stored in ELF section .cychecksum
Checksum calculated and stored in ELF section .cymeta
"C:\Program Files (x86)\Cypress\PDL\3.1.5\tools\win\elf\cymcuelftool.exe" --merge "D:\OneDrive\OneDrive - UNSW\2022_T1\Thesis A\darayus\VDAC_Saw_Export.cydsn\CortexM4\ARM_GCC_541\Debug\VDAC_Saw_Export_signed.elf" "D:\OneDrive\OneDrive - UNSW\2022_T1\Thesis A\darayus\VDAC_Saw_Export.cydsn\CortexM0p\ARM_GCC_541\Debug\VDAC_Saw_Export.elf" --output "D:\OneDrive\OneDrive - UNSW\2022_T1\Thesis A\darayus\VDAC_Saw_Export.cydsn\CortexM4\ARM_GCC_541\Debug\VDAC_Saw_Export.elf" --hex "D:\OneDrive\OneDrive - UNSW\2022_T1\Thesis A\darayus\VDAC_Saw_Export.cydsn\CortexM4\ARM_GCC_541\Debug\VDAC_Saw_Export.hex"
Application checksum calculated and stored in ELF section .cychecksum
Checksum calculated and stored in ELF section .cymeta
"C:\Program Files (x86)\Cypress\PDL\3.1.5\tools\win\elf\cymcuelftool.exe" -A "D:\OneDrive\OneDrive - UNSW\2022_T1\Thesis A\darayus\VDAC_Saw_Export.cydsn\CortexM4\ARM_GCC_541\Debug\VDAC_Saw_Export.elf"
code:33804	sram:2920
--------------- Build Succeeded: 03/10/2022 22:11:22 ---------------
