ARM GAS  C:\Users\JC\AppData\Local\Temp\ccoliYlE.s 			page 1


   1              		.syntax unified
   2              		.cpu cortex-m4
   3              		.eabi_attribute 27, 1
   4              		.fpu fpv4-sp-d16
   5              		.eabi_attribute 20, 1
   6              		.eabi_attribute 21, 1
   7              		.eabi_attribute 23, 3
   8              		.eabi_attribute 24, 1
   9              		.eabi_attribute 25, 1
  10              		.eabi_attribute 26, 1
  11              		.eabi_attribute 30, 6
  12              		.eabi_attribute 34, 1
  13              		.eabi_attribute 18, 4
  14              		.thumb
  15              		.syntax unified
  16              		.file	"cy_ble_hal_int.c"
  17              		.text
  18              	.Ltext0:
  19              		.cfi_sections	.debug_frame
  20              		.section	.text.Cy_BLE_BlessInterrupt,"ax",%progbits
  21              		.align	2
  22              		.global	Cy_BLE_BlessInterrupt
  23              		.thumb
  24              		.thumb_func
  25              		.type	Cy_BLE_BlessInterrupt, %function
  26              	Cy_BLE_BlessInterrupt:
  27              	.LFB253:
  28              		.file 1 "Generated_Source\\PSoC6\\pdl\\middleware\\ble\\cy_ble_hal_int.c"
   1:Generated_Source\PSoC6\pdl\middleware\ble/cy_ble_hal_int.c **** /***************************************************************************//**
   2:Generated_Source\PSoC6\pdl\middleware\ble/cy_ble_hal_int.c **** * \file cy_ble_hal_int.c
   3:Generated_Source\PSoC6\pdl\middleware\ble/cy_ble_hal_int.c **** * \version 2.70
   4:Generated_Source\PSoC6\pdl\middleware\ble/cy_ble_hal_int.c **** *
   5:Generated_Source\PSoC6\pdl\middleware\ble/cy_ble_hal_int.c **** * \brief
   6:Generated_Source\PSoC6\pdl\middleware\ble/cy_ble_hal_int.c **** *  This file contains the source code for the Interrupt Service Routine for the
   7:Generated_Source\PSoC6\pdl\middleware\ble/cy_ble_hal_int.c **** *  HAL section of the BLE Middleware.
   8:Generated_Source\PSoC6\pdl\middleware\ble/cy_ble_hal_int.c **** *
   9:Generated_Source\PSoC6\pdl\middleware\ble/cy_ble_hal_int.c **** ********************************************************************************
  10:Generated_Source\PSoC6\pdl\middleware\ble/cy_ble_hal_int.c **** * \copyright
  11:Generated_Source\PSoC6\pdl\middleware\ble/cy_ble_hal_int.c **** * Copyright 2017-2021, Cypress Semiconductor Corporation.  All rights reserved.
  12:Generated_Source\PSoC6\pdl\middleware\ble/cy_ble_hal_int.c **** * You may use this file only in accordance with the license, terms, conditions,
  13:Generated_Source\PSoC6\pdl\middleware\ble/cy_ble_hal_int.c **** * disclaimers, and limitations in the end user license agreement accompanying
  14:Generated_Source\PSoC6\pdl\middleware\ble/cy_ble_hal_int.c **** * the software package with which this file was provided.
  15:Generated_Source\PSoC6\pdl\middleware\ble/cy_ble_hal_int.c **** *******************************************************************************/
  16:Generated_Source\PSoC6\pdl\middleware\ble/cy_ble_hal_int.c **** #include "cy_ble.h"
  17:Generated_Source\PSoC6\pdl\middleware\ble/cy_ble_hal_int.c **** #include "cy_ble_hal_pvt.h"
  18:Generated_Source\PSoC6\pdl\middleware\ble/cy_ble_hal_int.c **** #include "ipc/cy_ipc_sema.h"
  19:Generated_Source\PSoC6\pdl\middleware\ble/cy_ble_hal_int.c **** 
  20:Generated_Source\PSoC6\pdl\middleware\ble/cy_ble_hal_int.c **** /* C binding of definitions if building with C++ compiler */
  21:Generated_Source\PSoC6\pdl\middleware\ble/cy_ble_hal_int.c **** #ifdef __cplusplus
  22:Generated_Source\PSoC6\pdl\middleware\ble/cy_ble_hal_int.c **** extern "C" {
  23:Generated_Source\PSoC6\pdl\middleware\ble/cy_ble_hal_int.c **** #endif /* __cplusplus */
  24:Generated_Source\PSoC6\pdl\middleware\ble/cy_ble_hal_int.c **** 
  25:Generated_Source\PSoC6\pdl\middleware\ble/cy_ble_hal_int.c **** 
  26:Generated_Source\PSoC6\pdl\middleware\ble/cy_ble_hal_int.c **** #if (CY_BLE_INTR_NOTIFY_FEATURE_ENABLED) && (CY_BLE_STACK_MODE_IPC) && (CY_BLE_MODE_PROFILE)
  27:Generated_Source\PSoC6\pdl\middleware\ble/cy_ble_hal_int.c **** 
  28:Generated_Source\PSoC6\pdl\middleware\ble/cy_ble_hal_int.c **** /*******************************************************************************
  29:Generated_Source\PSoC6\pdl\middleware\ble/cy_ble_hal_int.c **** * Function Name: Cy_BLE_HAL_IntrNotifyIpcHandler
ARM GAS  C:\Users\JC\AppData\Local\Temp\ccoliYlE.s 			page 2


  30:Generated_Source\PSoC6\pdl\middleware\ble/cy_ble_hal_int.c **** ****************************************************************************//**
  31:Generated_Source\PSoC6\pdl\middleware\ble/cy_ble_hal_int.c **** *
  32:Generated_Source\PSoC6\pdl\middleware\ble/cy_ble_hal_int.c **** *  Handles the IPC notification for Interrupt Notification Feature.
  33:Generated_Source\PSoC6\pdl\middleware\ble/cy_ble_hal_int.c **** *
  34:Generated_Source\PSoC6\pdl\middleware\ble/cy_ble_hal_int.c **** * \return
  35:Generated_Source\PSoC6\pdl\middleware\ble/cy_ble_hal_int.c **** *  None
  36:Generated_Source\PSoC6\pdl\middleware\ble/cy_ble_hal_int.c **** *
  37:Generated_Source\PSoC6\pdl\middleware\ble/cy_ble_hal_int.c **** *******************************************************************************/
  38:Generated_Source\PSoC6\pdl\middleware\ble/cy_ble_hal_int.c **** void Cy_BLE_HAL_IntrNotifyIpcHandler(void)
  39:Generated_Source\PSoC6\pdl\middleware\ble/cy_ble_hal_int.c **** {
  40:Generated_Source\PSoC6\pdl\middleware\ble/cy_ble_hal_int.c ****     uint32_t interruptMasked;
  41:Generated_Source\PSoC6\pdl\middleware\ble/cy_ble_hal_int.c ****     IPC_INTR_STRUCT_Type *intrTypePtr = Cy_IPC_Drv_GetIntrBaseAddr(CY_BLE_INTR_NOTIFY_IPC_INTR);
  42:Generated_Source\PSoC6\pdl\middleware\ble/cy_ble_hal_int.c ****    /**
  43:Generated_Source\PSoC6\pdl\middleware\ble/cy_ble_hal_int.c ****     * Check that there is really the IPC Notify interrupt,
  44:Generated_Source\PSoC6\pdl\middleware\ble/cy_ble_hal_int.c ****     * because the same line can be used for the IPC Release interrupt.
  45:Generated_Source\PSoC6\pdl\middleware\ble/cy_ble_hal_int.c ****     */
  46:Generated_Source\PSoC6\pdl\middleware\ble/cy_ble_hal_int.c **** 
  47:Generated_Source\PSoC6\pdl\middleware\ble/cy_ble_hal_int.c ****     interruptMasked = Cy_IPC_Drv_ExtractAcquireMask(Cy_IPC_Drv_GetInterruptStatusMasked(intrTypePtr
  48:Generated_Source\PSoC6\pdl\middleware\ble/cy_ble_hal_int.c **** 
  49:Generated_Source\PSoC6\pdl\middleware\ble/cy_ble_hal_int.c ****     if ((1uL << (CY_BLE_INTR_NOTIFY_IPC_CHAN)) == interruptMasked )
  50:Generated_Source\PSoC6\pdl\middleware\ble/cy_ble_hal_int.c ****     {
  51:Generated_Source\PSoC6\pdl\middleware\ble/cy_ble_hal_int.c ****         Cy_IPC_Drv_ClearInterrupt(intrTypePtr, CY_IPC_NO_NOTIFICATION, interruptMasked);
  52:Generated_Source\PSoC6\pdl\middleware\ble/cy_ble_hal_int.c **** 
  53:Generated_Source\PSoC6\pdl\middleware\ble/cy_ble_hal_int.c ****         if(Cy_BLE_InterruptCallback != NULL)
  54:Generated_Source\PSoC6\pdl\middleware\ble/cy_ble_hal_int.c ****         {
  55:Generated_Source\PSoC6\pdl\middleware\ble/cy_ble_hal_int.c ****             /* Call the BLE interrupt feature handler */
  56:Generated_Source\PSoC6\pdl\middleware\ble/cy_ble_hal_int.c ****             Cy_BLE_InterruptCallback(intrNotify.data);
  57:Generated_Source\PSoC6\pdl\middleware\ble/cy_ble_hal_int.c ****         }
  58:Generated_Source\PSoC6\pdl\middleware\ble/cy_ble_hal_int.c **** 
  59:Generated_Source\PSoC6\pdl\middleware\ble/cy_ble_hal_int.c ****         /* Release the IPC channel with the Release interrupt */
  60:Generated_Source\PSoC6\pdl\middleware\ble/cy_ble_hal_int.c ****         (void)Cy_IPC_Drv_LockRelease(Cy_IPC_Drv_GetIpcBaseAddress(CY_BLE_INTR_NOTIFY_IPC_CHAN),
  61:Generated_Source\PSoC6\pdl\middleware\ble/cy_ble_hal_int.c ****                                     (1uL << CY_BLE_INTR_NOTIFY_IPC_INTR));
  62:Generated_Source\PSoC6\pdl\middleware\ble/cy_ble_hal_int.c ****     }
  63:Generated_Source\PSoC6\pdl\middleware\ble/cy_ble_hal_int.c **** }
  64:Generated_Source\PSoC6\pdl\middleware\ble/cy_ble_hal_int.c **** #endif /* (CY_BLE_INTR_NOTIFY_FEATURE_ENABLED) && (CY_BLE_STACK_MODE_IPC) && (CY_BLE_MODE_PROFILE) 
  65:Generated_Source\PSoC6\pdl\middleware\ble/cy_ble_hal_int.c **** 
  66:Generated_Source\PSoC6\pdl\middleware\ble/cy_ble_hal_int.c **** #if (CY_BLE_HOST_CONTR_CORE)
  67:Generated_Source\PSoC6\pdl\middleware\ble/cy_ble_hal_int.c **** #if (CY_BLE_STACK_CONTR_CORE)
  68:Generated_Source\PSoC6\pdl\middleware\ble/cy_ble_hal_int.c **** 
  69:Generated_Source\PSoC6\pdl\middleware\ble/cy_ble_hal_int.c **** #if (CY_BLE_INTR_NOTIFY_FEATURE_ENABLED)
  70:Generated_Source\PSoC6\pdl\middleware\ble/cy_ble_hal_int.c **** /* Globals */
  71:Generated_Source\PSoC6\pdl\middleware\ble/cy_ble_hal_int.c **** cy_stc_ble_intr_notify_t *intrNotifyPtr = NULL;
  72:Generated_Source\PSoC6\pdl\middleware\ble/cy_ble_hal_int.c **** 
  73:Generated_Source\PSoC6\pdl\middleware\ble/cy_ble_hal_int.c **** /* Private Function Prototypes  */
  74:Generated_Source\PSoC6\pdl\middleware\ble/cy_ble_hal_int.c **** static void Cy_BLE_HAL_SendInterruptNotification(void);
  75:Generated_Source\PSoC6\pdl\middleware\ble/cy_ble_hal_int.c **** 
  76:Generated_Source\PSoC6\pdl\middleware\ble/cy_ble_hal_int.c **** /*******************************************************************************
  77:Generated_Source\PSoC6\pdl\middleware\ble/cy_ble_hal_int.c **** * Function Name: Cy_BLE_HAL_SendInterruptNotification
  78:Generated_Source\PSoC6\pdl\middleware\ble/cy_ble_hal_int.c **** ****************************************************************************//**
  79:Generated_Source\PSoC6\pdl\middleware\ble/cy_ble_hal_int.c **** *
  80:Generated_Source\PSoC6\pdl\middleware\ble/cy_ble_hal_int.c **** *  This function sends notification (with interrupt type information) to user
  81:Generated_Source\PSoC6\pdl\middleware\ble/cy_ble_hal_int.c **** *  callback for the BLE interrupts subscribed by user. The list of supported
  82:Generated_Source\PSoC6\pdl\middleware\ble/cy_ble_hal_int.c **** *  interrupts described in the enumeration cy_en_ble_interrupt_callback_feature_t.
  83:Generated_Source\PSoC6\pdl\middleware\ble/cy_ble_hal_int.c **** *  Cy_BLE_RegisterInterruptCallback() API used to register callback for receiving
  84:Generated_Source\PSoC6\pdl\middleware\ble/cy_ble_hal_int.c **** *  the BLE interrupts.
  85:Generated_Source\PSoC6\pdl\middleware\ble/cy_ble_hal_int.c **** *
  86:Generated_Source\PSoC6\pdl\middleware\ble/cy_ble_hal_int.c **** *******************************************************************************/
ARM GAS  C:\Users\JC\AppData\Local\Temp\ccoliYlE.s 			page 3


  87:Generated_Source\PSoC6\pdl\middleware\ble/cy_ble_hal_int.c **** static void Cy_BLE_HAL_SendInterruptNotification(void)
  88:Generated_Source\PSoC6\pdl\middleware\ble/cy_ble_hal_int.c **** {
  89:Generated_Source\PSoC6\pdl\middleware\ble/cy_ble_hal_int.c ****     if((intrNotifyPtr != NULL) && (intrNotifyPtr->mask != 0u))
  90:Generated_Source\PSoC6\pdl\middleware\ble/cy_ble_hal_int.c ****     {
  91:Generated_Source\PSoC6\pdl\middleware\ble/cy_ble_hal_int.c ****         uint32_t interruptType = (uint32_t)CY_BLE_INTR_CALLBACK_NONE;
  92:Generated_Source\PSoC6\pdl\middleware\ble/cy_ble_hal_int.c **** 
  93:Generated_Source\PSoC6\pdl\middleware\ble/cy_ble_hal_int.c ****         /* Read BLE_BLELL->EVENT_INTR */
  94:Generated_Source\PSoC6\pdl\middleware\ble/cy_ble_hal_int.c ****         if((intrNotifyPtr->mask & CY_BLE_INTR_CALLBACK_BLESS_STACK_ISR) != 0u)
  95:Generated_Source\PSoC6\pdl\middleware\ble/cy_ble_hal_int.c ****         {
  96:Generated_Source\PSoC6\pdl\middleware\ble/cy_ble_hal_int.c ****             interruptType |= CY_BLE_INTR_CALLBACK_BLESS_STACK_ISR;
  97:Generated_Source\PSoC6\pdl\middleware\ble/cy_ble_hal_int.c ****         }
  98:Generated_Source\PSoC6\pdl\middleware\ble/cy_ble_hal_int.c ****         else
  99:Generated_Source\PSoC6\pdl\middleware\ble/cy_ble_hal_int.c ****         {
 100:Generated_Source\PSoC6\pdl\middleware\ble/cy_ble_hal_int.c ****             if(((BLE_BLESS->INTR_STAT & BLE_BLESS_INTR_STAT_DSM_ENTERED_INTR_Msk) != 0u) &&
 101:Generated_Source\PSoC6\pdl\middleware\ble/cy_ble_hal_int.c ****                ((intrNotifyPtr->mask & CY_BLE_INTR_CALLBACK_BLESS_INTR_STAT_DSM_ENTERED)!= 0u))
 102:Generated_Source\PSoC6\pdl\middleware\ble/cy_ble_hal_int.c ****             {
 103:Generated_Source\PSoC6\pdl\middleware\ble/cy_ble_hal_int.c ****                 interruptType |= CY_BLE_INTR_CALLBACK_BLESS_INTR_STAT_DSM_ENTERED;
 104:Generated_Source\PSoC6\pdl\middleware\ble/cy_ble_hal_int.c ****             }
 105:Generated_Source\PSoC6\pdl\middleware\ble/cy_ble_hal_int.c **** 
 106:Generated_Source\PSoC6\pdl\middleware\ble/cy_ble_hal_int.c ****             if(((BLE_BLESS->INTR_STAT & BLE_BLESS_INTR_STAT_DSM_EXITED_INTR_Msk) != 0u) &&
 107:Generated_Source\PSoC6\pdl\middleware\ble/cy_ble_hal_int.c ****                ((intrNotifyPtr->mask & CY_BLE_INTR_CALLBACK_BLESS_INTR_STAT_DSM_EXITED) != 0u))
 108:Generated_Source\PSoC6\pdl\middleware\ble/cy_ble_hal_int.c ****             {
 109:Generated_Source\PSoC6\pdl\middleware\ble/cy_ble_hal_int.c ****                 interruptType |= CY_BLE_INTR_CALLBACK_BLESS_INTR_STAT_DSM_EXITED;
 110:Generated_Source\PSoC6\pdl\middleware\ble/cy_ble_hal_int.c ****             }
 111:Generated_Source\PSoC6\pdl\middleware\ble/cy_ble_hal_int.c **** 
 112:Generated_Source\PSoC6\pdl\middleware\ble/cy_ble_hal_int.c ****             if(((BLE_BLESS->INTR_STAT & BLE_BLESS_INTR_STAT_LL_INTR_Msk) != 0u))
 113:Generated_Source\PSoC6\pdl\middleware\ble/cy_ble_hal_int.c ****             {
 114:Generated_Source\PSoC6\pdl\middleware\ble/cy_ble_hal_int.c ****                 /**
 115:Generated_Source\PSoC6\pdl\middleware\ble/cy_ble_hal_int.c ****                  *  Updates the firmware and hardware to exit sleep mode, when
 116:Generated_Source\PSoC6\pdl\middleware\ble/cy_ble_hal_int.c ****                  *  called from the interrupt mode, after checking the state machine.
 117:Generated_Source\PSoC6\pdl\middleware\ble/cy_ble_hal_int.c ****                  */
 118:Generated_Source\PSoC6\pdl\middleware\ble/cy_ble_hal_int.c ****                 Cy_BLE_LlIsrExitLowPowerMode();
 119:Generated_Source\PSoC6\pdl\middleware\ble/cy_ble_hal_int.c **** 
 120:Generated_Source\PSoC6\pdl\middleware\ble/cy_ble_hal_int.c ****                 if(BLE_BLELL->EVENT_INTR != 0x0u)
 121:Generated_Source\PSoC6\pdl\middleware\ble/cy_ble_hal_int.c ****                 {
 122:Generated_Source\PSoC6\pdl\middleware\ble/cy_ble_hal_int.c ****                     if((BLE_BLELL->EVENT_INTR & BLE_BLELL_EVENT_INTR_CONN_INTR_Msk) != 0u)
 123:Generated_Source\PSoC6\pdl\middleware\ble/cy_ble_hal_int.c ****                     {
 124:Generated_Source\PSoC6\pdl\middleware\ble/cy_ble_hal_int.c ****                         if(((BLE_BLELL->CONN_INTR & BLE_BLELL_CONN_INTR_CLOSE_CE_Msk) != 0u) &&
 125:Generated_Source\PSoC6\pdl\middleware\ble/cy_ble_hal_int.c ****                             ((intrNotifyPtr->mask & CY_BLE_INTR_CALLBACK_BLELL_CONN_INTR_CLOSE_CE) 
 126:Generated_Source\PSoC6\pdl\middleware\ble/cy_ble_hal_int.c ****                         {
 127:Generated_Source\PSoC6\pdl\middleware\ble/cy_ble_hal_int.c ****                             /* Return interrupt type CY_BLE_INTR_CALLBACK_BLELL_CONN_INTR_CLOSE_CE 
 128:Generated_Source\PSoC6\pdl\middleware\ble/cy_ble_hal_int.c ****                             interruptType |= CY_BLE_INTR_CALLBACK_BLELL_CONN_INTR_CLOSE_CE;
 129:Generated_Source\PSoC6\pdl\middleware\ble/cy_ble_hal_int.c ****                         }
 130:Generated_Source\PSoC6\pdl\middleware\ble/cy_ble_hal_int.c **** 
 131:Generated_Source\PSoC6\pdl\middleware\ble/cy_ble_hal_int.c ****                         if(((BLE_BLELL->CONN_INTR & BLE_BLELL_CONN_INTR_CE_TX_ACK_Msk) != 0u) &&
 132:Generated_Source\PSoC6\pdl\middleware\ble/cy_ble_hal_int.c ****                            ((intrNotifyPtr->mask & CY_BLE_INTR_CALLBACK_BLELL_CONN_INTR_CE_TX_ACK) 
 133:Generated_Source\PSoC6\pdl\middleware\ble/cy_ble_hal_int.c ****                         {
 134:Generated_Source\PSoC6\pdl\middleware\ble/cy_ble_hal_int.c ****                             /* Return interrupt type CY_BLE_INTR_CALLBACK_BLELL_CONN_INTR_CE_TX_ACK
 135:Generated_Source\PSoC6\pdl\middleware\ble/cy_ble_hal_int.c ****                             interruptType |= CY_BLE_INTR_CALLBACK_BLELL_CONN_INTR_CE_TX_ACK;
 136:Generated_Source\PSoC6\pdl\middleware\ble/cy_ble_hal_int.c ****                         }
 137:Generated_Source\PSoC6\pdl\middleware\ble/cy_ble_hal_int.c **** 
 138:Generated_Source\PSoC6\pdl\middleware\ble/cy_ble_hal_int.c ****                         if(((BLE_BLELL->CONN_EXT_INTR & BLE_BLELL_CONN_EXT_INTR_EARLY_INTR_Msk) != 
 139:Generated_Source\PSoC6\pdl\middleware\ble/cy_ble_hal_int.c ****                            ((intrNotifyPtr->mask & CY_BLE_INTR_CALLBACK_BLELL_CONN_EXT_INTR_EARLY) 
 140:Generated_Source\PSoC6\pdl\middleware\ble/cy_ble_hal_int.c ****                         {
 141:Generated_Source\PSoC6\pdl\middleware\ble/cy_ble_hal_int.c ****                             /* Return interrupt type CY_BLE_INTR_CALLBACK_BLELL_CONN_EXT_INTR_EARLY
 142:Generated_Source\PSoC6\pdl\middleware\ble/cy_ble_hal_int.c ****                             interruptType |= CY_BLE_INTR_CALLBACK_BLELL_CONN_EXT_INTR_EARLY;
 143:Generated_Source\PSoC6\pdl\middleware\ble/cy_ble_hal_int.c ****                         }
ARM GAS  C:\Users\JC\AppData\Local\Temp\ccoliYlE.s 			page 4


 144:Generated_Source\PSoC6\pdl\middleware\ble/cy_ble_hal_int.c **** 
 145:Generated_Source\PSoC6\pdl\middleware\ble/cy_ble_hal_int.c ****                         if(((BLE_BLELL->CONN_INTR & BLE_BLELL_CONN_INTR_CE_RX_Msk) != 0u) &&
 146:Generated_Source\PSoC6\pdl\middleware\ble/cy_ble_hal_int.c ****                             ((intrNotifyPtr->mask & CY_BLE_INTR_CALLBACK_BLELL_CONN_INTR_CE_RX) != 
 147:Generated_Source\PSoC6\pdl\middleware\ble/cy_ble_hal_int.c ****                         {
 148:Generated_Source\PSoC6\pdl\middleware\ble/cy_ble_hal_int.c ****                             /* Return interrupt type CY_BLE_INTR_CALLBACK_BLELL_CONN_INTR_CE_RX */
 149:Generated_Source\PSoC6\pdl\middleware\ble/cy_ble_hal_int.c ****                             interruptType |= CY_BLE_INTR_CALLBACK_BLELL_CONN_INTR_CE_RX;
 150:Generated_Source\PSoC6\pdl\middleware\ble/cy_ble_hal_int.c ****                         }
 151:Generated_Source\PSoC6\pdl\middleware\ble/cy_ble_hal_int.c ****                     }
 152:Generated_Source\PSoC6\pdl\middleware\ble/cy_ble_hal_int.c **** 
 153:Generated_Source\PSoC6\pdl\middleware\ble/cy_ble_hal_int.c ****                     if((BLE_BLELL->EVENT_INTR & BLE_BLELL_EVENT_INTR_SCAN_INTR_Msk) != 0u)
 154:Generated_Source\PSoC6\pdl\middleware\ble/cy_ble_hal_int.c ****                     {
 155:Generated_Source\PSoC6\pdl\middleware\ble/cy_ble_hal_int.c ****                         if(((BLE_BLELL->SCAN_INTR & BLE_BLELL_SCAN_INTR_ADV_RX_INTR_Msk) != 0u) &&
 156:Generated_Source\PSoC6\pdl\middleware\ble/cy_ble_hal_int.c ****                            ((intrNotifyPtr->mask & CY_BLE_INTR_CALLBACK_BLELL_SCAN_INTR_ADV_RX) != 
 157:Generated_Source\PSoC6\pdl\middleware\ble/cy_ble_hal_int.c ****                         {
 158:Generated_Source\PSoC6\pdl\middleware\ble/cy_ble_hal_int.c ****                             /* Return interrupt type Return interrupt type CY_BLE_INTR_CALLBACK_BLE
 159:Generated_Source\PSoC6\pdl\middleware\ble/cy_ble_hal_int.c ****                             interruptType |= CY_BLE_INTR_CALLBACK_BLELL_SCAN_INTR_ADV_RX;
 160:Generated_Source\PSoC6\pdl\middleware\ble/cy_ble_hal_int.c ****                         }
 161:Generated_Source\PSoC6\pdl\middleware\ble/cy_ble_hal_int.c **** 
 162:Generated_Source\PSoC6\pdl\middleware\ble/cy_ble_hal_int.c ****                         if(((BLE_BLELL->SCAN_INTR & BLE_BLELL_SCAN_INTR_SCAN_RSP_RX_INTR_Msk) != 0u
 163:Generated_Source\PSoC6\pdl\middleware\ble/cy_ble_hal_int.c ****                            ((intrNotifyPtr->mask & CY_BLE_INTR_CALLBACK_BLELL_SCAN_INTR_SCAN_RSP_RX
 164:Generated_Source\PSoC6\pdl\middleware\ble/cy_ble_hal_int.c ****                         {
 165:Generated_Source\PSoC6\pdl\middleware\ble/cy_ble_hal_int.c ****                             /* Return interrupt type CY_BLE_INTR_CALLBACK_BLELL_SCAN_INTR_SCAN_RSP_
 166:Generated_Source\PSoC6\pdl\middleware\ble/cy_ble_hal_int.c ****                             interruptType |= CY_BLE_INTR_CALLBACK_BLELL_SCAN_INTR_SCAN_RSP_RX;
 167:Generated_Source\PSoC6\pdl\middleware\ble/cy_ble_hal_int.c ****                         }
 168:Generated_Source\PSoC6\pdl\middleware\ble/cy_ble_hal_int.c ****                     }
 169:Generated_Source\PSoC6\pdl\middleware\ble/cy_ble_hal_int.c **** 
 170:Generated_Source\PSoC6\pdl\middleware\ble/cy_ble_hal_int.c ****                     if((BLE_BLELL->EVENT_INTR & BLE_BLELL_EVENT_INTR_ADV_INTR_Msk) != 0u)
 171:Generated_Source\PSoC6\pdl\middleware\ble/cy_ble_hal_int.c ****                     {
 172:Generated_Source\PSoC6\pdl\middleware\ble/cy_ble_hal_int.c ****                         if(((BLE_BLELL->ADV_INTR & BLE_BLELL_ADV_INTR_CONN_REQ_RX_INTR_Msk) != 0u) 
 173:Generated_Source\PSoC6\pdl\middleware\ble/cy_ble_hal_int.c ****                            ((intrNotifyPtr->mask & CY_BLE_INTR_CALLBACK_BLELL_ADV_INTR_CONN_REQ_RX)
 174:Generated_Source\PSoC6\pdl\middleware\ble/cy_ble_hal_int.c ****                         {
 175:Generated_Source\PSoC6\pdl\middleware\ble/cy_ble_hal_int.c ****                             /* Return interrupt type CY_BLE_INTR_CALLBACK_BLELL_ADV_INTR_CONN_REQ_R
 176:Generated_Source\PSoC6\pdl\middleware\ble/cy_ble_hal_int.c ****                             interruptType |= CY_BLE_INTR_CALLBACK_BLELL_ADV_INTR_CONN_REQ_RX;
 177:Generated_Source\PSoC6\pdl\middleware\ble/cy_ble_hal_int.c ****                         }
 178:Generated_Source\PSoC6\pdl\middleware\ble/cy_ble_hal_int.c ****                     }
 179:Generated_Source\PSoC6\pdl\middleware\ble/cy_ble_hal_int.c ****                 }
 180:Generated_Source\PSoC6\pdl\middleware\ble/cy_ble_hal_int.c ****             }
 181:Generated_Source\PSoC6\pdl\middleware\ble/cy_ble_hal_int.c ****         }
 182:Generated_Source\PSoC6\pdl\middleware\ble/cy_ble_hal_int.c **** 
 183:Generated_Source\PSoC6\pdl\middleware\ble/cy_ble_hal_int.c ****         /* Send interrupt type information to registered callback */
 184:Generated_Source\PSoC6\pdl\middleware\ble/cy_ble_hal_int.c ****         if(interruptType != (uint32_t)CY_BLE_INTR_CALLBACK_NONE)
 185:Generated_Source\PSoC6\pdl\middleware\ble/cy_ble_hal_int.c ****         {
 186:Generated_Source\PSoC6\pdl\middleware\ble/cy_ble_hal_int.c ****             #if (CY_BLE_MODE_PROFILE)
 187:Generated_Source\PSoC6\pdl\middleware\ble/cy_ble_hal_int.c ****                 if(Cy_BLE_InterruptCallback != NULL)
 188:Generated_Source\PSoC6\pdl\middleware\ble/cy_ble_hal_int.c ****                 {
 189:Generated_Source\PSoC6\pdl\middleware\ble/cy_ble_hal_int.c ****                     Cy_BLE_InterruptCallback((uint32_t)interruptType);
 190:Generated_Source\PSoC6\pdl\middleware\ble/cy_ble_hal_int.c ****                 }
 191:Generated_Source\PSoC6\pdl\middleware\ble/cy_ble_hal_int.c ****             #else
 192:Generated_Source\PSoC6\pdl\middleware\ble/cy_ble_hal_int.c ****                 {
 193:Generated_Source\PSoC6\pdl\middleware\ble/cy_ble_hal_int.c ****                     uint32_t rTimeout = 100u; /* us */
 194:Generated_Source\PSoC6\pdl\middleware\ble/cy_ble_hal_int.c ****                     intrNotifyPtr->data = (uint32_t)interruptType;
 195:Generated_Source\PSoC6\pdl\middleware\ble/cy_ble_hal_int.c **** 
 196:Generated_Source\PSoC6\pdl\middleware\ble/cy_ble_hal_int.c ****                     /* Check if IPC is released */
 197:Generated_Source\PSoC6\pdl\middleware\ble/cy_ble_hal_int.c ****                     while((Cy_IPC_Drv_IsLockAcquired(Cy_IPC_Drv_GetIpcBaseAddress(CY_BLE_INTR_NOTIF
 198:Generated_Source\PSoC6\pdl\middleware\ble/cy_ble_hal_int.c ****                           (rTimeout !=0u))
 199:Generated_Source\PSoC6\pdl\middleware\ble/cy_ble_hal_int.c ****                     {
 200:Generated_Source\PSoC6\pdl\middleware\ble/cy_ble_hal_int.c ****                         Cy_SysLib_DelayUs(1u);
ARM GAS  C:\Users\JC\AppData\Local\Temp\ccoliYlE.s 			page 5


 201:Generated_Source\PSoC6\pdl\middleware\ble/cy_ble_hal_int.c ****                         rTimeout--;
 202:Generated_Source\PSoC6\pdl\middleware\ble/cy_ble_hal_int.c ****                     }
 203:Generated_Source\PSoC6\pdl\middleware\ble/cy_ble_hal_int.c **** 
 204:Generated_Source\PSoC6\pdl\middleware\ble/cy_ble_hal_int.c ****                     /* Generates a notify event by IPC interrupt structures */
 205:Generated_Source\PSoC6\pdl\middleware\ble/cy_ble_hal_int.c ****                     if(rTimeout != 0u)
 206:Generated_Source\PSoC6\pdl\middleware\ble/cy_ble_hal_int.c ****                     {
 207:Generated_Source\PSoC6\pdl\middleware\ble/cy_ble_hal_int.c ****                         (void)Cy_IPC_Drv_AcquireNotify(Cy_IPC_Drv_GetIpcBaseAddress(CY_BLE_INTR_NOT
 208:Generated_Source\PSoC6\pdl\middleware\ble/cy_ble_hal_int.c ****                                        (1uL << (uint32_t)CY_BLE_INTR_NOTIFY_IPC_INTR));
 209:Generated_Source\PSoC6\pdl\middleware\ble/cy_ble_hal_int.c ****                     }
 210:Generated_Source\PSoC6\pdl\middleware\ble/cy_ble_hal_int.c **** 
 211:Generated_Source\PSoC6\pdl\middleware\ble/cy_ble_hal_int.c ****                 }
 212:Generated_Source\PSoC6\pdl\middleware\ble/cy_ble_hal_int.c ****             #endif /* (CY_BLE_MODE_PROFILE) */
 213:Generated_Source\PSoC6\pdl\middleware\ble/cy_ble_hal_int.c ****         }
 214:Generated_Source\PSoC6\pdl\middleware\ble/cy_ble_hal_int.c ****     }
 215:Generated_Source\PSoC6\pdl\middleware\ble/cy_ble_hal_int.c **** }
 216:Generated_Source\PSoC6\pdl\middleware\ble/cy_ble_hal_int.c **** #endif /* (CY_BLE_INTR_NOTIFY_FEATURE_ENABLED) */
 217:Generated_Source\PSoC6\pdl\middleware\ble/cy_ble_hal_int.c **** 
 218:Generated_Source\PSoC6\pdl\middleware\ble/cy_ble_hal_int.c **** 
 219:Generated_Source\PSoC6\pdl\middleware\ble/cy_ble_hal_int.c **** /*******************************************************************************
 220:Generated_Source\PSoC6\pdl\middleware\ble/cy_ble_hal_int.c **** * Function Name: Cy_BLE_BlessInterrupt
 221:Generated_Source\PSoC6\pdl\middleware\ble/cy_ble_hal_int.c **** ****************************************************************************//**
 222:Generated_Source\PSoC6\pdl\middleware\ble/cy_ble_hal_int.c **** *
 223:Generated_Source\PSoC6\pdl\middleware\ble/cy_ble_hal_int.c **** *  Handles the Interrupt Service Routine for the BLE sub-system.
 224:Generated_Source\PSoC6\pdl\middleware\ble/cy_ble_hal_int.c **** *
 225:Generated_Source\PSoC6\pdl\middleware\ble/cy_ble_hal_int.c **** * \return
 226:Generated_Source\PSoC6\pdl\middleware\ble/cy_ble_hal_int.c **** *  None
 227:Generated_Source\PSoC6\pdl\middleware\ble/cy_ble_hal_int.c **** *
 228:Generated_Source\PSoC6\pdl\middleware\ble/cy_ble_hal_int.c **** *******************************************************************************/
 229:Generated_Source\PSoC6\pdl\middleware\ble/cy_ble_hal_int.c **** void Cy_BLE_BlessInterrupt(void)
 230:Generated_Source\PSoC6\pdl\middleware\ble/cy_ble_hal_int.c **** {
  29              		.loc 1 230 0
  30              		.cfi_startproc
  31              		@ args = 0, pretend = 0, frame = 8
  32              		@ frame_needed = 1, uses_anonymous_args = 0
  33 0000 80B5     		push	{r7, lr}
  34              		.cfi_def_cfa_offset 8
  35              		.cfi_offset 7, -8
  36              		.cfi_offset 14, -4
  37 0002 82B0     		sub	sp, sp, #8
  38              		.cfi_def_cfa_offset 16
  39 0004 00AF     		add	r7, sp, #0
  40              		.cfi_def_cfa_register 7
 231:Generated_Source\PSoC6\pdl\middleware\ble/cy_ble_hal_int.c **** #if (CY_BLE_MODE_PROFILE)
 232:Generated_Source\PSoC6\pdl\middleware\ble/cy_ble_hal_int.c ****     bool sendNotification = false;
  41              		.loc 1 232 0
  42 0006 0023     		movs	r3, #0
  43 0008 FB71     		strb	r3, [r7, #7]
 233:Generated_Source\PSoC6\pdl\middleware\ble/cy_ble_hal_int.c **** #endif /* (CY_BLE_MODE_PROFILE) */
 234:Generated_Source\PSoC6\pdl\middleware\ble/cy_ble_hal_int.c **** 
 235:Generated_Source\PSoC6\pdl\middleware\ble/cy_ble_hal_int.c **** #if (CY_BLE_INTR_NOTIFY_FEATURE_ENABLED)
 236:Generated_Source\PSoC6\pdl\middleware\ble/cy_ble_hal_int.c ****     /**
 237:Generated_Source\PSoC6\pdl\middleware\ble/cy_ble_hal_int.c ****      * Send notification (with interrupt type) to user callback for the
 238:Generated_Source\PSoC6\pdl\middleware\ble/cy_ble_hal_int.c ****      * BLE interrupts subscribed by user. Cy_BLE_RegisterInterruptCallback API
 239:Generated_Source\PSoC6\pdl\middleware\ble/cy_ble_hal_int.c ****      * used to register callback for receiving BLE interrupts.
 240:Generated_Source\PSoC6\pdl\middleware\ble/cy_ble_hal_int.c ****      */
 241:Generated_Source\PSoC6\pdl\middleware\ble/cy_ble_hal_int.c ****     Cy_BLE_HAL_SendInterruptNotification();
 242:Generated_Source\PSoC6\pdl\middleware\ble/cy_ble_hal_int.c **** #endif /* (CY_BLE_INTR_NOTIFY_FEATURE_ENABLED) */
ARM GAS  C:\Users\JC\AppData\Local\Temp\ccoliYlE.s 			page 6


 243:Generated_Source\PSoC6\pdl\middleware\ble/cy_ble_hal_int.c **** 
 244:Generated_Source\PSoC6\pdl\middleware\ble/cy_ble_hal_int.c ****     /* Call BLE Stack manager bless function handler */
 245:Generated_Source\PSoC6\pdl\middleware\ble/cy_ble_hal_int.c **** #if (CY_BLE_MODE_PROFILE)
 246:Generated_Source\PSoC6\pdl\middleware\ble/cy_ble_hal_int.c ****     sendNotification = Cy_BLE_HAL_BlessInterruptHandler();
  44              		.loc 1 246 0
  45 000a FFF7FEFF 		bl	Cy_BLE_HAL_BlessInterruptHandler
  46 000e 0346     		mov	r3, r0
  47 0010 FB71     		strb	r3, [r7, #7]
 247:Generated_Source\PSoC6\pdl\middleware\ble/cy_ble_hal_int.c **** #else
 248:Generated_Source\PSoC6\pdl\middleware\ble/cy_ble_hal_int.c ****     (void)Cy_BLE_HAL_BlessInterruptHandler();
 249:Generated_Source\PSoC6\pdl\middleware\ble/cy_ble_hal_int.c **** #endif /* (CY_BLE_MODE_PROFILE) */
 250:Generated_Source\PSoC6\pdl\middleware\ble/cy_ble_hal_int.c ****     /* Host stack takes care of clearing interrupts */
 251:Generated_Source\PSoC6\pdl\middleware\ble/cy_ble_hal_int.c **** 
 252:Generated_Source\PSoC6\pdl\middleware\ble/cy_ble_hal_int.c **** #if (CY_BLE_MODE_PROFILE)
 253:Generated_Source\PSoC6\pdl\middleware\ble/cy_ble_hal_int.c ****     /**
 254:Generated_Source\PSoC6\pdl\middleware\ble/cy_ble_hal_int.c ****      * Call the application application Host callback. This notification indicates
 255:Generated_Source\PSoC6\pdl\middleware\ble/cy_ble_hal_int.c ****      * that user should call Cy_BLE_ProcessEvents() to process
 256:Generated_Source\PSoC6\pdl\middleware\ble/cy_ble_hal_int.c ****      * pending Stack events.
 257:Generated_Source\PSoC6\pdl\middleware\ble/cy_ble_hal_int.c ****      */
 258:Generated_Source\PSoC6\pdl\middleware\ble/cy_ble_hal_int.c ****     if((Cy_BLE_HostRegisteredCallback != NULL) && sendNotification)
  48              		.loc 1 258 0
  49 0012 074B     		ldr	r3, .L4
  50 0014 1B68     		ldr	r3, [r3]
  51 0016 002B     		cmp	r3, #0
  52 0018 05D0     		beq	.L3
  53              		.loc 1 258 0 is_stmt 0 discriminator 1
  54 001a FB79     		ldrb	r3, [r7, #7]	@ zero_extendqisi2
  55 001c 002B     		cmp	r3, #0
  56 001e 02D0     		beq	.L3
 259:Generated_Source\PSoC6\pdl\middleware\ble/cy_ble_hal_int.c ****     {
 260:Generated_Source\PSoC6\pdl\middleware\ble/cy_ble_hal_int.c ****         Cy_BLE_HostRegisteredCallback();
  57              		.loc 1 260 0 is_stmt 1
  58 0020 034B     		ldr	r3, .L4
  59 0022 1B68     		ldr	r3, [r3]
  60 0024 9847     		blx	r3
  61              	.L3:
 261:Generated_Source\PSoC6\pdl\middleware\ble/cy_ble_hal_int.c ****     }
 262:Generated_Source\PSoC6\pdl\middleware\ble/cy_ble_hal_int.c **** #endif /* (CY_BLE_MODE_PROFILE) */
 263:Generated_Source\PSoC6\pdl\middleware\ble/cy_ble_hal_int.c **** }
  62              		.loc 1 263 0
  63 0026 00BF     		nop
  64 0028 0837     		adds	r7, r7, #8
  65              		.cfi_def_cfa_offset 8
  66 002a BD46     		mov	sp, r7
  67              		.cfi_def_cfa_register 13
  68              		@ sp needed
  69 002c 80BD     		pop	{r7, pc}
  70              	.L5:
  71 002e 00BF     		.align	2
  72              	.L4:
  73 0030 00000000 		.word	Cy_BLE_HostRegisteredCallback
  74              		.cfi_endproc
  75              	.LFE253:
  76              		.size	Cy_BLE_BlessInterrupt, .-Cy_BLE_BlessInterrupt
  77              		.text
  78              	.Letext0:
  79              		.file 2 "c:\\program files (x86)\\cypress\\psoc creator\\4.4\\psoc creator\\import\\gnu\\arm\\5.4.
ARM GAS  C:\Users\JC\AppData\Local\Temp\ccoliYlE.s 			page 7


  80              		.file 3 "c:\\program files (x86)\\cypress\\psoc creator\\4.4\\psoc creator\\import\\gnu\\arm\\5.4.
  81              		.file 4 "Generated_Source\\PSoC6\\pdl\\drivers/peripheral/device/cy_device.h"
  82              		.file 5 "Generated_Source\\PSoC6\\pdl\\middleware\\ble\\cy_ble_stack_host_main.h"
  83              		.file 6 "Generated_Source\\PSoC6\\pdl\\middleware\\ble\\cy_ble_gap.h"
  84              		.file 7 "Generated_Source\\PSoC6\\pdl\\middleware\\ble\\cy_ble.h"
  85              		.file 8 "Generated_Source\\PSoC6\\pdl\\cmsis/include/core_cm4.h"
  86              		.section	.debug_info,"",%progbits
  87              	.Ldebug_info0:
  88 0000 7E060000 		.4byte	0x67e
  89 0004 0400     		.2byte	0x4
  90 0006 00000000 		.4byte	.Ldebug_abbrev0
  91 000a 04       		.byte	0x4
  92 000b 01       		.uleb128 0x1
  93 000c 12000000 		.4byte	.LASF137
  94 0010 0C       		.byte	0xc
  95 0011 94070000 		.4byte	.LASF138
  96 0015 52060000 		.4byte	.LASF139
  97 0019 00000000 		.4byte	.Ldebug_ranges0+0
  98 001d 00000000 		.4byte	0
  99 0021 00000000 		.4byte	.Ldebug_line0
 100 0025 02       		.uleb128 0x2
 101 0026 04       		.byte	0x4
 102 0027 05       		.byte	0x5
 103 0028 696E7400 		.ascii	"int\000"
 104 002c 03       		.uleb128 0x3
 105 002d 04       		.byte	0x4
 106 002e 07       		.byte	0x7
 107 002f 26040000 		.4byte	.LASF0
 108 0033 03       		.uleb128 0x3
 109 0034 08       		.byte	0x8
 110 0035 05       		.byte	0x5
 111 0036 17020000 		.4byte	.LASF1
 112 003a 03       		.uleb128 0x3
 113 003b 08       		.byte	0x8
 114 003c 04       		.byte	0x4
 115 003d F6070000 		.4byte	.LASF2
 116 0041 03       		.uleb128 0x3
 117 0042 01       		.byte	0x1
 118 0043 06       		.byte	0x6
 119 0044 25020000 		.4byte	.LASF3
 120 0048 04       		.uleb128 0x4
 121 0049 31010000 		.4byte	.LASF5
 122 004d 02       		.byte	0x2
 123 004e 1D       		.byte	0x1d
 124 004f 53000000 		.4byte	0x53
 125 0053 03       		.uleb128 0x3
 126 0054 01       		.byte	0x1
 127 0055 08       		.byte	0x8
 128 0056 49070000 		.4byte	.LASF4
 129 005a 04       		.uleb128 0x4
 130 005b BD030000 		.4byte	.LASF6
 131 005f 02       		.byte	0x2
 132 0060 29       		.byte	0x29
 133 0061 65000000 		.4byte	0x65
 134 0065 03       		.uleb128 0x3
 135 0066 02       		.byte	0x2
 136 0067 05       		.byte	0x5
ARM GAS  C:\Users\JC\AppData\Local\Temp\ccoliYlE.s 			page 8


 137 0068 76070000 		.4byte	.LASF7
 138 006c 04       		.uleb128 0x4
 139 006d 21080000 		.4byte	.LASF8
 140 0071 02       		.byte	0x2
 141 0072 2B       		.byte	0x2b
 142 0073 77000000 		.4byte	0x77
 143 0077 03       		.uleb128 0x3
 144 0078 02       		.byte	0x2
 145 0079 07       		.byte	0x7
 146 007a 93080000 		.4byte	.LASF9
 147 007e 04       		.uleb128 0x4
 148 007f 58080000 		.4byte	.LASF10
 149 0083 02       		.byte	0x2
 150 0084 3F       		.byte	0x3f
 151 0085 89000000 		.4byte	0x89
 152 0089 03       		.uleb128 0x3
 153 008a 04       		.byte	0x4
 154 008b 05       		.byte	0x5
 155 008c B7020000 		.4byte	.LASF11
 156 0090 04       		.uleb128 0x4
 157 0091 A2030000 		.4byte	.LASF12
 158 0095 02       		.byte	0x2
 159 0096 41       		.byte	0x41
 160 0097 9B000000 		.4byte	0x9b
 161 009b 03       		.uleb128 0x3
 162 009c 04       		.byte	0x4
 163 009d 07       		.byte	0x7
 164 009e 95040000 		.4byte	.LASF13
 165 00a2 03       		.uleb128 0x3
 166 00a3 08       		.byte	0x8
 167 00a4 07       		.byte	0x7
 168 00a5 82010000 		.4byte	.LASF14
 169 00a9 03       		.uleb128 0x3
 170 00aa 04       		.byte	0x4
 171 00ab 07       		.byte	0x7
 172 00ac A8050000 		.4byte	.LASF15
 173 00b0 03       		.uleb128 0x3
 174 00b1 01       		.byte	0x1
 175 00b2 08       		.byte	0x8
 176 00b3 02080000 		.4byte	.LASF16
 177 00b7 05       		.uleb128 0x5
 178 00b8 04       		.byte	0x4
 179 00b9 BD000000 		.4byte	0xbd
 180 00bd 06       		.uleb128 0x6
 181 00be 04       		.uleb128 0x4
 182 00bf 6D090000 		.4byte	.LASF17
 183 00c3 03       		.byte	0x3
 184 00c4 18       		.byte	0x18
 185 00c5 48000000 		.4byte	0x48
 186 00c9 04       		.uleb128 0x4
 187 00ca 0F020000 		.4byte	.LASF18
 188 00ce 03       		.byte	0x3
 189 00cf 20       		.byte	0x20
 190 00d0 5A000000 		.4byte	0x5a
 191 00d4 04       		.uleb128 0x4
 192 00d5 7A040000 		.4byte	.LASF19
 193 00d9 03       		.byte	0x3
ARM GAS  C:\Users\JC\AppData\Local\Temp\ccoliYlE.s 			page 9


 194 00da 24       		.byte	0x24
 195 00db 6C000000 		.4byte	0x6c
 196 00df 04       		.uleb128 0x4
 197 00e0 41070000 		.4byte	.LASF20
 198 00e4 03       		.byte	0x3
 199 00e5 2C       		.byte	0x2c
 200 00e6 7E000000 		.4byte	0x7e
 201 00ea 04       		.uleb128 0x4
 202 00eb ED070000 		.4byte	.LASF21
 203 00ef 03       		.byte	0x3
 204 00f0 30       		.byte	0x30
 205 00f1 90000000 		.4byte	0x90
 206 00f5 07       		.uleb128 0x7
 207 00f6 B8       		.byte	0xb8
 208 00f7 04       		.byte	0x4
 209 00f8 34       		.byte	0x34
 210 00f9 06050000 		.4byte	0x506
 211 00fd 08       		.uleb128 0x8
 212 00fe 69010000 		.4byte	.LASF22
 213 0102 04       		.byte	0x4
 214 0103 37       		.byte	0x37
 215 0104 EA000000 		.4byte	0xea
 216 0108 00       		.byte	0
 217 0109 08       		.uleb128 0x8
 218 010a 97030000 		.4byte	.LASF23
 219 010e 04       		.byte	0x4
 220 010f 38       		.byte	0x38
 221 0110 EA000000 		.4byte	0xea
 222 0114 04       		.byte	0x4
 223 0115 08       		.uleb128 0x8
 224 0116 FB020000 		.4byte	.LASF24
 225 011a 04       		.byte	0x4
 226 011b 39       		.byte	0x39
 227 011c EA000000 		.4byte	0xea
 228 0120 08       		.byte	0x8
 229 0121 08       		.uleb128 0x8
 230 0122 09070000 		.4byte	.LASF25
 231 0126 04       		.byte	0x4
 232 0127 3A       		.byte	0x3a
 233 0128 EA000000 		.4byte	0xea
 234 012c 0C       		.byte	0xc
 235 012d 08       		.uleb128 0x8
 236 012e 64020000 		.4byte	.LASF26
 237 0132 04       		.byte	0x4
 238 0133 3B       		.byte	0x3b
 239 0134 EA000000 		.4byte	0xea
 240 0138 10       		.byte	0x10
 241 0139 08       		.uleb128 0x8
 242 013a AD020000 		.4byte	.LASF27
 243 013e 04       		.byte	0x4
 244 013f 3C       		.byte	0x3c
 245 0140 EA000000 		.4byte	0xea
 246 0144 14       		.byte	0x14
 247 0145 08       		.uleb128 0x8
 248 0146 B2040000 		.4byte	.LASF28
 249 014a 04       		.byte	0x4
 250 014b 3D       		.byte	0x3d
ARM GAS  C:\Users\JC\AppData\Local\Temp\ccoliYlE.s 			page 10


 251 014c EA000000 		.4byte	0xea
 252 0150 18       		.byte	0x18
 253 0151 08       		.uleb128 0x8
 254 0152 1A010000 		.4byte	.LASF29
 255 0156 04       		.byte	0x4
 256 0157 3E       		.byte	0x3e
 257 0158 EA000000 		.4byte	0xea
 258 015c 1C       		.byte	0x1c
 259 015d 08       		.uleb128 0x8
 260 015e E8090000 		.4byte	.LASF30
 261 0162 04       		.byte	0x4
 262 0163 3F       		.byte	0x3f
 263 0164 EA000000 		.4byte	0xea
 264 0168 20       		.byte	0x20
 265 0169 08       		.uleb128 0x8
 266 016a 6B070000 		.4byte	.LASF31
 267 016e 04       		.byte	0x4
 268 016f 40       		.byte	0x40
 269 0170 EA000000 		.4byte	0xea
 270 0174 24       		.byte	0x24
 271 0175 08       		.uleb128 0x8
 272 0176 7A050000 		.4byte	.LASF32
 273 017a 04       		.byte	0x4
 274 017b 43       		.byte	0x43
 275 017c BE000000 		.4byte	0xbe
 276 0180 28       		.byte	0x28
 277 0181 08       		.uleb128 0x8
 278 0182 00010000 		.4byte	.LASF33
 279 0186 04       		.byte	0x4
 280 0187 44       		.byte	0x44
 281 0188 BE000000 		.4byte	0xbe
 282 018c 29       		.byte	0x29
 283 018d 08       		.uleb128 0x8
 284 018e DE090000 		.4byte	.LASF34
 285 0192 04       		.byte	0x4
 286 0193 45       		.byte	0x45
 287 0194 BE000000 		.4byte	0xbe
 288 0198 2A       		.byte	0x2a
 289 0199 08       		.uleb128 0x8
 290 019a 44060000 		.4byte	.LASF35
 291 019e 04       		.byte	0x4
 292 019f 46       		.byte	0x46
 293 01a0 BE000000 		.4byte	0xbe
 294 01a4 2B       		.byte	0x2b
 295 01a5 08       		.uleb128 0x8
 296 01a6 0A050000 		.4byte	.LASF36
 297 01aa 04       		.byte	0x4
 298 01ab 47       		.byte	0x47
 299 01ac BE000000 		.4byte	0xbe
 300 01b0 2C       		.byte	0x2c
 301 01b1 08       		.uleb128 0x8
 302 01b2 72080000 		.4byte	.LASF37
 303 01b6 04       		.byte	0x4
 304 01b7 48       		.byte	0x48
 305 01b8 BE000000 		.4byte	0xbe
 306 01bc 2D       		.byte	0x2d
 307 01bd 08       		.uleb128 0x8
ARM GAS  C:\Users\JC\AppData\Local\Temp\ccoliYlE.s 			page 11


 308 01be 6D020000 		.4byte	.LASF38
 309 01c2 04       		.byte	0x4
 310 01c3 49       		.byte	0x49
 311 01c4 BE000000 		.4byte	0xbe
 312 01c8 2E       		.byte	0x2e
 313 01c9 08       		.uleb128 0x8
 314 01ca 87050000 		.4byte	.LASF39
 315 01ce 04       		.byte	0x4
 316 01cf 4A       		.byte	0x4a
 317 01d0 BE000000 		.4byte	0xbe
 318 01d4 2F       		.byte	0x2f
 319 01d5 08       		.uleb128 0x8
 320 01d6 07080000 		.4byte	.LASF40
 321 01da 04       		.byte	0x4
 322 01db 4B       		.byte	0x4b
 323 01dc BE000000 		.4byte	0xbe
 324 01e0 30       		.byte	0x30
 325 01e1 08       		.uleb128 0x8
 326 01e2 A7040000 		.4byte	.LASF41
 327 01e6 04       		.byte	0x4
 328 01e7 4E       		.byte	0x4e
 329 01e8 BE000000 		.4byte	0xbe
 330 01ec 31       		.byte	0x31
 331 01ed 08       		.uleb128 0x8
 332 01ee 23010000 		.4byte	.LASF42
 333 01f2 04       		.byte	0x4
 334 01f3 4F       		.byte	0x4f
 335 01f4 BE000000 		.4byte	0xbe
 336 01f8 32       		.byte	0x32
 337 01f9 08       		.uleb128 0x8
 338 01fa 1A040000 		.4byte	.LASF43
 339 01fe 04       		.byte	0x4
 340 01ff 50       		.byte	0x50
 341 0200 BE000000 		.4byte	0xbe
 342 0204 33       		.byte	0x33
 343 0205 08       		.uleb128 0x8
 344 0206 BC050000 		.4byte	.LASF44
 345 020a 04       		.byte	0x4
 346 020b 51       		.byte	0x51
 347 020c BE000000 		.4byte	0xbe
 348 0210 34       		.byte	0x34
 349 0211 08       		.uleb128 0x8
 350 0212 D3080000 		.4byte	.LASF45
 351 0216 04       		.byte	0x4
 352 0217 52       		.byte	0x52
 353 0218 C9000000 		.4byte	0xc9
 354 021c 36       		.byte	0x36
 355 021d 08       		.uleb128 0x8
 356 021e 15030000 		.4byte	.LASF46
 357 0222 04       		.byte	0x4
 358 0223 53       		.byte	0x53
 359 0224 C9000000 		.4byte	0xc9
 360 0228 38       		.byte	0x38
 361 0229 08       		.uleb128 0x8
 362 022a 22090000 		.4byte	.LASF47
 363 022e 04       		.byte	0x4
 364 022f 54       		.byte	0x54
ARM GAS  C:\Users\JC\AppData\Local\Temp\ccoliYlE.s 			page 12


 365 0230 C9000000 		.4byte	0xc9
 366 0234 3A       		.byte	0x3a
 367 0235 08       		.uleb128 0x8
 368 0236 CF090000 		.4byte	.LASF48
 369 023a 04       		.byte	0x4
 370 023b 55       		.byte	0x55
 371 023c BE000000 		.4byte	0xbe
 372 0240 3C       		.byte	0x3c
 373 0241 08       		.uleb128 0x8
 374 0242 3C030000 		.4byte	.LASF49
 375 0246 04       		.byte	0x4
 376 0247 56       		.byte	0x56
 377 0248 BE000000 		.4byte	0xbe
 378 024c 3D       		.byte	0x3d
 379 024d 08       		.uleb128 0x8
 380 024e CF070000 		.4byte	.LASF50
 381 0252 04       		.byte	0x4
 382 0253 57       		.byte	0x57
 383 0254 BE000000 		.4byte	0xbe
 384 0258 3E       		.byte	0x3e
 385 0259 08       		.uleb128 0x8
 386 025a 0E010000 		.4byte	.LASF51
 387 025e 04       		.byte	0x4
 388 025f 58       		.byte	0x58
 389 0260 BE000000 		.4byte	0xbe
 390 0264 3F       		.byte	0x3f
 391 0265 08       		.uleb128 0x8
 392 0266 85060000 		.4byte	.LASF52
 393 026a 04       		.byte	0x4
 394 026b 59       		.byte	0x59
 395 026c BE000000 		.4byte	0xbe
 396 0270 40       		.byte	0x40
 397 0271 08       		.uleb128 0x8
 398 0272 AD030000 		.4byte	.LASF53
 399 0276 04       		.byte	0x4
 400 0277 5A       		.byte	0x5a
 401 0278 BE000000 		.4byte	0xbe
 402 027c 41       		.byte	0x41
 403 027d 08       		.uleb128 0x8
 404 027e 26050000 		.4byte	.LASF54
 405 0282 04       		.byte	0x4
 406 0283 5B       		.byte	0x5b
 407 0284 BE000000 		.4byte	0xbe
 408 0288 42       		.byte	0x42
 409 0289 08       		.uleb128 0x8
 410 028a 22060000 		.4byte	.LASF55
 411 028e 04       		.byte	0x4
 412 028f 5C       		.byte	0x5c
 413 0290 BE000000 		.4byte	0xbe
 414 0294 43       		.byte	0x43
 415 0295 08       		.uleb128 0x8
 416 0296 04030000 		.4byte	.LASF56
 417 029a 04       		.byte	0x4
 418 029b 5D       		.byte	0x5d
 419 029c BE000000 		.4byte	0xbe
 420 02a0 44       		.byte	0x44
 421 02a1 08       		.uleb128 0x8
ARM GAS  C:\Users\JC\AppData\Local\Temp\ccoliYlE.s 			page 13


 422 02a2 00000000 		.4byte	.LASF57
 423 02a6 04       		.byte	0x4
 424 02a7 5E       		.byte	0x5e
 425 02a8 EA000000 		.4byte	0xea
 426 02ac 48       		.byte	0x48
 427 02ad 08       		.uleb128 0x8
 428 02ae D7020000 		.4byte	.LASF58
 429 02b2 04       		.byte	0x4
 430 02b3 5F       		.byte	0x5f
 431 02b4 EA000000 		.4byte	0xea
 432 02b8 4C       		.byte	0x4c
 433 02b9 08       		.uleb128 0x8
 434 02ba 490A0000 		.4byte	.LASF59
 435 02be 04       		.byte	0x4
 436 02bf 60       		.byte	0x60
 437 02c0 BE000000 		.4byte	0xbe
 438 02c4 50       		.byte	0x50
 439 02c5 08       		.uleb128 0x8
 440 02c6 E9010000 		.4byte	.LASF60
 441 02ca 04       		.byte	0x4
 442 02cb 61       		.byte	0x61
 443 02cc BE000000 		.4byte	0xbe
 444 02d0 51       		.byte	0x51
 445 02d1 08       		.uleb128 0x8
 446 02d2 92060000 		.4byte	.LASF61
 447 02d6 04       		.byte	0x4
 448 02d7 62       		.byte	0x62
 449 02d8 BE000000 		.4byte	0xbe
 450 02dc 52       		.byte	0x52
 451 02dd 08       		.uleb128 0x8
 452 02de 060A0000 		.4byte	.LASF62
 453 02e2 04       		.byte	0x4
 454 02e3 63       		.byte	0x63
 455 02e4 BE000000 		.4byte	0xbe
 456 02e8 53       		.byte	0x53
 457 02e9 08       		.uleb128 0x8
 458 02ea DD070000 		.4byte	.LASF63
 459 02ee 04       		.byte	0x4
 460 02ef 64       		.byte	0x64
 461 02f0 BE000000 		.4byte	0xbe
 462 02f4 54       		.byte	0x54
 463 02f5 08       		.uleb128 0x8
 464 02f6 FB010000 		.4byte	.LASF64
 465 02fa 04       		.byte	0x4
 466 02fb 65       		.byte	0x65
 467 02fc BE000000 		.4byte	0xbe
 468 0300 55       		.byte	0x55
 469 0301 08       		.uleb128 0x8
 470 0302 7F080000 		.4byte	.LASF65
 471 0306 04       		.byte	0x4
 472 0307 66       		.byte	0x66
 473 0308 BE000000 		.4byte	0xbe
 474 030c 56       		.byte	0x56
 475 030d 08       		.uleb128 0x8
 476 030e BB040000 		.4byte	.LASF66
 477 0312 04       		.byte	0x4
 478 0313 67       		.byte	0x67
ARM GAS  C:\Users\JC\AppData\Local\Temp\ccoliYlE.s 			page 14


 479 0314 BE000000 		.4byte	0xbe
 480 0318 57       		.byte	0x57
 481 0319 08       		.uleb128 0x8
 482 031a C5000000 		.4byte	.LASF67
 483 031e 04       		.byte	0x4
 484 031f 68       		.byte	0x68
 485 0320 BE000000 		.4byte	0xbe
 486 0324 58       		.byte	0x58
 487 0325 08       		.uleb128 0x8
 488 0326 57070000 		.4byte	.LASF68
 489 032a 04       		.byte	0x4
 490 032b 69       		.byte	0x69
 491 032c BE000000 		.4byte	0xbe
 492 0330 59       		.byte	0x59
 493 0331 08       		.uleb128 0x8
 494 0332 B1050000 		.4byte	.LASF69
 495 0336 04       		.byte	0x4
 496 0337 6E       		.byte	0x6e
 497 0338 D4000000 		.4byte	0xd4
 498 033c 5A       		.byte	0x5a
 499 033d 08       		.uleb128 0x8
 500 033e A6080000 		.4byte	.LASF70
 501 0342 04       		.byte	0x4
 502 0343 6F       		.byte	0x6f
 503 0344 D4000000 		.4byte	0xd4
 504 0348 5C       		.byte	0x5c
 505 0349 08       		.uleb128 0x8
 506 034a 73010000 		.4byte	.LASF71
 507 034e 04       		.byte	0x4
 508 034f 70       		.byte	0x70
 509 0350 BE000000 		.4byte	0xbe
 510 0354 5E       		.byte	0x5e
 511 0355 08       		.uleb128 0x8
 512 0356 F3060000 		.4byte	.LASF72
 513 035a 04       		.byte	0x4
 514 035b 71       		.byte	0x71
 515 035c BE000000 		.4byte	0xbe
 516 0360 5F       		.byte	0x5f
 517 0361 08       		.uleb128 0x8
 518 0362 11060000 		.4byte	.LASF73
 519 0366 04       		.byte	0x4
 520 0367 72       		.byte	0x72
 521 0368 BE000000 		.4byte	0xbe
 522 036c 60       		.byte	0x60
 523 036d 08       		.uleb128 0x8
 524 036e CC060000 		.4byte	.LASF74
 525 0372 04       		.byte	0x4
 526 0373 73       		.byte	0x73
 527 0374 EA000000 		.4byte	0xea
 528 0378 64       		.byte	0x64
 529 0379 08       		.uleb128 0x8
 530 037a 99010000 		.4byte	.LASF75
 531 037e 04       		.byte	0x4
 532 037f 76       		.byte	0x76
 533 0380 D4000000 		.4byte	0xd4
 534 0384 68       		.byte	0x68
 535 0385 08       		.uleb128 0x8
ARM GAS  C:\Users\JC\AppData\Local\Temp\ccoliYlE.s 			page 15


 536 0386 83040000 		.4byte	.LASF76
 537 038a 04       		.byte	0x4
 538 038b 77       		.byte	0x77
 539 038c D4000000 		.4byte	0xd4
 540 0390 6A       		.byte	0x6a
 541 0391 08       		.uleb128 0x8
 542 0392 CF040000 		.4byte	.LASF77
 543 0396 04       		.byte	0x4
 544 0397 78       		.byte	0x78
 545 0398 D4000000 		.4byte	0xd4
 546 039c 6C       		.byte	0x6c
 547 039d 08       		.uleb128 0x8
 548 039e FD040000 		.4byte	.LASF78
 549 03a2 04       		.byte	0x4
 550 03a3 79       		.byte	0x79
 551 03a4 D4000000 		.4byte	0xd4
 552 03a8 6E       		.byte	0x6e
 553 03a9 08       		.uleb128 0x8
 554 03aa 80070000 		.4byte	.LASF79
 555 03ae 04       		.byte	0x4
 556 03af 7B       		.byte	0x7b
 557 03b0 BE000000 		.4byte	0xbe
 558 03b4 70       		.byte	0x70
 559 03b5 08       		.uleb128 0x8
 560 03b6 4F020000 		.4byte	.LASF80
 561 03ba 04       		.byte	0x4
 562 03bb 7C       		.byte	0x7c
 563 03bc BE000000 		.4byte	0xbe
 564 03c0 71       		.byte	0x71
 565 03c1 08       		.uleb128 0x8
 566 03c2 F0090000 		.4byte	.LASF81
 567 03c6 04       		.byte	0x4
 568 03c7 7D       		.byte	0x7d
 569 03c8 BE000000 		.4byte	0xbe
 570 03cc 72       		.byte	0x72
 571 03cd 08       		.uleb128 0x8
 572 03ce EC050000 		.4byte	.LASF82
 573 03d2 04       		.byte	0x4
 574 03d3 7E       		.byte	0x7e
 575 03d4 BE000000 		.4byte	0xbe
 576 03d8 73       		.byte	0x73
 577 03d9 08       		.uleb128 0x8
 578 03da 47030000 		.4byte	.LASF83
 579 03de 04       		.byte	0x4
 580 03df 80       		.byte	0x80
 581 03e0 D4000000 		.4byte	0xd4
 582 03e4 74       		.byte	0x74
 583 03e5 08       		.uleb128 0x8
 584 03e6 45080000 		.4byte	.LASF84
 585 03ea 04       		.byte	0x4
 586 03eb 81       		.byte	0x81
 587 03ec D4000000 		.4byte	0xd4
 588 03f0 76       		.byte	0x76
 589 03f1 08       		.uleb128 0x8
 590 03f2 27030000 		.4byte	.LASF85
 591 03f6 04       		.byte	0x4
 592 03f7 82       		.byte	0x82
ARM GAS  C:\Users\JC\AppData\Local\Temp\ccoliYlE.s 			page 16


 593 03f8 D4000000 		.4byte	0xd4
 594 03fc 78       		.byte	0x78
 595 03fd 08       		.uleb128 0x8
 596 03fe 3B010000 		.4byte	.LASF86
 597 0402 04       		.byte	0x4
 598 0403 83       		.byte	0x83
 599 0404 D4000000 		.4byte	0xd4
 600 0408 7A       		.byte	0x7a
 601 0409 08       		.uleb128 0x8
 602 040a 8A090000 		.4byte	.LASF87
 603 040e 04       		.byte	0x4
 604 040f 86       		.byte	0x86
 605 0410 BE000000 		.4byte	0xbe
 606 0414 7C       		.byte	0x7c
 607 0415 08       		.uleb128 0x8
 608 0416 E0080000 		.4byte	.LASF88
 609 041a 04       		.byte	0x4
 610 041b 87       		.byte	0x87
 611 041c BE000000 		.4byte	0xbe
 612 0420 7D       		.byte	0x7d
 613 0421 08       		.uleb128 0x8
 614 0422 D9000000 		.4byte	.LASF89
 615 0426 04       		.byte	0x4
 616 0427 88       		.byte	0x88
 617 0428 BE000000 		.4byte	0xbe
 618 042c 7E       		.byte	0x7e
 619 042d 08       		.uleb128 0x8
 620 042e 83030000 		.4byte	.LASF90
 621 0432 04       		.byte	0x4
 622 0433 89       		.byte	0x89
 623 0434 BE000000 		.4byte	0xbe
 624 0438 7F       		.byte	0x7f
 625 0439 08       		.uleb128 0x8
 626 043a 06040000 		.4byte	.LASF91
 627 043e 04       		.byte	0x4
 628 043f 8A       		.byte	0x8a
 629 0440 BE000000 		.4byte	0xbe
 630 0444 80       		.byte	0x80
 631 0445 08       		.uleb128 0x8
 632 0446 5D050000 		.4byte	.LASF92
 633 044a 04       		.byte	0x4
 634 044b 8D       		.byte	0x8d
 635 044c EA000000 		.4byte	0xea
 636 0450 84       		.byte	0x84
 637 0451 08       		.uleb128 0x8
 638 0452 C0020000 		.4byte	.LASF93
 639 0456 04       		.byte	0x4
 640 0457 8E       		.byte	0x8e
 641 0458 EA000000 		.4byte	0xea
 642 045c 88       		.byte	0x88
 643 045d 08       		.uleb128 0x8
 644 045e 75090000 		.4byte	.LASF94
 645 0462 04       		.byte	0x4
 646 0463 8F       		.byte	0x8f
 647 0464 EA000000 		.4byte	0xea
 648 0468 8C       		.byte	0x8c
 649 0469 08       		.uleb128 0x8
ARM GAS  C:\Users\JC\AppData\Local\Temp\ccoliYlE.s 			page 17


 650 046a 93050000 		.4byte	.LASF95
 651 046e 04       		.byte	0x4
 652 046f 90       		.byte	0x90
 653 0470 EA000000 		.4byte	0xea
 654 0474 90       		.byte	0x90
 655 0475 08       		.uleb128 0x8
 656 0476 C7030000 		.4byte	.LASF96
 657 047a 04       		.byte	0x4
 658 047b 91       		.byte	0x91
 659 047c EA000000 		.4byte	0xea
 660 0480 94       		.byte	0x94
 661 0481 08       		.uleb128 0x8
 662 0482 47050000 		.4byte	.LASF97
 663 0486 04       		.byte	0x4
 664 0487 92       		.byte	0x92
 665 0488 EA000000 		.4byte	0xea
 666 048c 98       		.byte	0x98
 667 048d 08       		.uleb128 0x8
 668 048e B0090000 		.4byte	.LASF98
 669 0492 04       		.byte	0x4
 670 0493 93       		.byte	0x93
 671 0494 EA000000 		.4byte	0xea
 672 0498 9C       		.byte	0x9c
 673 0499 08       		.uleb128 0x8
 674 049a C6010000 		.4byte	.LASF99
 675 049e 04       		.byte	0x4
 676 049f 94       		.byte	0x94
 677 04a0 EA000000 		.4byte	0xea
 678 04a4 A0       		.byte	0xa0
 679 04a5 08       		.uleb128 0x8
 680 04a6 78020000 		.4byte	.LASF100
 681 04aa 04       		.byte	0x4
 682 04ab 95       		.byte	0x95
 683 04ac D4000000 		.4byte	0xd4
 684 04b0 A4       		.byte	0xa4
 685 04b1 08       		.uleb128 0x8
 686 04b2 32050000 		.4byte	.LASF101
 687 04b6 04       		.byte	0x4
 688 04b7 96       		.byte	0x96
 689 04b8 D4000000 		.4byte	0xd4
 690 04bc A6       		.byte	0xa6
 691 04bd 08       		.uleb128 0x8
 692 04be E7060000 		.4byte	.LASF102
 693 04c2 04       		.byte	0x4
 694 04c3 97       		.byte	0x97
 695 04c4 D4000000 		.4byte	0xd4
 696 04c8 A8       		.byte	0xa8
 697 04c9 08       		.uleb128 0x8
 698 04ca 13080000 		.4byte	.LASF103
 699 04ce 04       		.byte	0x4
 700 04cf 98       		.byte	0x98
 701 04d0 D4000000 		.4byte	0xd4
 702 04d4 AA       		.byte	0xaa
 703 04d5 08       		.uleb128 0x8
 704 04d6 DE040000 		.4byte	.LASF104
 705 04da 04       		.byte	0x4
 706 04db 99       		.byte	0x99
ARM GAS  C:\Users\JC\AppData\Local\Temp\ccoliYlE.s 			page 18


 707 04dc D4000000 		.4byte	0xd4
 708 04e0 AC       		.byte	0xac
 709 04e1 08       		.uleb128 0x8
 710 04e2 03060000 		.4byte	.LASF105
 711 04e6 04       		.byte	0x4
 712 04e7 9A       		.byte	0x9a
 713 04e8 D4000000 		.4byte	0xd4
 714 04ec AE       		.byte	0xae
 715 04ed 08       		.uleb128 0x8
 716 04ee C5080000 		.4byte	.LASF106
 717 04f2 04       		.byte	0x4
 718 04f3 9D       		.byte	0x9d
 719 04f4 D4000000 		.4byte	0xd4
 720 04f8 B0       		.byte	0xb0
 721 04f9 08       		.uleb128 0x8
 722 04fa EC000000 		.4byte	.LASF107
 723 04fe 04       		.byte	0x4
 724 04ff 9E       		.byte	0x9e
 725 0500 EA000000 		.4byte	0xea
 726 0504 B4       		.byte	0xb4
 727 0505 00       		.byte	0
 728 0506 04       		.uleb128 0x4
 729 0507 16050000 		.4byte	.LASF108
 730 050b 04       		.byte	0x4
 731 050c 9F       		.byte	0x9f
 732 050d F5000000 		.4byte	0xf5
 733 0511 03       		.uleb128 0x3
 734 0512 04       		.byte	0x4
 735 0513 04       		.byte	0x4
 736 0514 C6060000 		.4byte	.LASF109
 737 0518 03       		.uleb128 0x3
 738 0519 08       		.byte	0x8
 739 051a 04       		.byte	0x4
 740 051b 20030000 		.4byte	.LASF110
 741 051f 09       		.uleb128 0x9
 742 0520 02       		.byte	0x2
 743 0521 05       		.byte	0x5
 744 0522 6401     		.2byte	0x164
 745 0524 43050000 		.4byte	0x543
 746 0528 0A       		.uleb128 0xa
 747 0529 C6090000 		.4byte	.LASF111
 748 052d 05       		.byte	0x5
 749 052e 6E01     		.2byte	0x16e
 750 0530 BE000000 		.4byte	0xbe
 751 0534 00       		.byte	0
 752 0535 0A       		.uleb128 0xa
 753 0536 74050000 		.4byte	.LASF112
 754 053a 05       		.byte	0x5
 755 053b 7201     		.2byte	0x172
 756 053d BE000000 		.4byte	0xbe
 757 0541 01       		.byte	0x1
 758 0542 00       		.byte	0
 759 0543 0B       		.uleb128 0xb
 760 0544 50010000 		.4byte	.LASF113
 761 0548 05       		.byte	0x5
 762 0549 7401     		.2byte	0x174
 763 054b 1F050000 		.4byte	0x51f
ARM GAS  C:\Users\JC\AppData\Local\Temp\ccoliYlE.s 			page 19


 764 054f 0C       		.uleb128 0xc
 765 0550 01       		.byte	0x1
 766 0551 53000000 		.4byte	0x53
 767 0555 06       		.byte	0x6
 768 0556 7E       		.byte	0x7e
 769 0557 74050000 		.4byte	0x574
 770 055b 0D       		.uleb128 0xd
 771 055c 54090000 		.4byte	.LASF114
 772 0560 00       		.byte	0
 773 0561 0D       		.uleb128 0xd
 774 0562 CD050000 		.4byte	.LASF115
 775 0566 01       		.byte	0x1
 776 0567 0D       		.uleb128 0xd
 777 0568 37090000 		.4byte	.LASF116
 778 056c 02       		.byte	0x2
 779 056d 0D       		.uleb128 0xd
 780 056e 8D020000 		.4byte	.LASF117
 781 0572 03       		.byte	0x3
 782 0573 00       		.byte	0
 783 0574 04       		.uleb128 0x4
 784 0575 E5020000 		.4byte	.LASF118
 785 0579 06       		.byte	0x6
 786 057a 83       		.byte	0x83
 787 057b 4F050000 		.4byte	0x54f
 788 057f 0C       		.uleb128 0xc
 789 0580 01       		.byte	0x1
 790 0581 53000000 		.4byte	0x53
 791 0585 06       		.byte	0x6
 792 0586 87       		.byte	0x87
 793 0587 BC050000 		.4byte	0x5bc
 794 058b 0D       		.uleb128 0xd
 795 058c F1080000 		.4byte	.LASF119
 796 0590 00       		.byte	0
 797 0591 0D       		.uleb128 0xd
 798 0592 180A0000 		.4byte	.LASF120
 799 0596 01       		.byte	0x1
 800 0597 0D       		.uleb128 0xd
 801 0598 33040000 		.4byte	.LASF121
 802 059c 02       		.byte	0x2
 803 059d 0D       		.uleb128 0xd
 804 059e DC030000 		.4byte	.LASF122
 805 05a2 03       		.byte	0x3
 806 05a3 0D       		.uleb128 0xd
 807 05a4 59030000 		.4byte	.LASF123
 808 05a8 04       		.byte	0x4
 809 05a9 0D       		.uleb128 0xd
 810 05aa 11070000 		.4byte	.LASF124
 811 05ae 05       		.byte	0x5
 812 05af 0D       		.uleb128 0xd
 813 05b0 4F040000 		.4byte	.LASF125
 814 05b4 06       		.byte	0x6
 815 05b5 0D       		.uleb128 0xd
 816 05b6 A2060000 		.4byte	.LASF126
 817 05ba 07       		.byte	0x7
 818 05bb 00       		.byte	0
 819 05bc 04       		.uleb128 0x4
 820 05bd 2D060000 		.4byte	.LASF127
ARM GAS  C:\Users\JC\AppData\Local\Temp\ccoliYlE.s 			page 20


 821 05c1 06       		.byte	0x6
 822 05c2 90       		.byte	0x90
 823 05c3 7F050000 		.4byte	0x57f
 824 05c7 03       		.uleb128 0x3
 825 05c8 01       		.byte	0x1
 826 05c9 02       		.byte	0x2
 827 05ca 3B070000 		.4byte	.LASF128
 828 05ce 0B       		.uleb128 0xb
 829 05cf A9010000 		.4byte	.LASF129
 830 05d3 07       		.byte	0x7
 831 05d4 4F02     		.2byte	0x24f
 832 05d6 B7000000 		.4byte	0xb7
 833 05da 0E       		.uleb128 0xe
 834 05db AF080000 		.4byte	.LASF140
 835 05df 01       		.byte	0x1
 836 05e0 E5       		.byte	0xe5
 837 05e1 00000000 		.4byte	.LFB253
 838 05e5 34000000 		.4byte	.LFE253-.LFB253
 839 05e9 01       		.uleb128 0x1
 840 05ea 9C       		.byte	0x9c
 841 05eb FE050000 		.4byte	0x5fe
 842 05ef 0F       		.uleb128 0xf
 843 05f0 9F090000 		.4byte	.LASF141
 844 05f4 01       		.byte	0x1
 845 05f5 E8       		.byte	0xe8
 846 05f6 C7050000 		.4byte	0x5c7
 847 05fa 02       		.uleb128 0x2
 848 05fb 91       		.byte	0x91
 849 05fc 77       		.sleb128 -9
 850 05fd 00       		.byte	0
 851 05fe 10       		.uleb128 0x10
 852 05ff DD060000 		.4byte	.LASF130
 853 0603 04       		.byte	0x4
 854 0604 A7       		.byte	0xa7
 855 0605 09060000 		.4byte	0x609
 856 0609 05       		.uleb128 0x5
 857 060a 04       		.byte	0x4
 858 060b 0F060000 		.4byte	0x60f
 859 060f 11       		.uleb128 0x11
 860 0610 06050000 		.4byte	0x506
 861 0614 12       		.uleb128 0x12
 862 0615 DC010000 		.4byte	.LASF131
 863 0619 08       		.byte	0x8
 864 061a F907     		.2byte	0x7f9
 865 061c 20060000 		.4byte	0x620
 866 0620 13       		.uleb128 0x13
 867 0621 DF000000 		.4byte	0xdf
 868 0625 12       		.uleb128 0x12
 869 0626 62080000 		.4byte	.LASF132
 870 062a 06       		.byte	0x6
 871 062b 2202     		.2byte	0x222
 872 062d 74050000 		.4byte	0x574
 873 0631 14       		.uleb128 0x14
 874 0632 43050000 		.4byte	0x543
 875 0636 41060000 		.4byte	0x641
 876 063a 15       		.uleb128 0x15
 877 063b A9000000 		.4byte	0xa9
ARM GAS  C:\Users\JC\AppData\Local\Temp\ccoliYlE.s 			page 21


 878 063f 00       		.byte	0
 879 0640 00       		.byte	0
 880 0641 12       		.uleb128 0x12
 881 0642 10090000 		.4byte	.LASF133
 882 0646 06       		.byte	0x6
 883 0647 2C02     		.2byte	0x22c
 884 0649 31060000 		.4byte	0x631
 885 064d 14       		.uleb128 0x14
 886 064e BC050000 		.4byte	0x5bc
 887 0652 5D060000 		.4byte	0x65d
 888 0656 15       		.uleb128 0x15
 889 0657 A9000000 		.4byte	0xa9
 890 065b 00       		.byte	0
 891 065c 00       		.byte	0
 892 065d 12       		.uleb128 0x12
 893 065e EC040000 		.4byte	.LASF134
 894 0662 06       		.byte	0x6
 895 0663 2D02     		.2byte	0x22d
 896 0665 4D060000 		.4byte	0x64d
 897 0669 12       		.uleb128 0x12
 898 066a 2C080000 		.4byte	.LASF135
 899 066e 06       		.byte	0x6
 900 066f 5202     		.2byte	0x252
 901 0671 BE000000 		.4byte	0xbe
 902 0675 12       		.uleb128 0x12
 903 0676 31020000 		.4byte	.LASF136
 904 067a 07       		.byte	0x7
 905 067b 6602     		.2byte	0x266
 906 067d CE050000 		.4byte	0x5ce
 907 0681 00       		.byte	0
 908              		.section	.debug_abbrev,"",%progbits
 909              	.Ldebug_abbrev0:
 910 0000 01       		.uleb128 0x1
 911 0001 11       		.uleb128 0x11
 912 0002 01       		.byte	0x1
 913 0003 25       		.uleb128 0x25
 914 0004 0E       		.uleb128 0xe
 915 0005 13       		.uleb128 0x13
 916 0006 0B       		.uleb128 0xb
 917 0007 03       		.uleb128 0x3
 918 0008 0E       		.uleb128 0xe
 919 0009 1B       		.uleb128 0x1b
 920 000a 0E       		.uleb128 0xe
 921 000b 55       		.uleb128 0x55
 922 000c 17       		.uleb128 0x17
 923 000d 11       		.uleb128 0x11
 924 000e 01       		.uleb128 0x1
 925 000f 10       		.uleb128 0x10
 926 0010 17       		.uleb128 0x17
 927 0011 00       		.byte	0
 928 0012 00       		.byte	0
 929 0013 02       		.uleb128 0x2
 930 0014 24       		.uleb128 0x24
 931 0015 00       		.byte	0
 932 0016 0B       		.uleb128 0xb
 933 0017 0B       		.uleb128 0xb
 934 0018 3E       		.uleb128 0x3e
ARM GAS  C:\Users\JC\AppData\Local\Temp\ccoliYlE.s 			page 22


 935 0019 0B       		.uleb128 0xb
 936 001a 03       		.uleb128 0x3
 937 001b 08       		.uleb128 0x8
 938 001c 00       		.byte	0
 939 001d 00       		.byte	0
 940 001e 03       		.uleb128 0x3
 941 001f 24       		.uleb128 0x24
 942 0020 00       		.byte	0
 943 0021 0B       		.uleb128 0xb
 944 0022 0B       		.uleb128 0xb
 945 0023 3E       		.uleb128 0x3e
 946 0024 0B       		.uleb128 0xb
 947 0025 03       		.uleb128 0x3
 948 0026 0E       		.uleb128 0xe
 949 0027 00       		.byte	0
 950 0028 00       		.byte	0
 951 0029 04       		.uleb128 0x4
 952 002a 16       		.uleb128 0x16
 953 002b 00       		.byte	0
 954 002c 03       		.uleb128 0x3
 955 002d 0E       		.uleb128 0xe
 956 002e 3A       		.uleb128 0x3a
 957 002f 0B       		.uleb128 0xb
 958 0030 3B       		.uleb128 0x3b
 959 0031 0B       		.uleb128 0xb
 960 0032 49       		.uleb128 0x49
 961 0033 13       		.uleb128 0x13
 962 0034 00       		.byte	0
 963 0035 00       		.byte	0
 964 0036 05       		.uleb128 0x5
 965 0037 0F       		.uleb128 0xf
 966 0038 00       		.byte	0
 967 0039 0B       		.uleb128 0xb
 968 003a 0B       		.uleb128 0xb
 969 003b 49       		.uleb128 0x49
 970 003c 13       		.uleb128 0x13
 971 003d 00       		.byte	0
 972 003e 00       		.byte	0
 973 003f 06       		.uleb128 0x6
 974 0040 15       		.uleb128 0x15
 975 0041 00       		.byte	0
 976 0042 27       		.uleb128 0x27
 977 0043 19       		.uleb128 0x19
 978 0044 00       		.byte	0
 979 0045 00       		.byte	0
 980 0046 07       		.uleb128 0x7
 981 0047 13       		.uleb128 0x13
 982 0048 01       		.byte	0x1
 983 0049 0B       		.uleb128 0xb
 984 004a 0B       		.uleb128 0xb
 985 004b 3A       		.uleb128 0x3a
 986 004c 0B       		.uleb128 0xb
 987 004d 3B       		.uleb128 0x3b
 988 004e 0B       		.uleb128 0xb
 989 004f 01       		.uleb128 0x1
 990 0050 13       		.uleb128 0x13
 991 0051 00       		.byte	0
ARM GAS  C:\Users\JC\AppData\Local\Temp\ccoliYlE.s 			page 23


 992 0052 00       		.byte	0
 993 0053 08       		.uleb128 0x8
 994 0054 0D       		.uleb128 0xd
 995 0055 00       		.byte	0
 996 0056 03       		.uleb128 0x3
 997 0057 0E       		.uleb128 0xe
 998 0058 3A       		.uleb128 0x3a
 999 0059 0B       		.uleb128 0xb
 1000 005a 3B       		.uleb128 0x3b
 1001 005b 0B       		.uleb128 0xb
 1002 005c 49       		.uleb128 0x49
 1003 005d 13       		.uleb128 0x13
 1004 005e 38       		.uleb128 0x38
 1005 005f 0B       		.uleb128 0xb
 1006 0060 00       		.byte	0
 1007 0061 00       		.byte	0
 1008 0062 09       		.uleb128 0x9
 1009 0063 13       		.uleb128 0x13
 1010 0064 01       		.byte	0x1
 1011 0065 0B       		.uleb128 0xb
 1012 0066 0B       		.uleb128 0xb
 1013 0067 3A       		.uleb128 0x3a
 1014 0068 0B       		.uleb128 0xb
 1015 0069 3B       		.uleb128 0x3b
 1016 006a 05       		.uleb128 0x5
 1017 006b 01       		.uleb128 0x1
 1018 006c 13       		.uleb128 0x13
 1019 006d 00       		.byte	0
 1020 006e 00       		.byte	0
 1021 006f 0A       		.uleb128 0xa
 1022 0070 0D       		.uleb128 0xd
 1023 0071 00       		.byte	0
 1024 0072 03       		.uleb128 0x3
 1025 0073 0E       		.uleb128 0xe
 1026 0074 3A       		.uleb128 0x3a
 1027 0075 0B       		.uleb128 0xb
 1028 0076 3B       		.uleb128 0x3b
 1029 0077 05       		.uleb128 0x5
 1030 0078 49       		.uleb128 0x49
 1031 0079 13       		.uleb128 0x13
 1032 007a 38       		.uleb128 0x38
 1033 007b 0B       		.uleb128 0xb
 1034 007c 00       		.byte	0
 1035 007d 00       		.byte	0
 1036 007e 0B       		.uleb128 0xb
 1037 007f 16       		.uleb128 0x16
 1038 0080 00       		.byte	0
 1039 0081 03       		.uleb128 0x3
 1040 0082 0E       		.uleb128 0xe
 1041 0083 3A       		.uleb128 0x3a
 1042 0084 0B       		.uleb128 0xb
 1043 0085 3B       		.uleb128 0x3b
 1044 0086 05       		.uleb128 0x5
 1045 0087 49       		.uleb128 0x49
 1046 0088 13       		.uleb128 0x13
 1047 0089 00       		.byte	0
 1048 008a 00       		.byte	0
ARM GAS  C:\Users\JC\AppData\Local\Temp\ccoliYlE.s 			page 24


 1049 008b 0C       		.uleb128 0xc
 1050 008c 04       		.uleb128 0x4
 1051 008d 01       		.byte	0x1
 1052 008e 0B       		.uleb128 0xb
 1053 008f 0B       		.uleb128 0xb
 1054 0090 49       		.uleb128 0x49
 1055 0091 13       		.uleb128 0x13
 1056 0092 3A       		.uleb128 0x3a
 1057 0093 0B       		.uleb128 0xb
 1058 0094 3B       		.uleb128 0x3b
 1059 0095 0B       		.uleb128 0xb
 1060 0096 01       		.uleb128 0x1
 1061 0097 13       		.uleb128 0x13
 1062 0098 00       		.byte	0
 1063 0099 00       		.byte	0
 1064 009a 0D       		.uleb128 0xd
 1065 009b 28       		.uleb128 0x28
 1066 009c 00       		.byte	0
 1067 009d 03       		.uleb128 0x3
 1068 009e 0E       		.uleb128 0xe
 1069 009f 1C       		.uleb128 0x1c
 1070 00a0 0B       		.uleb128 0xb
 1071 00a1 00       		.byte	0
 1072 00a2 00       		.byte	0
 1073 00a3 0E       		.uleb128 0xe
 1074 00a4 2E       		.uleb128 0x2e
 1075 00a5 01       		.byte	0x1
 1076 00a6 3F       		.uleb128 0x3f
 1077 00a7 19       		.uleb128 0x19
 1078 00a8 03       		.uleb128 0x3
 1079 00a9 0E       		.uleb128 0xe
 1080 00aa 3A       		.uleb128 0x3a
 1081 00ab 0B       		.uleb128 0xb
 1082 00ac 3B       		.uleb128 0x3b
 1083 00ad 0B       		.uleb128 0xb
 1084 00ae 27       		.uleb128 0x27
 1085 00af 19       		.uleb128 0x19
 1086 00b0 11       		.uleb128 0x11
 1087 00b1 01       		.uleb128 0x1
 1088 00b2 12       		.uleb128 0x12
 1089 00b3 06       		.uleb128 0x6
 1090 00b4 40       		.uleb128 0x40
 1091 00b5 18       		.uleb128 0x18
 1092 00b6 9642     		.uleb128 0x2116
 1093 00b8 19       		.uleb128 0x19
 1094 00b9 01       		.uleb128 0x1
 1095 00ba 13       		.uleb128 0x13
 1096 00bb 00       		.byte	0
 1097 00bc 00       		.byte	0
 1098 00bd 0F       		.uleb128 0xf
 1099 00be 34       		.uleb128 0x34
 1100 00bf 00       		.byte	0
 1101 00c0 03       		.uleb128 0x3
 1102 00c1 0E       		.uleb128 0xe
 1103 00c2 3A       		.uleb128 0x3a
 1104 00c3 0B       		.uleb128 0xb
 1105 00c4 3B       		.uleb128 0x3b
ARM GAS  C:\Users\JC\AppData\Local\Temp\ccoliYlE.s 			page 25


 1106 00c5 0B       		.uleb128 0xb
 1107 00c6 49       		.uleb128 0x49
 1108 00c7 13       		.uleb128 0x13
 1109 00c8 02       		.uleb128 0x2
 1110 00c9 18       		.uleb128 0x18
 1111 00ca 00       		.byte	0
 1112 00cb 00       		.byte	0
 1113 00cc 10       		.uleb128 0x10
 1114 00cd 34       		.uleb128 0x34
 1115 00ce 00       		.byte	0
 1116 00cf 03       		.uleb128 0x3
 1117 00d0 0E       		.uleb128 0xe
 1118 00d1 3A       		.uleb128 0x3a
 1119 00d2 0B       		.uleb128 0xb
 1120 00d3 3B       		.uleb128 0x3b
 1121 00d4 0B       		.uleb128 0xb
 1122 00d5 49       		.uleb128 0x49
 1123 00d6 13       		.uleb128 0x13
 1124 00d7 3F       		.uleb128 0x3f
 1125 00d8 19       		.uleb128 0x19
 1126 00d9 3C       		.uleb128 0x3c
 1127 00da 19       		.uleb128 0x19
 1128 00db 00       		.byte	0
 1129 00dc 00       		.byte	0
 1130 00dd 11       		.uleb128 0x11
 1131 00de 26       		.uleb128 0x26
 1132 00df 00       		.byte	0
 1133 00e0 49       		.uleb128 0x49
 1134 00e1 13       		.uleb128 0x13
 1135 00e2 00       		.byte	0
 1136 00e3 00       		.byte	0
 1137 00e4 12       		.uleb128 0x12
 1138 00e5 34       		.uleb128 0x34
 1139 00e6 00       		.byte	0
 1140 00e7 03       		.uleb128 0x3
 1141 00e8 0E       		.uleb128 0xe
 1142 00e9 3A       		.uleb128 0x3a
 1143 00ea 0B       		.uleb128 0xb
 1144 00eb 3B       		.uleb128 0x3b
 1145 00ec 05       		.uleb128 0x5
 1146 00ed 49       		.uleb128 0x49
 1147 00ee 13       		.uleb128 0x13
 1148 00ef 3F       		.uleb128 0x3f
 1149 00f0 19       		.uleb128 0x19
 1150 00f1 3C       		.uleb128 0x3c
 1151 00f2 19       		.uleb128 0x19
 1152 00f3 00       		.byte	0
 1153 00f4 00       		.byte	0
 1154 00f5 13       		.uleb128 0x13
 1155 00f6 35       		.uleb128 0x35
 1156 00f7 00       		.byte	0
 1157 00f8 49       		.uleb128 0x49
 1158 00f9 13       		.uleb128 0x13
 1159 00fa 00       		.byte	0
 1160 00fb 00       		.byte	0
 1161 00fc 14       		.uleb128 0x14
 1162 00fd 01       		.uleb128 0x1
ARM GAS  C:\Users\JC\AppData\Local\Temp\ccoliYlE.s 			page 26


 1163 00fe 01       		.byte	0x1
 1164 00ff 49       		.uleb128 0x49
 1165 0100 13       		.uleb128 0x13
 1166 0101 01       		.uleb128 0x1
 1167 0102 13       		.uleb128 0x13
 1168 0103 00       		.byte	0
 1169 0104 00       		.byte	0
 1170 0105 15       		.uleb128 0x15
 1171 0106 21       		.uleb128 0x21
 1172 0107 00       		.byte	0
 1173 0108 49       		.uleb128 0x49
 1174 0109 13       		.uleb128 0x13
 1175 010a 2F       		.uleb128 0x2f
 1176 010b 0B       		.uleb128 0xb
 1177 010c 00       		.byte	0
 1178 010d 00       		.byte	0
 1179 010e 00       		.byte	0
 1180              		.section	.debug_aranges,"",%progbits
 1181 0000 1C000000 		.4byte	0x1c
 1182 0004 0200     		.2byte	0x2
 1183 0006 00000000 		.4byte	.Ldebug_info0
 1184 000a 04       		.byte	0x4
 1185 000b 00       		.byte	0
 1186 000c 0000     		.2byte	0
 1187 000e 0000     		.2byte	0
 1188 0010 00000000 		.4byte	.LFB253
 1189 0014 34000000 		.4byte	.LFE253-.LFB253
 1190 0018 00000000 		.4byte	0
 1191 001c 00000000 		.4byte	0
 1192              		.section	.debug_ranges,"",%progbits
 1193              	.Ldebug_ranges0:
 1194 0000 00000000 		.4byte	.LFB253
 1195 0004 34000000 		.4byte	.LFE253
 1196 0008 00000000 		.4byte	0
 1197 000c 00000000 		.4byte	0
 1198              		.section	.debug_line,"",%progbits
 1199              	.Ldebug_line0:
 1200 0000 27020000 		.section	.debug_str,"MS",%progbits,1
 1200      02000102 
 1200      00000201 
 1200      FB0E0D00 
 1200      01010101 
 1201              	.LASF57:
 1202 0000 70726F74 		.ascii	"protBusMasterMask\000"
 1202      4275734D 
 1202      61737465 
 1202      724D6173 
 1202      6B00
 1203              	.LASF137:
 1204 0012 474E5520 		.ascii	"GNU C11 5.4.1 20160609 (release) [ARM/embedded-5-br"
 1204      43313120 
 1204      352E342E 
 1204      31203230 
 1204      31363036 
 1205 0045 616E6368 		.ascii	"anch revision 237715] -mcpu=cortex-m4 -mfloat-abi=s"
 1205      20726576 
 1205      6973696F 
ARM GAS  C:\Users\JC\AppData\Local\Temp\ccoliYlE.s 			page 27


 1205      6E203233 
 1205      37373135 
 1206 0078 6F667466 		.ascii	"oftfp -mfpu=fpv4-sp-d16 -mthumb -g -O0 -ffunction-s"
 1206      70202D6D 
 1206      6670753D 
 1206      66707634 
 1206      2D73702D 
 1207 00ab 65637469 		.ascii	"ections -ffat-lto-objects\000"
 1207      6F6E7320 
 1207      2D666661 
 1207      742D6C74 
 1207      6F2D6F62 
 1208              	.LASF67:
 1209 00c5 666C6173 		.ascii	"flashCtlMainWs3Freq\000"
 1209      6843746C 
 1209      4D61696E 
 1209      57733346 
 1209      72657100 
 1210              	.LASF89:
 1211 00d9 6770696F 		.ascii	"gpioPrtCfgInOffset\000"
 1211      50727443 
 1211      6667496E 
 1211      4F666673 
 1211      657400
 1212              	.LASF107:
 1213 00ec 6970634C 		.ascii	"ipcLockStatusOffset\000"
 1213      6F636B53 
 1213      74617475 
 1213      734F6666 
 1213      73657400 
 1214              	.LASF33:
 1215 0100 63727970 		.ascii	"cryptoVersion\000"
 1215      746F5665 
 1215      7273696F 
 1215      6E00
 1216              	.LASF51:
 1217 010e 70657269 		.ascii	"periClockNr\000"
 1217      436C6F63 
 1217      6B4E7200 
 1218              	.LASF29:
 1219 011a 70617373 		.ascii	"passBase\000"
 1219      42617365 
 1219      00
 1220              	.LASF42:
 1221 0123 63707573 		.ascii	"cpussIpcIrqNr\000"
 1221      73497063 
 1221      4972714E 
 1221      7200
 1222              	.LASF5:
 1223 0131 5F5F7569 		.ascii	"__uint8_t\000"
 1223      6E74385F 
 1223      7400
 1224              	.LASF86:
 1225 013b 70657269 		.ascii	"periDiv24_5CtlOffset\000"
 1225      44697632 
 1225      345F3543 
 1225      746C4F66 
ARM GAS  C:\Users\JC\AppData\Local\Temp\ccoliYlE.s 			page 28


 1225      66736574 
 1226              	.LASF113:
 1227 0150 63795F73 		.ascii	"cy_stc_ble_conn_handle_t\000"
 1227      74635F62 
 1227      6C655F63 
 1227      6F6E6E5F 
 1227      68616E64 
 1228              	.LASF22:
 1229 0169 63707573 		.ascii	"cpussBase\000"
 1229      73426173 
 1229      6500
 1230              	.LASF71:
 1231 0173 64774368 		.ascii	"dwChCtlPrioPos\000"
 1231      43746C50 
 1231      72696F50 
 1231      6F7300
 1232              	.LASF14:
 1233 0182 6C6F6E67 		.ascii	"long long unsigned int\000"
 1233      206C6F6E 
 1233      6720756E 
 1233      7369676E 
 1233      65642069 
 1234              	.LASF75:
 1235 0199 70657269 		.ascii	"periTrCmdOffset\000"
 1235      5472436D 
 1235      644F6666 
 1235      73657400 
 1236              	.LASF129:
 1237 01a9 63795F62 		.ascii	"cy_ble_app_notify_callback_t\000"
 1237      6C655F61 
 1237      70705F6E 
 1237      6F746966 
 1237      795F6361 
 1238              	.LASF99:
 1239 01c6 63707573 		.ascii	"cpussSysTickCtlOffset\000"
 1239      73537973 
 1239      5469636B 
 1239      43746C4F 
 1239      66667365 
 1240              	.LASF131:
 1241 01dc 49544D5F 		.ascii	"ITM_RxBuffer\000"
 1241      52784275 
 1241      66666572 
 1241      00
 1242              	.LASF60:
 1243 01e9 666C6173 		.ascii	"flashPipeRequired\000"
 1243      68506970 
 1243      65526571 
 1243      75697265 
 1243      6400
 1244              	.LASF64:
 1245 01fb 666C6173 		.ascii	"flashCtlMainWs0Freq\000"
 1245      6843746C 
 1245      4D61696E 
 1245      57733046 
 1245      72657100 
 1246              	.LASF18:
ARM GAS  C:\Users\JC\AppData\Local\Temp\ccoliYlE.s 			page 29


 1247 020f 696E7431 		.ascii	"int16_t\000"
 1247      365F7400 
 1248              	.LASF1:
 1249 0217 6C6F6E67 		.ascii	"long long int\000"
 1249      206C6F6E 
 1249      6720696E 
 1249      7400
 1250              	.LASF3:
 1251 0225 7369676E 		.ascii	"signed char\000"
 1251      65642063 
 1251      68617200 
 1252              	.LASF136:
 1253 0231 43795F42 		.ascii	"Cy_BLE_HostRegisteredCallback\000"
 1253      4C455F48 
 1253      6F737452 
 1253      65676973 
 1253      74657265 
 1254              	.LASF80:
 1255 024f 70657269 		.ascii	"periDivCmdTypeSelPos\000"
 1255      44697643 
 1255      6D645479 
 1255      70655365 
 1255      6C506F73 
 1256              	.LASF26:
 1257 0264 70726F74 		.ascii	"protBase\000"
 1257      42617365 
 1257      00
 1258              	.LASF38:
 1259 026d 69706356 		.ascii	"ipcVersion\000"
 1259      65727369 
 1259      6F6E00
 1260              	.LASF100:
 1261 0278 63707573 		.ascii	"cpussCm0NmiCtlOffset\000"
 1261      73436D30 
 1261      4E6D6943 
 1261      746C4F66 
 1261      66736574 
 1262              	.LASF117:
 1263 028d 43595F42 		.ascii	"CY_BLE_ADV_STATE_STOP_INITIATED\000"
 1263      4C455F41 
 1263      44565F53 
 1263      54415445 
 1263      5F53544F 
 1264              	.LASF27:
 1265 02ad 6873696F 		.ascii	"hsiomBase\000"
 1265      6D426173 
 1265      6500
 1266              	.LASF11:
 1267 02b7 6C6F6E67 		.ascii	"long int\000"
 1267      20696E74 
 1267      00
 1268              	.LASF93:
 1269 02c0 63707573 		.ascii	"cpussCm4ClockCtlOffset\000"
 1269      73436D34 
 1269      436C6F63 
 1269      6B43746C 
 1269      4F666673 
ARM GAS  C:\Users\JC\AppData\Local\Temp\ccoliYlE.s 			page 30


 1270              	.LASF58:
 1271 02d7 63727970 		.ascii	"cryptoMemSize\000"
 1271      746F4D65 
 1271      6D53697A 
 1271      6500
 1272              	.LASF118:
 1273 02e5 63795F65 		.ascii	"cy_en_ble_adv_state_t\000"
 1273      6E5F626C 
 1273      655F6164 
 1273      765F7374 
 1273      6174655F 
 1274              	.LASF24:
 1275 02fb 70657269 		.ascii	"periBase\000"
 1275      42617365 
 1275      00
 1276              	.LASF56:
 1277 0304 73797350 		.ascii	"sysPmSimoPresent\000"
 1277      6D53696D 
 1277      6F507265 
 1277      73656E74 
 1277      00
 1278              	.LASF46:
 1279 0315 63707573 		.ascii	"cpussFmIrq\000"
 1279      73466D49 
 1279      727100
 1280              	.LASF110:
 1281 0320 646F7562 		.ascii	"double\000"
 1281      6C6500
 1282              	.LASF85:
 1283 0327 70657269 		.ascii	"periDiv16_5CtlOffset\000"
 1283      44697631 
 1283      365F3543 
 1283      746C4F66 
 1283      66736574 
 1284              	.LASF49:
 1285 033c 73727373 		.ascii	"srssNumPll\000"
 1285      4E756D50 
 1285      6C6C00
 1286              	.LASF83:
 1287 0347 70657269 		.ascii	"periDiv8CtlOffset\000"
 1287      44697638 
 1287      43746C4F 
 1287      66667365 
 1287      7400
 1288              	.LASF123:
 1289 0359 43595F42 		.ascii	"CY_BLE_CONN_STATE_CLIENT_INCL_DISCOVERING\000"
 1289      4C455F43 
 1289      4F4E4E5F 
 1289      53544154 
 1289      455F434C 
 1290              	.LASF90:
 1291 0383 6770696F 		.ascii	"gpioPrtCfgOutOffset\000"
 1291      50727443 
 1291      66674F75 
 1291      744F6666 
 1291      73657400 
 1292              	.LASF23:
ARM GAS  C:\Users\JC\AppData\Local\Temp\ccoliYlE.s 			page 31


 1293 0397 666C6173 		.ascii	"flashcBase\000"
 1293      68634261 
 1293      736500
 1294              	.LASF12:
 1295 03a2 5F5F7569 		.ascii	"__uint32_t\000"
 1295      6E743332 
 1295      5F7400
 1296              	.LASF53:
 1297 03ad 70617373 		.ascii	"passSarChannels\000"
 1297      53617243 
 1297      68616E6E 
 1297      656C7300 
 1298              	.LASF6:
 1299 03bd 5F5F696E 		.ascii	"__int16_t\000"
 1299      7431365F 
 1299      7400
 1300              	.LASF96:
 1301 03c7 63707573 		.ascii	"cpussCm4PwrCtlOffset\000"
 1301      73436D34 
 1301      50777243 
 1301      746C4F66 
 1301      66736574 
 1302              	.LASF122:
 1303 03dc 43595F42 		.ascii	"CY_BLE_CONN_STATE_CLIENT_SRVC_DISCOVERING\000"
 1303      4C455F43 
 1303      4F4E4E5F 
 1303      53544154 
 1303      455F434C 
 1304              	.LASF91:
 1305 0406 6770696F 		.ascii	"gpioPrtCfgSioOffset\000"
 1305      50727443 
 1305      66675369 
 1305      6F4F6666 
 1305      73657400 
 1306              	.LASF43:
 1307 041a 63707573 		.ascii	"cpussDwChNr\000"
 1307      73447743 
 1307      684E7200 
 1308              	.LASF0:
 1309 0426 756E7369 		.ascii	"unsigned int\000"
 1309      676E6564 
 1309      20696E74 
 1309      00
 1310              	.LASF121:
 1311 0433 43595F42 		.ascii	"CY_BLE_CONN_STATE_CONNECTED\000"
 1311      4C455F43 
 1311      4F4E4E5F 
 1311      53544154 
 1311      455F434F 
 1312              	.LASF125:
 1313 044f 43595F42 		.ascii	"CY_BLE_CONN_STATE_CLIENT_DESCR_DISCOVERING\000"
 1313      4C455F43 
 1313      4F4E4E5F 
 1313      53544154 
 1313      455F434C 
 1314              	.LASF19:
 1315 047a 75696E74 		.ascii	"uint16_t\000"
ARM GAS  C:\Users\JC\AppData\Local\Temp\ccoliYlE.s 			page 32


 1315      31365F74 
 1315      00
 1316              	.LASF76:
 1317 0483 70657269 		.ascii	"periTrCmdGrSelMsk\000"
 1317      5472436D 
 1317      64477253 
 1317      656C4D73 
 1317      6B00
 1318              	.LASF13:
 1319 0495 6C6F6E67 		.ascii	"long unsigned int\000"
 1319      20756E73 
 1319      69676E65 
 1319      6420696E 
 1319      7400
 1320              	.LASF41:
 1321 04a7 63707573 		.ascii	"cpussIpcNr\000"
 1321      73497063 
 1321      4E7200
 1322              	.LASF28:
 1323 04b2 6770696F 		.ascii	"gpioBase\000"
 1323      42617365 
 1323      00
 1324              	.LASF66:
 1325 04bb 666C6173 		.ascii	"flashCtlMainWs2Freq\000"
 1325      6843746C 
 1325      4D61696E 
 1325      57733246 
 1325      72657100 
 1326              	.LASF77:
 1327 04cf 70657269 		.ascii	"periTrGrOffset\000"
 1327      54724772 
 1327      4F666673 
 1327      657400
 1328              	.LASF104:
 1329 04de 63707573 		.ascii	"cpussRam1Ctl0\000"
 1329      7352616D 
 1329      3143746C 
 1329      3000
 1330              	.LASF134:
 1331 04ec 63795F62 		.ascii	"cy_ble_connState\000"
 1331      6C655F63 
 1331      6F6E6E53 
 1331      74617465 
 1331      00
 1332              	.LASF78:
 1333 04fd 70657269 		.ascii	"periTrGrSize\000"
 1333      54724772 
 1333      53697A65 
 1333      00
 1334              	.LASF36:
 1335 050a 6770696F 		.ascii	"gpioVersion\000"
 1335      56657273 
 1335      696F6E00 
 1336              	.LASF108:
 1337 0516 63795F73 		.ascii	"cy_stc_device_t\000"
 1337      74635F64 
 1337      65766963 
ARM GAS  C:\Users\JC\AppData\Local\Temp\ccoliYlE.s 			page 33


 1337      655F7400 
 1338              	.LASF54:
 1339 0526 65704D6F 		.ascii	"epMonitorNr\000"
 1339      6E69746F 
 1339      724E7200 
 1340              	.LASF101:
 1341 0532 63707573 		.ascii	"cpussCm4NmiCtlOffset\000"
 1341      73436D34 
 1341      4E6D6943 
 1341      746C4F66 
 1341      66736574 
 1342              	.LASF97:
 1343 0547 63707573 		.ascii	"cpussTrimRamCtlOffset\000"
 1343      73547269 
 1343      6D52616D 
 1343      43746C4F 
 1343      66667365 
 1344              	.LASF92:
 1345 055d 63707573 		.ascii	"cpussCm0ClockCtlOffset\000"
 1345      73436D30 
 1345      436C6F63 
 1345      6B43746C 
 1345      4F666673 
 1346              	.LASF112:
 1347 0574 61747449 		.ascii	"attId\000"
 1347      6400
 1348              	.LASF32:
 1349 057a 63707573 		.ascii	"cpussVersion\000"
 1349      73566572 
 1349      73696F6E 
 1349      00
 1350              	.LASF39:
 1351 0587 70657269 		.ascii	"periVersion\000"
 1351      56657273 
 1351      696F6E00 
 1352              	.LASF95:
 1353 0593 63707573 		.ascii	"cpussCm0StatusOffset\000"
 1353      73436D30 
 1353      53746174 
 1353      75734F66 
 1353      66736574 
 1354              	.LASF15:
 1355 05a8 73697A65 		.ascii	"sizetype\000"
 1355      74797065 
 1355      00
 1356              	.LASF69:
 1357 05b1 64774368 		.ascii	"dwChOffset\000"
 1357      4F666673 
 1357      657400
 1358              	.LASF44:
 1359 05bc 63707573 		.ascii	"cpussFlashPaSize\000"
 1359      73466C61 
 1359      73685061 
 1359      53697A65 
 1359      00
 1360              	.LASF115:
 1361 05cd 43595F42 		.ascii	"CY_BLE_ADV_STATE_ADV_INITIATED\000"
ARM GAS  C:\Users\JC\AppData\Local\Temp\ccoliYlE.s 			page 34


 1361      4C455F41 
 1361      44565F53 
 1361      54415445 
 1361      5F414456 
 1362              	.LASF82:
 1363 05ec 70657269 		.ascii	"periDivCmdPaTypeSelPos\000"
 1363      44697643 
 1363      6D645061 
 1363      54797065 
 1363      53656C50 
 1364              	.LASF105:
 1365 0603 63707573 		.ascii	"cpussRam2Ctl0\000"
 1365      7352616D 
 1365      3243746C 
 1365      3000
 1366              	.LASF73:
 1367 0611 64775374 		.ascii	"dwStatusChIdxPos\000"
 1367      61747573 
 1367      43684964 
 1367      78506F73 
 1367      00
 1368              	.LASF55:
 1369 0622 75646250 		.ascii	"udbPresent\000"
 1369      72657365 
 1369      6E7400
 1370              	.LASF127:
 1371 062d 63795F65 		.ascii	"cy_en_ble_conn_state_t\000"
 1371      6E5F626C 
 1371      655F636F 
 1371      6E6E5F73 
 1371      74617465 
 1372              	.LASF35:
 1373 0644 666C6173 		.ascii	"flashcVersion\000"
 1373      68635665 
 1373      7273696F 
 1373      6E00
 1374              	.LASF139:
 1375 0652 433A5C55 		.ascii	"C:\\Users\\JC\\Documents\\thesis\\VDAC_Saw_Export.c"
 1375      73657273 
 1375      5C4A435C 
 1375      446F6375 
 1375      6D656E74 
 1376 0680 7964736E 		.ascii	"ydsn\000"
 1376      00
 1377              	.LASF52:
 1378 0685 736D6966 		.ascii	"smifDeviceNr\000"
 1378      44657669 
 1378      63654E72 
 1378      00
 1379              	.LASF61:
 1380 0692 666C6173 		.ascii	"flashWriteDelay\000"
 1380      68577269 
 1380      74654465 
 1380      6C617900 
 1381              	.LASF126:
 1382 06a2 43595F42 		.ascii	"CY_BLE_CONN_STATE_CLIENT_DISCOVERED\000"
 1382      4C455F43 
ARM GAS  C:\Users\JC\AppData\Local\Temp\ccoliYlE.s 			page 35


 1382      4F4E4E5F 
 1382      53544154 
 1382      455F434C 
 1383              	.LASF109:
 1384 06c6 666C6F61 		.ascii	"float\000"
 1384      7400
 1385              	.LASF74:
 1386 06cc 64775374 		.ascii	"dwStatusChIdxMsk\000"
 1386      61747573 
 1386      43684964 
 1386      784D736B 
 1386      00
 1387              	.LASF130:
 1388 06dd 63795F64 		.ascii	"cy_device\000"
 1388      65766963 
 1388      6500
 1389              	.LASF102:
 1390 06e7 63707573 		.ascii	"cpussRomCtl\000"
 1390      73526F6D 
 1390      43746C00 
 1391              	.LASF72:
 1392 06f3 64774368 		.ascii	"dwChCtlPreemptablePos\000"
 1392      43746C50 
 1392      7265656D 
 1392      70746162 
 1392      6C65506F 
 1393              	.LASF25:
 1394 0709 75646242 		.ascii	"udbBase\000"
 1394      61736500 
 1395              	.LASF124:
 1396 0711 43595F42 		.ascii	"CY_BLE_CONN_STATE_CLIENT_CHAR_DISCOVERING\000"
 1396      4C455F43 
 1396      4F4E4E5F 
 1396      53544154 
 1396      455F434C 
 1397              	.LASF128:
 1398 073b 5F426F6F 		.ascii	"_Bool\000"
 1398      6C00
 1399              	.LASF20:
 1400 0741 696E7433 		.ascii	"int32_t\000"
 1400      325F7400 
 1401              	.LASF4:
 1402 0749 756E7369 		.ascii	"unsigned char\000"
 1402      676E6564 
 1402      20636861 
 1402      7200
 1403              	.LASF68:
 1404 0757 666C6173 		.ascii	"flashCtlMainWs4Freq\000"
 1404      6843746C 
 1404      4D61696E 
 1404      57733446 
 1404      72657100 
 1405              	.LASF31:
 1406 076b 63727970 		.ascii	"cryptoBase\000"
 1406      746F4261 
 1406      736500
 1407              	.LASF7:
ARM GAS  C:\Users\JC\AppData\Local\Temp\ccoliYlE.s 			page 36


 1408 0776 73686F72 		.ascii	"short int\000"
 1408      7420696E 
 1408      7400
 1409              	.LASF79:
 1410 0780 70657269 		.ascii	"periDivCmdDivSelMsk\000"
 1410      44697643 
 1410      6D644469 
 1410      7653656C 
 1410      4D736B00 
 1411              	.LASF138:
 1412 0794 47656E65 		.ascii	"Generated_Source\\PSoC6\\pdl\\middleware\\ble\\cy_b"
 1412      72617465 
 1412      645F536F 
 1412      75726365 
 1412      5C50536F 
 1413 07c2 6C655F68 		.ascii	"le_hal_int.c\000"
 1413      616C5F69 
 1413      6E742E63 
 1413      00
 1414              	.LASF50:
 1415 07cf 73727373 		.ascii	"srssNumHfroot\000"
 1415      4E756D48 
 1415      66726F6F 
 1415      7400
 1416              	.LASF63:
 1417 07dd 666C6173 		.ascii	"flashEraseDelay\000"
 1417      68457261 
 1417      73654465 
 1417      6C617900 
 1418              	.LASF21:
 1419 07ed 75696E74 		.ascii	"uint32_t\000"
 1419      33325F74 
 1419      00
 1420              	.LASF2:
 1421 07f6 6C6F6E67 		.ascii	"long double\000"
 1421      20646F75 
 1421      626C6500 
 1422              	.LASF16:
 1423 0802 63686172 		.ascii	"char\000"
 1423      00
 1424              	.LASF40:
 1425 0807 70726F74 		.ascii	"protVersion\000"
 1425      56657273 
 1425      696F6E00 
 1426              	.LASF103:
 1427 0813 63707573 		.ascii	"cpussRam0Ctl0\000"
 1427      7352616D 
 1427      3043746C 
 1427      3000
 1428              	.LASF8:
 1429 0821 5F5F7569 		.ascii	"__uint16_t\000"
 1429      6E743136 
 1429      5F7400
 1430              	.LASF135:
 1431 082c 63795F62 		.ascii	"cy_ble_pendingFlashWrite\000"
 1431      6C655F70 
 1431      656E6469 
ARM GAS  C:\Users\JC\AppData\Local\Temp\ccoliYlE.s 			page 37


 1431      6E67466C 
 1431      61736857 
 1432              	.LASF84:
 1433 0845 70657269 		.ascii	"periDiv16CtlOffset\000"
 1433      44697631 
 1433      3643746C 
 1433      4F666673 
 1433      657400
 1434              	.LASF10:
 1435 0858 5F5F696E 		.ascii	"__int32_t\000"
 1435      7433325F 
 1435      7400
 1436              	.LASF132:
 1437 0862 63795F62 		.ascii	"cy_ble_advState\000"
 1437      6C655F61 
 1437      64765374 
 1437      61746500 
 1438              	.LASF37:
 1439 0872 6873696F 		.ascii	"hsiomVersion\000"
 1439      6D566572 
 1439      73696F6E 
 1439      00
 1440              	.LASF65:
 1441 087f 666C6173 		.ascii	"flashCtlMainWs1Freq\000"
 1441      6843746C 
 1441      4D61696E 
 1441      57733146 
 1441      72657100 
 1442              	.LASF9:
 1443 0893 73686F72 		.ascii	"short unsigned int\000"
 1443      7420756E 
 1443      7369676E 
 1443      65642069 
 1443      6E7400
 1444              	.LASF70:
 1445 08a6 64774368 		.ascii	"dwChSize\000"
 1445      53697A65 
 1445      00
 1446              	.LASF140:
 1447 08af 43795F42 		.ascii	"Cy_BLE_BlessInterrupt\000"
 1447      4C455F42 
 1447      6C657373 
 1447      496E7465 
 1447      72727570 
 1448              	.LASF106:
 1449 08c5 69706353 		.ascii	"ipcStructSize\000"
 1449      74727563 
 1449      7453697A 
 1449      6500
 1450              	.LASF45:
 1451 08d3 63707573 		.ascii	"cpussIpc0Irq\000"
 1451      73497063 
 1451      30497271 
 1451      00
 1452              	.LASF88:
 1453 08e0 6770696F 		.ascii	"gpioPrtCfgOffset\000"
 1453      50727443 
ARM GAS  C:\Users\JC\AppData\Local\Temp\ccoliYlE.s 			page 38


 1453      66674F66 
 1453      66736574 
 1453      00
 1454              	.LASF119:
 1455 08f1 43595F42 		.ascii	"CY_BLE_CONN_STATE_DISCONNECTED\000"
 1455      4C455F43 
 1455      4F4E4E5F 
 1455      53544154 
 1455      455F4449 
 1456              	.LASF133:
 1457 0910 63795F62 		.ascii	"cy_ble_connHandle\000"
 1457      6C655F63 
 1457      6F6E6E48 
 1457      616E646C 
 1457      6500
 1458              	.LASF47:
 1459 0922 63707573 		.ascii	"cpussNotConnectedIrq\000"
 1459      734E6F74 
 1459      436F6E6E 
 1459      65637465 
 1459      64497271 
 1460              	.LASF116:
 1461 0937 43595F42 		.ascii	"CY_BLE_ADV_STATE_ADVERTISING\000"
 1461      4C455F41 
 1461      44565F53 
 1461      54415445 
 1461      5F414456 
 1462              	.LASF114:
 1463 0954 43595F42 		.ascii	"CY_BLE_ADV_STATE_STOPPED\000"
 1463      4C455F41 
 1463      44565F53 
 1463      54415445 
 1463      5F53544F 
 1464              	.LASF17:
 1465 096d 75696E74 		.ascii	"uint8_t\000"
 1465      385F7400 
 1466              	.LASF94:
 1467 0975 63707573 		.ascii	"cpussCm4StatusOffset\000"
 1467      73436D34 
 1467      53746174 
 1467      75734F66 
 1467      66736574 
 1468              	.LASF87:
 1469 098a 6770696F 		.ascii	"gpioPrtIntrCfgOffset\000"
 1469      50727449 
 1469      6E747243 
 1469      66674F66 
 1469      66736574 
 1470              	.LASF141:
 1471 099f 73656E64 		.ascii	"sendNotification\000"
 1471      4E6F7469 
 1471      66696361 
 1471      74696F6E 
 1471      00
 1472              	.LASF98:
 1473 09b0 63707573 		.ascii	"cpussTrimRomCtlOffset\000"
 1473      73547269 
ARM GAS  C:\Users\JC\AppData\Local\Temp\ccoliYlE.s 			page 39


 1473      6D526F6D 
 1473      43746C4F 
 1473      66667365 
 1474              	.LASF111:
 1475 09c6 62644861 		.ascii	"bdHandle\000"
 1475      6E646C65 
 1475      00
 1476              	.LASF48:
 1477 09cf 73727373 		.ascii	"srssNumClkpath\000"
 1477      4E756D43 
 1477      6C6B7061 
 1477      746800
 1478              	.LASF34:
 1479 09de 64775665 		.ascii	"dwVersion\000"
 1479      7273696F 
 1479      6E00
 1480              	.LASF30:
 1481 09e8 69706342 		.ascii	"ipcBase\000"
 1481      61736500 
 1482              	.LASF81:
 1483 09f0 70657269 		.ascii	"periDivCmdPaDivSelPos\000"
 1483      44697643 
 1483      6D645061 
 1483      44697653 
 1483      656C506F 
 1484              	.LASF62:
 1485 0a06 666C6173 		.ascii	"flashProgramDelay\000"
 1485      6850726F 
 1485      6772616D 
 1485      44656C61 
 1485      7900
 1486              	.LASF120:
 1487 0a18 43595F42 		.ascii	"CY_BLE_CONN_STATE_CLIENT_DISCONNECTED_DISCOVERED\000"
 1487      4C455F43 
 1487      4F4E4E5F 
 1487      53544154 
 1487      455F434C 
 1488              	.LASF59:
 1489 0a49 666C6173 		.ascii	"flashRwwRequired\000"
 1489      68527777 
 1489      52657175 
 1489      69726564 
 1489      00
 1490              		.ident	"GCC: (GNU Tools for ARM Embedded Processors) 5.4.1 20160609 (release) [ARM/embedded-5-bran
