ARM GAS  C:\Users\JC\AppData\Local\Temp\cceyQHTm.s 			page 1


   1              		.syntax unified
   2              		.cpu cortex-m4
   3              		.eabi_attribute 27, 1
   4              		.fpu fpv4-sp-d16
   5              		.eabi_attribute 20, 1
   6              		.eabi_attribute 21, 1
   7              		.eabi_attribute 23, 3
   8              		.eabi_attribute 24, 1
   9              		.eabi_attribute 25, 1
  10              		.eabi_attribute 26, 1
  11              		.eabi_attribute 30, 6
  12              		.eabi_attribute 34, 1
  13              		.eabi_attribute 18, 4
  14              		.thumb
  15              		.syntax unified
  16              		.file	"cy_device.c"
  17              		.text
  18              	.Ltext0:
  19              		.cfi_sections	.debug_frame
  20              		.comm	cy_device,4,4
  21              		.global	cy_deviceIpBlockCfgPSoC6_01
  22              		.section	.rodata
  23              		.align	2
  24              		.type	cy_deviceIpBlockCfgPSoC6_01, %object
  25              		.size	cy_deviceIpBlockCfgPSoC6_01, 184
  26              	cy_deviceIpBlockCfgPSoC6_01:
  27 0000 00002140 		.word	1075904512
  28 0004 00002540 		.word	1076166656
  29 0008 00000140 		.word	1073807360
  30 000c 00003440 		.word	1077149696
  31 0010 00002440 		.word	1076101120
  32 0014 00003140 		.word	1076953088
  33 0018 00003240 		.word	1077018624
  34 001c 00001F41 		.word	1092550656
  35 0020 00002340 		.word	1076035584
  36 0024 00001140 		.word	1074855936
  37 0028 01       		.byte	1
  38 0029 01       		.byte	1
  39 002a 01       		.byte	1
  40 002b 01       		.byte	1
  41 002c 01       		.byte	1
  42 002d 01       		.byte	1
  43 002e 01       		.byte	1
  44 002f 01       		.byte	1
  45 0030 01       		.byte	1
  46 0031 10       		.byte	16
  47 0032 10       		.byte	16
  48 0033 10       		.byte	16
  49 0034 80       		.byte	-128
  50 0035 00       		.space	1
  51 0036 1900     		.short	25
  52 0038 5500     		.short	85
  53 003a F000     		.short	240
  54 003c 05       		.byte	5
  55 003d 01       		.byte	1
  56 003e 05       		.byte	5
  57 003f 3B       		.byte	59
ARM GAS  C:\Users\JC\AppData\Local\Temp\cceyQHTm.s 			page 2


  58 0040 04       		.byte	4
  59 0041 10       		.byte	16
  60 0042 1C       		.byte	28
  61 0043 01       		.byte	1
  62 0044 01       		.byte	1
  63 0045 000000   		.space	3
  64 0048 0FC00000 		.word	49167
  65 004c 00040000 		.word	1024
  66 0050 01       		.byte	1
  67 0051 01       		.byte	1
  68 0052 01       		.byte	1
  69 0053 01       		.byte	1
  70 0054 01       		.byte	1
  71 0055 1D       		.byte	29
  72 0056 3A       		.byte	58
  73 0057 57       		.byte	87
  74 0058 78       		.byte	120
  75 0059 96       		.byte	-106
  76 005a 0008     		.short	2048
  77 005c 2000     		.short	32
  78 005e 10       		.byte	16
  79 005f 12       		.byte	18
  80 0060 08       		.byte	8
  81 0061 000000   		.space	3
  82 0064 001F0000 		.word	7936
  83 0068 0010     		.short	4096
  84 006a 000F     		.short	3840
  85 006c 0020     		.short	8192
  86 006e 0002     		.short	512
  87 0070 3F       		.byte	63
  88 0071 06       		.byte	6
  89 0072 08       		.byte	8
  90 0073 0E       		.byte	14
  91 0074 0008     		.short	2048
  92 0076 0009     		.short	2304
  93 0078 000A     		.short	2560
  94 007a 000B     		.short	2816
  95 007c 24       		.byte	36
  96 007d 28       		.byte	40
  97 007e 2C       		.byte	44
  98 007f 30       		.byte	48
  99 0080 34       		.byte	52
 100 0081 000000   		.space	3
 101 0084 10000000 		.word	16
 102 0088 90000000 		.word	144
 103 008c 88000000 		.word	136
 104 0090 08000000 		.word	8
 105 0094 80000000 		.word	128
 106 0098 04F00000 		.word	61444
 107 009c 00F00000 		.word	61440
 108 00a0 40020000 		.word	576
 109 00a4 2005     		.short	1312
 110 00a6 A000     		.short	160
 111 00a8 D001     		.short	464
 112 00aa 0001     		.short	256
 113 00ac 8001     		.short	384
 114 00ae A001     		.short	416
ARM GAS  C:\Users\JC\AppData\Local\Temp\cceyQHTm.s 			page 3


 115 00b0 2000     		.short	32
 116 00b2 0000     		.space	2
 117 00b4 10000000 		.word	16
 118              		.global	cy_deviceIpBlockCfgPSoC6_02
 119              		.align	2
 120              		.type	cy_deviceIpBlockCfgPSoC6_02, %object
 121              		.size	cy_deviceIpBlockCfgPSoC6_02, 184
 122              	cy_deviceIpBlockCfgPSoC6_02:
 123 00b8 00002040 		.word	1075838976
 124 00bc 00002440 		.word	1076101120
 125 00c0 00000040 		.word	1073741824
 126 00c4 00000000 		.word	0
 127 00c8 00002340 		.word	1076035584
 128 00cc 00003040 		.word	1076887552
 129 00d0 00003140 		.word	1076953088
 130 00d4 00009F40 		.word	1084162048
 131 00d8 00002240 		.word	1075970048
 132 00dc 00001040 		.word	1074790400
 133 00e0 02       		.byte	2
 134 00e1 02       		.byte	2
 135 00e2 02       		.byte	2
 136 00e3 02       		.byte	2
 137 00e4 02       		.byte	2
 138 00e5 02       		.byte	2
 139 00e6 02       		.byte	2
 140 00e7 02       		.byte	2
 141 00e8 02       		.byte	2
 142 00e9 10       		.byte	16
 143 00ea 10       		.byte	16
 144 00eb 1D       		.byte	29
 145 00ec 80       		.byte	-128
 146 00ed 00       		.space	1
 147 00ee 1700     		.short	23
 148 00f0 7500     		.short	117
 149 00f2 FF03     		.short	1023
 150 00f4 06       		.byte	6
 151 00f5 02       		.byte	2
 152 00f6 06       		.byte	6
 153 00f7 36       		.byte	54
 154 00f8 04       		.byte	4
 155 00f9 10       		.byte	16
 156 00fa 20       		.byte	32
 157 00fb 00       		.byte	0
 158 00fc 00       		.byte	0
 159 00fd 000000   		.space	3
 160 0100 7FC00000 		.word	49279
 161 0104 00040000 		.word	1024
 162 0108 00       		.byte	0
 163 0109 00       		.byte	0
 164 010a 00       		.byte	0
 165 010b 00       		.byte	0
 166 010c 00       		.byte	0
 167 010d 19       		.byte	25
 168 010e 32       		.byte	50
 169 010f 4B       		.byte	75
 170 0110 64       		.byte	100
 171 0111 7D       		.byte	125
ARM GAS  C:\Users\JC\AppData\Local\Temp\cceyQHTm.s 			page 4


 172 0112 0080     		.short	-32768
 173 0114 4000     		.short	64
 174 0116 08       		.byte	8
 175 0117 0B       		.byte	11
 176 0118 10       		.byte	16
 177 0119 000000   		.space	3
 178 011c 0000FF01 		.word	33488896
 179 0120 2002     		.short	544
 180 0122 001F     		.short	7936
 181 0124 0080     		.short	-32768
 182 0126 0004     		.short	1024
 183 0128 FF       		.byte	-1
 184 0129 08       		.byte	8
 185 012a 10       		.byte	16
 186 012b 18       		.byte	24
 187 012c 0010     		.short	4096
 188 012e 0014     		.short	5120
 189 0130 0018     		.short	6144
 190 0132 001C     		.short	7168
 191 0134 40       		.byte	64
 192 0135 44       		.byte	68
 193 0136 48       		.byte	72
 194 0137 4C       		.byte	76
 195 0138 50       		.byte	80
 196 0139 000000   		.space	3
 197 013c 08100000 		.word	4104
 198 0140 08000000 		.word	8
 199 0144 04000000 		.word	4
 200 0148 04100000 		.word	4100
 201 014c 00120000 		.word	4608
 202 0150 04210000 		.word	8452
 203 0154 00210000 		.word	8448
 204 0158 00160000 		.word	5632
 205 015c 4011     		.short	4416
 206 015e 4002     		.short	576
 207 0160 C413     		.short	5060
 208 0162 0013     		.short	4864
 209 0164 8013     		.short	4992
 210 0166 A013     		.short	5024
 211 0168 2000     		.short	32
 212 016a 0000     		.space	2
 213 016c 1C000000 		.word	28
 214              		.section	.text.Cy_PDL_Init,"ax",%progbits
 215              		.align	2
 216              		.global	Cy_PDL_Init
 217              		.thumb
 218              		.thumb_func
 219              		.type	Cy_PDL_Init, %function
 220              	Cy_PDL_Init:
 221              	.LFB0:
 222              		.file 1 "Generated_Source\\PSoC6\\pdl\\drivers\\peripheral\\device\\cy_device.c"
   1:Generated_Source\PSoC6\pdl\drivers\peripheral\device/cy_device.c **** /***************************************************************************//**
   2:Generated_Source\PSoC6\pdl\drivers\peripheral\device/cy_device.c **** * \file cy_device.c
   3:Generated_Source\PSoC6\pdl\drivers\peripheral\device/cy_device.c **** * \version 1.0
   4:Generated_Source\PSoC6\pdl\drivers\peripheral\device/cy_device.c **** *
   5:Generated_Source\PSoC6\pdl\drivers\peripheral\device/cy_device.c **** * This file provides the definitions for core and peripheral block HW base
   6:Generated_Source\PSoC6\pdl\drivers\peripheral\device/cy_device.c **** * addresses, versions, and parameters.
ARM GAS  C:\Users\JC\AppData\Local\Temp\cceyQHTm.s 			page 5


   7:Generated_Source\PSoC6\pdl\drivers\peripheral\device/cy_device.c **** *
   8:Generated_Source\PSoC6\pdl\drivers\peripheral\device/cy_device.c **** ********************************************************************************
   9:Generated_Source\PSoC6\pdl\drivers\peripheral\device/cy_device.c **** * \copyright
  10:Generated_Source\PSoC6\pdl\drivers\peripheral\device/cy_device.c **** * Copyright 2018, Cypress Semiconductor Corporation. All rights reserved.
  11:Generated_Source\PSoC6\pdl\drivers\peripheral\device/cy_device.c **** * You may use this file only in accordance with the license, terms, conditions,
  12:Generated_Source\PSoC6\pdl\drivers\peripheral\device/cy_device.c **** * disclaimers, and limitations in the end user license agreement accompanying
  13:Generated_Source\PSoC6\pdl\drivers\peripheral\device/cy_device.c **** * the software package with which this file was provided.
  14:Generated_Source\PSoC6\pdl\drivers\peripheral\device/cy_device.c **** *******************************************************************************/
  15:Generated_Source\PSoC6\pdl\drivers\peripheral\device/cy_device.c **** 
  16:Generated_Source\PSoC6\pdl\drivers\peripheral\device/cy_device.c **** #include "cy_device.h"
  17:Generated_Source\PSoC6\pdl\drivers\peripheral\device/cy_device.c **** 
  18:Generated_Source\PSoC6\pdl\drivers\peripheral\device/cy_device.c **** /*******************************************************************************
  19:Generated_Source\PSoC6\pdl\drivers\peripheral\device/cy_device.c **** *                   Global Variables
  20:Generated_Source\PSoC6\pdl\drivers\peripheral\device/cy_device.c **** *******************************************************************************/
  21:Generated_Source\PSoC6\pdl\drivers\peripheral\device/cy_device.c **** 
  22:Generated_Source\PSoC6\pdl\drivers\peripheral\device/cy_device.c **** /* This is set in Cy_PDL_Init() to the device information relevant
  23:Generated_Source\PSoC6\pdl\drivers\peripheral\device/cy_device.c ****  * for the current target.
  24:Generated_Source\PSoC6\pdl\drivers\peripheral\device/cy_device.c ****  */
  25:Generated_Source\PSoC6\pdl\drivers\peripheral\device/cy_device.c **** const cy_stc_device_t * cy_device;
  26:Generated_Source\PSoC6\pdl\drivers\peripheral\device/cy_device.c **** 
  27:Generated_Source\PSoC6\pdl\drivers\peripheral\device/cy_device.c **** /* Platform and peripheral block configuration */
  28:Generated_Source\PSoC6\pdl\drivers\peripheral\device/cy_device.c **** const cy_stc_device_t cy_deviceIpBlockCfgPSoC6_01 =
  29:Generated_Source\PSoC6\pdl\drivers\peripheral\device/cy_device.c **** {
  30:Generated_Source\PSoC6\pdl\drivers\peripheral\device/cy_device.c ****     /* Base HW addresses */
  31:Generated_Source\PSoC6\pdl\drivers\peripheral\device/cy_device.c ****     /* cpussBase                 */ 0x40210000UL,
  32:Generated_Source\PSoC6\pdl\drivers\peripheral\device/cy_device.c ****     /* flashcBase                */ 0x40250000UL,
  33:Generated_Source\PSoC6\pdl\drivers\peripheral\device/cy_device.c ****     /* periBase                  */ 0x40010000UL,
  34:Generated_Source\PSoC6\pdl\drivers\peripheral\device/cy_device.c ****     /* udbBase                   */ 0x40340000UL,
  35:Generated_Source\PSoC6\pdl\drivers\peripheral\device/cy_device.c ****     /* protBase                  */ 0x40240000UL,
  36:Generated_Source\PSoC6\pdl\drivers\peripheral\device/cy_device.c ****     /* hsiomBase                 */ 0x40310000UL,
  37:Generated_Source\PSoC6\pdl\drivers\peripheral\device/cy_device.c ****     /* gpioBase                  */ 0x40320000UL,
  38:Generated_Source\PSoC6\pdl\drivers\peripheral\device/cy_device.c ****     /* passBase                  */ 0x411F0000UL,
  39:Generated_Source\PSoC6\pdl\drivers\peripheral\device/cy_device.c ****     /* ipcBase                   */ 0x40230000UL,
  40:Generated_Source\PSoC6\pdl\drivers\peripheral\device/cy_device.c ****     /* cryptoBase                */ 0x40110000UL,
  41:Generated_Source\PSoC6\pdl\drivers\peripheral\device/cy_device.c **** 
  42:Generated_Source\PSoC6\pdl\drivers\peripheral\device/cy_device.c ****     /* IP block versions */
  43:Generated_Source\PSoC6\pdl\drivers\peripheral\device/cy_device.c ****     /* cpussVersion              */ 1U,
  44:Generated_Source\PSoC6\pdl\drivers\peripheral\device/cy_device.c ****     /* cryptoVersion             */ 1U,
  45:Generated_Source\PSoC6\pdl\drivers\peripheral\device/cy_device.c ****     /* dwVersion                 */ 1U,
  46:Generated_Source\PSoC6\pdl\drivers\peripheral\device/cy_device.c ****     /* flashcVersion             */ 1U,
  47:Generated_Source\PSoC6\pdl\drivers\peripheral\device/cy_device.c ****     /* gpioVersion               */ 1U,
  48:Generated_Source\PSoC6\pdl\drivers\peripheral\device/cy_device.c ****     /* hsiomVersion              */ 1U,
  49:Generated_Source\PSoC6\pdl\drivers\peripheral\device/cy_device.c ****     /* ipcVersion                */ 1U,
  50:Generated_Source\PSoC6\pdl\drivers\peripheral\device/cy_device.c ****     /* periVersion               */ 1U,
  51:Generated_Source\PSoC6\pdl\drivers\peripheral\device/cy_device.c ****     /* protVersion               */ 1U,
  52:Generated_Source\PSoC6\pdl\drivers\peripheral\device/cy_device.c **** 
  53:Generated_Source\PSoC6\pdl\drivers\peripheral\device/cy_device.c ****     /* Parameters  */
  54:Generated_Source\PSoC6\pdl\drivers\peripheral\device/cy_device.c ****     /* cpussIpcNr                */ 16U,
  55:Generated_Source\PSoC6\pdl\drivers\peripheral\device/cy_device.c ****     /* cpussIpcIrqNr             */ 16U,
  56:Generated_Source\PSoC6\pdl\drivers\peripheral\device/cy_device.c ****     /* cpussDwChNr               */ 16U,
  57:Generated_Source\PSoC6\pdl\drivers\peripheral\device/cy_device.c ****     /* cpussFlashPaSize          */ 128U,
  58:Generated_Source\PSoC6\pdl\drivers\peripheral\device/cy_device.c ****     /* cpussIpc0Irq              */ 25,
  59:Generated_Source\PSoC6\pdl\drivers\peripheral\device/cy_device.c ****     /* cpussFmIrq                */ 85,
  60:Generated_Source\PSoC6\pdl\drivers\peripheral\device/cy_device.c ****     /* cpussNotConnectedIrq      */ 240,
  61:Generated_Source\PSoC6\pdl\drivers\peripheral\device/cy_device.c ****     /* srssNumClkpath            */ 5U,
  62:Generated_Source\PSoC6\pdl\drivers\peripheral\device/cy_device.c ****     /* srssNumPll                */ 1U,
  63:Generated_Source\PSoC6\pdl\drivers\peripheral\device/cy_device.c ****     /* srssNumHfroot             */ 5U,
ARM GAS  C:\Users\JC\AppData\Local\Temp\cceyQHTm.s 			page 6


  64:Generated_Source\PSoC6\pdl\drivers\peripheral\device/cy_device.c ****     /* periClockNr               */ 59U,
  65:Generated_Source\PSoC6\pdl\drivers\peripheral\device/cy_device.c ****     /* smifDeviceNr              */ 4U,
  66:Generated_Source\PSoC6\pdl\drivers\peripheral\device/cy_device.c ****     /* passSarChannels           */ 16U,
  67:Generated_Source\PSoC6\pdl\drivers\peripheral\device/cy_device.c ****     /* epMonitorNr               */ 28u,
  68:Generated_Source\PSoC6\pdl\drivers\peripheral\device/cy_device.c ****     /* udbPresent                */ 1U,
  69:Generated_Source\PSoC6\pdl\drivers\peripheral\device/cy_device.c ****     /* sysPmSimoPresent          */ 1U,
  70:Generated_Source\PSoC6\pdl\drivers\peripheral\device/cy_device.c ****     /* protBusMasterMask         */ 0xC00FUL,
  71:Generated_Source\PSoC6\pdl\drivers\peripheral\device/cy_device.c ****     /* cryptoMemSize             */ 1024u,
  72:Generated_Source\PSoC6\pdl\drivers\peripheral\device/cy_device.c ****     /* flashRwwRequired          */ 1U,
  73:Generated_Source\PSoC6\pdl\drivers\peripheral\device/cy_device.c ****     /* flashPipeRequired         */ 1U,
  74:Generated_Source\PSoC6\pdl\drivers\peripheral\device/cy_device.c ****     /* flashWriteDelay           */ 1U,
  75:Generated_Source\PSoC6\pdl\drivers\peripheral\device/cy_device.c ****     /* flashProgramDelay         */ 1U,
  76:Generated_Source\PSoC6\pdl\drivers\peripheral\device/cy_device.c ****     /* flashEraseDelay           */ 1U,
  77:Generated_Source\PSoC6\pdl\drivers\peripheral\device/cy_device.c ****     /* flashCtlMainWs0Freq       */ 29U,
  78:Generated_Source\PSoC6\pdl\drivers\peripheral\device/cy_device.c ****     /* flashCtlMainWs1Freq       */ 58U,
  79:Generated_Source\PSoC6\pdl\drivers\peripheral\device/cy_device.c ****     /* flashCtlMainWs2Freq       */ 87U,
  80:Generated_Source\PSoC6\pdl\drivers\peripheral\device/cy_device.c ****     /* flashCtlMainWs3Freq       */ 120U,
  81:Generated_Source\PSoC6\pdl\drivers\peripheral\device/cy_device.c ****     /* flashCtlMainWs4Freq       */ 150U,
  82:Generated_Source\PSoC6\pdl\drivers\peripheral\device/cy_device.c **** 
  83:Generated_Source\PSoC6\pdl\drivers\peripheral\device/cy_device.c ****     /* Peripheral register offsets */
  84:Generated_Source\PSoC6\pdl\drivers\peripheral\device/cy_device.c **** 
  85:Generated_Source\PSoC6\pdl\drivers\peripheral\device/cy_device.c ****     /* DW registers */
  86:Generated_Source\PSoC6\pdl\drivers\peripheral\device/cy_device.c ****     /* dwChOffset                */ offsetof(DW_V1_Type, CH_STRUCT),
  87:Generated_Source\PSoC6\pdl\drivers\peripheral\device/cy_device.c ****     /* dwChSize                  */ sizeof(DW_CH_STRUCT_V1_Type),
  88:Generated_Source\PSoC6\pdl\drivers\peripheral\device/cy_device.c ****     /* dwChCtlPrioPos            */ (uint8_t)DW_CH_STRUCT_CH_CTL_PRIO_Pos,
  89:Generated_Source\PSoC6\pdl\drivers\peripheral\device/cy_device.c ****     /* dwChCtlPreemptablePos     */ (uint8_t)DW_CH_STRUCT_CH_CTL_PREEMPTABLE_Pos,
  90:Generated_Source\PSoC6\pdl\drivers\peripheral\device/cy_device.c ****     /* dwStatusChIdxPos          */ (uint8_t)DW_STATUS_CH_IDX_Pos,
  91:Generated_Source\PSoC6\pdl\drivers\peripheral\device/cy_device.c ****     /* dwStatusChIdxMsk          */ DW_STATUS_CH_IDX_Msk,
  92:Generated_Source\PSoC6\pdl\drivers\peripheral\device/cy_device.c **** 
  93:Generated_Source\PSoC6\pdl\drivers\peripheral\device/cy_device.c ****     /* PERI registers */
  94:Generated_Source\PSoC6\pdl\drivers\peripheral\device/cy_device.c ****     /* periTrCmdOffset           */ offsetof(PERI_V1_Type, TR_CMD),
  95:Generated_Source\PSoC6\pdl\drivers\peripheral\device/cy_device.c ****     /* periTrCmdGrSelMsk         */ PERI_TR_CMD_GROUP_SEL_Msk,
  96:Generated_Source\PSoC6\pdl\drivers\peripheral\device/cy_device.c ****     /* periTrGrOffset            */ offsetof(PERI_V1_Type, TR_GR),
  97:Generated_Source\PSoC6\pdl\drivers\peripheral\device/cy_device.c ****     /* periTrGrSize              */ sizeof(PERI_TR_GR_V1_Type),
  98:Generated_Source\PSoC6\pdl\drivers\peripheral\device/cy_device.c **** 
  99:Generated_Source\PSoC6\pdl\drivers\peripheral\device/cy_device.c ****     /* periDivCmdDivSelMsk       */ PERI_DIV_CMD_DIV_SEL_Msk,
 100:Generated_Source\PSoC6\pdl\drivers\peripheral\device/cy_device.c ****     /* periDivCmdTypeSelPos      */ PERI_DIV_CMD_TYPE_SEL_Pos,
 101:Generated_Source\PSoC6\pdl\drivers\peripheral\device/cy_device.c ****     /* periDivCmdPaDivSelPos     */ PERI_DIV_CMD_PA_DIV_SEL_Pos,
 102:Generated_Source\PSoC6\pdl\drivers\peripheral\device/cy_device.c ****     /* periDivCmdPaTypeSelPos    */ PERI_DIV_CMD_PA_TYPE_SEL_Pos,
 103:Generated_Source\PSoC6\pdl\drivers\peripheral\device/cy_device.c **** 
 104:Generated_Source\PSoC6\pdl\drivers\peripheral\device/cy_device.c ****     /* periDiv8CtlOffset         */ offsetof(PERI_V1_Type, DIV_8_CTL),
 105:Generated_Source\PSoC6\pdl\drivers\peripheral\device/cy_device.c ****     /* periDiv16CtlOffset        */ offsetof(PERI_V1_Type, DIV_16_CTL),
 106:Generated_Source\PSoC6\pdl\drivers\peripheral\device/cy_device.c ****     /* periDiv16_5CtlOffset      */ offsetof(PERI_V1_Type, DIV_16_5_CTL),
 107:Generated_Source\PSoC6\pdl\drivers\peripheral\device/cy_device.c ****     /* periDiv24_5CtlOffset      */ offsetof(PERI_V1_Type, DIV_24_5_CTL),
 108:Generated_Source\PSoC6\pdl\drivers\peripheral\device/cy_device.c **** 
 109:Generated_Source\PSoC6\pdl\drivers\peripheral\device/cy_device.c ****     /* GPIO registers */
 110:Generated_Source\PSoC6\pdl\drivers\peripheral\device/cy_device.c ****     /* gpioPrtIntrCfgOffset      */ offsetof(GPIO_PRT_V1_Type, INTR_CFG),
 111:Generated_Source\PSoC6\pdl\drivers\peripheral\device/cy_device.c ****     /* gpioPrtCfgOffset          */ offsetof(GPIO_PRT_V1_Type, CFG),
 112:Generated_Source\PSoC6\pdl\drivers\peripheral\device/cy_device.c ****     /* gpioPrtCfgInOffset        */ offsetof(GPIO_PRT_V1_Type, CFG_IN),
 113:Generated_Source\PSoC6\pdl\drivers\peripheral\device/cy_device.c ****     /* gpioPrtCfgOutOffset       */ offsetof(GPIO_PRT_V1_Type, CFG_OUT),
 114:Generated_Source\PSoC6\pdl\drivers\peripheral\device/cy_device.c ****     /* gpioPrtCfgSioOffset       */ offsetof(GPIO_PRT_V1_Type, CFG_SIO),
 115:Generated_Source\PSoC6\pdl\drivers\peripheral\device/cy_device.c **** 
 116:Generated_Source\PSoC6\pdl\drivers\peripheral\device/cy_device.c ****     /* CPUSS registers  */
 117:Generated_Source\PSoC6\pdl\drivers\peripheral\device/cy_device.c ****     /* cpussCm0ClockCtlOffset    */ offsetof(CPUSS_V1_Type, CM0_CLOCK_CTL),
 118:Generated_Source\PSoC6\pdl\drivers\peripheral\device/cy_device.c ****     /* cpussCm4ClockCtlOffset    */ offsetof(CPUSS_V1_Type, CM4_CLOCK_CTL),
 119:Generated_Source\PSoC6\pdl\drivers\peripheral\device/cy_device.c ****     /* cpussCm4StatusOffset      */ offsetof(CPUSS_V1_Type, CM4_STATUS),
 120:Generated_Source\PSoC6\pdl\drivers\peripheral\device/cy_device.c ****     /* cpussCm0StatusOffset      */ offsetof(CPUSS_V1_Type, CM0_STATUS),
ARM GAS  C:\Users\JC\AppData\Local\Temp\cceyQHTm.s 			page 7


 121:Generated_Source\PSoC6\pdl\drivers\peripheral\device/cy_device.c ****     /* cpussCm4PwrCtlOffset      */ offsetof(CPUSS_V1_Type, CM4_PWR_CTL),
 122:Generated_Source\PSoC6\pdl\drivers\peripheral\device/cy_device.c ****     /* cpussTrimRamCtlOffset     */ offsetof(CPUSS_V1_Type, TRIM_RAM_CTL),
 123:Generated_Source\PSoC6\pdl\drivers\peripheral\device/cy_device.c ****     /* cpussTrimRomCtlOffset     */ offsetof(CPUSS_V1_Type, TRIM_ROM_CTL),
 124:Generated_Source\PSoC6\pdl\drivers\peripheral\device/cy_device.c ****     /* cpussSysTickCtlOffset     */ offsetof(CPUSS_V1_Type, SYSTICK_CTL),
 125:Generated_Source\PSoC6\pdl\drivers\peripheral\device/cy_device.c **** 
 126:Generated_Source\PSoC6\pdl\drivers\peripheral\device/cy_device.c ****     /* cpussCm0NmiCtlOffset      */ (uint16_t)offsetof(CPUSS_V1_Type, CM0_NMI_CTL),
 127:Generated_Source\PSoC6\pdl\drivers\peripheral\device/cy_device.c ****     /* cpussCm4NmiCtlOffset      */ (uint16_t)offsetof(CPUSS_V1_Type, CM4_NMI_CTL),
 128:Generated_Source\PSoC6\pdl\drivers\peripheral\device/cy_device.c ****     /* cpussRomCtl               */ (uint16_t)offsetof(CPUSS_V1_Type, ROM_CTL),
 129:Generated_Source\PSoC6\pdl\drivers\peripheral\device/cy_device.c ****     /* cpussRam0Ctl0             */ (uint16_t)offsetof(CPUSS_V1_Type, RAM0_CTL0),
 130:Generated_Source\PSoC6\pdl\drivers\peripheral\device/cy_device.c ****     /* cpussRam1Ctl0             */ (uint16_t)offsetof(CPUSS_V1_Type, RAM1_CTL0),
 131:Generated_Source\PSoC6\pdl\drivers\peripheral\device/cy_device.c ****     /* cpussRam2Ctl0             */ (uint16_t)offsetof(CPUSS_V1_Type, RAM2_CTL0),
 132:Generated_Source\PSoC6\pdl\drivers\peripheral\device/cy_device.c **** 
 133:Generated_Source\PSoC6\pdl\drivers\peripheral\device/cy_device.c ****     /* IPC registers */
 134:Generated_Source\PSoC6\pdl\drivers\peripheral\device/cy_device.c ****     /* ipcStructSize             */ sizeof(IPC_STRUCT_V1_Type),
 135:Generated_Source\PSoC6\pdl\drivers\peripheral\device/cy_device.c ****     /* ipcLockStatusOffset       */ offsetof(IPC_STRUCT_V1_Type, LOCK_STATUS),
 136:Generated_Source\PSoC6\pdl\drivers\peripheral\device/cy_device.c **** };
 137:Generated_Source\PSoC6\pdl\drivers\peripheral\device/cy_device.c **** 
 138:Generated_Source\PSoC6\pdl\drivers\peripheral\device/cy_device.c **** const cy_stc_device_t cy_deviceIpBlockCfgPSoC6_02 =
 139:Generated_Source\PSoC6\pdl\drivers\peripheral\device/cy_device.c **** {
 140:Generated_Source\PSoC6\pdl\drivers\peripheral\device/cy_device.c ****     /* Base HW addresses */
 141:Generated_Source\PSoC6\pdl\drivers\peripheral\device/cy_device.c ****     /* cpussBase                 */ 0x40200000UL,
 142:Generated_Source\PSoC6\pdl\drivers\peripheral\device/cy_device.c ****     /* flashcBase                */ 0x40240000UL,
 143:Generated_Source\PSoC6\pdl\drivers\peripheral\device/cy_device.c ****     /* periBase                  */ 0x40000000UL,
 144:Generated_Source\PSoC6\pdl\drivers\peripheral\device/cy_device.c ****     /* udbBase                   */ 0UL,
 145:Generated_Source\PSoC6\pdl\drivers\peripheral\device/cy_device.c ****     /* protBase                  */ 0x40230000UL,
 146:Generated_Source\PSoC6\pdl\drivers\peripheral\device/cy_device.c ****     /* hsiomBase                 */ 0x40300000UL,
 147:Generated_Source\PSoC6\pdl\drivers\peripheral\device/cy_device.c ****     /* gpioBase                  */ 0x40310000UL,
 148:Generated_Source\PSoC6\pdl\drivers\peripheral\device/cy_device.c ****     /* passBase                  */ 0x409F0000UL,
 149:Generated_Source\PSoC6\pdl\drivers\peripheral\device/cy_device.c ****     /* ipcBase                   */ 0x40220000UL,
 150:Generated_Source\PSoC6\pdl\drivers\peripheral\device/cy_device.c ****     /* cryptoBase                */ 0x40100000UL,
 151:Generated_Source\PSoC6\pdl\drivers\peripheral\device/cy_device.c **** 
 152:Generated_Source\PSoC6\pdl\drivers\peripheral\device/cy_device.c ****     /* IP block versions */
 153:Generated_Source\PSoC6\pdl\drivers\peripheral\device/cy_device.c ****     /* cpussVersion              */ 2U,
 154:Generated_Source\PSoC6\pdl\drivers\peripheral\device/cy_device.c ****     /* cryptoVersion             */ 2U,
 155:Generated_Source\PSoC6\pdl\drivers\peripheral\device/cy_device.c ****     /* dwVersion                 */ 2U,
 156:Generated_Source\PSoC6\pdl\drivers\peripheral\device/cy_device.c ****     /* flashcVersion             */ 2U,
 157:Generated_Source\PSoC6\pdl\drivers\peripheral\device/cy_device.c ****     /* gpioVersion               */ 2U,
 158:Generated_Source\PSoC6\pdl\drivers\peripheral\device/cy_device.c ****     /* hsiomVersion              */ 2U,
 159:Generated_Source\PSoC6\pdl\drivers\peripheral\device/cy_device.c ****     /* ipcVersion                */ 2U,
 160:Generated_Source\PSoC6\pdl\drivers\peripheral\device/cy_device.c ****     /* periVersion               */ 2U,
 161:Generated_Source\PSoC6\pdl\drivers\peripheral\device/cy_device.c ****     /* protVersion               */ 2U,
 162:Generated_Source\PSoC6\pdl\drivers\peripheral\device/cy_device.c **** 
 163:Generated_Source\PSoC6\pdl\drivers\peripheral\device/cy_device.c ****     /* Parameters */
 164:Generated_Source\PSoC6\pdl\drivers\peripheral\device/cy_device.c ****     /* cpussIpcNr                */ 16U,
 165:Generated_Source\PSoC6\pdl\drivers\peripheral\device/cy_device.c ****     /* cpussIpcIrqNr             */ 16U,
 166:Generated_Source\PSoC6\pdl\drivers\peripheral\device/cy_device.c ****     /* cpussDwChNr               */ 29U,
 167:Generated_Source\PSoC6\pdl\drivers\peripheral\device/cy_device.c ****     /* cpussFlashPaSize          */ 128U,
 168:Generated_Source\PSoC6\pdl\drivers\peripheral\device/cy_device.c ****     /* cpussIpc0Irq              */ 23,
 169:Generated_Source\PSoC6\pdl\drivers\peripheral\device/cy_device.c ****     /* cpussFmIrq                */ 117,
 170:Generated_Source\PSoC6\pdl\drivers\peripheral\device/cy_device.c ****     /* cpussNotConnectedIrq      */ 1023,
 171:Generated_Source\PSoC6\pdl\drivers\peripheral\device/cy_device.c ****     /* srssNumClkpath            */ 6U,
 172:Generated_Source\PSoC6\pdl\drivers\peripheral\device/cy_device.c ****     /* srssNumPll                */ 2U,
 173:Generated_Source\PSoC6\pdl\drivers\peripheral\device/cy_device.c ****     /* srssNumHfroot             */ 6U,
 174:Generated_Source\PSoC6\pdl\drivers\peripheral\device/cy_device.c ****     /* periClockNr               */ 54U,
 175:Generated_Source\PSoC6\pdl\drivers\peripheral\device/cy_device.c ****     /* smifDeviceNr              */ 4,
 176:Generated_Source\PSoC6\pdl\drivers\peripheral\device/cy_device.c ****     /* passSarChannels           */ 16U,
 177:Generated_Source\PSoC6\pdl\drivers\peripheral\device/cy_device.c ****     /* epMonitorNr               */ 32u,
ARM GAS  C:\Users\JC\AppData\Local\Temp\cceyQHTm.s 			page 8


 178:Generated_Source\PSoC6\pdl\drivers\peripheral\device/cy_device.c ****     /* udbPresent                */ 0U,
 179:Generated_Source\PSoC6\pdl\drivers\peripheral\device/cy_device.c ****     /* sysPmSimoPresent          */ 0U,
 180:Generated_Source\PSoC6\pdl\drivers\peripheral\device/cy_device.c ****     /* protBusMasterMask         */ 0xC07FUL,
 181:Generated_Source\PSoC6\pdl\drivers\peripheral\device/cy_device.c ****     /* cryptoMemSize             */ 1024u,
 182:Generated_Source\PSoC6\pdl\drivers\peripheral\device/cy_device.c ****     /* flashRwwRequired          */ 0U,
 183:Generated_Source\PSoC6\pdl\drivers\peripheral\device/cy_device.c ****     /* flashPipeRequired         */ 0U,
 184:Generated_Source\PSoC6\pdl\drivers\peripheral\device/cy_device.c ****     /* flashWriteDelay           */ 0U,
 185:Generated_Source\PSoC6\pdl\drivers\peripheral\device/cy_device.c ****     /* flashProgramDelay         */ 0U,
 186:Generated_Source\PSoC6\pdl\drivers\peripheral\device/cy_device.c ****     /* flashEraseDelay           */ 0U,
 187:Generated_Source\PSoC6\pdl\drivers\peripheral\device/cy_device.c ****     /* flashCtlMainWs0Freq       */ 25U,
 188:Generated_Source\PSoC6\pdl\drivers\peripheral\device/cy_device.c ****     /* flashCtlMainWs1Freq       */ 50U,
 189:Generated_Source\PSoC6\pdl\drivers\peripheral\device/cy_device.c ****     /* flashCtlMainWs2Freq       */ 75U,
 190:Generated_Source\PSoC6\pdl\drivers\peripheral\device/cy_device.c ****     /* flashCtlMainWs3Freq       */ 100U,
 191:Generated_Source\PSoC6\pdl\drivers\peripheral\device/cy_device.c ****     /* flashCtlMainWs4Freq       */ 125U,
 192:Generated_Source\PSoC6\pdl\drivers\peripheral\device/cy_device.c **** 
 193:Generated_Source\PSoC6\pdl\drivers\peripheral\device/cy_device.c ****     /* Peripheral register offsets */
 194:Generated_Source\PSoC6\pdl\drivers\peripheral\device/cy_device.c **** 
 195:Generated_Source\PSoC6\pdl\drivers\peripheral\device/cy_device.c ****     /* DW registers */
 196:Generated_Source\PSoC6\pdl\drivers\peripheral\device/cy_device.c ****     /* dwChOffset                */ offsetof(DW_V2_Type, CH_STRUCT),
 197:Generated_Source\PSoC6\pdl\drivers\peripheral\device/cy_device.c ****     /* dwChSize                  */ sizeof(DW_CH_STRUCT_V2_Type),
 198:Generated_Source\PSoC6\pdl\drivers\peripheral\device/cy_device.c ****     /* dwChCtlPrioPos            */ (uint8_t)DW_CH_STRUCT_V2_CH_CTL_PRIO_Pos,
 199:Generated_Source\PSoC6\pdl\drivers\peripheral\device/cy_device.c ****     /* dwChCtlPreemptablePos     */ (uint8_t)DW_CH_STRUCT_V2_CH_CTL_PREEMPTABLE_Pos,
 200:Generated_Source\PSoC6\pdl\drivers\peripheral\device/cy_device.c ****     /* dwStatusChIdxPos          */ (uint8_t)DW_V2_STATUS_CH_IDX_Pos,
 201:Generated_Source\PSoC6\pdl\drivers\peripheral\device/cy_device.c ****     /* dwStatusChIdxMsk          */ DW_V2_STATUS_CH_IDX_Msk,
 202:Generated_Source\PSoC6\pdl\drivers\peripheral\device/cy_device.c **** 
 203:Generated_Source\PSoC6\pdl\drivers\peripheral\device/cy_device.c ****     /* PERI registers  */
 204:Generated_Source\PSoC6\pdl\drivers\peripheral\device/cy_device.c ****     /* periTrCmdOffset           */ offsetof(PERI_V2_Type, TR_CMD),
 205:Generated_Source\PSoC6\pdl\drivers\peripheral\device/cy_device.c ****     /* periTrCmdGrSelMsk         */ PERI_V2_TR_CMD_GROUP_SEL_Msk,
 206:Generated_Source\PSoC6\pdl\drivers\peripheral\device/cy_device.c ****     /* periTrGrOffset            */ offsetof(PERI_V2_Type, TR_GR),
 207:Generated_Source\PSoC6\pdl\drivers\peripheral\device/cy_device.c ****     /* periTrGrSize              */ sizeof(PERI_TR_GR_V2_Type),
 208:Generated_Source\PSoC6\pdl\drivers\peripheral\device/cy_device.c **** 
 209:Generated_Source\PSoC6\pdl\drivers\peripheral\device/cy_device.c ****     /* periDivCmdDivSelMsk       */ (uint8_t)PERI_V2_DIV_CMD_DIV_SEL_Msk,
 210:Generated_Source\PSoC6\pdl\drivers\peripheral\device/cy_device.c ****     /* periDivCmdTypeSelPos      */ (uint8_t)PERI_V2_DIV_CMD_TYPE_SEL_Pos,
 211:Generated_Source\PSoC6\pdl\drivers\peripheral\device/cy_device.c ****     /* periDivCmdPaDivSelPos     */ (uint8_t)PERI_V2_DIV_CMD_PA_DIV_SEL_Pos,
 212:Generated_Source\PSoC6\pdl\drivers\peripheral\device/cy_device.c ****     /* periDivCmdPaTypeSelPos    */ (uint8_t)PERI_V2_DIV_CMD_PA_TYPE_SEL_Pos,
 213:Generated_Source\PSoC6\pdl\drivers\peripheral\device/cy_device.c **** 
 214:Generated_Source\PSoC6\pdl\drivers\peripheral\device/cy_device.c ****     /* periDiv8CtlOffset         */ offsetof(PERI_V2_Type, DIV_8_CTL),
 215:Generated_Source\PSoC6\pdl\drivers\peripheral\device/cy_device.c ****     /* periDiv16CtlOffset        */ offsetof(PERI_V2_Type, DIV_16_CTL),
 216:Generated_Source\PSoC6\pdl\drivers\peripheral\device/cy_device.c ****     /* periDiv16_5CtlOffset      */ offsetof(PERI_V2_Type, DIV_16_5_CTL),
 217:Generated_Source\PSoC6\pdl\drivers\peripheral\device/cy_device.c ****     /* periDiv24_5CtlOffset      */ offsetof(PERI_V2_Type, DIV_24_5_CTL),
 218:Generated_Source\PSoC6\pdl\drivers\peripheral\device/cy_device.c **** 
 219:Generated_Source\PSoC6\pdl\drivers\peripheral\device/cy_device.c ****     /* GPIO registers  */
 220:Generated_Source\PSoC6\pdl\drivers\peripheral\device/cy_device.c ****     /* gpioPrtIntrCfgOffset      */ offsetof(GPIO_PRT_V2_Type, INTR_CFG),
 221:Generated_Source\PSoC6\pdl\drivers\peripheral\device/cy_device.c ****     /* gpioPrtCfgOffset          */ offsetof(GPIO_PRT_V2_Type, CFG),
 222:Generated_Source\PSoC6\pdl\drivers\peripheral\device/cy_device.c ****     /* gpioPrtCfgInOffset        */ offsetof(GPIO_PRT_V2_Type, CFG_IN),
 223:Generated_Source\PSoC6\pdl\drivers\peripheral\device/cy_device.c ****     /* gpioPrtCfgOutOffset       */ offsetof(GPIO_PRT_V2_Type, CFG_OUT),
 224:Generated_Source\PSoC6\pdl\drivers\peripheral\device/cy_device.c ****     /* gpioPrtCfgSioOffset       */ offsetof(GPIO_PRT_V2_Type, CFG_SIO),
 225:Generated_Source\PSoC6\pdl\drivers\peripheral\device/cy_device.c **** 
 226:Generated_Source\PSoC6\pdl\drivers\peripheral\device/cy_device.c ****     /* CPUSS registers */
 227:Generated_Source\PSoC6\pdl\drivers\peripheral\device/cy_device.c ****     /* cpussCm0ClockCtlOffset    */ offsetof(CPUSS_V2_Type, CM0_CLOCK_CTL),
 228:Generated_Source\PSoC6\pdl\drivers\peripheral\device/cy_device.c ****     /* cpussCm4ClockCtlOffset    */ offsetof(CPUSS_V2_Type, CM4_CLOCK_CTL),
 229:Generated_Source\PSoC6\pdl\drivers\peripheral\device/cy_device.c ****     /* cpussCm4StatusOffset      */ offsetof(CPUSS_V2_Type, CM4_STATUS),
 230:Generated_Source\PSoC6\pdl\drivers\peripheral\device/cy_device.c ****     /* cpussCm0StatusOffset      */ offsetof(CPUSS_V2_Type, CM0_STATUS),
 231:Generated_Source\PSoC6\pdl\drivers\peripheral\device/cy_device.c ****     /* cpussCm4PwrCtlOffset      */ offsetof(CPUSS_V2_Type, CM4_PWR_CTL),
 232:Generated_Source\PSoC6\pdl\drivers\peripheral\device/cy_device.c ****     /* cpussTrimRamCtlOffset     */ offsetof(CPUSS_V2_Type, TRIM_RAM_CTL),
 233:Generated_Source\PSoC6\pdl\drivers\peripheral\device/cy_device.c ****     /* cpussTrimRomCtlOffset     */ offsetof(CPUSS_V2_Type, TRIM_ROM_CTL),
 234:Generated_Source\PSoC6\pdl\drivers\peripheral\device/cy_device.c ****     /* cpussSysTickCtlOffset     */ offsetof(CPUSS_V2_Type, SYSTICK_CTL),
ARM GAS  C:\Users\JC\AppData\Local\Temp\cceyQHTm.s 			page 9


 235:Generated_Source\PSoC6\pdl\drivers\peripheral\device/cy_device.c ****     /* cpussCm0NmiCtlOffset      */ (uint16_t)offsetof(CPUSS_V2_Type, CM0_NMI_CTL),
 236:Generated_Source\PSoC6\pdl\drivers\peripheral\device/cy_device.c ****     /* cpussCm4NmiCtlOffset      */ (uint16_t)offsetof(CPUSS_V2_Type, CM4_NMI_CTL),
 237:Generated_Source\PSoC6\pdl\drivers\peripheral\device/cy_device.c ****     /* cpussRomCtl               */ (uint16_t)offsetof(CPUSS_V2_Type, ROM_CTL),
 238:Generated_Source\PSoC6\pdl\drivers\peripheral\device/cy_device.c ****     /* cpussRam0Ctl0             */ (uint16_t)offsetof(CPUSS_V2_Type, RAM0_CTL0),
 239:Generated_Source\PSoC6\pdl\drivers\peripheral\device/cy_device.c ****     /* cpussRam1Ctl0             */ (uint16_t)offsetof(CPUSS_V2_Type, RAM1_CTL0),
 240:Generated_Source\PSoC6\pdl\drivers\peripheral\device/cy_device.c ****     /* cpussRam2Ctl0             */ (uint16_t)offsetof(CPUSS_V2_Type, RAM2_CTL0),
 241:Generated_Source\PSoC6\pdl\drivers\peripheral\device/cy_device.c **** 
 242:Generated_Source\PSoC6\pdl\drivers\peripheral\device/cy_device.c ****     /* IPC registers */
 243:Generated_Source\PSoC6\pdl\drivers\peripheral\device/cy_device.c ****     /* ipcStructSize             */ sizeof(IPC_STRUCT_V2_Type),
 244:Generated_Source\PSoC6\pdl\drivers\peripheral\device/cy_device.c ****     /* ipcLockStatusOffset       */ offsetof(IPC_STRUCT_V2_Type, LOCK_STATUS),
 245:Generated_Source\PSoC6\pdl\drivers\peripheral\device/cy_device.c **** };
 246:Generated_Source\PSoC6\pdl\drivers\peripheral\device/cy_device.c **** 
 247:Generated_Source\PSoC6\pdl\drivers\peripheral\device/cy_device.c **** 
 248:Generated_Source\PSoC6\pdl\drivers\peripheral\device/cy_device.c **** /******************************************************************************
 249:Generated_Source\PSoC6\pdl\drivers\peripheral\device/cy_device.c **** * Function Name: Cy_PDL_Init
 250:Generated_Source\PSoC6\pdl\drivers\peripheral\device/cy_device.c **** ****************************************************************************//**
 251:Generated_Source\PSoC6\pdl\drivers\peripheral\device/cy_device.c **** *
 252:Generated_Source\PSoC6\pdl\drivers\peripheral\device/cy_device.c **** * \brief Initializes the platform and peripheral block configuration for the
 253:Generated_Source\PSoC6\pdl\drivers\peripheral\device/cy_device.c **** * given target device.
 254:Generated_Source\PSoC6\pdl\drivers\peripheral\device/cy_device.c **** *
 255:Generated_Source\PSoC6\pdl\drivers\peripheral\device/cy_device.c **** * \param device
 256:Generated_Source\PSoC6\pdl\drivers\peripheral\device/cy_device.c **** * Pointer to the platform and peripheral block configuration
 257:Generated_Source\PSoC6\pdl\drivers\peripheral\device/cy_device.c **** *
 258:Generated_Source\PSoC6\pdl\drivers\peripheral\device/cy_device.c **** * \note
 259:Generated_Source\PSoC6\pdl\drivers\peripheral\device/cy_device.c **** * This function must be called prior calling any function in PDL.
 260:Generated_Source\PSoC6\pdl\drivers\peripheral\device/cy_device.c **** *
 261:Generated_Source\PSoC6\pdl\drivers\peripheral\device/cy_device.c **** *******************************************************************************/
 262:Generated_Source\PSoC6\pdl\drivers\peripheral\device/cy_device.c **** void Cy_PDL_Init(const cy_stc_device_t * device)
 263:Generated_Source\PSoC6\pdl\drivers\peripheral\device/cy_device.c **** {
 223              		.loc 1 263 0
 224              		.cfi_startproc
 225              		@ args = 0, pretend = 0, frame = 8
 226              		@ frame_needed = 1, uses_anonymous_args = 0
 227              		@ link register save eliminated.
 228 0000 80B4     		push	{r7}
 229              		.cfi_def_cfa_offset 4
 230              		.cfi_offset 7, -4
 231 0002 83B0     		sub	sp, sp, #12
 232              		.cfi_def_cfa_offset 16
 233 0004 00AF     		add	r7, sp, #0
 234              		.cfi_def_cfa_register 7
 235 0006 7860     		str	r0, [r7, #4]
 264:Generated_Source\PSoC6\pdl\drivers\peripheral\device/cy_device.c ****     cy_device = device;
 236              		.loc 1 264 0
 237 0008 044A     		ldr	r2, .L2
 238 000a 7B68     		ldr	r3, [r7, #4]
 239 000c 1360     		str	r3, [r2]
 265:Generated_Source\PSoC6\pdl\drivers\peripheral\device/cy_device.c **** }
 240              		.loc 1 265 0
 241 000e 00BF     		nop
 242 0010 0C37     		adds	r7, r7, #12
 243              		.cfi_def_cfa_offset 4
 244 0012 BD46     		mov	sp, r7
 245              		.cfi_def_cfa_register 13
 246              		@ sp needed
 247 0014 5DF8047B 		ldr	r7, [sp], #4
 248              		.cfi_restore 7
ARM GAS  C:\Users\JC\AppData\Local\Temp\cceyQHTm.s 			page 10


 249              		.cfi_def_cfa_offset 0
 250 0018 7047     		bx	lr
 251              	.L3:
 252 001a 00BF     		.align	2
 253              	.L2:
 254 001c 00000000 		.word	cy_device
 255              		.cfi_endproc
 256              	.LFE0:
 257              		.size	Cy_PDL_Init, .-Cy_PDL_Init
 258              		.text
 259              	.Letext0:
 260              		.file 2 "c:\\program files (x86)\\cypress\\psoc creator\\4.4\\psoc creator\\import\\gnu\\arm\\5.4.
 261              		.file 3 "c:\\program files (x86)\\cypress\\psoc creator\\4.4\\psoc creator\\import\\gnu\\arm\\5.4.
 262              		.file 4 "Generated_Source\\PSoC6\\pdl\\drivers\\peripheral\\device\\cy_device.h"
 263              		.section	.debug_info,"",%progbits
 264              	.Ldebug_info0:
 265 0000 4E050000 		.4byte	0x54e
 266 0004 0400     		.2byte	0x4
 267 0006 00000000 		.4byte	.Ldebug_abbrev0
 268 000a 04       		.byte	0x4
 269 000b 01       		.uleb128 0x1
 270 000c 75010000 		.4byte	.LASF109
 271 0010 0C       		.byte	0xc
 272 0011 32070000 		.4byte	.LASF110
 273 0015 61000000 		.4byte	.LASF111
 274 0019 00000000 		.4byte	.Ldebug_ranges0+0
 275 001d 00000000 		.4byte	0
 276 0021 00000000 		.4byte	.Ldebug_line0
 277 0025 02       		.uleb128 0x2
 278 0026 01       		.byte	0x1
 279 0027 06       		.byte	0x6
 280 0028 11040000 		.4byte	.LASF0
 281 002c 03       		.uleb128 0x3
 282 002d 34030000 		.4byte	.LASF2
 283 0031 02       		.byte	0x2
 284 0032 1D       		.byte	0x1d
 285 0033 37000000 		.4byte	0x37
 286 0037 02       		.uleb128 0x2
 287 0038 01       		.byte	0x1
 288 0039 08       		.byte	0x8
 289 003a E9030000 		.4byte	.LASF1
 290 003e 03       		.uleb128 0x3
 291 003f 7C060000 		.4byte	.LASF3
 292 0043 02       		.byte	0x2
 293 0044 29       		.byte	0x29
 294 0045 49000000 		.4byte	0x49
 295 0049 02       		.uleb128 0x2
 296 004a 02       		.byte	0x2
 297 004b 05       		.byte	0x5
 298 004c C0000000 		.4byte	.LASF4
 299 0050 03       		.uleb128 0x3
 300 0051 3A010000 		.4byte	.LASF5
 301 0055 02       		.byte	0x2
 302 0056 2B       		.byte	0x2b
 303 0057 5B000000 		.4byte	0x5b
 304 005b 02       		.uleb128 0x2
 305 005c 02       		.byte	0x2
ARM GAS  C:\Users\JC\AppData\Local\Temp\cceyQHTm.s 			page 11


 306 005d 07       		.byte	0x7
 307 005e EA040000 		.4byte	.LASF6
 308 0062 02       		.uleb128 0x2
 309 0063 04       		.byte	0x4
 310 0064 05       		.byte	0x5
 311 0065 02030000 		.4byte	.LASF7
 312 0069 03       		.uleb128 0x3
 313 006a 18010000 		.4byte	.LASF8
 314 006e 02       		.byte	0x2
 315 006f 41       		.byte	0x41
 316 0070 74000000 		.4byte	0x74
 317 0074 02       		.uleb128 0x2
 318 0075 04       		.byte	0x4
 319 0076 07       		.byte	0x7
 320 0077 EA050000 		.4byte	.LASF9
 321 007b 02       		.uleb128 0x2
 322 007c 08       		.byte	0x8
 323 007d 05       		.byte	0x5
 324 007e BE020000 		.4byte	.LASF10
 325 0082 02       		.uleb128 0x2
 326 0083 08       		.byte	0x8
 327 0084 07       		.byte	0x7
 328 0085 1D040000 		.4byte	.LASF11
 329 0089 04       		.uleb128 0x4
 330 008a 04       		.byte	0x4
 331 008b 05       		.byte	0x5
 332 008c 696E7400 		.ascii	"int\000"
 333 0090 02       		.uleb128 0x2
 334 0091 04       		.byte	0x4
 335 0092 07       		.byte	0x7
 336 0093 18070000 		.4byte	.LASF12
 337 0097 03       		.uleb128 0x3
 338 0098 28020000 		.4byte	.LASF13
 339 009c 03       		.byte	0x3
 340 009d 18       		.byte	0x18
 341 009e 2C000000 		.4byte	0x2c
 342 00a2 03       		.uleb128 0x3
 343 00a3 61050000 		.4byte	.LASF14
 344 00a7 03       		.byte	0x3
 345 00a8 20       		.byte	0x20
 346 00a9 3E000000 		.4byte	0x3e
 347 00ad 03       		.uleb128 0x3
 348 00ae FD040000 		.4byte	.LASF15
 349 00b2 03       		.byte	0x3
 350 00b3 24       		.byte	0x24
 351 00b4 50000000 		.4byte	0x50
 352 00b8 03       		.uleb128 0x3
 353 00b9 64020000 		.4byte	.LASF16
 354 00bd 03       		.byte	0x3
 355 00be 30       		.byte	0x30
 356 00bf 69000000 		.4byte	0x69
 357 00c3 02       		.uleb128 0x2
 358 00c4 08       		.byte	0x8
 359 00c5 04       		.byte	0x4
 360 00c6 C4030000 		.4byte	.LASF17
 361 00ca 02       		.uleb128 0x2
 362 00cb 04       		.byte	0x4
ARM GAS  C:\Users\JC\AppData\Local\Temp\cceyQHTm.s 			page 12


 363 00cc 07       		.byte	0x7
 364 00cd DA000000 		.4byte	.LASF18
 365 00d1 05       		.uleb128 0x5
 366 00d2 B8       		.byte	0xb8
 367 00d3 04       		.byte	0x4
 368 00d4 34       		.byte	0x34
 369 00d5 E2040000 		.4byte	0x4e2
 370 00d9 06       		.uleb128 0x6
 371 00da 23010000 		.4byte	.LASF19
 372 00de 04       		.byte	0x4
 373 00df 37       		.byte	0x37
 374 00e0 B8000000 		.4byte	0xb8
 375 00e4 00       		.byte	0
 376 00e5 06       		.uleb128 0x6
 377 00e6 3D060000 		.4byte	.LASF20
 378 00ea 04       		.byte	0x4
 379 00eb 38       		.byte	0x38
 380 00ec B8000000 		.4byte	0xb8
 381 00f0 04       		.byte	0x4
 382 00f1 06       		.uleb128 0x6
 383 00f2 08040000 		.4byte	.LASF21
 384 00f6 04       		.byte	0x4
 385 00f7 39       		.byte	0x39
 386 00f8 B8000000 		.4byte	0xb8
 387 00fc 08       		.byte	0x8
 388 00fd 06       		.uleb128 0x6
 389 00fe 42050000 		.4byte	.LASF22
 390 0102 04       		.byte	0x4
 391 0103 3A       		.byte	0x3a
 392 0104 B8000000 		.4byte	0xb8
 393 0108 0C       		.byte	0xc
 394 0109 06       		.uleb128 0x6
 395 010a 03070000 		.4byte	.LASF23
 396 010e 04       		.byte	0x4
 397 010f 3B       		.byte	0x3b
 398 0110 B8000000 		.4byte	0xb8
 399 0114 10       		.byte	0x10
 400 0115 06       		.uleb128 0x6
 401 0116 A4020000 		.4byte	.LASF24
 402 011a 04       		.byte	0x4
 403 011b 3C       		.byte	0x3c
 404 011c B8000000 		.4byte	0xb8
 405 0120 14       		.byte	0x14
 406 0121 06       		.uleb128 0x6
 407 0122 34040000 		.4byte	.LASF25
 408 0126 04       		.byte	0x4
 409 0127 3D       		.byte	0x3d
 410 0128 B8000000 		.4byte	0xb8
 411 012c 18       		.byte	0x18
 412 012d 06       		.uleb128 0x6
 413 012e B5020000 		.4byte	.LASF26
 414 0132 04       		.byte	0x4
 415 0133 3E       		.byte	0x3e
 416 0134 B8000000 		.4byte	0xb8
 417 0138 1C       		.byte	0x1c
 418 0139 06       		.uleb128 0x6
 419 013a FB060000 		.4byte	.LASF27
ARM GAS  C:\Users\JC\AppData\Local\Temp\cceyQHTm.s 			page 13


 420 013e 04       		.byte	0x4
 421 013f 3F       		.byte	0x3f
 422 0140 B8000000 		.4byte	0xb8
 423 0144 20       		.byte	0x20
 424 0145 06       		.uleb128 0x6
 425 0146 B5000000 		.4byte	.LASF28
 426 014a 04       		.byte	0x4
 427 014b 40       		.byte	0x40
 428 014c B8000000 		.4byte	0xb8
 429 0150 24       		.byte	0x24
 430 0151 06       		.uleb128 0x6
 431 0152 2D010000 		.4byte	.LASF29
 432 0156 04       		.byte	0x4
 433 0157 43       		.byte	0x43
 434 0158 97000000 		.4byte	0x97
 435 015c 28       		.byte	0x28
 436 015d 06       		.uleb128 0x6
 437 015e A7050000 		.4byte	.LASF30
 438 0162 04       		.byte	0x4
 439 0163 44       		.byte	0x44
 440 0164 97000000 		.4byte	0x97
 441 0168 29       		.byte	0x29
 442 0169 06       		.uleb128 0x6
 443 016a 0A060000 		.4byte	.LASF31
 444 016e 04       		.byte	0x4
 445 016f 45       		.byte	0x45
 446 0170 97000000 		.4byte	0x97
 447 0174 2A       		.byte	0x2a
 448 0175 06       		.uleb128 0x6
 449 0176 DC040000 		.4byte	.LASF32
 450 017a 04       		.byte	0x4
 451 017b 46       		.byte	0x46
 452 017c 97000000 		.4byte	0x97
 453 0180 2B       		.byte	0x2b
 454 0181 06       		.uleb128 0x6
 455 0182 B5050000 		.4byte	.LASF33
 456 0186 04       		.byte	0x4
 457 0187 47       		.byte	0x47
 458 0188 97000000 		.4byte	0x97
 459 018c 2C       		.byte	0x2c
 460 018d 06       		.uleb128 0x6
 461 018e 54000000 		.4byte	.LASF34
 462 0192 04       		.byte	0x4
 463 0193 48       		.byte	0x48
 464 0194 97000000 		.4byte	0x97
 465 0198 2D       		.byte	0x2d
 466 0199 06       		.uleb128 0x6
 467 019a E3000000 		.4byte	.LASF35
 468 019e 04       		.byte	0x4
 469 019f 49       		.byte	0x49
 470 01a0 97000000 		.4byte	0x97
 471 01a4 2E       		.byte	0x2e
 472 01a5 06       		.uleb128 0x6
 473 01a6 30020000 		.4byte	.LASF36
 474 01aa 04       		.byte	0x4
 475 01ab 4A       		.byte	0x4a
 476 01ac 97000000 		.4byte	0x97
ARM GAS  C:\Users\JC\AppData\Local\Temp\cceyQHTm.s 			page 14


 477 01b0 2F       		.byte	0x2f
 478 01b1 06       		.uleb128 0x6
 479 01b2 0C010000 		.4byte	.LASF37
 480 01b6 04       		.byte	0x4
 481 01b7 4B       		.byte	0x4b
 482 01b8 97000000 		.4byte	0x97
 483 01bc 30       		.byte	0x30
 484 01bd 06       		.uleb128 0x6
 485 01be 45010000 		.4byte	.LASF38
 486 01c2 04       		.byte	0x4
 487 01c3 4E       		.byte	0x4e
 488 01c4 97000000 		.4byte	0x97
 489 01c8 31       		.byte	0x31
 490 01c9 06       		.uleb128 0x6
 491 01ca 6E060000 		.4byte	.LASF39
 492 01ce 04       		.byte	0x4
 493 01cf 4F       		.byte	0x4f
 494 01d0 97000000 		.4byte	0x97
 495 01d4 32       		.byte	0x32
 496 01d5 06       		.uleb128 0x6
 497 01d6 A9000000 		.4byte	.LASF40
 498 01da 04       		.byte	0x4
 499 01db 50       		.byte	0x50
 500 01dc 97000000 		.4byte	0x97
 501 01e0 33       		.byte	0x33
 502 01e1 06       		.uleb128 0x6
 503 01e2 00000000 		.4byte	.LASF41
 504 01e6 04       		.byte	0x4
 505 01e7 51       		.byte	0x51
 506 01e8 97000000 		.4byte	0x97
 507 01ec 34       		.byte	0x34
 508 01ed 06       		.uleb128 0x6
 509 01ee 82020000 		.4byte	.LASF42
 510 01f2 04       		.byte	0x4
 511 01f3 52       		.byte	0x52
 512 01f4 A2000000 		.4byte	0xa2
 513 01f8 36       		.byte	0x36
 514 01f9 06       		.uleb128 0x6
 515 01fa 93040000 		.4byte	.LASF43
 516 01fe 04       		.byte	0x4
 517 01ff 53       		.byte	0x53
 518 0200 A2000000 		.4byte	0xa2
 519 0204 38       		.byte	0x38
 520 0205 06       		.uleb128 0x6
 521 0206 9E040000 		.4byte	.LASF44
 522 020a 04       		.byte	0x4
 523 020b 54       		.byte	0x54
 524 020c A2000000 		.4byte	0xa2
 525 0210 3A       		.byte	0x3a
 526 0211 06       		.uleb128 0x6
 527 0212 69050000 		.4byte	.LASF45
 528 0216 04       		.byte	0x4
 529 0217 55       		.byte	0x55
 530 0218 97000000 		.4byte	0x97
 531 021c 3C       		.byte	0x3c
 532 021d 06       		.uleb128 0x6
 533 021e 56050000 		.4byte	.LASF46
ARM GAS  C:\Users\JC\AppData\Local\Temp\cceyQHTm.s 			page 15


 534 0222 04       		.byte	0x4
 535 0223 56       		.byte	0x56
 536 0224 97000000 		.4byte	0x97
 537 0228 3D       		.byte	0x3d
 538 0229 06       		.uleb128 0x6
 539 022a 32000000 		.4byte	.LASF47
 540 022e 04       		.byte	0x4
 541 022f 57       		.byte	0x57
 542 0230 97000000 		.4byte	0x97
 543 0234 3E       		.byte	0x3e
 544 0235 06       		.uleb128 0x6
 545 0236 4A050000 		.4byte	.LASF48
 546 023a 04       		.byte	0x4
 547 023b 58       		.byte	0x58
 548 023c 97000000 		.4byte	0x97
 549 0240 3F       		.byte	0x3f
 550 0241 06       		.uleb128 0x6
 551 0242 25070000 		.4byte	.LASF49
 552 0246 04       		.byte	0x4
 553 0247 59       		.byte	0x59
 554 0248 97000000 		.4byte	0x97
 555 024c 40       		.byte	0x40
 556 024d 06       		.uleb128 0x6
 557 024e 5E060000 		.4byte	.LASF50
 558 0252 04       		.byte	0x4
 559 0253 5A       		.byte	0x5a
 560 0254 97000000 		.4byte	0x97
 561 0258 41       		.byte	0x41
 562 0259 06       		.uleb128 0x6
 563 025a 14060000 		.4byte	.LASF51
 564 025e 04       		.byte	0x4
 565 025f 5B       		.byte	0x5b
 566 0260 97000000 		.4byte	0x97
 567 0264 42       		.byte	0x42
 568 0265 06       		.uleb128 0x6
 569 0266 DE030000 		.4byte	.LASF52
 570 026a 04       		.byte	0x4
 571 026b 5C       		.byte	0x5c
 572 026c 97000000 		.4byte	0x97
 573 0270 43       		.byte	0x43
 574 0271 06       		.uleb128 0x6
 575 0272 F7030000 		.4byte	.LASF53
 576 0276 04       		.byte	0x4
 577 0277 5D       		.byte	0x5d
 578 0278 97000000 		.4byte	0x97
 579 027c 44       		.byte	0x44
 580 027d 06       		.uleb128 0x6
 581 027e 06050000 		.4byte	.LASF54
 582 0282 04       		.byte	0x4
 583 0283 5E       		.byte	0x5e
 584 0284 B8000000 		.4byte	0xb8
 585 0288 48       		.byte	0x48
 586 0289 06       		.uleb128 0x6
 587 028a 88050000 		.4byte	.LASF55
 588 028e 04       		.byte	0x4
 589 028f 5F       		.byte	0x5f
 590 0290 B8000000 		.4byte	0xb8
ARM GAS  C:\Users\JC\AppData\Local\Temp\cceyQHTm.s 			page 16


 591 0294 4C       		.byte	0x4c
 592 0295 06       		.uleb128 0x6
 593 0296 50010000 		.4byte	.LASF56
 594 029a 04       		.byte	0x4
 595 029b 60       		.byte	0x60
 596 029c 97000000 		.4byte	0x97
 597 02a0 50       		.byte	0x50
 598 02a1 06       		.uleb128 0x6
 599 02a2 DB060000 		.4byte	.LASF57
 600 02a6 04       		.byte	0x4
 601 02a7 61       		.byte	0x61
 602 02a8 97000000 		.4byte	0x97
 603 02ac 51       		.byte	0x51
 604 02ad 06       		.uleb128 0x6
 605 02ae CA000000 		.4byte	.LASF58
 606 02b2 04       		.byte	0x4
 607 02b3 62       		.byte	0x62
 608 02b4 97000000 		.4byte	0x97
 609 02b8 52       		.byte	0x52
 610 02b9 06       		.uleb128 0x6
 611 02ba 81040000 		.4byte	.LASF59
 612 02be 04       		.byte	0x4
 613 02bf 63       		.byte	0x63
 614 02c0 97000000 		.4byte	0x97
 615 02c4 53       		.byte	0x53
 616 02c5 06       		.uleb128 0x6
 617 02c6 45020000 		.4byte	.LASF60
 618 02ca 04       		.byte	0x4
 619 02cb 64       		.byte	0x64
 620 02cc 97000000 		.4byte	0x97
 621 02d0 54       		.byte	0x54
 622 02d1 06       		.uleb128 0x6
 623 02d2 20030000 		.4byte	.LASF61
 624 02d6 04       		.byte	0x4
 625 02d7 65       		.byte	0x65
 626 02d8 97000000 		.4byte	0x97
 627 02dc 55       		.byte	0x55
 628 02dd 06       		.uleb128 0x6
 629 02de D6050000 		.4byte	.LASF62
 630 02e2 04       		.byte	0x4
 631 02e3 66       		.byte	0x66
 632 02e4 97000000 		.4byte	0x97
 633 02e8 56       		.byte	0x56
 634 02e9 06       		.uleb128 0x6
 635 02ea B2060000 		.4byte	.LASF63
 636 02ee 04       		.byte	0x4
 637 02ef 67       		.byte	0x67
 638 02f0 97000000 		.4byte	0x97
 639 02f4 57       		.byte	0x57
 640 02f5 06       		.uleb128 0x6
 641 02f6 68030000 		.4byte	.LASF64
 642 02fa 04       		.byte	0x4
 643 02fb 68       		.byte	0x68
 644 02fc 97000000 		.4byte	0x97
 645 0300 58       		.byte	0x58
 646 0301 06       		.uleb128 0x6
 647 0302 88070000 		.4byte	.LASF65
ARM GAS  C:\Users\JC\AppData\Local\Temp\cceyQHTm.s 			page 17


 648 0306 04       		.byte	0x4
 649 0307 69       		.byte	0x69
 650 0308 97000000 		.4byte	0x97
 651 030c 59       		.byte	0x59
 652 030d 06       		.uleb128 0x6
 653 030e 27000000 		.4byte	.LASF66
 654 0312 04       		.byte	0x4
 655 0313 6E       		.byte	0x6e
 656 0314 AD000000 		.4byte	0xad
 657 0318 5A       		.byte	0x5a
 658 0319 06       		.uleb128 0x6
 659 031a 3C020000 		.4byte	.LASF67
 660 031e 04       		.byte	0x4
 661 031f 6F       		.byte	0x6f
 662 0320 AD000000 		.4byte	0xad
 663 0324 5C       		.byte	0x5c
 664 0325 06       		.uleb128 0x6
 665 0326 55020000 		.4byte	.LASF68
 666 032a 04       		.byte	0x4
 667 032b 70       		.byte	0x70
 668 032c 97000000 		.4byte	0x97
 669 0330 5E       		.byte	0x5e
 670 0331 06       		.uleb128 0x6
 671 0332 AD070000 		.4byte	.LASF69
 672 0336 04       		.byte	0x4
 673 0337 71       		.byte	0x71
 674 0338 97000000 		.4byte	0x97
 675 033c 5F       		.byte	0x5f
 676 033d 06       		.uleb128 0x6
 677 033e 9C070000 		.4byte	.LASF70
 678 0342 04       		.byte	0x4
 679 0343 72       		.byte	0x72
 680 0344 97000000 		.4byte	0x97
 681 0348 60       		.byte	0x60
 682 0349 06       		.uleb128 0x6
 683 034a DB020000 		.4byte	.LASF71
 684 034e 04       		.byte	0x4
 685 034f 73       		.byte	0x73
 686 0350 B8000000 		.4byte	0xb8
 687 0354 64       		.byte	0x64
 688 0355 06       		.uleb128 0x6
 689 0356 78050000 		.4byte	.LASF72
 690 035a 04       		.byte	0x4
 691 035b 76       		.byte	0x76
 692 035c AD000000 		.4byte	0xad
 693 0360 68       		.byte	0x68
 694 0361 06       		.uleb128 0x6
 695 0362 A5030000 		.4byte	.LASF73
 696 0366 04       		.byte	0x4
 697 0367 77       		.byte	0x77
 698 0368 AD000000 		.4byte	0xad
 699 036c 6A       		.byte	0x6a
 700 036d 06       		.uleb128 0x6
 701 036e CC020000 		.4byte	.LASF74
 702 0372 04       		.byte	0x4
 703 0373 78       		.byte	0x78
 704 0374 AD000000 		.4byte	0xad
ARM GAS  C:\Users\JC\AppData\Local\Temp\cceyQHTm.s 			page 18


 705 0378 6C       		.byte	0x6c
 706 0379 06       		.uleb128 0x6
 707 037a B7030000 		.4byte	.LASF75
 708 037e 04       		.byte	0x4
 709 037f 79       		.byte	0x79
 710 0380 AD000000 		.4byte	0xad
 711 0384 6E       		.byte	0x6e
 712 0385 06       		.uleb128 0x6
 713 0386 2E050000 		.4byte	.LASF76
 714 038a 04       		.byte	0x4
 715 038b 7B       		.byte	0x7b
 716 038c 97000000 		.4byte	0x97
 717 0390 70       		.byte	0x70
 718 0391 06       		.uleb128 0x6
 719 0392 6D020000 		.4byte	.LASF77
 720 0396 04       		.byte	0x4
 721 0397 7C       		.byte	0x7c
 722 0398 97000000 		.4byte	0x97
 723 039c 71       		.byte	0x71
 724 039d 06       		.uleb128 0x6
 725 039e 48060000 		.4byte	.LASF78
 726 03a2 04       		.byte	0x4
 727 03a3 7D       		.byte	0x7d
 728 03a4 97000000 		.4byte	0x97
 729 03a8 72       		.byte	0x72
 730 03a9 06       		.uleb128 0x6
 731 03aa 9B060000 		.4byte	.LASF79
 732 03ae 04       		.byte	0x4
 733 03af 7E       		.byte	0x7e
 734 03b0 97000000 		.4byte	0x97
 735 03b4 73       		.byte	0x73
 736 03b5 06       		.uleb128 0x6
 737 03b6 7C030000 		.4byte	.LASF80
 738 03ba 04       		.byte	0x4
 739 03bb 80       		.byte	0x80
 740 03bc AD000000 		.4byte	0xad
 741 03c0 74       		.byte	0x74
 742 03c1 06       		.uleb128 0x6
 743 03c2 55030000 		.4byte	.LASF81
 744 03c6 04       		.byte	0x4
 745 03c7 81       		.byte	0x81
 746 03c8 AD000000 		.4byte	0xad
 747 03cc 76       		.byte	0x76
 748 03cd 06       		.uleb128 0x6
 749 03ce C6060000 		.4byte	.LASF82
 750 03d2 04       		.byte	0x4
 751 03d3 82       		.byte	0x82
 752 03d4 AD000000 		.4byte	0xad
 753 03d8 78       		.byte	0x78
 754 03d9 06       		.uleb128 0x6
 755 03da C7040000 		.4byte	.LASF83
 756 03de 04       		.byte	0x4
 757 03df 83       		.byte	0x83
 758 03e0 AD000000 		.4byte	0xad
 759 03e4 7A       		.byte	0x7a
 760 03e5 06       		.uleb128 0x6
 761 03e6 0B030000 		.4byte	.LASF84
ARM GAS  C:\Users\JC\AppData\Local\Temp\cceyQHTm.s 			page 19


 762 03ea 04       		.byte	0x4
 763 03eb 86       		.byte	0x86
 764 03ec 97000000 		.4byte	0x97
 765 03f0 7C       		.byte	0x7c
 766 03f1 06       		.uleb128 0x6
 767 03f2 96050000 		.4byte	.LASF85
 768 03f6 04       		.byte	0x4
 769 03f7 87       		.byte	0x87
 770 03f8 97000000 		.4byte	0x97
 771 03fc 7D       		.byte	0x7d
 772 03fd 06       		.uleb128 0x6
 773 03fe 20060000 		.4byte	.LASF86
 774 0402 04       		.byte	0x4
 775 0403 88       		.byte	0x88
 776 0404 97000000 		.4byte	0x97
 777 0408 7E       		.byte	0x7e
 778 0409 06       		.uleb128 0x6
 779 040a 40000000 		.4byte	.LASF87
 780 040e 04       		.byte	0x4
 781 040f 89       		.byte	0x89
 782 0410 97000000 		.4byte	0x97
 783 0414 7F       		.byte	0x7f
 784 0415 06       		.uleb128 0x6
 785 0416 61010000 		.4byte	.LASF88
 786 041a 04       		.byte	0x4
 787 041b 8A       		.byte	0x8a
 788 041c 97000000 		.4byte	0x97
 789 0420 80       		.byte	0x80
 790 0421 06       		.uleb128 0x6
 791 0422 3E030000 		.4byte	.LASF89
 792 0426 04       		.byte	0x4
 793 0427 8D       		.byte	0x8d
 794 0428 B8000000 		.4byte	0xb8
 795 042c 84       		.byte	0x84
 796 042d 06       		.uleb128 0x6
 797 042e 8E030000 		.4byte	.LASF90
 798 0432 04       		.byte	0x4
 799 0433 8E       		.byte	0x8e
 800 0434 B8000000 		.4byte	0xb8
 801 0438 88       		.byte	0x88
 802 0439 06       		.uleb128 0x6
 803 043a 94000000 		.4byte	.LASF91
 804 043e 04       		.byte	0x4
 805 043f 8F       		.byte	0x8f
 806 0440 B8000000 		.4byte	0xb8
 807 0444 8C       		.byte	0x8c
 808 0445 06       		.uleb128 0x6
 809 0446 73070000 		.4byte	.LASF92
 810 044a 04       		.byte	0x4
 811 044b 90       		.byte	0x90
 812 044c B8000000 		.4byte	0xb8
 813 0450 90       		.byte	0x90
 814 0451 06       		.uleb128 0x6
 815 0452 C1050000 		.4byte	.LASF93
 816 0456 04       		.byte	0x4
 817 0457 91       		.byte	0x91
 818 0458 B8000000 		.4byte	0xb8
ARM GAS  C:\Users\JC\AppData\Local\Temp\cceyQHTm.s 			page 20


 819 045c 94       		.byte	0x94
 820 045d 06       		.uleb128 0x6
 821 045e 11000000 		.4byte	.LASF94
 822 0462 04       		.byte	0x4
 823 0463 92       		.byte	0x92
 824 0464 B8000000 		.4byte	0xb8
 825 0468 98       		.byte	0x98
 826 0469 06       		.uleb128 0x6
 827 046a 18050000 		.4byte	.LASF95
 828 046e 04       		.byte	0x4
 829 046f 93       		.byte	0x93
 830 0470 B8000000 		.4byte	0xb8
 831 0474 9C       		.byte	0x9c
 832 0475 06       		.uleb128 0x6
 833 0476 EC020000 		.4byte	.LASF96
 834 047a 04       		.byte	0x4
 835 047b 94       		.byte	0x94
 836 047c B8000000 		.4byte	0xb8
 837 0480 A0       		.byte	0xa0
 838 0481 06       		.uleb128 0x6
 839 0482 8F020000 		.4byte	.LASF97
 840 0486 04       		.byte	0x4
 841 0487 95       		.byte	0x95
 842 0488 AD000000 		.4byte	0xad
 843 048c A4       		.byte	0xa4
 844 048d 06       		.uleb128 0x6
 845 048e 86060000 		.4byte	.LASF98
 846 0492 04       		.byte	0x4
 847 0493 96       		.byte	0x96
 848 0494 AD000000 		.4byte	0xad
 849 0498 A6       		.byte	0xa6
 850 0499 06       		.uleb128 0x6
 851 049a 0C070000 		.4byte	.LASF99
 852 049e 04       		.byte	0x4
 853 049f 97       		.byte	0x97
 854 04a0 AD000000 		.4byte	0xad
 855 04a4 A8       		.byte	0xa8
 856 04a5 06       		.uleb128 0x6
 857 04a6 FC050000 		.4byte	.LASF100
 858 04aa 04       		.byte	0x4
 859 04ab 98       		.byte	0x98
 860 04ac AD000000 		.4byte	0xad
 861 04b0 AA       		.byte	0xaa
 862 04b1 06       		.uleb128 0x6
 863 04b2 EE000000 		.4byte	.LASF101
 864 04b6 04       		.byte	0x4
 865 04b7 99       		.byte	0x99
 866 04b8 AD000000 		.4byte	0xad
 867 04bc AC       		.byte	0xac
 868 04bd 06       		.uleb128 0x6
 869 04be D0030000 		.4byte	.LASF102
 870 04c2 04       		.byte	0x4
 871 04c3 9A       		.byte	0x9a
 872 04c4 AD000000 		.4byte	0xad
 873 04c8 AE       		.byte	0xae
 874 04c9 06       		.uleb128 0x6
 875 04ca ED060000 		.4byte	.LASF103
ARM GAS  C:\Users\JC\AppData\Local\Temp\cceyQHTm.s 			page 21


 876 04ce 04       		.byte	0x4
 877 04cf 9D       		.byte	0x9d
 878 04d0 AD000000 		.4byte	0xad
 879 04d4 B0       		.byte	0xb0
 880 04d5 06       		.uleb128 0x6
 881 04d6 B3040000 		.4byte	.LASF104
 882 04da 04       		.byte	0x4
 883 04db 9E       		.byte	0x9e
 884 04dc B8000000 		.4byte	0xb8
 885 04e0 B4       		.byte	0xb4
 886 04e1 00       		.byte	0
 887 04e2 03       		.uleb128 0x3
 888 04e3 FC000000 		.4byte	.LASF105
 889 04e7 04       		.byte	0x4
 890 04e8 9F       		.byte	0x9f
 891 04e9 D1000000 		.4byte	0xd1
 892 04ed 07       		.uleb128 0x7
 893 04ee 75040000 		.4byte	.LASF112
 894 04f2 01       		.byte	0x1
 895 04f3 0601     		.2byte	0x106
 896 04f5 00000000 		.4byte	.LFB0
 897 04f9 20000000 		.4byte	.LFE0-.LFB0
 898 04fd 01       		.uleb128 0x1
 899 04fe 9C       		.byte	0x9c
 900 04ff 13050000 		.4byte	0x513
 901 0503 08       		.uleb128 0x8
 902 0504 AE020000 		.4byte	.LASF113
 903 0508 01       		.byte	0x1
 904 0509 0601     		.2byte	0x106
 905 050b 13050000 		.4byte	0x513
 906 050f 02       		.uleb128 0x2
 907 0510 91       		.byte	0x91
 908 0511 74       		.sleb128 -12
 909 0512 00       		.byte	0
 910 0513 09       		.uleb128 0x9
 911 0514 04       		.byte	0x4
 912 0515 19050000 		.4byte	0x519
 913 0519 0A       		.uleb128 0xa
 914 051a E2040000 		.4byte	0x4e2
 915 051e 0B       		.uleb128 0xb
 916 051f 3D040000 		.4byte	.LASF106
 917 0523 01       		.byte	0x1
 918 0524 1C       		.byte	0x1c
 919 0525 19050000 		.4byte	0x519
 920 0529 05       		.uleb128 0x5
 921 052a 03       		.byte	0x3
 922 052b 00000000 		.4byte	cy_deviceIpBlockCfgPSoC6_01
 923 052f 0B       		.uleb128 0xb
 924 0530 59040000 		.4byte	.LASF107
 925 0534 01       		.byte	0x1
 926 0535 8A       		.byte	0x8a
 927 0536 19050000 		.4byte	0x519
 928 053a 05       		.uleb128 0x5
 929 053b 03       		.byte	0x3
 930 053c 00000000 		.4byte	cy_deviceIpBlockCfgPSoC6_02
 931 0540 0B       		.uleb128 0xb
 932 0541 33060000 		.4byte	.LASF108
ARM GAS  C:\Users\JC\AppData\Local\Temp\cceyQHTm.s 			page 22


 933 0545 01       		.byte	0x1
 934 0546 19       		.byte	0x19
 935 0547 13050000 		.4byte	0x513
 936 054b 05       		.uleb128 0x5
 937 054c 03       		.byte	0x3
 938 054d 00000000 		.4byte	cy_device
 939 0551 00       		.byte	0
 940              		.section	.debug_abbrev,"",%progbits
 941              	.Ldebug_abbrev0:
 942 0000 01       		.uleb128 0x1
 943 0001 11       		.uleb128 0x11
 944 0002 01       		.byte	0x1
 945 0003 25       		.uleb128 0x25
 946 0004 0E       		.uleb128 0xe
 947 0005 13       		.uleb128 0x13
 948 0006 0B       		.uleb128 0xb
 949 0007 03       		.uleb128 0x3
 950 0008 0E       		.uleb128 0xe
 951 0009 1B       		.uleb128 0x1b
 952 000a 0E       		.uleb128 0xe
 953 000b 55       		.uleb128 0x55
 954 000c 17       		.uleb128 0x17
 955 000d 11       		.uleb128 0x11
 956 000e 01       		.uleb128 0x1
 957 000f 10       		.uleb128 0x10
 958 0010 17       		.uleb128 0x17
 959 0011 00       		.byte	0
 960 0012 00       		.byte	0
 961 0013 02       		.uleb128 0x2
 962 0014 24       		.uleb128 0x24
 963 0015 00       		.byte	0
 964 0016 0B       		.uleb128 0xb
 965 0017 0B       		.uleb128 0xb
 966 0018 3E       		.uleb128 0x3e
 967 0019 0B       		.uleb128 0xb
 968 001a 03       		.uleb128 0x3
 969 001b 0E       		.uleb128 0xe
 970 001c 00       		.byte	0
 971 001d 00       		.byte	0
 972 001e 03       		.uleb128 0x3
 973 001f 16       		.uleb128 0x16
 974 0020 00       		.byte	0
 975 0021 03       		.uleb128 0x3
 976 0022 0E       		.uleb128 0xe
 977 0023 3A       		.uleb128 0x3a
 978 0024 0B       		.uleb128 0xb
 979 0025 3B       		.uleb128 0x3b
 980 0026 0B       		.uleb128 0xb
 981 0027 49       		.uleb128 0x49
 982 0028 13       		.uleb128 0x13
 983 0029 00       		.byte	0
 984 002a 00       		.byte	0
 985 002b 04       		.uleb128 0x4
 986 002c 24       		.uleb128 0x24
 987 002d 00       		.byte	0
 988 002e 0B       		.uleb128 0xb
 989 002f 0B       		.uleb128 0xb
ARM GAS  C:\Users\JC\AppData\Local\Temp\cceyQHTm.s 			page 23


 990 0030 3E       		.uleb128 0x3e
 991 0031 0B       		.uleb128 0xb
 992 0032 03       		.uleb128 0x3
 993 0033 08       		.uleb128 0x8
 994 0034 00       		.byte	0
 995 0035 00       		.byte	0
 996 0036 05       		.uleb128 0x5
 997 0037 13       		.uleb128 0x13
 998 0038 01       		.byte	0x1
 999 0039 0B       		.uleb128 0xb
 1000 003a 0B       		.uleb128 0xb
 1001 003b 3A       		.uleb128 0x3a
 1002 003c 0B       		.uleb128 0xb
 1003 003d 3B       		.uleb128 0x3b
 1004 003e 0B       		.uleb128 0xb
 1005 003f 01       		.uleb128 0x1
 1006 0040 13       		.uleb128 0x13
 1007 0041 00       		.byte	0
 1008 0042 00       		.byte	0
 1009 0043 06       		.uleb128 0x6
 1010 0044 0D       		.uleb128 0xd
 1011 0045 00       		.byte	0
 1012 0046 03       		.uleb128 0x3
 1013 0047 0E       		.uleb128 0xe
 1014 0048 3A       		.uleb128 0x3a
 1015 0049 0B       		.uleb128 0xb
 1016 004a 3B       		.uleb128 0x3b
 1017 004b 0B       		.uleb128 0xb
 1018 004c 49       		.uleb128 0x49
 1019 004d 13       		.uleb128 0x13
 1020 004e 38       		.uleb128 0x38
 1021 004f 0B       		.uleb128 0xb
 1022 0050 00       		.byte	0
 1023 0051 00       		.byte	0
 1024 0052 07       		.uleb128 0x7
 1025 0053 2E       		.uleb128 0x2e
 1026 0054 01       		.byte	0x1
 1027 0055 3F       		.uleb128 0x3f
 1028 0056 19       		.uleb128 0x19
 1029 0057 03       		.uleb128 0x3
 1030 0058 0E       		.uleb128 0xe
 1031 0059 3A       		.uleb128 0x3a
 1032 005a 0B       		.uleb128 0xb
 1033 005b 3B       		.uleb128 0x3b
 1034 005c 05       		.uleb128 0x5
 1035 005d 27       		.uleb128 0x27
 1036 005e 19       		.uleb128 0x19
 1037 005f 11       		.uleb128 0x11
 1038 0060 01       		.uleb128 0x1
 1039 0061 12       		.uleb128 0x12
 1040 0062 06       		.uleb128 0x6
 1041 0063 40       		.uleb128 0x40
 1042 0064 18       		.uleb128 0x18
 1043 0065 9742     		.uleb128 0x2117
 1044 0067 19       		.uleb128 0x19
 1045 0068 01       		.uleb128 0x1
 1046 0069 13       		.uleb128 0x13
ARM GAS  C:\Users\JC\AppData\Local\Temp\cceyQHTm.s 			page 24


 1047 006a 00       		.byte	0
 1048 006b 00       		.byte	0
 1049 006c 08       		.uleb128 0x8
 1050 006d 05       		.uleb128 0x5
 1051 006e 00       		.byte	0
 1052 006f 03       		.uleb128 0x3
 1053 0070 0E       		.uleb128 0xe
 1054 0071 3A       		.uleb128 0x3a
 1055 0072 0B       		.uleb128 0xb
 1056 0073 3B       		.uleb128 0x3b
 1057 0074 05       		.uleb128 0x5
 1058 0075 49       		.uleb128 0x49
 1059 0076 13       		.uleb128 0x13
 1060 0077 02       		.uleb128 0x2
 1061 0078 18       		.uleb128 0x18
 1062 0079 00       		.byte	0
 1063 007a 00       		.byte	0
 1064 007b 09       		.uleb128 0x9
 1065 007c 0F       		.uleb128 0xf
 1066 007d 00       		.byte	0
 1067 007e 0B       		.uleb128 0xb
 1068 007f 0B       		.uleb128 0xb
 1069 0080 49       		.uleb128 0x49
 1070 0081 13       		.uleb128 0x13
 1071 0082 00       		.byte	0
 1072 0083 00       		.byte	0
 1073 0084 0A       		.uleb128 0xa
 1074 0085 26       		.uleb128 0x26
 1075 0086 00       		.byte	0
 1076 0087 49       		.uleb128 0x49
 1077 0088 13       		.uleb128 0x13
 1078 0089 00       		.byte	0
 1079 008a 00       		.byte	0
 1080 008b 0B       		.uleb128 0xb
 1081 008c 34       		.uleb128 0x34
 1082 008d 00       		.byte	0
 1083 008e 03       		.uleb128 0x3
 1084 008f 0E       		.uleb128 0xe
 1085 0090 3A       		.uleb128 0x3a
 1086 0091 0B       		.uleb128 0xb
 1087 0092 3B       		.uleb128 0x3b
 1088 0093 0B       		.uleb128 0xb
 1089 0094 49       		.uleb128 0x49
 1090 0095 13       		.uleb128 0x13
 1091 0096 3F       		.uleb128 0x3f
 1092 0097 19       		.uleb128 0x19
 1093 0098 02       		.uleb128 0x2
 1094 0099 18       		.uleb128 0x18
 1095 009a 00       		.byte	0
 1096 009b 00       		.byte	0
 1097 009c 00       		.byte	0
 1098              		.section	.debug_aranges,"",%progbits
 1099 0000 1C000000 		.4byte	0x1c
 1100 0004 0200     		.2byte	0x2
 1101 0006 00000000 		.4byte	.Ldebug_info0
 1102 000a 04       		.byte	0x4
 1103 000b 00       		.byte	0
ARM GAS  C:\Users\JC\AppData\Local\Temp\cceyQHTm.s 			page 25


 1104 000c 0000     		.2byte	0
 1105 000e 0000     		.2byte	0
 1106 0010 00000000 		.4byte	.LFB0
 1107 0014 20000000 		.4byte	.LFE0-.LFB0
 1108 0018 00000000 		.4byte	0
 1109 001c 00000000 		.4byte	0
 1110              		.section	.debug_ranges,"",%progbits
 1111              	.Ldebug_ranges0:
 1112 0000 00000000 		.4byte	.LFB0
 1113 0004 20000000 		.4byte	.LFE0
 1114 0008 00000000 		.4byte	0
 1115 000c 00000000 		.4byte	0
 1116              		.section	.debug_line,"",%progbits
 1117              	.Ldebug_line0:
 1118 0000 7B010000 		.section	.debug_str,"MS",%progbits,1
 1118      02006301 
 1118      00000201 
 1118      FB0E0D00 
 1118      01010101 
 1119              	.LASF41:
 1120 0000 63707573 		.ascii	"cpussFlashPaSize\000"
 1120      73466C61 
 1120      73685061 
 1120      53697A65 
 1120      00
 1121              	.LASF94:
 1122 0011 63707573 		.ascii	"cpussTrimRamCtlOffset\000"
 1122      73547269 
 1122      6D52616D 
 1122      43746C4F 
 1122      66667365 
 1123              	.LASF66:
 1124 0027 64774368 		.ascii	"dwChOffset\000"
 1124      4F666673 
 1124      657400
 1125              	.LASF47:
 1126 0032 73727373 		.ascii	"srssNumHfroot\000"
 1126      4E756D48 
 1126      66726F6F 
 1126      7400
 1127              	.LASF87:
 1128 0040 6770696F 		.ascii	"gpioPrtCfgOutOffset\000"
 1128      50727443 
 1128      66674F75 
 1128      744F6666 
 1128      73657400 
 1129              	.LASF34:
 1130 0054 6873696F 		.ascii	"hsiomVersion\000"
 1130      6D566572 
 1130      73696F6E 
 1130      00
 1131              	.LASF111:
 1132 0061 433A5C55 		.ascii	"C:\\Users\\JC\\Downloads\\thesis\\VDAC_Saw_Export.c"
 1132      73657273 
 1132      5C4A435C 
 1132      446F776E 
 1132      6C6F6164 
ARM GAS  C:\Users\JC\AppData\Local\Temp\cceyQHTm.s 			page 26


 1133 008f 7964736E 		.ascii	"ydsn\000"
 1133      00
 1134              	.LASF91:
 1135 0094 63707573 		.ascii	"cpussCm4StatusOffset\000"
 1135      73436D34 
 1135      53746174 
 1135      75734F66 
 1135      66736574 
 1136              	.LASF40:
 1137 00a9 63707573 		.ascii	"cpussDwChNr\000"
 1137      73447743 
 1137      684E7200 
 1138              	.LASF28:
 1139 00b5 63727970 		.ascii	"cryptoBase\000"
 1139      746F4261 
 1139      736500
 1140              	.LASF4:
 1141 00c0 73686F72 		.ascii	"short int\000"
 1141      7420696E 
 1141      7400
 1142              	.LASF58:
 1143 00ca 666C6173 		.ascii	"flashWriteDelay\000"
 1143      68577269 
 1143      74654465 
 1143      6C617900 
 1144              	.LASF18:
 1145 00da 73697A65 		.ascii	"sizetype\000"
 1145      74797065 
 1145      00
 1146              	.LASF35:
 1147 00e3 69706356 		.ascii	"ipcVersion\000"
 1147      65727369 
 1147      6F6E00
 1148              	.LASF101:
 1149 00ee 63707573 		.ascii	"cpussRam1Ctl0\000"
 1149      7352616D 
 1149      3143746C 
 1149      3000
 1150              	.LASF105:
 1151 00fc 63795F73 		.ascii	"cy_stc_device_t\000"
 1151      74635F64 
 1151      65766963 
 1151      655F7400 
 1152              	.LASF37:
 1153 010c 70726F74 		.ascii	"protVersion\000"
 1153      56657273 
 1153      696F6E00 
 1154              	.LASF8:
 1155 0118 5F5F7569 		.ascii	"__uint32_t\000"
 1155      6E743332 
 1155      5F7400
 1156              	.LASF19:
 1157 0123 63707573 		.ascii	"cpussBase\000"
 1157      73426173 
 1157      6500
 1158              	.LASF29:
 1159 012d 63707573 		.ascii	"cpussVersion\000"
ARM GAS  C:\Users\JC\AppData\Local\Temp\cceyQHTm.s 			page 27


 1159      73566572 
 1159      73696F6E 
 1159      00
 1160              	.LASF5:
 1161 013a 5F5F7569 		.ascii	"__uint16_t\000"
 1161      6E743136 
 1161      5F7400
 1162              	.LASF38:
 1163 0145 63707573 		.ascii	"cpussIpcNr\000"
 1163      73497063 
 1163      4E7200
 1164              	.LASF56:
 1165 0150 666C6173 		.ascii	"flashRwwRequired\000"
 1165      68527777 
 1165      52657175 
 1165      69726564 
 1165      00
 1166              	.LASF88:
 1167 0161 6770696F 		.ascii	"gpioPrtCfgSioOffset\000"
 1167      50727443 
 1167      66675369 
 1167      6F4F6666 
 1167      73657400 
 1168              	.LASF109:
 1169 0175 474E5520 		.ascii	"GNU C11 5.4.1 20160609 (release) [ARM/embedded-5-br"
 1169      43313120 
 1169      352E342E 
 1169      31203230 
 1169      31363036 
 1170 01a8 616E6368 		.ascii	"anch revision 237715] -mcpu=cortex-m4 -mfloat-abi=s"
 1170      20726576 
 1170      6973696F 
 1170      6E203233 
 1170      37373135 
 1171 01db 6F667466 		.ascii	"oftfp -mfpu=fpv4-sp-d16 -mthumb -g -O0 -ffunction-s"
 1171      70202D6D 
 1171      6670753D 
 1171      66707634 
 1171      2D73702D 
 1172 020e 65637469 		.ascii	"ections -ffat-lto-objects\000"
 1172      6F6E7320 
 1172      2D666661 
 1172      742D6C74 
 1172      6F2D6F62 
 1173              	.LASF13:
 1174 0228 75696E74 		.ascii	"uint8_t\000"
 1174      385F7400 
 1175              	.LASF36:
 1176 0230 70657269 		.ascii	"periVersion\000"
 1176      56657273 
 1176      696F6E00 
 1177              	.LASF67:
 1178 023c 64774368 		.ascii	"dwChSize\000"
 1178      53697A65 
 1178      00
 1179              	.LASF60:
 1180 0245 666C6173 		.ascii	"flashEraseDelay\000"
ARM GAS  C:\Users\JC\AppData\Local\Temp\cceyQHTm.s 			page 28


 1180      68457261 
 1180      73654465 
 1180      6C617900 
 1181              	.LASF68:
 1182 0255 64774368 		.ascii	"dwChCtlPrioPos\000"
 1182      43746C50 
 1182      72696F50 
 1182      6F7300
 1183              	.LASF16:
 1184 0264 75696E74 		.ascii	"uint32_t\000"
 1184      33325F74 
 1184      00
 1185              	.LASF77:
 1186 026d 70657269 		.ascii	"periDivCmdTypeSelPos\000"
 1186      44697643 
 1186      6D645479 
 1186      70655365 
 1186      6C506F73 
 1187              	.LASF42:
 1188 0282 63707573 		.ascii	"cpussIpc0Irq\000"
 1188      73497063 
 1188      30497271 
 1188      00
 1189              	.LASF97:
 1190 028f 63707573 		.ascii	"cpussCm0NmiCtlOffset\000"
 1190      73436D30 
 1190      4E6D6943 
 1190      746C4F66 
 1190      66736574 
 1191              	.LASF24:
 1192 02a4 6873696F 		.ascii	"hsiomBase\000"
 1192      6D426173 
 1192      6500
 1193              	.LASF113:
 1194 02ae 64657669 		.ascii	"device\000"
 1194      636500
 1195              	.LASF26:
 1196 02b5 70617373 		.ascii	"passBase\000"
 1196      42617365 
 1196      00
 1197              	.LASF10:
 1198 02be 6C6F6E67 		.ascii	"long long int\000"
 1198      206C6F6E 
 1198      6720696E 
 1198      7400
 1199              	.LASF74:
 1200 02cc 70657269 		.ascii	"periTrGrOffset\000"
 1200      54724772 
 1200      4F666673 
 1200      657400
 1201              	.LASF71:
 1202 02db 64775374 		.ascii	"dwStatusChIdxMsk\000"
 1202      61747573 
 1202      43684964 
 1202      784D736B 
 1202      00
 1203              	.LASF96:
ARM GAS  C:\Users\JC\AppData\Local\Temp\cceyQHTm.s 			page 29


 1204 02ec 63707573 		.ascii	"cpussSysTickCtlOffset\000"
 1204      73537973 
 1204      5469636B 
 1204      43746C4F 
 1204      66667365 
 1205              	.LASF7:
 1206 0302 6C6F6E67 		.ascii	"long int\000"
 1206      20696E74 
 1206      00
 1207              	.LASF84:
 1208 030b 6770696F 		.ascii	"gpioPrtIntrCfgOffset\000"
 1208      50727449 
 1208      6E747243 
 1208      66674F66 
 1208      66736574 
 1209              	.LASF61:
 1210 0320 666C6173 		.ascii	"flashCtlMainWs0Freq\000"
 1210      6843746C 
 1210      4D61696E 
 1210      57733046 
 1210      72657100 
 1211              	.LASF2:
 1212 0334 5F5F7569 		.ascii	"__uint8_t\000"
 1212      6E74385F 
 1212      7400
 1213              	.LASF89:
 1214 033e 63707573 		.ascii	"cpussCm0ClockCtlOffset\000"
 1214      73436D30 
 1214      436C6F63 
 1214      6B43746C 
 1214      4F666673 
 1215              	.LASF81:
 1216 0355 70657269 		.ascii	"periDiv16CtlOffset\000"
 1216      44697631 
 1216      3643746C 
 1216      4F666673 
 1216      657400
 1217              	.LASF64:
 1218 0368 666C6173 		.ascii	"flashCtlMainWs3Freq\000"
 1218      6843746C 
 1218      4D61696E 
 1218      57733346 
 1218      72657100 
 1219              	.LASF80:
 1220 037c 70657269 		.ascii	"periDiv8CtlOffset\000"
 1220      44697638 
 1220      43746C4F 
 1220      66667365 
 1220      7400
 1221              	.LASF90:
 1222 038e 63707573 		.ascii	"cpussCm4ClockCtlOffset\000"
 1222      73436D34 
 1222      436C6F63 
 1222      6B43746C 
 1222      4F666673 
 1223              	.LASF73:
 1224 03a5 70657269 		.ascii	"periTrCmdGrSelMsk\000"
ARM GAS  C:\Users\JC\AppData\Local\Temp\cceyQHTm.s 			page 30


 1224      5472436D 
 1224      64477253 
 1224      656C4D73 
 1224      6B00
 1225              	.LASF75:
 1226 03b7 70657269 		.ascii	"periTrGrSize\000"
 1226      54724772 
 1226      53697A65 
 1226      00
 1227              	.LASF17:
 1228 03c4 6C6F6E67 		.ascii	"long double\000"
 1228      20646F75 
 1228      626C6500 
 1229              	.LASF102:
 1230 03d0 63707573 		.ascii	"cpussRam2Ctl0\000"
 1230      7352616D 
 1230      3243746C 
 1230      3000
 1231              	.LASF52:
 1232 03de 75646250 		.ascii	"udbPresent\000"
 1232      72657365 
 1232      6E7400
 1233              	.LASF1:
 1234 03e9 756E7369 		.ascii	"unsigned char\000"
 1234      676E6564 
 1234      20636861 
 1234      7200
 1235              	.LASF53:
 1236 03f7 73797350 		.ascii	"sysPmSimoPresent\000"
 1236      6D53696D 
 1236      6F507265 
 1236      73656E74 
 1236      00
 1237              	.LASF21:
 1238 0408 70657269 		.ascii	"periBase\000"
 1238      42617365 
 1238      00
 1239              	.LASF0:
 1240 0411 7369676E 		.ascii	"signed char\000"
 1240      65642063 
 1240      68617200 
 1241              	.LASF11:
 1242 041d 6C6F6E67 		.ascii	"long long unsigned int\000"
 1242      206C6F6E 
 1242      6720756E 
 1242      7369676E 
 1242      65642069 
 1243              	.LASF25:
 1244 0434 6770696F 		.ascii	"gpioBase\000"
 1244      42617365 
 1244      00
 1245              	.LASF106:
 1246 043d 63795F64 		.ascii	"cy_deviceIpBlockCfgPSoC6_01\000"
 1246      65766963 
 1246      65497042 
 1246      6C6F636B 
 1246      43666750 
ARM GAS  C:\Users\JC\AppData\Local\Temp\cceyQHTm.s 			page 31


 1247              	.LASF107:
 1248 0459 63795F64 		.ascii	"cy_deviceIpBlockCfgPSoC6_02\000"
 1248      65766963 
 1248      65497042 
 1248      6C6F636B 
 1248      43666750 
 1249              	.LASF112:
 1250 0475 43795F50 		.ascii	"Cy_PDL_Init\000"
 1250      444C5F49 
 1250      6E697400 
 1251              	.LASF59:
 1252 0481 666C6173 		.ascii	"flashProgramDelay\000"
 1252      6850726F 
 1252      6772616D 
 1252      44656C61 
 1252      7900
 1253              	.LASF43:
 1254 0493 63707573 		.ascii	"cpussFmIrq\000"
 1254      73466D49 
 1254      727100
 1255              	.LASF44:
 1256 049e 63707573 		.ascii	"cpussNotConnectedIrq\000"
 1256      734E6F74 
 1256      436F6E6E 
 1256      65637465 
 1256      64497271 
 1257              	.LASF104:
 1258 04b3 6970634C 		.ascii	"ipcLockStatusOffset\000"
 1258      6F636B53 
 1258      74617475 
 1258      734F6666 
 1258      73657400 
 1259              	.LASF83:
 1260 04c7 70657269 		.ascii	"periDiv24_5CtlOffset\000"
 1260      44697632 
 1260      345F3543 
 1260      746C4F66 
 1260      66736574 
 1261              	.LASF32:
 1262 04dc 666C6173 		.ascii	"flashcVersion\000"
 1262      68635665 
 1262      7273696F 
 1262      6E00
 1263              	.LASF6:
 1264 04ea 73686F72 		.ascii	"short unsigned int\000"
 1264      7420756E 
 1264      7369676E 
 1264      65642069 
 1264      6E7400
 1265              	.LASF15:
 1266 04fd 75696E74 		.ascii	"uint16_t\000"
 1266      31365F74 
 1266      00
 1267              	.LASF54:
 1268 0506 70726F74 		.ascii	"protBusMasterMask\000"
 1268      4275734D 
 1268      61737465 
ARM GAS  C:\Users\JC\AppData\Local\Temp\cceyQHTm.s 			page 32


 1268      724D6173 
 1268      6B00
 1269              	.LASF95:
 1270 0518 63707573 		.ascii	"cpussTrimRomCtlOffset\000"
 1270      73547269 
 1270      6D526F6D 
 1270      43746C4F 
 1270      66667365 
 1271              	.LASF76:
 1272 052e 70657269 		.ascii	"periDivCmdDivSelMsk\000"
 1272      44697643 
 1272      6D644469 
 1272      7653656C 
 1272      4D736B00 
 1273              	.LASF22:
 1274 0542 75646242 		.ascii	"udbBase\000"
 1274      61736500 
 1275              	.LASF48:
 1276 054a 70657269 		.ascii	"periClockNr\000"
 1276      436C6F63 
 1276      6B4E7200 
 1277              	.LASF46:
 1278 0556 73727373 		.ascii	"srssNumPll\000"
 1278      4E756D50 
 1278      6C6C00
 1279              	.LASF14:
 1280 0561 696E7431 		.ascii	"int16_t\000"
 1280      365F7400 
 1281              	.LASF45:
 1282 0569 73727373 		.ascii	"srssNumClkpath\000"
 1282      4E756D43 
 1282      6C6B7061 
 1282      746800
 1283              	.LASF72:
 1284 0578 70657269 		.ascii	"periTrCmdOffset\000"
 1284      5472436D 
 1284      644F6666 
 1284      73657400 
 1285              	.LASF55:
 1286 0588 63727970 		.ascii	"cryptoMemSize\000"
 1286      746F4D65 
 1286      6D53697A 
 1286      6500
 1287              	.LASF85:
 1288 0596 6770696F 		.ascii	"gpioPrtCfgOffset\000"
 1288      50727443 
 1288      66674F66 
 1288      66736574 
 1288      00
 1289              	.LASF30:
 1290 05a7 63727970 		.ascii	"cryptoVersion\000"
 1290      746F5665 
 1290      7273696F 
 1290      6E00
 1291              	.LASF33:
 1292 05b5 6770696F 		.ascii	"gpioVersion\000"
 1292      56657273 
ARM GAS  C:\Users\JC\AppData\Local\Temp\cceyQHTm.s 			page 33


 1292      696F6E00 
 1293              	.LASF93:
 1294 05c1 63707573 		.ascii	"cpussCm4PwrCtlOffset\000"
 1294      73436D34 
 1294      50777243 
 1294      746C4F66 
 1294      66736574 
 1295              	.LASF62:
 1296 05d6 666C6173 		.ascii	"flashCtlMainWs1Freq\000"
 1296      6843746C 
 1296      4D61696E 
 1296      57733146 
 1296      72657100 
 1297              	.LASF9:
 1298 05ea 6C6F6E67 		.ascii	"long unsigned int\000"
 1298      20756E73 
 1298      69676E65 
 1298      6420696E 
 1298      7400
 1299              	.LASF100:
 1300 05fc 63707573 		.ascii	"cpussRam0Ctl0\000"
 1300      7352616D 
 1300      3043746C 
 1300      3000
 1301              	.LASF31:
 1302 060a 64775665 		.ascii	"dwVersion\000"
 1302      7273696F 
 1302      6E00
 1303              	.LASF51:
 1304 0614 65704D6F 		.ascii	"epMonitorNr\000"
 1304      6E69746F 
 1304      724E7200 
 1305              	.LASF86:
 1306 0620 6770696F 		.ascii	"gpioPrtCfgInOffset\000"
 1306      50727443 
 1306      6667496E 
 1306      4F666673 
 1306      657400
 1307              	.LASF108:
 1308 0633 63795F64 		.ascii	"cy_device\000"
 1308      65766963 
 1308      6500
 1309              	.LASF20:
 1310 063d 666C6173 		.ascii	"flashcBase\000"
 1310      68634261 
 1310      736500
 1311              	.LASF78:
 1312 0648 70657269 		.ascii	"periDivCmdPaDivSelPos\000"
 1312      44697643 
 1312      6D645061 
 1312      44697653 
 1312      656C506F 
 1313              	.LASF50:
 1314 065e 70617373 		.ascii	"passSarChannels\000"
 1314      53617243 
 1314      68616E6E 
 1314      656C7300 
ARM GAS  C:\Users\JC\AppData\Local\Temp\cceyQHTm.s 			page 34


 1315              	.LASF39:
 1316 066e 63707573 		.ascii	"cpussIpcIrqNr\000"
 1316      73497063 
 1316      4972714E 
 1316      7200
 1317              	.LASF3:
 1318 067c 5F5F696E 		.ascii	"__int16_t\000"
 1318      7431365F 
 1318      7400
 1319              	.LASF98:
 1320 0686 63707573 		.ascii	"cpussCm4NmiCtlOffset\000"
 1320      73436D34 
 1320      4E6D6943 
 1320      746C4F66 
 1320      66736574 
 1321              	.LASF79:
 1322 069b 70657269 		.ascii	"periDivCmdPaTypeSelPos\000"
 1322      44697643 
 1322      6D645061 
 1322      54797065 
 1322      53656C50 
 1323              	.LASF63:
 1324 06b2 666C6173 		.ascii	"flashCtlMainWs2Freq\000"
 1324      6843746C 
 1324      4D61696E 
 1324      57733246 
 1324      72657100 
 1325              	.LASF82:
 1326 06c6 70657269 		.ascii	"periDiv16_5CtlOffset\000"
 1326      44697631 
 1326      365F3543 
 1326      746C4F66 
 1326      66736574 
 1327              	.LASF57:
 1328 06db 666C6173 		.ascii	"flashPipeRequired\000"
 1328      68506970 
 1328      65526571 
 1328      75697265 
 1328      6400
 1329              	.LASF103:
 1330 06ed 69706353 		.ascii	"ipcStructSize\000"
 1330      74727563 
 1330      7453697A 
 1330      6500
 1331              	.LASF27:
 1332 06fb 69706342 		.ascii	"ipcBase\000"
 1332      61736500 
 1333              	.LASF23:
 1334 0703 70726F74 		.ascii	"protBase\000"
 1334      42617365 
 1334      00
 1335              	.LASF99:
 1336 070c 63707573 		.ascii	"cpussRomCtl\000"
 1336      73526F6D 
 1336      43746C00 
 1337              	.LASF12:
 1338 0718 756E7369 		.ascii	"unsigned int\000"
ARM GAS  C:\Users\JC\AppData\Local\Temp\cceyQHTm.s 			page 35


 1338      676E6564 
 1338      20696E74 
 1338      00
 1339              	.LASF49:
 1340 0725 736D6966 		.ascii	"smifDeviceNr\000"
 1340      44657669 
 1340      63654E72 
 1340      00
 1341              	.LASF110:
 1342 0732 47656E65 		.ascii	"Generated_Source\\PSoC6\\pdl\\drivers\\peripheral\\"
 1342      72617465 
 1342      645F536F 
 1342      75726365 
 1342      5C50536F 
 1343 0760 64657669 		.ascii	"device\\cy_device.c\000"
 1343      63655C63 
 1343      795F6465 
 1343      76696365 
 1343      2E6300
 1344              	.LASF92:
 1345 0773 63707573 		.ascii	"cpussCm0StatusOffset\000"
 1345      73436D30 
 1345      53746174 
 1345      75734F66 
 1345      66736574 
 1346              	.LASF65:
 1347 0788 666C6173 		.ascii	"flashCtlMainWs4Freq\000"
 1347      6843746C 
 1347      4D61696E 
 1347      57733446 
 1347      72657100 
 1348              	.LASF70:
 1349 079c 64775374 		.ascii	"dwStatusChIdxPos\000"
 1349      61747573 
 1349      43684964 
 1349      78506F73 
 1349      00
 1350              	.LASF69:
 1351 07ad 64774368 		.ascii	"dwChCtlPreemptablePos\000"
 1351      43746C50 
 1351      7265656D 
 1351      70746162 
 1351      6C65506F 
 1352              		.ident	"GCC: (GNU Tools for ARM Embedded Processors) 5.4.1 20160609 (release) [ARM/embedded-5-bran
