ARM GAS  C:\Users\JC\AppData\Local\Temp\ccb8XBiS.s 			page 1


   1              		.syntax unified
   2              		.cpu cortex-m4
   3              		.eabi_attribute 27, 1
   4              		.fpu fpv4-sp-d16
   5              		.eabi_attribute 20, 1
   6              		.eabi_attribute 21, 1
   7              		.eabi_attribute 23, 3
   8              		.eabi_attribute 24, 1
   9              		.eabi_attribute 25, 1
  10              		.eabi_attribute 26, 1
  11              		.eabi_attribute 30, 6
  12              		.eabi_attribute 34, 1
  13              		.eabi_attribute 18, 4
  14              		.thumb
  15              		.syntax unified
  16              		.file	"cyfitter_sysint_cfg.c"
  17              		.text
  18              	.Ltext0:
  19              		.cfi_sections	.debug_frame
  20              		.global	UART_1_SCB_IRQ_cfg
  21              		.section	.rodata
  22              		.align	2
  23              		.type	UART_1_SCB_IRQ_cfg, %object
  24              		.size	UART_1_SCB_IRQ_cfg, 8
  25              	UART_1_SCB_IRQ_cfg:
  26 0000 2E00     		.short	46
  27 0002 0000     		.space	2
  28 0004 07000000 		.word	7
  29              		.global	SysInt_1_cfg
  30              		.align	2
  31              		.type	SysInt_1_cfg, %object
  32              		.size	SysInt_1_cfg, 8
  33              	SysInt_1_cfg:
  34 0008 9200     		.short	146
  35 000a 0000     		.space	2
  36 000c 07000000 		.word	7
  37              		.text
  38              	.Letext0:
  39              		.file 1 "Generated_Source\\PSoC6\\pdl\\devices/psoc6/include/cyble_416045_02.h"
  40              		.file 2 "c:\\program files (x86)\\cypress\\psoc creator\\4.4\\psoc creator\\import\\gnu\\arm\\5.4.
  41              		.file 3 "c:\\program files (x86)\\cypress\\psoc creator\\4.4\\psoc creator\\import\\gnu\\arm\\5.4.
  42              		.file 4 "Generated_Source\\PSoC6\\pdl\\drivers/peripheral/device/cy_device.h"
  43              		.file 5 "Generated_Source\\PSoC6\\pdl\\drivers/peripheral/sysint/cy_sysint.h"
  44              		.file 6 "Generated_Source\\PSoC6\\pdl\\cmsis/include/core_cm4.h"
  45              		.file 7 "Generated_Source\\PSoC6\\cyfitter_sysint_cfg.c"
  46              		.section	.debug_info,"",%progbits
  47              	.Ldebug_info0:
  48 0000 57090000 		.4byte	0x957
  49 0004 0400     		.2byte	0x4
  50 0006 00000000 		.4byte	.Ldebug_abbrev0
  51 000a 04       		.byte	0x4
  52 000b 01       		.uleb128 0x1
  53 000c 67160000 		.4byte	.LASF277
  54 0010 0C       		.byte	0xc
  55 0011 87130000 		.4byte	.LASF278
  56 0015 ED030000 		.4byte	.LASF279
  57 0019 00000000 		.4byte	.Ldebug_line0
ARM GAS  C:\Users\JC\AppData\Local\Temp\ccb8XBiS.s 			page 2


  58 001d 02       		.uleb128 0x2
  59 001e 02       		.byte	0x2
  60 001f DE030000 		.4byte	0x3de
  61 0023 01       		.byte	0x1
  62 0024 24       		.byte	0x24
  63 0025 DE030000 		.4byte	0x3de
  64 0029 03       		.uleb128 0x3
  65 002a 9D140000 		.4byte	.LASF0
  66 002e 71       		.sleb128 -15
  67 002f 03       		.uleb128 0x3
  68 0030 2B100000 		.4byte	.LASF1
  69 0034 72       		.sleb128 -14
  70 0035 03       		.uleb128 0x3
  71 0036 D6140000 		.4byte	.LASF2
  72 003a 73       		.sleb128 -13
  73 003b 03       		.uleb128 0x3
  74 003c E5100000 		.4byte	.LASF3
  75 0040 74       		.sleb128 -12
  76 0041 03       		.uleb128 0x3
  77 0042 4F0C0000 		.4byte	.LASF4
  78 0046 75       		.sleb128 -11
  79 0047 03       		.uleb128 0x3
  80 0048 40130000 		.4byte	.LASF5
  81 004c 76       		.sleb128 -10
  82 004d 03       		.uleb128 0x3
  83 004e 74060000 		.4byte	.LASF6
  84 0052 7B       		.sleb128 -5
  85 0053 03       		.uleb128 0x3
  86 0054 2E130000 		.4byte	.LASF7
  87 0058 7C       		.sleb128 -4
  88 0059 03       		.uleb128 0x3
  89 005a 5D030000 		.4byte	.LASF8
  90 005e 7E       		.sleb128 -2
  91 005f 03       		.uleb128 0x3
  92 0060 2B120000 		.4byte	.LASF9
  93 0064 7F       		.sleb128 -1
  94 0065 04       		.uleb128 0x4
  95 0066 E4150000 		.4byte	.LASF10
  96 006a 00       		.byte	0
  97 006b 04       		.uleb128 0x4
  98 006c A90D0000 		.4byte	.LASF11
  99 0070 01       		.byte	0x1
 100 0071 04       		.uleb128 0x4
 101 0072 29020000 		.4byte	.LASF12
 102 0076 02       		.byte	0x2
 103 0077 04       		.uleb128 0x4
 104 0078 55110000 		.4byte	.LASF13
 105 007c 03       		.byte	0x3
 106 007d 04       		.uleb128 0x4
 107 007e 14090000 		.4byte	.LASF14
 108 0082 04       		.byte	0x4
 109 0083 04       		.uleb128 0x4
 110 0084 5E150000 		.4byte	.LASF15
 111 0088 05       		.byte	0x5
 112 0089 04       		.uleb128 0x4
 113 008a EB0C0000 		.4byte	.LASF16
 114 008e 06       		.byte	0x6
ARM GAS  C:\Users\JC\AppData\Local\Temp\ccb8XBiS.s 			page 3


 115 008f 04       		.uleb128 0x4
 116 0090 8D040000 		.4byte	.LASF17
 117 0094 07       		.byte	0x7
 118 0095 04       		.uleb128 0x4
 119 0096 FB100000 		.4byte	.LASF18
 120 009a 08       		.byte	0x8
 121 009b 04       		.uleb128 0x4
 122 009c AA080000 		.4byte	.LASF19
 123 00a0 09       		.byte	0x9
 124 00a1 04       		.uleb128 0x4
 125 00a2 30090000 		.4byte	.LASF20
 126 00a6 0A       		.byte	0xa
 127 00a7 04       		.uleb128 0x4
 128 00a8 D9060000 		.4byte	.LASF21
 129 00ac 0B       		.byte	0xb
 130 00ad 04       		.uleb128 0x4
 131 00ae AD0F0000 		.4byte	.LASF22
 132 00b2 0C       		.byte	0xc
 133 00b3 04       		.uleb128 0x4
 134 00b4 A9040000 		.4byte	.LASF23
 135 00b8 0D       		.byte	0xd
 136 00b9 04       		.uleb128 0x4
 137 00ba AC100000 		.4byte	.LASF24
 138 00be 0E       		.byte	0xe
 139 00bf 04       		.uleb128 0x4
 140 00c0 24000000 		.4byte	.LASF25
 141 00c4 0F       		.byte	0xf
 142 00c5 04       		.uleb128 0x4
 143 00c6 5E140000 		.4byte	.LASF26
 144 00ca 10       		.byte	0x10
 145 00cb 04       		.uleb128 0x4
 146 00cc 4A0B0000 		.4byte	.LASF27
 147 00d0 11       		.byte	0x11
 148 00d1 04       		.uleb128 0x4
 149 00d2 D8030000 		.4byte	.LASF28
 150 00d6 12       		.byte	0x12
 151 00d7 04       		.uleb128 0x4
 152 00d8 190B0000 		.4byte	.LASF29
 153 00dc 13       		.byte	0x13
 154 00dd 04       		.uleb128 0x4
 155 00de 0D020000 		.4byte	.LASF30
 156 00e2 14       		.byte	0x14
 157 00e3 04       		.uleb128 0x4
 158 00e4 34060000 		.4byte	.LASF31
 159 00e8 15       		.byte	0x15
 160 00e9 04       		.uleb128 0x4
 161 00ea 6A090000 		.4byte	.LASF32
 162 00ee 16       		.byte	0x16
 163 00ef 04       		.uleb128 0x4
 164 00f0 D0010000 		.4byte	.LASF33
 165 00f4 17       		.byte	0x17
 166 00f5 04       		.uleb128 0x4
 167 00f6 CA0F0000 		.4byte	.LASF34
 168 00fa 18       		.byte	0x18
 169 00fb 04       		.uleb128 0x4
 170 00fc C70B0000 		.4byte	.LASF35
 171 0100 19       		.byte	0x19
ARM GAS  C:\Users\JC\AppData\Local\Temp\ccb8XBiS.s 			page 4


 172 0101 04       		.uleb128 0x4
 173 0102 B1000000 		.4byte	.LASF36
 174 0106 1A       		.byte	0x1a
 175 0107 04       		.uleb128 0x4
 176 0108 70070000 		.4byte	.LASF37
 177 010c 1B       		.byte	0x1b
 178 010d 04       		.uleb128 0x4
 179 010e 5B170000 		.4byte	.LASF38
 180 0112 1C       		.byte	0x1c
 181 0113 04       		.uleb128 0x4
 182 0114 EE130000 		.4byte	.LASF39
 183 0118 1D       		.byte	0x1d
 184 0119 04       		.uleb128 0x4
 185 011a 6D0B0000 		.4byte	.LASF40
 186 011e 1E       		.byte	0x1e
 187 011f 04       		.uleb128 0x4
 188 0120 C9100000 		.4byte	.LASF41
 189 0124 1F       		.byte	0x1f
 190 0125 04       		.uleb128 0x4
 191 0126 1A0F0000 		.4byte	.LASF42
 192 012a 20       		.byte	0x20
 193 012b 04       		.uleb128 0x4
 194 012c F6060000 		.4byte	.LASF43
 195 0130 21       		.byte	0x21
 196 0131 04       		.uleb128 0x4
 197 0132 7A150000 		.4byte	.LASF44
 198 0136 22       		.byte	0x22
 199 0137 04       		.uleb128 0x4
 200 0138 4D0A0000 		.4byte	.LASF45
 201 013c 23       		.byte	0x23
 202 013d 04       		.uleb128 0x4
 203 013e 6B010000 		.4byte	.LASF46
 204 0142 24       		.byte	0x24
 205 0143 04       		.uleb128 0x4
 206 0144 8F100000 		.4byte	.LASF47
 207 0148 25       		.byte	0x25
 208 0149 04       		.uleb128 0x4
 209 014a 0A060000 		.4byte	.LASF48
 210 014e 26       		.byte	0x26
 211 014f 04       		.uleb128 0x4
 212 0150 80140000 		.4byte	.LASF49
 213 0154 27       		.byte	0x27
 214 0155 04       		.uleb128 0x4
 215 0156 120C0000 		.4byte	.LASF50
 216 015a 28       		.byte	0x28
 217 015b 04       		.uleb128 0x4
 218 015c 80060000 		.4byte	.LASF51
 219 0160 29       		.byte	0x29
 220 0161 04       		.uleb128 0x4
 221 0162 BB0C0000 		.4byte	.LASF52
 222 0166 2A       		.byte	0x2a
 223 0167 04       		.uleb128 0x4
 224 0168 40110000 		.4byte	.LASF53
 225 016c 2B       		.byte	0x2b
 226 016d 04       		.uleb128 0x4
 227 016e CD000000 		.4byte	.LASF54
 228 0172 2C       		.byte	0x2c
ARM GAS  C:\Users\JC\AppData\Local\Temp\ccb8XBiS.s 			page 5


 229 0173 04       		.uleb128 0x4
 230 0174 37050000 		.4byte	.LASF55
 231 0178 2D       		.byte	0x2d
 232 0179 04       		.uleb128 0x4
 233 017a FD0B0000 		.4byte	.LASF56
 234 017e 2E       		.byte	0x2e
 235 017f 04       		.uleb128 0x4
 236 0180 7A100000 		.4byte	.LASF57
 237 0184 2F       		.byte	0x2f
 238 0185 04       		.uleb128 0x4
 239 0186 77170000 		.4byte	.LASF58
 240 018a 30       		.byte	0x30
 241 018b 04       		.uleb128 0x4
 242 018c AF060000 		.4byte	.LASF59
 243 0190 31       		.byte	0x31
 244 0191 04       		.uleb128 0x4
 245 0192 D5110000 		.4byte	.LASF60
 246 0196 32       		.byte	0x32
 247 0197 04       		.uleb128 0x4
 248 0198 C8090000 		.4byte	.LASF61
 249 019c 33       		.byte	0x33
 250 019d 04       		.uleb128 0x4
 251 019e 24010000 		.4byte	.LASF62
 252 01a2 34       		.byte	0x34
 253 01a3 04       		.uleb128 0x4
 254 01a4 7F0D0000 		.4byte	.LASF63
 255 01a8 35       		.byte	0x35
 256 01a9 04       		.uleb128 0x4
 257 01aa A7120000 		.4byte	.LASF64
 258 01ae 36       		.byte	0x36
 259 01af 04       		.uleb128 0x4
 260 01b0 1A140000 		.4byte	.LASF65
 261 01b4 37       		.byte	0x37
 262 01b5 04       		.uleb128 0x4
 263 01b6 F8080000 		.4byte	.LASF66
 264 01ba 38       		.byte	0x38
 265 01bb 04       		.uleb128 0x4
 266 01bc 90000000 		.4byte	.LASF67
 267 01c0 39       		.byte	0x39
 268 01c1 04       		.uleb128 0x4
 269 01c2 910F0000 		.4byte	.LASF68
 270 01c6 3A       		.byte	0x3a
 271 01c7 04       		.uleb128 0x4
 272 01c8 630D0000 		.4byte	.LASF69
 273 01cc 3B       		.byte	0x3b
 274 01cd 04       		.uleb128 0x4
 275 01ce 72080000 		.4byte	.LASF70
 276 01d2 3C       		.byte	0x3c
 277 01d3 04       		.uleb128 0x4
 278 01d4 00160000 		.4byte	.LASF71
 279 01d8 3D       		.byte	0x3d
 280 01d9 04       		.uleb128 0x4
 281 01da C50D0000 		.4byte	.LASF72
 282 01de 3E       		.byte	0x3e
 283 01df 04       		.uleb128 0x4
 284 01e0 5A020000 		.4byte	.LASF73
 285 01e4 3F       		.byte	0x3f
ARM GAS  C:\Users\JC\AppData\Local\Temp\ccb8XBiS.s 			page 6


 286 01e5 04       		.uleb128 0x4
 287 01e6 71110000 		.4byte	.LASF74
 288 01ea 40       		.byte	0x40
 289 01eb 04       		.uleb128 0x4
 290 01ec 4D090000 		.4byte	.LASF75
 291 01f0 41       		.byte	0x41
 292 01f1 04       		.uleb128 0x4
 293 01f2 27030000 		.4byte	.LASF76
 294 01f6 42       		.byte	0x42
 295 01f7 04       		.uleb128 0x4
 296 01f8 45120000 		.4byte	.LASF77
 297 01fc 43       		.byte	0x43
 298 01fd 04       		.uleb128 0x4
 299 01fe 0A0A0000 		.4byte	.LASF78
 300 0202 44       		.byte	0x44
 301 0203 04       		.uleb128 0x4
 302 0204 31160000 		.4byte	.LASF79
 303 0208 45       		.byte	0x45
 304 0209 04       		.uleb128 0x4
 305 020a E20D0000 		.4byte	.LASF80
 306 020e 46       		.byte	0x46
 307 020f 04       		.uleb128 0x4
 308 0210 57050000 		.4byte	.LASF81
 309 0214 47       		.byte	0x47
 310 0215 04       		.uleb128 0x4
 311 0216 9E110000 		.4byte	.LASF82
 312 021a 48       		.byte	0x48
 313 021b 04       		.uleb128 0x4
 314 021c 8F090000 		.4byte	.LASF83
 315 0220 49       		.byte	0x49
 316 0221 04       		.uleb128 0x4
 317 0222 E2000000 		.4byte	.LASF84
 318 0226 4A       		.byte	0x4a
 319 0227 04       		.uleb128 0x4
 320 0228 470D0000 		.4byte	.LASF85
 321 022c 4B       		.byte	0x4b
 322 022d 04       		.uleb128 0x4
 323 022e FE0D0000 		.4byte	.LASF86
 324 0232 4C       		.byte	0x4c
 325 0233 04       		.uleb128 0x4
 326 0234 86050000 		.4byte	.LASF87
 327 0238 4D       		.byte	0x4d
 328 0239 04       		.uleb128 0x4
 329 023a 41140000 		.4byte	.LASF88
 330 023e 4E       		.byte	0x4e
 331 023f 04       		.uleb128 0x4
 332 0240 AB090000 		.4byte	.LASF89
 333 0244 4F       		.byte	0x4f
 334 0245 04       		.uleb128 0x4
 335 0246 FE000000 		.4byte	.LASF90
 336 024a 50       		.byte	0x50
 337 024b 04       		.uleb128 0x4
 338 024c E80F0000 		.4byte	.LASF91
 339 0250 51       		.byte	0x51
 340 0251 04       		.uleb128 0x4
 341 0252 12070000 		.4byte	.LASF92
 342 0256 52       		.byte	0x52
ARM GAS  C:\Users\JC\AppData\Local\Temp\ccb8XBiS.s 			page 7


 343 0257 04       		.uleb128 0x4
 344 0258 A2150000 		.4byte	.LASF93
 345 025c 53       		.byte	0x53
 346 025d 04       		.uleb128 0x4
 347 025e 1A170000 		.4byte	.LASF94
 348 0262 54       		.byte	0x54
 349 0263 04       		.uleb128 0x4
 350 0264 6A0A0000 		.4byte	.LASF95
 351 0268 55       		.byte	0x55
 352 0269 04       		.uleb128 0x4
 353 026a 270D0000 		.4byte	.LASF96
 354 026e 56       		.byte	0x56
 355 026f 04       		.uleb128 0x4
 356 0270 F1040000 		.4byte	.LASF97
 357 0274 57       		.byte	0x57
 358 0275 04       		.uleb128 0x4
 359 0276 8C170000 		.4byte	.LASF98
 360 027a 58       		.byte	0x58
 361 027b 04       		.uleb128 0x4
 362 027c A50E0000 		.4byte	.LASF99
 363 0280 59       		.byte	0x59
 364 0281 04       		.uleb128 0x4
 365 0282 36170000 		.4byte	.LASF100
 366 0286 5A       		.byte	0x5a
 367 0287 04       		.uleb128 0x4
 368 0288 E30B0000 		.4byte	.LASF101
 369 028c 5B       		.byte	0x5b
 370 028d 04       		.uleb128 0x4
 371 028e 43030000 		.4byte	.LASF102
 372 0292 5C       		.byte	0x5c
 373 0293 04       		.uleb128 0x4
 374 0294 81120000 		.4byte	.LASF103
 375 0298 5D       		.byte	0x5d
 376 0299 04       		.uleb128 0x4
 377 029a 8C070000 		.4byte	.LASF104
 378 029e 5E       		.byte	0x5e
 379 029f 04       		.uleb128 0x4
 380 02a0 4D160000 		.4byte	.LASF105
 381 02a4 5F       		.byte	0x5f
 382 02a5 04       		.uleb128 0x4
 383 02a6 1B0E0000 		.4byte	.LASF106
 384 02aa 60       		.byte	0x60
 385 02ab 04       		.uleb128 0x4
 386 02ac DB020000 		.4byte	.LASF107
 387 02b0 61       		.byte	0x61
 388 02b1 04       		.uleb128 0x4
 389 02b2 75030000 		.4byte	.LASF108
 390 02b6 62       		.byte	0x62
 391 02b7 04       		.uleb128 0x4
 392 02b8 27080000 		.4byte	.LASF109
 393 02bc 63       		.byte	0x63
 394 02bd 04       		.uleb128 0x4
 395 02be AC170000 		.4byte	.LASF110
 396 02c2 64       		.byte	0x64
 397 02c3 04       		.uleb128 0x4
 398 02c4 C50E0000 		.4byte	.LASF111
 399 02c8 65       		.byte	0x65
ARM GAS  C:\Users\JC\AppData\Local\Temp\ccb8XBiS.s 			page 8


 400 02c9 04       		.uleb128 0x4
 401 02ca 95060000 		.4byte	.LASF112
 402 02ce 66       		.byte	0x66
 403 02cf 04       		.uleb128 0x4
 404 02d0 DB120000 		.4byte	.LASF113
 405 02d4 67       		.byte	0x67
 406 02d5 04       		.uleb128 0x4
 407 02d6 820A0000 		.4byte	.LASF114
 408 02da 68       		.byte	0x68
 409 02db 04       		.uleb128 0x4
 410 02dc AC010000 		.4byte	.LASF115
 411 02e0 69       		.byte	0x69
 412 02e1 04       		.uleb128 0x4
 413 02e2 480E0000 		.4byte	.LASF116
 414 02e6 6A       		.byte	0x6a
 415 02e7 04       		.uleb128 0x4
 416 02e8 4F060000 		.4byte	.LASF117
 417 02ec 6B       		.byte	0x6b
 418 02ed 04       		.uleb128 0x4
 419 02ee 43150000 		.4byte	.LASF118
 420 02f2 6C       		.byte	0x6c
 421 02f3 04       		.uleb128 0x4
 422 02f4 D00C0000 		.4byte	.LASF119
 423 02f8 6D       		.byte	0x6d
 424 02f9 04       		.uleb128 0x4
 425 02fa 72040000 		.4byte	.LASF120
 426 02fe 6E       		.byte	0x6e
 427 02ff 04       		.uleb128 0x4
 428 0300 D3130000 		.4byte	.LASF121
 429 0304 6F       		.byte	0x6f
 430 0305 04       		.uleb128 0x4
 431 0306 8F080000 		.4byte	.LASF122
 432 030a 70       		.byte	0x70
 433 030b 04       		.uleb128 0x4
 434 030c 3D000000 		.4byte	.LASF123
 435 0310 71       		.byte	0x71
 436 0311 04       		.uleb128 0x4
 437 0312 FF0E0000 		.4byte	.LASF124
 438 0316 72       		.byte	0x72
 439 0317 04       		.uleb128 0x4
 440 0318 38040000 		.4byte	.LASF125
 441 031c 73       		.byte	0x73
 442 031d 04       		.uleb128 0x4
 443 031e 13130000 		.4byte	.LASF126
 444 0322 74       		.byte	0x74
 445 0323 04       		.uleb128 0x4
 446 0324 E20A0000 		.4byte	.LASF127
 447 0328 75       		.byte	0x75
 448 0329 04       		.uleb128 0x4
 449 032a 3F100000 		.4byte	.LASF128
 450 032e 76       		.byte	0x76
 451 032f 04       		.uleb128 0x4
 452 0330 9C020000 		.4byte	.LASF129
 453 0334 77       		.byte	0x77
 454 0335 04       		.uleb128 0x4
 455 0336 BA110000 		.4byte	.LASF130
 456 033a 78       		.byte	0x78
ARM GAS  C:\Users\JC\AppData\Local\Temp\ccb8XBiS.s 			page 9


 457 033b 04       		.uleb128 0x4
 458 033c 81020000 		.4byte	.LASF131
 459 0340 79       		.byte	0x79
 460 0341 04       		.uleb128 0x4
 461 0342 09150000 		.4byte	.LASF132
 462 0346 7A       		.byte	0x7a
 463 0347 04       		.uleb128 0x4
 464 0348 830C0000 		.4byte	.LASF133
 465 034c 7B       		.byte	0x7b
 466 034d 04       		.uleb128 0x4
 467 034e 53040000 		.4byte	.LASF134
 468 0352 7C       		.byte	0x7c
 469 0353 04       		.uleb128 0x4
 470 0354 63130000 		.4byte	.LASF135
 471 0358 7D       		.byte	0x7d
 472 0359 04       		.uleb128 0x4
 473 035a 41080000 		.4byte	.LASF136
 474 035e 7E       		.byte	0x7e
 475 035f 04       		.uleb128 0x4
 476 0360 360F0000 		.4byte	.LASF137
 477 0364 7F       		.byte	0x7f
 478 0365 04       		.uleb128 0x4
 479 0366 DF0E0000 		.4byte	.LASF138
 480 036a 80       		.byte	0x80
 481 036b 04       		.uleb128 0x4
 482 036c C2030000 		.4byte	.LASF139
 483 0370 81       		.byte	0x81
 484 0371 04       		.uleb128 0x4
 485 0372 F5120000 		.4byte	.LASF140
 486 0376 82       		.byte	0x82
 487 0377 04       		.uleb128 0x4
 488 0378 9C0A0000 		.4byte	.LASF141
 489 037c 83       		.byte	0x83
 490 037d 04       		.uleb128 0x4
 491 037e 62000000 		.4byte	.LASF142
 492 0382 84       		.byte	0x84
 493 0383 04       		.uleb128 0x4
 494 0384 59070000 		.4byte	.LASF143
 495 0388 85       		.byte	0x85
 496 0389 04       		.uleb128 0x4
 497 038a 14120000 		.4byte	.LASF144
 498 038e 86       		.byte	0x86
 499 038f 04       		.uleb128 0x4
 500 0390 C30A0000 		.4byte	.LASF145
 501 0394 87       		.byte	0x87
 502 0395 04       		.uleb128 0x4
 503 0396 B7020000 		.4byte	.LASF146
 504 039a 88       		.byte	0x88
 505 039b 04       		.uleb128 0x4
 506 039c C6040000 		.4byte	.LASF147
 507 03a0 89       		.byte	0x89
 508 03a1 04       		.uleb128 0x4
 509 03a2 F1140000 		.4byte	.LASF148
 510 03a6 8A       		.byte	0x8a
 511 03a7 04       		.uleb128 0x4
 512 03a8 EA070000 		.4byte	.LASF149
 513 03ac 8B       		.byte	0x8b
ARM GAS  C:\Users\JC\AppData\Local\Temp\ccb8XBiS.s 			page 10


 514 03ad 04       		.uleb128 0x4
 515 03ae 57080000 		.4byte	.LASF150
 516 03b2 8C       		.byte	0x8c
 517 03b3 04       		.uleb128 0x4
 518 03b4 C2060000 		.4byte	.LASF151
 519 03b8 8D       		.byte	0x8d
 520 03b9 04       		.uleb128 0x4
 521 03ba 2C110000 		.4byte	.LASF152
 522 03be 8E       		.byte	0x8e
 523 03bf 04       		.uleb128 0x4
 524 03c0 A50C0000 		.4byte	.LASF153
 525 03c4 8F       		.byte	0x8f
 526 03c5 04       		.uleb128 0x4
 527 03c6 A3050000 		.4byte	.LASF154
 528 03ca 90       		.byte	0x90
 529 03cb 04       		.uleb128 0x4
 530 03cc 370A0000 		.4byte	.LASF155
 531 03d0 91       		.byte	0x91
 532 03d1 04       		.uleb128 0x4
 533 03d2 0E080000 		.4byte	.LASF156
 534 03d6 92       		.byte	0x92
 535 03d7 04       		.uleb128 0x4
 536 03d8 F9090000 		.4byte	.LASF157
 537 03dc F0       		.byte	0xf0
 538 03dd 00       		.byte	0
 539 03de 05       		.uleb128 0x5
 540 03df 02       		.byte	0x2
 541 03e0 05       		.byte	0x5
 542 03e1 77020000 		.4byte	.LASF158
 543 03e5 06       		.uleb128 0x6
 544 03e6 44070000 		.4byte	.LASF160
 545 03ea 01       		.byte	0x1
 546 03eb F4       		.byte	0xf4
 547 03ec 1D000000 		.4byte	0x1d
 548 03f0 05       		.uleb128 0x5
 549 03f1 01       		.byte	0x1
 550 03f2 06       		.byte	0x6
 551 03f3 E5140000 		.4byte	.LASF159
 552 03f7 06       		.uleb128 0x6
 553 03f8 76140000 		.4byte	.LASF161
 554 03fc 02       		.byte	0x2
 555 03fd 1D       		.byte	0x1d
 556 03fe 02040000 		.4byte	0x402
 557 0402 05       		.uleb128 0x5
 558 0403 01       		.byte	0x1
 559 0404 08       		.byte	0x8
 560 0405 79130000 		.4byte	.LASF162
 561 0409 06       		.uleb128 0x6
 562 040a 2F0C0000 		.4byte	.LASF163
 563 040e 02       		.byte	0x2
 564 040f 29       		.byte	0x29
 565 0410 DE030000 		.4byte	0x3de
 566 0414 06       		.uleb128 0x6
 567 0415 69060000 		.4byte	.LASF164
 568 0419 02       		.byte	0x2
 569 041a 2B       		.byte	0x2b
 570 041b 1F040000 		.4byte	0x41f
ARM GAS  C:\Users\JC\AppData\Local\Temp\ccb8XBiS.s 			page 11


 571 041f 05       		.uleb128 0x5
 572 0420 02       		.byte	0x2
 573 0421 07       		.byte	0x7
 574 0422 620E0000 		.4byte	.LASF165
 575 0426 06       		.uleb128 0x6
 576 0427 C6010000 		.4byte	.LASF166
 577 042b 02       		.byte	0x2
 578 042c 3F       		.byte	0x3f
 579 042d 31040000 		.4byte	0x431
 580 0431 05       		.uleb128 0x5
 581 0432 04       		.byte	0x4
 582 0433 05       		.byte	0x5
 583 0434 DF0F0000 		.4byte	.LASF167
 584 0438 06       		.uleb128 0x6
 585 0439 B4130000 		.4byte	.LASF168
 586 043d 02       		.byte	0x2
 587 043e 41       		.byte	0x41
 588 043f 43040000 		.4byte	0x443
 589 0443 05       		.uleb128 0x5
 590 0444 04       		.byte	0x4
 591 0445 07       		.byte	0x7
 592 0446 6F120000 		.4byte	.LASF169
 593 044a 05       		.uleb128 0x5
 594 044b 08       		.byte	0x8
 595 044c 05       		.byte	0x5
 596 044d 970B0000 		.4byte	.LASF170
 597 0451 05       		.uleb128 0x5
 598 0452 08       		.byte	0x8
 599 0453 07       		.byte	0x7
 600 0454 CA050000 		.4byte	.LASF171
 601 0458 07       		.uleb128 0x7
 602 0459 04       		.byte	0x4
 603 045a 05       		.byte	0x5
 604 045b 696E7400 		.ascii	"int\000"
 605 045f 05       		.uleb128 0x5
 606 0460 04       		.byte	0x4
 607 0461 07       		.byte	0x7
 608 0462 5E010000 		.4byte	.LASF172
 609 0466 06       		.uleb128 0x6
 610 0467 DA0A0000 		.4byte	.LASF173
 611 046b 03       		.byte	0x3
 612 046c 18       		.byte	0x18
 613 046d F7030000 		.4byte	0x3f7
 614 0471 06       		.uleb128 0x6
 615 0472 8F030000 		.4byte	.LASF174
 616 0476 03       		.byte	0x3
 617 0477 20       		.byte	0x20
 618 0478 09040000 		.4byte	0x409
 619 047c 06       		.uleb128 0x6
 620 047d 810E0000 		.4byte	.LASF175
 621 0481 03       		.byte	0x3
 622 0482 24       		.byte	0x24
 623 0483 14040000 		.4byte	0x414
 624 0487 06       		.uleb128 0x6
 625 0488 C3120000 		.4byte	.LASF176
 626 048c 03       		.byte	0x3
 627 048d 2C       		.byte	0x2c
ARM GAS  C:\Users\JC\AppData\Local\Temp\ccb8XBiS.s 			page 12


 628 048e 26040000 		.4byte	0x426
 629 0492 06       		.uleb128 0x6
 630 0493 69040000 		.4byte	.LASF177
 631 0497 03       		.byte	0x3
 632 0498 30       		.byte	0x30
 633 0499 38040000 		.4byte	0x438
 634 049d 05       		.uleb128 0x5
 635 049e 04       		.byte	0x4
 636 049f 07       		.byte	0x7
 637 04a0 4C0F0000 		.4byte	.LASF178
 638 04a4 05       		.uleb128 0x5
 639 04a5 08       		.byte	0x8
 640 04a6 04       		.byte	0x4
 641 04a7 750E0000 		.4byte	.LASF179
 642 04ab 08       		.uleb128 0x8
 643 04ac B8       		.byte	0xb8
 644 04ad 04       		.byte	0x4
 645 04ae 34       		.byte	0x34
 646 04af BC080000 		.4byte	0x8bc
 647 04b3 09       		.uleb128 0x9
 648 04b4 F8010000 		.4byte	.LASF180
 649 04b8 04       		.byte	0x4
 650 04b9 37       		.byte	0x37
 651 04ba 92040000 		.4byte	0x492
 652 04be 00       		.byte	0
 653 04bf 09       		.uleb128 0x9
 654 04c0 4C050000 		.4byte	.LASF181
 655 04c4 04       		.byte	0x4
 656 04c5 38       		.byte	0x38
 657 04c6 92040000 		.4byte	0x492
 658 04ca 04       		.byte	0x4
 659 04cb 09       		.uleb128 0x9
 660 04cc 1B010000 		.4byte	.LASF182
 661 04d0 04       		.byte	0x4
 662 04d1 39       		.byte	0x39
 663 04d2 92040000 		.4byte	0x492
 664 04d6 08       		.byte	0x8
 665 04d7 09       		.uleb128 0x9
 666 04d8 0B130000 		.4byte	.LASF183
 667 04dc 04       		.byte	0x4
 668 04dd 3A       		.byte	0x3a
 669 04de 92040000 		.4byte	0x492
 670 04e2 0C       		.byte	0xc
 671 04e3 09       		.uleb128 0x9
 672 04e4 8A0E0000 		.4byte	.LASF184
 673 04e8 04       		.byte	0x4
 674 04e9 3B       		.byte	0x3b
 675 04ea 92040000 		.4byte	0x492
 676 04ee 10       		.byte	0x10
 677 04ef 09       		.uleb128 0x9
 678 04f0 450C0000 		.4byte	.LASF185
 679 04f4 04       		.byte	0x4
 680 04f5 3C       		.byte	0x3c
 681 04f6 92040000 		.4byte	0x492
 682 04fa 14       		.byte	0x14
 683 04fb 09       		.uleb128 0x9
 684 04fc 05080000 		.4byte	.LASF186
ARM GAS  C:\Users\JC\AppData\Local\Temp\ccb8XBiS.s 			page 13


 685 0500 04       		.byte	0x4
 686 0501 3D       		.byte	0x3d
 687 0502 92040000 		.4byte	0x492
 688 0506 18       		.byte	0x18
 689 0507 09       		.uleb128 0x9
 690 0508 C7150000 		.4byte	.LASF187
 691 050c 04       		.byte	0x4
 692 050d 3E       		.byte	0x3e
 693 050e 92040000 		.4byte	0x492
 694 0512 1C       		.byte	0x1c
 695 0513 09       		.uleb128 0x9
 696 0514 A50B0000 		.4byte	.LASF188
 697 0518 04       		.byte	0x4
 698 0519 3F       		.byte	0x3f
 699 051a 92040000 		.4byte	0x492
 700 051e 20       		.byte	0x20
 701 051f 09       		.uleb128 0x9
 702 0520 BC0B0000 		.4byte	.LASF189
 703 0524 04       		.byte	0x4
 704 0525 40       		.byte	0x40
 705 0526 92040000 		.4byte	0x492
 706 052a 24       		.byte	0x24
 707 052b 09       		.uleb128 0x9
 708 052c 05100000 		.4byte	.LASF190
 709 0530 04       		.byte	0x4
 710 0531 43       		.byte	0x43
 711 0532 66040000 		.4byte	0x466
 712 0536 28       		.byte	0x28
 713 0537 09       		.uleb128 0x9
 714 0538 17050000 		.4byte	.LASF191
 715 053c 04       		.byte	0x4
 716 053d 44       		.byte	0x44
 717 053e 66040000 		.4byte	0x466
 718 0542 29       		.byte	0x29
 719 0543 09       		.uleb128 0x9
 720 0544 F50E0000 		.4byte	.LASF192
 721 0548 04       		.byte	0x4
 722 0549 45       		.byte	0x45
 723 054a 66040000 		.4byte	0x466
 724 054e 2A       		.byte	0x2a
 725 054f 09       		.uleb128 0x9
 726 0550 5A100000 		.4byte	.LASF193
 727 0554 04       		.byte	0x4
 728 0555 46       		.byte	0x46
 729 0556 66040000 		.4byte	0x466
 730 055a 2B       		.byte	0x2b
 731 055b 09       		.uleb128 0x9
 732 055c 1F100000 		.4byte	.LASF194
 733 0560 04       		.byte	0x4
 734 0561 47       		.byte	0x47
 735 0562 66040000 		.4byte	0x466
 736 0566 2C       		.byte	0x2c
 737 0567 09       		.uleb128 0x9
 738 0568 38120000 		.4byte	.LASF195
 739 056c 04       		.byte	0x4
 740 056d 48       		.byte	0x48
 741 056e 66040000 		.4byte	0x466
ARM GAS  C:\Users\JC\AppData\Local\Temp\ccb8XBiS.s 			page 14


 742 0572 2D       		.byte	0x2d
 743 0573 09       		.uleb128 0x9
 744 0574 50170000 		.4byte	.LASF196
 745 0578 04       		.byte	0x4
 746 0579 49       		.byte	0x49
 747 057a 66040000 		.4byte	0x466
 748 057e 2E       		.byte	0x2e
 749 057f 09       		.uleb128 0x9
 750 0580 96150000 		.4byte	.LASF197
 751 0584 04       		.byte	0x4
 752 0585 4A       		.byte	0x4a
 753 0586 66040000 		.4byte	0x466
 754 058a 2F       		.byte	0x2f
 755 058b 09       		.uleb128 0x9
 756 058c 69030000 		.4byte	.LASF198
 757 0590 04       		.byte	0x4
 758 0591 4B       		.byte	0x4b
 759 0592 66040000 		.4byte	0x466
 760 0596 30       		.byte	0x30
 761 0597 09       		.uleb128 0x9
 762 0598 070D0000 		.4byte	.LASF199
 763 059c 04       		.byte	0x4
 764 059d 4E       		.byte	0x4e
 765 059e 66040000 		.4byte	0x466
 766 05a2 31       		.byte	0x31
 767 05a3 09       		.uleb128 0x9
 768 05a4 1F150000 		.4byte	.LASF200
 769 05a8 04       		.byte	0x4
 770 05a9 4F       		.byte	0x4f
 771 05aa 66040000 		.4byte	0x466
 772 05ae 32       		.byte	0x32
 773 05af 09       		.uleb128 0x9
 774 05b0 990C0000 		.4byte	.LASF201
 775 05b4 04       		.byte	0x4
 776 05b5 50       		.byte	0x50
 777 05b6 66040000 		.4byte	0x466
 778 05ba 33       		.byte	0x33
 779 05bb 09       		.uleb128 0x9
 780 05bc 7E090000 		.4byte	.LASF202
 781 05c0 04       		.byte	0x4
 782 05c1 51       		.byte	0x51
 783 05c2 66040000 		.4byte	0x466
 784 05c6 34       		.byte	0x34
 785 05c7 09       		.uleb128 0x9
 786 05c8 27060000 		.4byte	.LASF203
 787 05cc 04       		.byte	0x4
 788 05cd 52       		.byte	0x52
 789 05ce 71040000 		.4byte	0x471
 790 05d2 36       		.byte	0x36
 791 05d3 09       		.uleb128 0x9
 792 05d4 02020000 		.4byte	.LASF204
 793 05d8 04       		.byte	0x4
 794 05d9 53       		.byte	0x53
 795 05da 71040000 		.4byte	0x471
 796 05de 38       		.byte	0x38
 797 05df 09       		.uleb128 0x9
 798 05e0 45020000 		.4byte	.LASF205
ARM GAS  C:\Users\JC\AppData\Local\Temp\ccb8XBiS.s 			page 15


 799 05e4 04       		.byte	0x4
 800 05e5 54       		.byte	0x54
 801 05e6 71040000 		.4byte	0x471
 802 05ea 3A       		.byte	0x3a
 803 05eb 09       		.uleb128 0x9
 804 05ec E9010000 		.4byte	.LASF206
 805 05f0 04       		.byte	0x4
 806 05f1 55       		.byte	0x55
 807 05f2 66040000 		.4byte	0x466
 808 05f6 3C       		.byte	0x3c
 809 05f7 09       		.uleb128 0x9
 810 05f8 4E070000 		.4byte	.LASF207
 811 05fc 04       		.byte	0x4
 812 05fd 56       		.byte	0x56
 813 05fe 66040000 		.4byte	0x466
 814 0602 3D       		.byte	0x3d
 815 0603 09       		.uleb128 0x9
 816 0604 C8070000 		.4byte	.LASF208
 817 0608 04       		.byte	0x4
 818 0609 57       		.byte	0x57
 819 060a 66040000 		.4byte	0x466
 820 060e 3E       		.byte	0x3e
 821 060f 09       		.uleb128 0x9
 822 0610 390C0000 		.4byte	.LASF209
 823 0614 04       		.byte	0x4
 824 0615 58       		.byte	0x58
 825 0616 66040000 		.4byte	0x466
 826 061a 3F       		.byte	0x3f
 827 061b 09       		.uleb128 0x9
 828 061c 88010000 		.4byte	.LASF210
 829 0620 04       		.byte	0x4
 830 0621 59       		.byte	0x59
 831 0622 66040000 		.4byte	0x466
 832 0626 40       		.byte	0x40
 833 0627 09       		.uleb128 0x9
 834 0628 8E110000 		.4byte	.LASF211
 835 062c 04       		.byte	0x4
 836 062d 5A       		.byte	0x5a
 837 062e 66040000 		.4byte	0x466
 838 0632 41       		.byte	0x41
 839 0633 09       		.uleb128 0x9
 840 0634 CA140000 		.4byte	.LASF212
 841 0638 04       		.byte	0x4
 842 0639 5B       		.byte	0x5b
 843 063a 66040000 		.4byte	0x466
 844 063e 42       		.byte	0x42
 845 063f 09       		.uleb128 0x9
 846 0640 DC080000 		.4byte	.LASF213
 847 0644 04       		.byte	0x4
 848 0645 5C       		.byte	0x5c
 849 0646 66040000 		.4byte	0x466
 850 064a 43       		.byte	0x43
 851 064b 09       		.uleb128 0x9
 852 064c 260A0000 		.4byte	.LASF214
 853 0650 04       		.byte	0x4
 854 0651 5D       		.byte	0x5d
 855 0652 66040000 		.4byte	0x466
ARM GAS  C:\Users\JC\AppData\Local\Temp\ccb8XBiS.s 			page 16


 856 0656 44       		.byte	0x44
 857 0657 09       		.uleb128 0x9
 858 0658 68100000 		.4byte	.LASF215
 859 065c 04       		.byte	0x4
 860 065d 5E       		.byte	0x5e
 861 065e 92040000 		.4byte	0x492
 862 0662 48       		.byte	0x48
 863 0663 09       		.uleb128 0x9
 864 0664 0B030000 		.4byte	.LASF216
 865 0668 04       		.byte	0x4
 866 0669 5F       		.byte	0x5f
 867 066a 92040000 		.4byte	0x492
 868 066e 4C       		.byte	0x4c
 869 066f 09       		.uleb128 0x9
 870 0670 A8140000 		.4byte	.LASF217
 871 0674 04       		.byte	0x4
 872 0675 60       		.byte	0x60
 873 0676 66040000 		.4byte	0x466
 874 067a 50       		.byte	0x50
 875 067b 09       		.uleb128 0x9
 876 067c A6070000 		.4byte	.LASF218
 877 0680 04       		.byte	0x4
 878 0681 61       		.byte	0x61
 879 0682 66040000 		.4byte	0x466
 880 0686 51       		.byte	0x51
 881 0687 09       		.uleb128 0x9
 882 0688 BA050000 		.4byte	.LASF219
 883 068c 04       		.byte	0x4
 884 068d 62       		.byte	0x62
 885 068e 66040000 		.4byte	0x466
 886 0692 52       		.byte	0x52
 887 0693 09       		.uleb128 0x9
 888 0694 25050000 		.4byte	.LASF220
 889 0698 04       		.byte	0x4
 890 0699 63       		.byte	0x63
 891 069a 66040000 		.4byte	0x466
 892 069e 53       		.byte	0x53
 893 069f 09       		.uleb128 0x9
 894 06a0 0A140000 		.4byte	.LASF221
 895 06a4 04       		.byte	0x4
 896 06a5 64       		.byte	0x64
 897 06a6 66040000 		.4byte	0x466
 898 06aa 54       		.byte	0x54
 899 06ab 09       		.uleb128 0x9
 900 06ac D6070000 		.4byte	.LASF222
 901 06b0 04       		.byte	0x4
 902 06b1 65       		.byte	0x65
 903 06b2 66040000 		.4byte	0x466
 904 06b6 55       		.byte	0x55
 905 06b7 09       		.uleb128 0x9
 906 06b8 00000000 		.4byte	.LASF223
 907 06bc 04       		.byte	0x4
 908 06bd 66       		.byte	0x66
 909 06be 66040000 		.4byte	0x466
 910 06c2 56       		.byte	0x56
 911 06c3 09       		.uleb128 0x9
 912 06c4 D0150000 		.4byte	.LASF224
ARM GAS  C:\Users\JC\AppData\Local\Temp\ccb8XBiS.s 			page 17


 913 06c8 04       		.byte	0x4
 914 06c9 67       		.byte	0x67
 915 06ca 66040000 		.4byte	0x466
 916 06ce 57       		.byte	0x57
 917 06cf 09       		.uleb128 0x9
 918 06d0 30070000 		.4byte	.LASF225
 919 06d4 04       		.byte	0x4
 920 06d5 68       		.byte	0x68
 921 06d6 66040000 		.4byte	0x466
 922 06da 58       		.byte	0x58
 923 06db 09       		.uleb128 0x9
 924 06dc 1D160000 		.4byte	.LASF226
 925 06e0 04       		.byte	0x4
 926 06e1 69       		.byte	0x69
 927 06e2 66040000 		.4byte	0x466
 928 06e6 59       		.byte	0x59
 929 06e7 09       		.uleb128 0x9
 930 06e8 36140000 		.4byte	.LASF227
 931 06ec 04       		.byte	0x4
 932 06ed 6E       		.byte	0x6e
 933 06ee 7C040000 		.4byte	0x47c
 934 06f2 5A       		.byte	0x5a
 935 06f3 09       		.uleb128 0x9
 936 06f4 55010000 		.4byte	.LASF228
 937 06f8 04       		.byte	0x4
 938 06f9 6F       		.byte	0x6f
 939 06fa 7C040000 		.4byte	0x47c
 940 06fe 5C       		.byte	0x5c
 941 06ff 09       		.uleb128 0x9
 942 0700 AD0B0000 		.4byte	.LASF229
 943 0704 04       		.byte	0x4
 944 0705 70       		.byte	0x70
 945 0706 66040000 		.4byte	0x466
 946 070a 5E       		.byte	0x5e
 947 070b 09       		.uleb128 0x9
 948 070c 2D150000 		.4byte	.LASF230
 949 0710 04       		.byte	0x4
 950 0711 71       		.byte	0x71
 951 0712 66040000 		.4byte	0x466
 952 0716 5F       		.byte	0x5f
 953 0717 09       		.uleb128 0x9
 954 0718 E7080000 		.4byte	.LASF231
 955 071c 04       		.byte	0x4
 956 071d 72       		.byte	0x72
 957 071e 66040000 		.4byte	0x466
 958 0722 60       		.byte	0x60
 959 0723 09       		.uleb128 0x9
 960 0724 B20A0000 		.4byte	.LASF232
 961 0728 04       		.byte	0x4
 962 0729 73       		.byte	0x73
 963 072a 92040000 		.4byte	0x492
 964 072e 64       		.byte	0x64
 965 072f 09       		.uleb128 0x9
 966 0730 B8070000 		.4byte	.LASF233
 967 0734 04       		.byte	0x4
 968 0735 76       		.byte	0x76
 969 0736 7C040000 		.4byte	0x47c
ARM GAS  C:\Users\JC\AppData\Local\Temp\ccb8XBiS.s 			page 18


 970 073a 68       		.byte	0x68
 971 073b 09       		.uleb128 0x9
 972 073c 930E0000 		.4byte	.LASF234
 973 0740 04       		.byte	0x4
 974 0741 77       		.byte	0x77
 975 0742 7C040000 		.4byte	0x47c
 976 0746 6A       		.byte	0x6a
 977 0747 09       		.uleb128 0x9
 978 0748 740C0000 		.4byte	.LASF235
 979 074c 04       		.byte	0x4
 980 074d 78       		.byte	0x78
 981 074e 7C040000 		.4byte	0x47c
 982 0752 6C       		.byte	0x6c
 983 0753 09       		.uleb128 0x9
 984 0754 CE020000 		.4byte	.LASF236
 985 0758 04       		.byte	0x4
 986 0759 79       		.byte	0x79
 987 075a 7C040000 		.4byte	0x47c
 988 075e 6E       		.byte	0x6e
 989 075f 09       		.uleb128 0x9
 990 0760 050B0000 		.4byte	.LASF237
 991 0764 04       		.byte	0x4
 992 0765 7B       		.byte	0x7b
 993 0766 66040000 		.4byte	0x466
 994 076a 70       		.byte	0x70
 995 076b 09       		.uleb128 0x9
 996 076c 97030000 		.4byte	.LASF238
 997 0770 04       		.byte	0x4
 998 0771 7C       		.byte	0x7c
 999 0772 66040000 		.4byte	0x466
 1000 0776 71       		.byte	0x71
 1001 0777 09       		.uleb128 0x9
 1002 0778 F5020000 		.4byte	.LASF239
 1003 077c 04       		.byte	0x4
 1004 077d 7D       		.byte	0x7d
 1005 077e 66040000 		.4byte	0x466
 1006 0782 72       		.byte	0x72
 1007 0783 09       		.uleb128 0x9
 1008 0784 95010000 		.4byte	.LASF240
 1009 0788 04       		.byte	0x4
 1010 0789 7E       		.byte	0x7e
 1011 078a 66040000 		.4byte	0x466
 1012 078e 73       		.byte	0x73
 1013 078f 09       		.uleb128 0x9
 1014 0790 7F0F0000 		.4byte	.LASF241
 1015 0794 04       		.byte	0x4
 1016 0795 80       		.byte	0x80
 1017 0796 7C040000 		.4byte	0x47c
 1018 079a 74       		.byte	0x74
 1019 079b 09       		.uleb128 0x9
 1020 079c 350E0000 		.4byte	.LASF242
 1021 07a0 04       		.byte	0x4
 1022 07a1 81       		.byte	0x81
 1023 07a2 7C040000 		.4byte	0x47c
 1024 07a6 76       		.byte	0x76
 1025 07a7 09       		.uleb128 0x9
 1026 07a8 E4090000 		.4byte	.LASF243
ARM GAS  C:\Users\JC\AppData\Local\Temp\ccb8XBiS.s 			page 19


 1027 07ac 04       		.byte	0x4
 1028 07ad 82       		.byte	0x82
 1029 07ae 7C040000 		.4byte	0x47c
 1030 07b2 78       		.byte	0x78
 1031 07b3 09       		.uleb128 0x9
 1032 07b4 E1050000 		.4byte	.LASF244
 1033 07b8 04       		.byte	0x4
 1034 07b9 83       		.byte	0x83
 1035 07ba 7C040000 		.4byte	0x47c
 1036 07be 7A       		.byte	0x7a
 1037 07bf 09       		.uleb128 0x9
 1038 07c0 350B0000 		.4byte	.LASF245
 1039 07c4 04       		.byte	0x4
 1040 07c5 86       		.byte	0x86
 1041 07c6 66040000 		.4byte	0x466
 1042 07ca 7C       		.byte	0x7c
 1043 07cb 09       		.uleb128 0x9
 1044 07cc B9140000 		.4byte	.LASF246
 1045 07d0 04       		.byte	0x4
 1046 07d1 87       		.byte	0x87
 1047 07d2 66040000 		.4byte	0x466
 1048 07d6 7D       		.byte	0x7d
 1049 07d7 09       		.uleb128 0x9
 1050 07d8 73050000 		.4byte	.LASF247
 1051 07dc 04       		.byte	0x4
 1052 07dd 88       		.byte	0x88
 1053 07de 66040000 		.4byte	0x466
 1054 07e2 7E       		.byte	0x7e
 1055 07e3 09       		.uleb128 0x9
 1056 07e4 DD040000 		.4byte	.LASF248
 1057 07e8 04       		.byte	0x4
 1058 07e9 89       		.byte	0x89
 1059 07ea 66040000 		.4byte	0x466
 1060 07ee 7F       		.byte	0x7f
 1061 07ef 09       		.uleb128 0x9
 1062 07f0 F6050000 		.4byte	.LASF249
 1063 07f4 04       		.byte	0x4
 1064 07f5 8A       		.byte	0x8a
 1065 07f6 66040000 		.4byte	0x466
 1066 07fa 80       		.byte	0x80
 1067 07fb 09       		.uleb128 0x9
 1068 07fc 79000000 		.4byte	.LASF250
 1069 0800 04       		.byte	0x4
 1070 0801 8D       		.byte	0x8d
 1071 0802 92040000 		.4byte	0x492
 1072 0806 84       		.byte	0x84
 1073 0807 09       		.uleb128 0x9
 1074 0808 5D0C0000 		.4byte	.LASF251
 1075 080c 04       		.byte	0x4
 1076 080d 8E       		.byte	0x8e
 1077 080e 92040000 		.4byte	0x492
 1078 0812 88       		.byte	0x88
 1079 0813 09       		.uleb128 0x9
 1080 0814 120D0000 		.4byte	.LASF252
 1081 0818 04       		.byte	0x4
 1082 0819 8F       		.byte	0x8f
 1083 081a 92040000 		.4byte	0x492
ARM GAS  C:\Users\JC\AppData\Local\Temp\ccb8XBiS.s 			page 20


 1084 081e 8C       		.byte	0x8c
 1085 081f 09       		.uleb128 0x9
 1086 0820 6A0F0000 		.4byte	.LASF253
 1087 0824 04       		.byte	0x4
 1088 0825 90       		.byte	0x90
 1089 0826 92040000 		.4byte	0x492
 1090 082a 90       		.byte	0x90
 1091 082b 09       		.uleb128 0x9
 1092 082c 17110000 		.4byte	.LASF254
 1093 0830 04       		.byte	0x4
 1094 0831 91       		.byte	0x91
 1095 0832 92040000 		.4byte	0x492
 1096 0836 94       		.byte	0x94
 1097 0837 09       		.uleb128 0x9
 1098 0838 AC030000 		.4byte	.LASF255
 1099 083c 04       		.byte	0x4
 1100 083d 92       		.byte	0x92
 1101 083e 92040000 		.4byte	0x492
 1102 0842 98       		.byte	0x98
 1103 0843 09       		.uleb128 0x9
 1104 0844 F1110000 		.4byte	.LASF256
 1105 0848 04       		.byte	0x4
 1106 0849 93       		.byte	0x93
 1107 084a 92040000 		.4byte	0x492
 1108 084e 9C       		.byte	0x9c
 1109 084f 09       		.uleb128 0x9
 1110 0850 C6080000 		.4byte	.LASF257
 1111 0854 04       		.byte	0x4
 1112 0855 94       		.byte	0x94
 1113 0856 92040000 		.4byte	0x492
 1114 085a A0       		.byte	0xa0
 1115 085b 09       		.uleb128 0x9
 1116 085c 40010000 		.4byte	.LASF258
 1117 0860 04       		.byte	0x4
 1118 0861 95       		.byte	0x95
 1119 0862 7C040000 		.4byte	0x47c
 1120 0866 A4       		.byte	0xa4
 1121 0867 09       		.uleb128 0x9
 1122 0868 550F0000 		.4byte	.LASF259
 1123 086c 04       		.byte	0x4
 1124 086d 96       		.byte	0x96
 1125 086e 7C040000 		.4byte	0x47c
 1126 0872 A6       		.byte	0xa6
 1127 0873 09       		.uleb128 0x9
 1128 0874 9B120000 		.4byte	.LASF260
 1129 0878 04       		.byte	0x4
 1130 0879 97       		.byte	0x97
 1131 087a 7C040000 		.4byte	0x47c
 1132 087e A8       		.byte	0xa8
 1133 087f 09       		.uleb128 0x9
 1134 0880 890B0000 		.4byte	.LASF261
 1135 0884 04       		.byte	0x4
 1136 0885 98       		.byte	0x98
 1137 0886 7C040000 		.4byte	0x47c
 1138 088a AA       		.byte	0xaa
 1139 088b 09       		.uleb128 0x9
 1140 088c 19030000 		.4byte	.LASF262
ARM GAS  C:\Users\JC\AppData\Local\Temp\ccb8XBiS.s 			page 21


 1141 0890 04       		.byte	0x4
 1142 0891 99       		.byte	0x99
 1143 0892 7C040000 		.4byte	0x47c
 1144 0896 AC       		.byte	0xac
 1145 0897 09       		.uleb128 0x9
 1146 0898 9B0D0000 		.4byte	.LASF263
 1147 089c 04       		.byte	0x4
 1148 089d 9A       		.byte	0x9a
 1149 089e 7C040000 		.4byte	0x47c
 1150 08a2 AE       		.byte	0xae
 1151 08a3 09       		.uleb128 0x9
 1152 08a4 61120000 		.4byte	.LASF264
 1153 08a8 04       		.byte	0x4
 1154 08a9 9D       		.byte	0x9d
 1155 08aa 7C040000 		.4byte	0x47c
 1156 08ae B0       		.byte	0xb0
 1157 08af 09       		.uleb128 0x9
 1158 08b0 BF130000 		.4byte	.LASF265
 1159 08b4 04       		.byte	0x4
 1160 08b5 9E       		.byte	0x9e
 1161 08b6 92040000 		.4byte	0x492
 1162 08ba B4       		.byte	0xb4
 1163 08bb 00       		.byte	0
 1164 08bc 06       		.uleb128 0x6
 1165 08bd CB120000 		.4byte	.LASF266
 1166 08c1 04       		.byte	0x4
 1167 08c2 9F       		.byte	0x9f
 1168 08c3 AB040000 		.4byte	0x4ab
 1169 08c7 05       		.uleb128 0x5
 1170 08c8 01       		.byte	0x1
 1171 08c9 08       		.byte	0x8
 1172 08ca AC000000 		.4byte	.LASF267
 1173 08ce 05       		.uleb128 0x5
 1174 08cf 04       		.byte	0x4
 1175 08d0 04       		.byte	0x4
 1176 08d1 11050000 		.4byte	.LASF268
 1177 08d5 05       		.uleb128 0x5
 1178 08d6 08       		.byte	0x8
 1179 08d7 04       		.byte	0x4
 1180 08d8 C0150000 		.4byte	.LASF269
 1181 08dc 0A       		.uleb128 0xa
 1182 08dd 08       		.byte	0x8
 1183 08de 05       		.byte	0x5
 1184 08df 2D01     		.2byte	0x12d
 1185 08e1 00090000 		.4byte	0x900
 1186 08e5 0B       		.uleb128 0xb
 1187 08e6 FD0A0000 		.4byte	.LASF270
 1188 08ea 05       		.byte	0x5
 1189 08eb 2E01     		.2byte	0x12e
 1190 08ed E5030000 		.4byte	0x3e5
 1191 08f1 00       		.byte	0
 1192 08f2 0B       		.uleb128 0xb
 1193 08f3 07120000 		.4byte	.LASF271
 1194 08f7 05       		.byte	0x5
 1195 08f8 3201     		.2byte	0x132
 1196 08fa 92040000 		.4byte	0x492
 1197 08fe 04       		.byte	0x4
ARM GAS  C:\Users\JC\AppData\Local\Temp\ccb8XBiS.s 			page 22


 1198 08ff 00       		.byte	0
 1199 0900 0C       		.uleb128 0xc
 1200 0901 14000000 		.4byte	.LASF272
 1201 0905 05       		.byte	0x5
 1202 0906 3301     		.2byte	0x133
 1203 0908 DC080000 		.4byte	0x8dc
 1204 090c 0D       		.uleb128 0xd
 1205 090d 12100000 		.4byte	.LASF273
 1206 0911 06       		.byte	0x6
 1207 0912 F907     		.2byte	0x7f9
 1208 0914 18090000 		.4byte	0x918
 1209 0918 0E       		.uleb128 0xe
 1210 0919 87040000 		.4byte	0x487
 1211 091d 0F       		.uleb128 0xf
 1212 091e 58000000 		.4byte	.LASF274
 1213 0922 04       		.byte	0x4
 1214 0923 A7       		.byte	0xa7
 1215 0924 28090000 		.4byte	0x928
 1216 0928 10       		.uleb128 0x10
 1217 0929 04       		.byte	0x4
 1218 092a 2E090000 		.4byte	0x92e
 1219 092e 11       		.uleb128 0x11
 1220 092f BC080000 		.4byte	0x8bc
 1221 0933 12       		.uleb128 0x12
 1222 0934 50130000 		.4byte	.LASF275
 1223 0938 07       		.byte	0x7
 1224 0939 18       		.byte	0x18
 1225 093a 44090000 		.4byte	0x944
 1226 093e 05       		.uleb128 0x5
 1227 093f 03       		.byte	0x3
 1228 0940 00000000 		.4byte	UART_1_SCB_IRQ_cfg
 1229 0944 11       		.uleb128 0x11
 1230 0945 00090000 		.4byte	0x900
 1231 0949 12       		.uleb128 0x12
 1232 094a 600B0000 		.4byte	.LASF276
 1233 094e 07       		.byte	0x7
 1234 094f 1E       		.byte	0x1e
 1235 0950 44090000 		.4byte	0x944
 1236 0954 05       		.uleb128 0x5
 1237 0955 03       		.byte	0x3
 1238 0956 00000000 		.4byte	SysInt_1_cfg
 1239 095a 00       		.byte	0
 1240              		.section	.debug_abbrev,"",%progbits
 1241              	.Ldebug_abbrev0:
 1242 0000 01       		.uleb128 0x1
 1243 0001 11       		.uleb128 0x11
 1244 0002 01       		.byte	0x1
 1245 0003 25       		.uleb128 0x25
 1246 0004 0E       		.uleb128 0xe
 1247 0005 13       		.uleb128 0x13
 1248 0006 0B       		.uleb128 0xb
 1249 0007 03       		.uleb128 0x3
 1250 0008 0E       		.uleb128 0xe
 1251 0009 1B       		.uleb128 0x1b
 1252 000a 0E       		.uleb128 0xe
 1253 000b 10       		.uleb128 0x10
 1254 000c 17       		.uleb128 0x17
ARM GAS  C:\Users\JC\AppData\Local\Temp\ccb8XBiS.s 			page 23


 1255 000d 00       		.byte	0
 1256 000e 00       		.byte	0
 1257 000f 02       		.uleb128 0x2
 1258 0010 04       		.uleb128 0x4
 1259 0011 01       		.byte	0x1
 1260 0012 0B       		.uleb128 0xb
 1261 0013 0B       		.uleb128 0xb
 1262 0014 49       		.uleb128 0x49
 1263 0015 13       		.uleb128 0x13
 1264 0016 3A       		.uleb128 0x3a
 1265 0017 0B       		.uleb128 0xb
 1266 0018 3B       		.uleb128 0x3b
 1267 0019 0B       		.uleb128 0xb
 1268 001a 01       		.uleb128 0x1
 1269 001b 13       		.uleb128 0x13
 1270 001c 00       		.byte	0
 1271 001d 00       		.byte	0
 1272 001e 03       		.uleb128 0x3
 1273 001f 28       		.uleb128 0x28
 1274 0020 00       		.byte	0
 1275 0021 03       		.uleb128 0x3
 1276 0022 0E       		.uleb128 0xe
 1277 0023 1C       		.uleb128 0x1c
 1278 0024 0D       		.uleb128 0xd
 1279 0025 00       		.byte	0
 1280 0026 00       		.byte	0
 1281 0027 04       		.uleb128 0x4
 1282 0028 28       		.uleb128 0x28
 1283 0029 00       		.byte	0
 1284 002a 03       		.uleb128 0x3
 1285 002b 0E       		.uleb128 0xe
 1286 002c 1C       		.uleb128 0x1c
 1287 002d 0B       		.uleb128 0xb
 1288 002e 00       		.byte	0
 1289 002f 00       		.byte	0
 1290 0030 05       		.uleb128 0x5
 1291 0031 24       		.uleb128 0x24
 1292 0032 00       		.byte	0
 1293 0033 0B       		.uleb128 0xb
 1294 0034 0B       		.uleb128 0xb
 1295 0035 3E       		.uleb128 0x3e
 1296 0036 0B       		.uleb128 0xb
 1297 0037 03       		.uleb128 0x3
 1298 0038 0E       		.uleb128 0xe
 1299 0039 00       		.byte	0
 1300 003a 00       		.byte	0
 1301 003b 06       		.uleb128 0x6
 1302 003c 16       		.uleb128 0x16
 1303 003d 00       		.byte	0
 1304 003e 03       		.uleb128 0x3
 1305 003f 0E       		.uleb128 0xe
 1306 0040 3A       		.uleb128 0x3a
 1307 0041 0B       		.uleb128 0xb
 1308 0042 3B       		.uleb128 0x3b
 1309 0043 0B       		.uleb128 0xb
 1310 0044 49       		.uleb128 0x49
 1311 0045 13       		.uleb128 0x13
ARM GAS  C:\Users\JC\AppData\Local\Temp\ccb8XBiS.s 			page 24


 1312 0046 00       		.byte	0
 1313 0047 00       		.byte	0
 1314 0048 07       		.uleb128 0x7
 1315 0049 24       		.uleb128 0x24
 1316 004a 00       		.byte	0
 1317 004b 0B       		.uleb128 0xb
 1318 004c 0B       		.uleb128 0xb
 1319 004d 3E       		.uleb128 0x3e
 1320 004e 0B       		.uleb128 0xb
 1321 004f 03       		.uleb128 0x3
 1322 0050 08       		.uleb128 0x8
 1323 0051 00       		.byte	0
 1324 0052 00       		.byte	0
 1325 0053 08       		.uleb128 0x8
 1326 0054 13       		.uleb128 0x13
 1327 0055 01       		.byte	0x1
 1328 0056 0B       		.uleb128 0xb
 1329 0057 0B       		.uleb128 0xb
 1330 0058 3A       		.uleb128 0x3a
 1331 0059 0B       		.uleb128 0xb
 1332 005a 3B       		.uleb128 0x3b
 1333 005b 0B       		.uleb128 0xb
 1334 005c 01       		.uleb128 0x1
 1335 005d 13       		.uleb128 0x13
 1336 005e 00       		.byte	0
 1337 005f 00       		.byte	0
 1338 0060 09       		.uleb128 0x9
 1339 0061 0D       		.uleb128 0xd
 1340 0062 00       		.byte	0
 1341 0063 03       		.uleb128 0x3
 1342 0064 0E       		.uleb128 0xe
 1343 0065 3A       		.uleb128 0x3a
 1344 0066 0B       		.uleb128 0xb
 1345 0067 3B       		.uleb128 0x3b
 1346 0068 0B       		.uleb128 0xb
 1347 0069 49       		.uleb128 0x49
 1348 006a 13       		.uleb128 0x13
 1349 006b 38       		.uleb128 0x38
 1350 006c 0B       		.uleb128 0xb
 1351 006d 00       		.byte	0
 1352 006e 00       		.byte	0
 1353 006f 0A       		.uleb128 0xa
 1354 0070 13       		.uleb128 0x13
 1355 0071 01       		.byte	0x1
 1356 0072 0B       		.uleb128 0xb
 1357 0073 0B       		.uleb128 0xb
 1358 0074 3A       		.uleb128 0x3a
 1359 0075 0B       		.uleb128 0xb
 1360 0076 3B       		.uleb128 0x3b
 1361 0077 05       		.uleb128 0x5
 1362 0078 01       		.uleb128 0x1
 1363 0079 13       		.uleb128 0x13
 1364 007a 00       		.byte	0
 1365 007b 00       		.byte	0
 1366 007c 0B       		.uleb128 0xb
 1367 007d 0D       		.uleb128 0xd
 1368 007e 00       		.byte	0
ARM GAS  C:\Users\JC\AppData\Local\Temp\ccb8XBiS.s 			page 25


 1369 007f 03       		.uleb128 0x3
 1370 0080 0E       		.uleb128 0xe
 1371 0081 3A       		.uleb128 0x3a
 1372 0082 0B       		.uleb128 0xb
 1373 0083 3B       		.uleb128 0x3b
 1374 0084 05       		.uleb128 0x5
 1375 0085 49       		.uleb128 0x49
 1376 0086 13       		.uleb128 0x13
 1377 0087 38       		.uleb128 0x38
 1378 0088 0B       		.uleb128 0xb
 1379 0089 00       		.byte	0
 1380 008a 00       		.byte	0
 1381 008b 0C       		.uleb128 0xc
 1382 008c 16       		.uleb128 0x16
 1383 008d 00       		.byte	0
 1384 008e 03       		.uleb128 0x3
 1385 008f 0E       		.uleb128 0xe
 1386 0090 3A       		.uleb128 0x3a
 1387 0091 0B       		.uleb128 0xb
 1388 0092 3B       		.uleb128 0x3b
 1389 0093 05       		.uleb128 0x5
 1390 0094 49       		.uleb128 0x49
 1391 0095 13       		.uleb128 0x13
 1392 0096 00       		.byte	0
 1393 0097 00       		.byte	0
 1394 0098 0D       		.uleb128 0xd
 1395 0099 34       		.uleb128 0x34
 1396 009a 00       		.byte	0
 1397 009b 03       		.uleb128 0x3
 1398 009c 0E       		.uleb128 0xe
 1399 009d 3A       		.uleb128 0x3a
 1400 009e 0B       		.uleb128 0xb
 1401 009f 3B       		.uleb128 0x3b
 1402 00a0 05       		.uleb128 0x5
 1403 00a1 49       		.uleb128 0x49
 1404 00a2 13       		.uleb128 0x13
 1405 00a3 3F       		.uleb128 0x3f
 1406 00a4 19       		.uleb128 0x19
 1407 00a5 3C       		.uleb128 0x3c
 1408 00a6 19       		.uleb128 0x19
 1409 00a7 00       		.byte	0
 1410 00a8 00       		.byte	0
 1411 00a9 0E       		.uleb128 0xe
 1412 00aa 35       		.uleb128 0x35
 1413 00ab 00       		.byte	0
 1414 00ac 49       		.uleb128 0x49
 1415 00ad 13       		.uleb128 0x13
 1416 00ae 00       		.byte	0
 1417 00af 00       		.byte	0
 1418 00b0 0F       		.uleb128 0xf
 1419 00b1 34       		.uleb128 0x34
 1420 00b2 00       		.byte	0
 1421 00b3 03       		.uleb128 0x3
 1422 00b4 0E       		.uleb128 0xe
 1423 00b5 3A       		.uleb128 0x3a
 1424 00b6 0B       		.uleb128 0xb
 1425 00b7 3B       		.uleb128 0x3b
ARM GAS  C:\Users\JC\AppData\Local\Temp\ccb8XBiS.s 			page 26


 1426 00b8 0B       		.uleb128 0xb
 1427 00b9 49       		.uleb128 0x49
 1428 00ba 13       		.uleb128 0x13
 1429 00bb 3F       		.uleb128 0x3f
 1430 00bc 19       		.uleb128 0x19
 1431 00bd 3C       		.uleb128 0x3c
 1432 00be 19       		.uleb128 0x19
 1433 00bf 00       		.byte	0
 1434 00c0 00       		.byte	0
 1435 00c1 10       		.uleb128 0x10
 1436 00c2 0F       		.uleb128 0xf
 1437 00c3 00       		.byte	0
 1438 00c4 0B       		.uleb128 0xb
 1439 00c5 0B       		.uleb128 0xb
 1440 00c6 49       		.uleb128 0x49
 1441 00c7 13       		.uleb128 0x13
 1442 00c8 00       		.byte	0
 1443 00c9 00       		.byte	0
 1444 00ca 11       		.uleb128 0x11
 1445 00cb 26       		.uleb128 0x26
 1446 00cc 00       		.byte	0
 1447 00cd 49       		.uleb128 0x49
 1448 00ce 13       		.uleb128 0x13
 1449 00cf 00       		.byte	0
 1450 00d0 00       		.byte	0
 1451 00d1 12       		.uleb128 0x12
 1452 00d2 34       		.uleb128 0x34
 1453 00d3 00       		.byte	0
 1454 00d4 03       		.uleb128 0x3
 1455 00d5 0E       		.uleb128 0xe
 1456 00d6 3A       		.uleb128 0x3a
 1457 00d7 0B       		.uleb128 0xb
 1458 00d8 3B       		.uleb128 0x3b
 1459 00d9 0B       		.uleb128 0xb
 1460 00da 49       		.uleb128 0x49
 1461 00db 13       		.uleb128 0x13
 1462 00dc 3F       		.uleb128 0x3f
 1463 00dd 19       		.uleb128 0x19
 1464 00de 02       		.uleb128 0x2
 1465 00df 18       		.uleb128 0x18
 1466 00e0 00       		.byte	0
 1467 00e1 00       		.byte	0
 1468 00e2 00       		.byte	0
 1469              		.section	.debug_aranges,"",%progbits
 1470 0000 14000000 		.4byte	0x14
 1471 0004 0200     		.2byte	0x2
 1472 0006 00000000 		.4byte	.Ldebug_info0
 1473 000a 04       		.byte	0x4
 1474 000b 00       		.byte	0
 1475 000c 0000     		.2byte	0
 1476 000e 0000     		.2byte	0
 1477 0010 00000000 		.4byte	0
 1478 0014 00000000 		.4byte	0
 1479              		.section	.debug_line,"",%progbits
 1480              	.Ldebug_line0:
 1481 0000 4B020000 		.section	.debug_str,"MS",%progbits,1
 1481      02004502 
ARM GAS  C:\Users\JC\AppData\Local\Temp\ccb8XBiS.s 			page 27


 1481      00000201 
 1481      FB0E0D00 
 1481      01010101 
 1482              	.LASF223:
 1483 0000 666C6173 		.ascii	"flashCtlMainWs1Freq\000"
 1483      6843746C 
 1483      4D61696E 
 1483      57733146 
 1483      72657100 
 1484              	.LASF272:
 1485 0014 63795F73 		.ascii	"cy_stc_sysint_t\000"
 1485      74635F73 
 1485      7973696E 
 1485      745F7400 
 1486              	.LASF25:
 1487 0024 696F7373 		.ascii	"ioss_interrupt_gpio_IRQn\000"
 1487      5F696E74 
 1487      65727275 
 1487      70745F67 
 1487      70696F5F 
 1488              	.LASF123:
 1489 003d 74637077 		.ascii	"tcpwm_1_interrupts_15_IRQn\000"
 1489      6D5F315F 
 1489      696E7465 
 1489      72727570 
 1489      74735F31 
 1490              	.LASF274:
 1491 0058 63795F64 		.ascii	"cy_device\000"
 1491      65766963 
 1491      6500
 1492              	.LASF142:
 1493 0062 7564625F 		.ascii	"udb_interrupts_10_IRQn\000"
 1493      696E7465 
 1493      72727570 
 1493      74735F31 
 1493      305F4952 
 1494              	.LASF250:
 1495 0079 63707573 		.ascii	"cpussCm0ClockCtlOffset\000"
 1495      73436D30 
 1495      436C6F63 
 1495      6B43746C 
 1495      4F666673 
 1496              	.LASF67:
 1497 0090 63707573 		.ascii	"cpuss_interrupts_dw0_7_IRQn\000"
 1497      735F696E 
 1497      74657272 
 1497      75707473 
 1497      5F647730 
 1498              	.LASF267:
 1499 00ac 63686172 		.ascii	"char\000"
 1499      00
 1500              	.LASF36:
 1501 00b1 63707573 		.ascii	"cpuss_interrupts_ipc_1_IRQn\000"
 1501      735F696E 
 1501      74657272 
 1501      75707473 
 1501      5F697063 
ARM GAS  C:\Users\JC\AppData\Local\Temp\ccb8XBiS.s 			page 28


 1502              	.LASF54:
 1503 00cd 7363625F 		.ascii	"scb_3_interrupt_IRQn\000"
 1503      335F696E 
 1503      74657272 
 1503      7570745F 
 1503      4952516E 
 1504              	.LASF84:
 1505 00e2 63707573 		.ascii	"cpuss_interrupts_dw1_8_IRQn\000"
 1505      735F696E 
 1505      74657272 
 1505      75707473 
 1505      5F647731 
 1506              	.LASF90:
 1507 00fe 63707573 		.ascii	"cpuss_interrupts_dw1_14_IRQn\000"
 1507      735F696E 
 1507      74657272 
 1507      75707473 
 1507      5F647731 
 1508              	.LASF182:
 1509 011b 70657269 		.ascii	"periBase\000"
 1509      42617365 
 1509      00
 1510              	.LASF62:
 1511 0124 63707573 		.ascii	"cpuss_interrupts_dw0_2_IRQn\000"
 1511      735F696E 
 1511      74657272 
 1511      75707473 
 1511      5F647730 
 1512              	.LASF258:
 1513 0140 63707573 		.ascii	"cpussCm0NmiCtlOffset\000"
 1513      73436D30 
 1513      4E6D6943 
 1513      746C4F66 
 1513      66736574 
 1514              	.LASF228:
 1515 0155 64774368 		.ascii	"dwChSize\000"
 1515      53697A65 
 1515      00
 1516              	.LASF172:
 1517 015e 756E7369 		.ascii	"unsigned int\000"
 1517      676E6564 
 1517      20696E74 
 1517      00
 1518              	.LASF46:
 1519 016b 63707573 		.ascii	"cpuss_interrupts_ipc_11_IRQn\000"
 1519      735F696E 
 1519      74657272 
 1519      75707473 
 1519      5F697063 
 1520              	.LASF210:
 1521 0188 736D6966 		.ascii	"smifDeviceNr\000"
 1521      44657669 
 1521      63654E72 
 1521      00
 1522              	.LASF240:
 1523 0195 70657269 		.ascii	"periDivCmdPaTypeSelPos\000"
 1523      44697643 
ARM GAS  C:\Users\JC\AppData\Local\Temp\ccb8XBiS.s 			page 29


 1523      6D645061 
 1523      54797065 
 1523      53656C50 
 1524              	.LASF115:
 1525 01ac 74637077 		.ascii	"tcpwm_1_interrupts_7_IRQn\000"
 1525      6D5F315F 
 1525      696E7465 
 1525      72727570 
 1525      74735F37 
 1526              	.LASF166:
 1527 01c6 5F5F696E 		.ascii	"__int32_t\000"
 1527      7433325F 
 1527      7400
 1528              	.LASF33:
 1529 01d0 70617373 		.ascii	"pass_interrupt_ctbs_IRQn\000"
 1529      5F696E74 
 1529      65727275 
 1529      70745F63 
 1529      7462735F 
 1530              	.LASF206:
 1531 01e9 73727373 		.ascii	"srssNumClkpath\000"
 1531      4E756D43 
 1531      6C6B7061 
 1531      746800
 1532              	.LASF180:
 1533 01f8 63707573 		.ascii	"cpussBase\000"
 1533      73426173 
 1533      6500
 1534              	.LASF204:
 1535 0202 63707573 		.ascii	"cpussFmIrq\000"
 1535      73466D49 
 1535      727100
 1536              	.LASF30:
 1537 020d 73727373 		.ascii	"srss_interrupt_mcwdt_1_IRQn\000"
 1537      5F696E74 
 1537      65727275 
 1537      70745F6D 
 1537      63776474 
 1538              	.LASF12:
 1539 0229 696F7373 		.ascii	"ioss_interrupts_gpio_2_IRQn\000"
 1539      5F696E74 
 1539      65727275 
 1539      7074735F 
 1539      6770696F 
 1540              	.LASF205:
 1541 0245 63707573 		.ascii	"cpussNotConnectedIrq\000"
 1541      734E6F74 
 1541      436F6E6E 
 1541      65637465 
 1541      64497271 
 1542              	.LASF73:
 1543 025a 63707573 		.ascii	"cpuss_interrupts_dw0_13_IRQn\000"
 1543      735F696E 
 1543      74657272 
 1543      75707473 
 1543      5F647730 
 1544              	.LASF158:
ARM GAS  C:\Users\JC\AppData\Local\Temp\ccb8XBiS.s 			page 30


 1545 0277 73686F72 		.ascii	"short int\000"
 1545      7420696E 
 1545      7400
 1546              	.LASF131:
 1547 0281 74637077 		.ascii	"tcpwm_1_interrupts_23_IRQn\000"
 1547      6D5F315F 
 1547      696E7465 
 1547      72727570 
 1547      74735F32 
 1548              	.LASF129:
 1549 029c 74637077 		.ascii	"tcpwm_1_interrupts_21_IRQn\000"
 1549      6D5F315F 
 1549      696E7465 
 1549      72727570 
 1549      74735F32 
 1550              	.LASF146:
 1551 02b7 7564625F 		.ascii	"udb_interrupts_14_IRQn\000"
 1551      696E7465 
 1551      72727570 
 1551      74735F31 
 1551      345F4952 
 1552              	.LASF236:
 1553 02ce 70657269 		.ascii	"periTrGrSize\000"
 1553      54724772 
 1553      53697A65 
 1553      00
 1554              	.LASF107:
 1555 02db 74637077 		.ascii	"tcpwm_0_interrupts_7_IRQn\000"
 1555      6D5F305F 
 1555      696E7465 
 1555      72727570 
 1555      74735F37 
 1556              	.LASF239:
 1557 02f5 70657269 		.ascii	"periDivCmdPaDivSelPos\000"
 1557      44697643 
 1557      6D645061 
 1557      44697653 
 1557      656C506F 
 1558              	.LASF216:
 1559 030b 63727970 		.ascii	"cryptoMemSize\000"
 1559      746F4D65 
 1559      6D53697A 
 1559      6500
 1560              	.LASF262:
 1561 0319 63707573 		.ascii	"cpussRam1Ctl0\000"
 1561      7352616D 
 1561      3143746C 
 1561      3000
 1562              	.LASF76:
 1563 0327 63707573 		.ascii	"cpuss_interrupts_dw1_0_IRQn\000"
 1563      735F696E 
 1563      74657272 
 1563      75707473 
 1563      5F647731 
 1564              	.LASF102:
 1565 0343 74637077 		.ascii	"tcpwm_0_interrupts_2_IRQn\000"
 1565      6D5F305F 
ARM GAS  C:\Users\JC\AppData\Local\Temp\ccb8XBiS.s 			page 31


 1565      696E7465 
 1565      72727570 
 1565      74735F32 
 1566              	.LASF8:
 1567 035d 50656E64 		.ascii	"PendSV_IRQn\000"
 1567      53565F49 
 1567      52516E00 
 1568              	.LASF198:
 1569 0369 70726F74 		.ascii	"protVersion\000"
 1569      56657273 
 1569      696F6E00 
 1570              	.LASF108:
 1571 0375 74637077 		.ascii	"tcpwm_1_interrupts_0_IRQn\000"
 1571      6D5F315F 
 1571      696E7465 
 1571      72727570 
 1571      74735F30 
 1572              	.LASF174:
 1573 038f 696E7431 		.ascii	"int16_t\000"
 1573      365F7400 
 1574              	.LASF238:
 1575 0397 70657269 		.ascii	"periDivCmdTypeSelPos\000"
 1575      44697643 
 1575      6D645479 
 1575      70655365 
 1575      6C506F73 
 1576              	.LASF255:
 1577 03ac 63707573 		.ascii	"cpussTrimRamCtlOffset\000"
 1577      73547269 
 1577      6D52616D 
 1577      43746C4F 
 1577      66667365 
 1578              	.LASF139:
 1579 03c2 7564625F 		.ascii	"udb_interrupts_7_IRQn\000"
 1579      696E7465 
 1579      72727570 
 1579      74735F37 
 1579      5F495251 
 1580              	.LASF28:
 1581 03d8 7363625F 		.ascii	"scb_8_interrupt_IRQn\000"
 1581      385F696E 
 1581      74657272 
 1581      7570745F 
 1581      4952516E 
 1582              	.LASF279:
 1583 03ed 443A5C4F 		.ascii	"D:\\OneDrive\\OneDrive - UNSW\\2022_T1\\Thesis A\\d"
 1583      6E654472 
 1583      6976655C 
 1583      4F6E6544 
 1583      72697665 
 1584 041b 61726179 		.ascii	"arayus\\VDAC_Saw_Export.cydsn\000"
 1584      75735C56 
 1584      4441435F 
 1584      5361775F 
 1584      4578706F 
 1585              	.LASF125:
 1586 0438 74637077 		.ascii	"tcpwm_1_interrupts_17_IRQn\000"
ARM GAS  C:\Users\JC\AppData\Local\Temp\ccb8XBiS.s 			page 32


 1586      6D5F315F 
 1586      696E7465 
 1586      72727570 
 1586      74735F31 
 1587              	.LASF134:
 1588 0453 7564625F 		.ascii	"udb_interrupts_2_IRQn\000"
 1588      696E7465 
 1588      72727570 
 1588      74735F32 
 1588      5F495251 
 1589              	.LASF177:
 1590 0469 75696E74 		.ascii	"uint32_t\000"
 1590      33325F74 
 1590      00
 1591              	.LASF120:
 1592 0472 74637077 		.ascii	"tcpwm_1_interrupts_12_IRQn\000"
 1592      6D5F315F 
 1592      696E7465 
 1592      72727570 
 1592      74735F31 
 1593              	.LASF17:
 1594 048d 696F7373 		.ascii	"ioss_interrupts_gpio_7_IRQn\000"
 1594      5F696E74 
 1594      65727275 
 1594      7074735F 
 1594      6770696F 
 1595              	.LASF23:
 1596 04a9 696F7373 		.ascii	"ioss_interrupts_gpio_13_IRQn\000"
 1596      5F696E74 
 1596      65727275 
 1596      7074735F 
 1596      6770696F 
 1597              	.LASF147:
 1598 04c6 7564625F 		.ascii	"udb_interrupts_15_IRQn\000"
 1598      696E7465 
 1598      72727570 
 1598      74735F31 
 1598      355F4952 
 1599              	.LASF248:
 1600 04dd 6770696F 		.ascii	"gpioPrtCfgOutOffset\000"
 1600      50727443 
 1600      66674F75 
 1600      744F6666 
 1600      73657400 
 1601              	.LASF97:
 1602 04f1 63707573 		.ascii	"cpuss_interrupts_cm0_cti_1_IRQn\000"
 1602      735F696E 
 1602      74657272 
 1602      75707473 
 1602      5F636D30 
 1603              	.LASF268:
 1604 0511 666C6F61 		.ascii	"float\000"
 1604      7400
 1605              	.LASF191:
 1606 0517 63727970 		.ascii	"cryptoVersion\000"
 1606      746F5665 
 1606      7273696F 
ARM GAS  C:\Users\JC\AppData\Local\Temp\ccb8XBiS.s 			page 33


 1606      6E00
 1607              	.LASF220:
 1608 0525 666C6173 		.ascii	"flashProgramDelay\000"
 1608      6850726F 
 1608      6772616D 
 1608      44656C61 
 1608      7900
 1609              	.LASF55:
 1610 0537 7363625F 		.ascii	"scb_4_interrupt_IRQn\000"
 1610      345F696E 
 1610      74657272 
 1610      7570745F 
 1610      4952516E 
 1611              	.LASF181:
 1612 054c 666C6173 		.ascii	"flashcBase\000"
 1612      68634261 
 1612      736500
 1613              	.LASF81:
 1614 0557 63707573 		.ascii	"cpuss_interrupts_dw1_5_IRQn\000"
 1614      735F696E 
 1614      74657272 
 1614      75707473 
 1614      5F647731 
 1615              	.LASF247:
 1616 0573 6770696F 		.ascii	"gpioPrtCfgInOffset\000"
 1616      50727443 
 1616      6667496E 
 1616      4F666673 
 1616      657400
 1617              	.LASF87:
 1618 0586 63707573 		.ascii	"cpuss_interrupts_dw1_11_IRQn\000"
 1618      735F696E 
 1618      74657272 
 1618      75707473 
 1618      5F647731 
 1619              	.LASF154:
 1620 05a3 7573625F 		.ascii	"usb_interrupt_med_IRQn\000"
 1620      696E7465 
 1620      72727570 
 1620      745F6D65 
 1620      645F4952 
 1621              	.LASF219:
 1622 05ba 666C6173 		.ascii	"flashWriteDelay\000"
 1622      68577269 
 1622      74654465 
 1622      6C617900 
 1623              	.LASF171:
 1624 05ca 6C6F6E67 		.ascii	"long long unsigned int\000"
 1624      206C6F6E 
 1624      6720756E 
 1624      7369676E 
 1624      65642069 
 1625              	.LASF244:
 1626 05e1 70657269 		.ascii	"periDiv24_5CtlOffset\000"
 1626      44697632 
 1626      345F3543 
 1626      746C4F66 
ARM GAS  C:\Users\JC\AppData\Local\Temp\ccb8XBiS.s 			page 34


 1626      66736574 
 1627              	.LASF249:
 1628 05f6 6770696F 		.ascii	"gpioPrtCfgSioOffset\000"
 1628      50727443 
 1628      66675369 
 1628      6F4F6666 
 1628      73657400 
 1629              	.LASF48:
 1630 060a 63707573 		.ascii	"cpuss_interrupts_ipc_13_IRQn\000"
 1630      735F696E 
 1630      74657272 
 1630      75707473 
 1630      5F697063 
 1631              	.LASF203:
 1632 0627 63707573 		.ascii	"cpussIpc0Irq\000"
 1632      73497063 
 1632      30497271 
 1632      00
 1633              	.LASF31:
 1634 0634 73727373 		.ascii	"srss_interrupt_backup_IRQn\000"
 1634      5F696E74 
 1634      65727275 
 1634      70745F62 
 1634      61636B75 
 1635              	.LASF117:
 1636 064f 74637077 		.ascii	"tcpwm_1_interrupts_9_IRQn\000"
 1636      6D5F315F 
 1636      696E7465 
 1636      72727570 
 1636      74735F39 
 1637              	.LASF164:
 1638 0669 5F5F7569 		.ascii	"__uint16_t\000"
 1638      6E743136 
 1638      5F7400
 1639              	.LASF6:
 1640 0674 53564361 		.ascii	"SVCall_IRQn\000"
 1640      6C6C5F49 
 1640      52516E00 
 1641              	.LASF51:
 1642 0680 7363625F 		.ascii	"scb_0_interrupt_IRQn\000"
 1642      305F696E 
 1642      74657272 
 1642      7570745F 
 1642      4952516E 
 1643              	.LASF112:
 1644 0695 74637077 		.ascii	"tcpwm_1_interrupts_4_IRQn\000"
 1644      6D5F315F 
 1644      696E7465 
 1644      72727570 
 1644      74735F34 
 1645              	.LASF59:
 1646 06af 6373645F 		.ascii	"csd_interrupt_IRQn\000"
 1646      696E7465 
 1646      72727570 
 1646      745F4952 
 1646      516E00
 1647              	.LASF151:
ARM GAS  C:\Users\JC\AppData\Local\Temp\ccb8XBiS.s 			page 35


 1648 06c2 70726F66 		.ascii	"profile_interrupt_IRQn\000"
 1648      696C655F 
 1648      696E7465 
 1648      72727570 
 1648      745F4952 
 1649              	.LASF21:
 1650 06d9 696F7373 		.ascii	"ioss_interrupts_gpio_11_IRQn\000"
 1650      5F696E74 
 1650      65727275 
 1650      7074735F 
 1650      6770696F 
 1651              	.LASF43:
 1652 06f6 63707573 		.ascii	"cpuss_interrupts_ipc_8_IRQn\000"
 1652      735F696E 
 1652      74657272 
 1652      75707473 
 1652      5F697063 
 1653              	.LASF92:
 1654 0712 63707573 		.ascii	"cpuss_interrupts_fault_0_IRQn\000"
 1654      735F696E 
 1654      74657272 
 1654      75707473 
 1654      5F666175 
 1655              	.LASF225:
 1656 0730 666C6173 		.ascii	"flashCtlMainWs3Freq\000"
 1656      6843746C 
 1656      4D61696E 
 1656      57733346 
 1656      72657100 
 1657              	.LASF160:
 1658 0744 4952516E 		.ascii	"IRQn_Type\000"
 1658      5F547970 
 1658      6500
 1659              	.LASF207:
 1660 074e 73727373 		.ascii	"srssNumPll\000"
 1660      4E756D50 
 1660      6C6C00
 1661              	.LASF143:
 1662 0759 7564625F 		.ascii	"udb_interrupts_11_IRQn\000"
 1662      696E7465 
 1662      72727570 
 1662      74735F31 
 1662      315F4952 
 1663              	.LASF37:
 1664 0770 63707573 		.ascii	"cpuss_interrupts_ipc_2_IRQn\000"
 1664      735F696E 
 1664      74657272 
 1664      75707473 
 1664      5F697063 
 1665              	.LASF104:
 1666 078c 74637077 		.ascii	"tcpwm_0_interrupts_4_IRQn\000"
 1666      6D5F305F 
 1666      696E7465 
 1666      72727570 
 1666      74735F34 
 1667              	.LASF218:
 1668 07a6 666C6173 		.ascii	"flashPipeRequired\000"
ARM GAS  C:\Users\JC\AppData\Local\Temp\ccb8XBiS.s 			page 36


 1668      68506970 
 1668      65526571 
 1668      75697265 
 1668      6400
 1669              	.LASF233:
 1670 07b8 70657269 		.ascii	"periTrCmdOffset\000"
 1670      5472436D 
 1670      644F6666 
 1670      73657400 
 1671              	.LASF208:
 1672 07c8 73727373 		.ascii	"srssNumHfroot\000"
 1672      4E756D48 
 1672      66726F6F 
 1672      7400
 1673              	.LASF222:
 1674 07d6 666C6173 		.ascii	"flashCtlMainWs0Freq\000"
 1674      6843746C 
 1674      4D61696E 
 1674      57733046 
 1674      72657100 
 1675              	.LASF149:
 1676 07ea 61756469 		.ascii	"audioss_interrupt_i2s_IRQn\000"
 1676      6F73735F 
 1676      696E7465 
 1676      72727570 
 1676      745F6932 
 1677              	.LASF186:
 1678 0805 6770696F 		.ascii	"gpioBase\000"
 1678      42617365 
 1678      00
 1679              	.LASF156:
 1680 080e 70617373 		.ascii	"pass_interrupt_dacs_IRQn\000"
 1680      5F696E74 
 1680      65727275 
 1680      70745F64 
 1680      6163735F 
 1681              	.LASF109:
 1682 0827 74637077 		.ascii	"tcpwm_1_interrupts_1_IRQn\000"
 1682      6D5F315F 
 1682      696E7465 
 1682      72727570 
 1682      74735F31 
 1683              	.LASF136:
 1684 0841 7564625F 		.ascii	"udb_interrupts_4_IRQn\000"
 1684      696E7465 
 1684      72727570 
 1684      74735F34 
 1684      5F495251 
 1685              	.LASF150:
 1686 0857 61756469 		.ascii	"audioss_interrupt_pdm_IRQn\000"
 1686      6F73735F 
 1686      696E7465 
 1686      72727570 
 1686      745F7064 
 1687              	.LASF70:
 1688 0872 63707573 		.ascii	"cpuss_interrupts_dw0_10_IRQn\000"
 1688      735F696E 
ARM GAS  C:\Users\JC\AppData\Local\Temp\ccb8XBiS.s 			page 37


 1688      74657272 
 1688      75707473 
 1688      5F647730 
 1689              	.LASF122:
 1690 088f 74637077 		.ascii	"tcpwm_1_interrupts_14_IRQn\000"
 1690      6D5F315F 
 1690      696E7465 
 1690      72727570 
 1690      74735F31 
 1691              	.LASF19:
 1692 08aa 696F7373 		.ascii	"ioss_interrupts_gpio_9_IRQn\000"
 1692      5F696E74 
 1692      65727275 
 1692      7074735F 
 1692      6770696F 
 1693              	.LASF257:
 1694 08c6 63707573 		.ascii	"cpussSysTickCtlOffset\000"
 1694      73537973 
 1694      5469636B 
 1694      43746C4F 
 1694      66667365 
 1695              	.LASF213:
 1696 08dc 75646250 		.ascii	"udbPresent\000"
 1696      72657365 
 1696      6E7400
 1697              	.LASF231:
 1698 08e7 64775374 		.ascii	"dwStatusChIdxPos\000"
 1698      61747573 
 1698      43684964 
 1698      78506F73 
 1698      00
 1699              	.LASF66:
 1700 08f8 63707573 		.ascii	"cpuss_interrupts_dw0_6_IRQn\000"
 1700      735F696E 
 1700      74657272 
 1700      75707473 
 1700      5F647730 
 1701              	.LASF14:
 1702 0914 696F7373 		.ascii	"ioss_interrupts_gpio_4_IRQn\000"
 1702      5F696E74 
 1702      65727275 
 1702      7074735F 
 1702      6770696F 
 1703              	.LASF20:
 1704 0930 696F7373 		.ascii	"ioss_interrupts_gpio_10_IRQn\000"
 1704      5F696E74 
 1704      65727275 
 1704      7074735F 
 1704      6770696F 
 1705              	.LASF75:
 1706 094d 63707573 		.ascii	"cpuss_interrupts_dw0_15_IRQn\000"
 1706      735F696E 
 1706      74657272 
 1706      75707473 
 1706      5F647730 
 1707              	.LASF32:
 1708 096a 73727373 		.ascii	"srss_interrupt_IRQn\000"
ARM GAS  C:\Users\JC\AppData\Local\Temp\ccb8XBiS.s 			page 38


 1708      5F696E74 
 1708      65727275 
 1708      70745F49 
 1708      52516E00 
 1709              	.LASF202:
 1710 097e 63707573 		.ascii	"cpussFlashPaSize\000"
 1710      73466C61 
 1710      73685061 
 1710      53697A65 
 1710      00
 1711              	.LASF83:
 1712 098f 63707573 		.ascii	"cpuss_interrupts_dw1_7_IRQn\000"
 1712      735F696E 
 1712      74657272 
 1712      75707473 
 1712      5F647731 
 1713              	.LASF89:
 1714 09ab 63707573 		.ascii	"cpuss_interrupts_dw1_13_IRQn\000"
 1714      735F696E 
 1714      74657272 
 1714      75707473 
 1714      5F647731 
 1715              	.LASF61:
 1716 09c8 63707573 		.ascii	"cpuss_interrupts_dw0_1_IRQn\000"
 1716      735F696E 
 1716      74657272 
 1716      75707473 
 1716      5F647730 
 1717              	.LASF243:
 1718 09e4 70657269 		.ascii	"periDiv16_5CtlOffset\000"
 1718      44697631 
 1718      365F3543 
 1718      746C4F66 
 1718      66736574 
 1719              	.LASF157:
 1720 09f9 756E636F 		.ascii	"unconnected_IRQn\000"
 1720      6E6E6563 
 1720      7465645F 
 1720      4952516E 
 1720      00
 1721              	.LASF78:
 1722 0a0a 63707573 		.ascii	"cpuss_interrupts_dw1_2_IRQn\000"
 1722      735F696E 
 1722      74657272 
 1722      75707473 
 1722      5F647731 
 1723              	.LASF214:
 1724 0a26 73797350 		.ascii	"sysPmSimoPresent\000"
 1724      6D53696D 
 1724      6F507265 
 1724      73656E74 
 1724      00
 1725              	.LASF155:
 1726 0a37 7573625F 		.ascii	"usb_interrupt_lo_IRQn\000"
 1726      696E7465 
 1726      72727570 
 1726      745F6C6F 
ARM GAS  C:\Users\JC\AppData\Local\Temp\ccb8XBiS.s 			page 39


 1726      5F495251 
 1727              	.LASF45:
 1728 0a4d 63707573 		.ascii	"cpuss_interrupts_ipc_10_IRQn\000"
 1728      735F696E 
 1728      74657272 
 1728      75707473 
 1728      5F697063 
 1729              	.LASF95:
 1730 0a6a 63707573 		.ascii	"cpuss_interrupt_fm_IRQn\000"
 1730      735F696E 
 1730      74657272 
 1730      7570745F 
 1730      666D5F49 
 1731              	.LASF114:
 1732 0a82 74637077 		.ascii	"tcpwm_1_interrupts_6_IRQn\000"
 1732      6D5F315F 
 1732      696E7465 
 1732      72727570 
 1732      74735F36 
 1733              	.LASF141:
 1734 0a9c 7564625F 		.ascii	"udb_interrupts_9_IRQn\000"
 1734      696E7465 
 1734      72727570 
 1734      74735F39 
 1734      5F495251 
 1735              	.LASF232:
 1736 0ab2 64775374 		.ascii	"dwStatusChIdxMsk\000"
 1736      61747573 
 1736      43684964 
 1736      784D736B 
 1736      00
 1737              	.LASF145:
 1738 0ac3 7564625F 		.ascii	"udb_interrupts_13_IRQn\000"
 1738      696E7465 
 1738      72727570 
 1738      74735F31 
 1738      335F4952 
 1739              	.LASF173:
 1740 0ada 75696E74 		.ascii	"uint8_t\000"
 1740      385F7400 
 1741              	.LASF127:
 1742 0ae2 74637077 		.ascii	"tcpwm_1_interrupts_19_IRQn\000"
 1742      6D5F315F 
 1742      696E7465 
 1742      72727570 
 1742      74735F31 
 1743              	.LASF270:
 1744 0afd 696E7472 		.ascii	"intrSrc\000"
 1744      53726300 
 1745              	.LASF237:
 1746 0b05 70657269 		.ascii	"periDivCmdDivSelMsk\000"
 1746      44697643 
 1746      6D644469 
 1746      7653656C 
 1746      4D736B00 
 1747              	.LASF29:
 1748 0b19 73727373 		.ascii	"srss_interrupt_mcwdt_0_IRQn\000"
ARM GAS  C:\Users\JC\AppData\Local\Temp\ccb8XBiS.s 			page 40


 1748      5F696E74 
 1748      65727275 
 1748      70745F6D 
 1748      63776474 
 1749              	.LASF245:
 1750 0b35 6770696F 		.ascii	"gpioPrtIntrCfgOffset\000"
 1750      50727449 
 1750      6E747243 
 1750      66674F66 
 1750      66736574 
 1751              	.LASF27:
 1752 0b4a 6C70636F 		.ascii	"lpcomp_interrupt_IRQn\000"
 1752      6D705F69 
 1752      6E746572 
 1752      72757074 
 1752      5F495251 
 1753              	.LASF276:
 1754 0b60 53797349 		.ascii	"SysInt_1_cfg\000"
 1754      6E745F31 
 1754      5F636667 
 1754      00
 1755              	.LASF40:
 1756 0b6d 63707573 		.ascii	"cpuss_interrupts_ipc_5_IRQn\000"
 1756      735F696E 
 1756      74657272 
 1756      75707473 
 1756      5F697063 
 1757              	.LASF261:
 1758 0b89 63707573 		.ascii	"cpussRam0Ctl0\000"
 1758      7352616D 
 1758      3043746C 
 1758      3000
 1759              	.LASF170:
 1760 0b97 6C6F6E67 		.ascii	"long long int\000"
 1760      206C6F6E 
 1760      6720696E 
 1760      7400
 1761              	.LASF188:
 1762 0ba5 69706342 		.ascii	"ipcBase\000"
 1762      61736500 
 1763              	.LASF229:
 1764 0bad 64774368 		.ascii	"dwChCtlPrioPos\000"
 1764      43746C50 
 1764      72696F50 
 1764      6F7300
 1765              	.LASF189:
 1766 0bbc 63727970 		.ascii	"cryptoBase\000"
 1766      746F4261 
 1766      736500
 1767              	.LASF35:
 1768 0bc7 63707573 		.ascii	"cpuss_interrupts_ipc_0_IRQn\000"
 1768      735F696E 
 1768      74657272 
 1768      75707473 
 1768      5F697063 
 1769              	.LASF101:
 1770 0be3 74637077 		.ascii	"tcpwm_0_interrupts_1_IRQn\000"
ARM GAS  C:\Users\JC\AppData\Local\Temp\ccb8XBiS.s 			page 41


 1770      6D5F305F 
 1770      696E7465 
 1770      72727570 
 1770      74735F31 
 1771              	.LASF56:
 1772 0bfd 7363625F 		.ascii	"scb_5_interrupt_IRQn\000"
 1772      355F696E 
 1772      74657272 
 1772      7570745F 
 1772      4952516E 
 1773              	.LASF50:
 1774 0c12 63707573 		.ascii	"cpuss_interrupts_ipc_15_IRQn\000"
 1774      735F696E 
 1774      74657272 
 1774      75707473 
 1774      5F697063 
 1775              	.LASF163:
 1776 0c2f 5F5F696E 		.ascii	"__int16_t\000"
 1776      7431365F 
 1776      7400
 1777              	.LASF209:
 1778 0c39 70657269 		.ascii	"periClockNr\000"
 1778      436C6F63 
 1778      6B4E7200 
 1779              	.LASF185:
 1780 0c45 6873696F 		.ascii	"hsiomBase\000"
 1780      6D426173 
 1780      6500
 1781              	.LASF4:
 1782 0c4f 42757346 		.ascii	"BusFault_IRQn\000"
 1782      61756C74 
 1782      5F495251 
 1782      6E00
 1783              	.LASF251:
 1784 0c5d 63707573 		.ascii	"cpussCm4ClockCtlOffset\000"
 1784      73436D34 
 1784      436C6F63 
 1784      6B43746C 
 1784      4F666673 
 1785              	.LASF235:
 1786 0c74 70657269 		.ascii	"periTrGrOffset\000"
 1786      54724772 
 1786      4F666673 
 1786      657400
 1787              	.LASF133:
 1788 0c83 7564625F 		.ascii	"udb_interrupts_1_IRQn\000"
 1788      696E7465 
 1788      72727570 
 1788      74735F31 
 1788      5F495251 
 1789              	.LASF201:
 1790 0c99 63707573 		.ascii	"cpussDwChNr\000"
 1790      73447743 
 1790      684E7200 
 1791              	.LASF153:
 1792 0ca5 7573625F 		.ascii	"usb_interrupt_hi_IRQn\000"
 1792      696E7465 
ARM GAS  C:\Users\JC\AppData\Local\Temp\ccb8XBiS.s 			page 42


 1792      72727570 
 1792      745F6869 
 1792      5F495251 
 1793              	.LASF52:
 1794 0cbb 7363625F 		.ascii	"scb_1_interrupt_IRQn\000"
 1794      315F696E 
 1794      74657272 
 1794      7570745F 
 1794      4952516E 
 1795              	.LASF119:
 1796 0cd0 74637077 		.ascii	"tcpwm_1_interrupts_11_IRQn\000"
 1796      6D5F315F 
 1796      696E7465 
 1796      72727570 
 1796      74735F31 
 1797              	.LASF16:
 1798 0ceb 696F7373 		.ascii	"ioss_interrupts_gpio_6_IRQn\000"
 1798      5F696E74 
 1798      65727275 
 1798      7074735F 
 1798      6770696F 
 1799              	.LASF199:
 1800 0d07 63707573 		.ascii	"cpussIpcNr\000"
 1800      73497063 
 1800      4E7200
 1801              	.LASF252:
 1802 0d12 63707573 		.ascii	"cpussCm4StatusOffset\000"
 1802      73436D34 
 1802      53746174 
 1802      75734F66 
 1802      66736574 
 1803              	.LASF96:
 1804 0d27 63707573 		.ascii	"cpuss_interrupts_cm0_cti_0_IRQn\000"
 1804      735F696E 
 1804      74657272 
 1804      75707473 
 1804      5F636D30 
 1805              	.LASF85:
 1806 0d47 63707573 		.ascii	"cpuss_interrupts_dw1_9_IRQn\000"
 1806      735F696E 
 1806      74657272 
 1806      75707473 
 1806      5F647731 
 1807              	.LASF69:
 1808 0d63 63707573 		.ascii	"cpuss_interrupts_dw0_9_IRQn\000"
 1808      735F696E 
 1808      74657272 
 1808      75707473 
 1808      5F647730 
 1809              	.LASF63:
 1810 0d7f 63707573 		.ascii	"cpuss_interrupts_dw0_3_IRQn\000"
 1810      735F696E 
 1810      74657272 
 1810      75707473 
 1810      5F647730 
 1811              	.LASF263:
 1812 0d9b 63707573 		.ascii	"cpussRam2Ctl0\000"
ARM GAS  C:\Users\JC\AppData\Local\Temp\ccb8XBiS.s 			page 43


 1812      7352616D 
 1812      3243746C 
 1812      3000
 1813              	.LASF11:
 1814 0da9 696F7373 		.ascii	"ioss_interrupts_gpio_1_IRQn\000"
 1814      5F696E74 
 1814      65727275 
 1814      7074735F 
 1814      6770696F 
 1815              	.LASF72:
 1816 0dc5 63707573 		.ascii	"cpuss_interrupts_dw0_12_IRQn\000"
 1816      735F696E 
 1816      74657272 
 1816      75707473 
 1816      5F647730 
 1817              	.LASF80:
 1818 0de2 63707573 		.ascii	"cpuss_interrupts_dw1_4_IRQn\000"
 1818      735F696E 
 1818      74657272 
 1818      75707473 
 1818      5F647731 
 1819              	.LASF86:
 1820 0dfe 63707573 		.ascii	"cpuss_interrupts_dw1_10_IRQn\000"
 1820      735F696E 
 1820      74657272 
 1820      75707473 
 1820      5F647731 
 1821              	.LASF106:
 1822 0e1b 74637077 		.ascii	"tcpwm_0_interrupts_6_IRQn\000"
 1822      6D5F305F 
 1822      696E7465 
 1822      72727570 
 1822      74735F36 
 1823              	.LASF242:
 1824 0e35 70657269 		.ascii	"periDiv16CtlOffset\000"
 1824      44697631 
 1824      3643746C 
 1824      4F666673 
 1824      657400
 1825              	.LASF116:
 1826 0e48 74637077 		.ascii	"tcpwm_1_interrupts_8_IRQn\000"
 1826      6D5F315F 
 1826      696E7465 
 1826      72727570 
 1826      74735F38 
 1827              	.LASF165:
 1828 0e62 73686F72 		.ascii	"short unsigned int\000"
 1828      7420756E 
 1828      7369676E 
 1828      65642069 
 1828      6E7400
 1829              	.LASF179:
 1830 0e75 6C6F6E67 		.ascii	"long double\000"
 1830      20646F75 
 1830      626C6500 
 1831              	.LASF175:
 1832 0e81 75696E74 		.ascii	"uint16_t\000"
ARM GAS  C:\Users\JC\AppData\Local\Temp\ccb8XBiS.s 			page 44


 1832      31365F74 
 1832      00
 1833              	.LASF184:
 1834 0e8a 70726F74 		.ascii	"protBase\000"
 1834      42617365 
 1834      00
 1835              	.LASF234:
 1836 0e93 70657269 		.ascii	"periTrCmdGrSelMsk\000"
 1836      5472436D 
 1836      64477253 
 1836      656C4D73 
 1836      6B00
 1837              	.LASF99:
 1838 0ea5 63707573 		.ascii	"cpuss_interrupts_cm4_cti_1_IRQn\000"
 1838      735F696E 
 1838      74657272 
 1838      75707473 
 1838      5F636D34 
 1839              	.LASF111:
 1840 0ec5 74637077 		.ascii	"tcpwm_1_interrupts_3_IRQn\000"
 1840      6D5F315F 
 1840      696E7465 
 1840      72727570 
 1840      74735F33 
 1841              	.LASF138:
 1842 0edf 7564625F 		.ascii	"udb_interrupts_6_IRQn\000"
 1842      696E7465 
 1842      72727570 
 1842      74735F36 
 1842      5F495251 
 1843              	.LASF192:
 1844 0ef5 64775665 		.ascii	"dwVersion\000"
 1844      7273696F 
 1844      6E00
 1845              	.LASF124:
 1846 0eff 74637077 		.ascii	"tcpwm_1_interrupts_16_IRQn\000"
 1846      6D5F315F 
 1846      696E7465 
 1846      72727570 
 1846      74735F31 
 1847              	.LASF42:
 1848 0f1a 63707573 		.ascii	"cpuss_interrupts_ipc_7_IRQn\000"
 1848      735F696E 
 1848      74657272 
 1848      75707473 
 1848      5F697063 
 1849              	.LASF137:
 1850 0f36 7564625F 		.ascii	"udb_interrupts_5_IRQn\000"
 1850      696E7465 
 1850      72727570 
 1850      74735F35 
 1850      5F495251 
 1851              	.LASF178:
 1852 0f4c 73697A65 		.ascii	"sizetype\000"
 1852      74797065 
 1852      00
 1853              	.LASF259:
ARM GAS  C:\Users\JC\AppData\Local\Temp\ccb8XBiS.s 			page 45


 1854 0f55 63707573 		.ascii	"cpussCm4NmiCtlOffset\000"
 1854      73436D34 
 1854      4E6D6943 
 1854      746C4F66 
 1854      66736574 
 1855              	.LASF253:
 1856 0f6a 63707573 		.ascii	"cpussCm0StatusOffset\000"
 1856      73436D30 
 1856      53746174 
 1856      75734F66 
 1856      66736574 
 1857              	.LASF241:
 1858 0f7f 70657269 		.ascii	"periDiv8CtlOffset\000"
 1858      44697638 
 1858      43746C4F 
 1858      66667365 
 1858      7400
 1859              	.LASF68:
 1860 0f91 63707573 		.ascii	"cpuss_interrupts_dw0_8_IRQn\000"
 1860      735F696E 
 1860      74657272 
 1860      75707473 
 1860      5F647730 
 1861              	.LASF22:
 1862 0fad 696F7373 		.ascii	"ioss_interrupts_gpio_12_IRQn\000"
 1862      5F696E74 
 1862      65727275 
 1862      7074735F 
 1862      6770696F 
 1863              	.LASF34:
 1864 0fca 626C6573 		.ascii	"bless_interrupt_IRQn\000"
 1864      735F696E 
 1864      74657272 
 1864      7570745F 
 1864      4952516E 
 1865              	.LASF167:
 1866 0fdf 6C6F6E67 		.ascii	"long int\000"
 1866      20696E74 
 1866      00
 1867              	.LASF91:
 1868 0fe8 63707573 		.ascii	"cpuss_interrupts_dw1_15_IRQn\000"
 1868      735F696E 
 1868      74657272 
 1868      75707473 
 1868      5F647731 
 1869              	.LASF190:
 1870 1005 63707573 		.ascii	"cpussVersion\000"
 1870      73566572 
 1870      73696F6E 
 1870      00
 1871              	.LASF273:
 1872 1012 49544D5F 		.ascii	"ITM_RxBuffer\000"
 1872      52784275 
 1872      66666572 
 1872      00
 1873              	.LASF194:
 1874 101f 6770696F 		.ascii	"gpioVersion\000"
ARM GAS  C:\Users\JC\AppData\Local\Temp\ccb8XBiS.s 			page 46


 1874      56657273 
 1874      696F6E00 
 1875              	.LASF1:
 1876 102b 4E6F6E4D 		.ascii	"NonMaskableInt_IRQn\000"
 1876      61736B61 
 1876      626C6549 
 1876      6E745F49 
 1876      52516E00 
 1877              	.LASF128:
 1878 103f 74637077 		.ascii	"tcpwm_1_interrupts_20_IRQn\000"
 1878      6D5F315F 
 1878      696E7465 
 1878      72727570 
 1878      74735F32 
 1879              	.LASF193:
 1880 105a 666C6173 		.ascii	"flashcVersion\000"
 1880      68635665 
 1880      7273696F 
 1880      6E00
 1881              	.LASF215:
 1882 1068 70726F74 		.ascii	"protBusMasterMask\000"
 1882      4275734D 
 1882      61737465 
 1882      724D6173 
 1882      6B00
 1883              	.LASF57:
 1884 107a 7363625F 		.ascii	"scb_6_interrupt_IRQn\000"
 1884      365F696E 
 1884      74657272 
 1884      7570745F 
 1884      4952516E 
 1885              	.LASF47:
 1886 108f 63707573 		.ascii	"cpuss_interrupts_ipc_12_IRQn\000"
 1886      735F696E 
 1886      74657272 
 1886      75707473 
 1886      5F697063 
 1887              	.LASF24:
 1888 10ac 696F7373 		.ascii	"ioss_interrupts_gpio_14_IRQn\000"
 1888      5F696E74 
 1888      65727275 
 1888      7074735F 
 1888      6770696F 
 1889              	.LASF41:
 1890 10c9 63707573 		.ascii	"cpuss_interrupts_ipc_6_IRQn\000"
 1890      735F696E 
 1890      74657272 
 1890      75707473 
 1890      5F697063 
 1891              	.LASF3:
 1892 10e5 4D656D6F 		.ascii	"MemoryManagement_IRQn\000"
 1892      72794D61 
 1892      6E616765 
 1892      6D656E74 
 1892      5F495251 
 1893              	.LASF18:
 1894 10fb 696F7373 		.ascii	"ioss_interrupts_gpio_8_IRQn\000"
ARM GAS  C:\Users\JC\AppData\Local\Temp\ccb8XBiS.s 			page 47


 1894      5F696E74 
 1894      65727275 
 1894      7074735F 
 1894      6770696F 
 1895              	.LASF254:
 1896 1117 63707573 		.ascii	"cpussCm4PwrCtlOffset\000"
 1896      73436D34 
 1896      50777243 
 1896      746C4F66 
 1896      66736574 
 1897              	.LASF152:
 1898 112c 736D6966 		.ascii	"smif_interrupt_IRQn\000"
 1898      5F696E74 
 1898      65727275 
 1898      70745F49 
 1898      52516E00 
 1899              	.LASF53:
 1900 1140 7363625F 		.ascii	"scb_2_interrupt_IRQn\000"
 1900      325F696E 
 1900      74657272 
 1900      7570745F 
 1900      4952516E 
 1901              	.LASF13:
 1902 1155 696F7373 		.ascii	"ioss_interrupts_gpio_3_IRQn\000"
 1902      5F696E74 
 1902      65727275 
 1902      7074735F 
 1902      6770696F 
 1903              	.LASF74:
 1904 1171 63707573 		.ascii	"cpuss_interrupts_dw0_14_IRQn\000"
 1904      735F696E 
 1904      74657272 
 1904      75707473 
 1904      5F647730 
 1905              	.LASF211:
 1906 118e 70617373 		.ascii	"passSarChannels\000"
 1906      53617243 
 1906      68616E6E 
 1906      656C7300 
 1907              	.LASF82:
 1908 119e 63707573 		.ascii	"cpuss_interrupts_dw1_6_IRQn\000"
 1908      735F696E 
 1908      74657272 
 1908      75707473 
 1908      5F647731 
 1909              	.LASF130:
 1910 11ba 74637077 		.ascii	"tcpwm_1_interrupts_22_IRQn\000"
 1910      6D5F315F 
 1910      696E7465 
 1910      72727570 
 1910      74735F32 
 1911              	.LASF60:
 1912 11d5 63707573 		.ascii	"cpuss_interrupts_dw0_0_IRQn\000"
 1912      735F696E 
 1912      74657272 
 1912      75707473 
 1912      5F647730 
ARM GAS  C:\Users\JC\AppData\Local\Temp\ccb8XBiS.s 			page 48


 1913              	.LASF256:
 1914 11f1 63707573 		.ascii	"cpussTrimRomCtlOffset\000"
 1914      73547269 
 1914      6D526F6D 
 1914      43746C4F 
 1914      66667365 
 1915              	.LASF271:
 1916 1207 696E7472 		.ascii	"intrPriority\000"
 1916      5072696F 
 1916      72697479 
 1916      00
 1917              	.LASF144:
 1918 1214 7564625F 		.ascii	"udb_interrupts_12_IRQn\000"
 1918      696E7465 
 1918      72727570 
 1918      74735F31 
 1918      325F4952 
 1919              	.LASF9:
 1920 122b 53797354 		.ascii	"SysTick_IRQn\000"
 1920      69636B5F 
 1920      4952516E 
 1920      00
 1921              	.LASF195:
 1922 1238 6873696F 		.ascii	"hsiomVersion\000"
 1922      6D566572 
 1922      73696F6E 
 1922      00
 1923              	.LASF77:
 1924 1245 63707573 		.ascii	"cpuss_interrupts_dw1_1_IRQn\000"
 1924      735F696E 
 1924      74657272 
 1924      75707473 
 1924      5F647731 
 1925              	.LASF264:
 1926 1261 69706353 		.ascii	"ipcStructSize\000"
 1926      74727563 
 1926      7453697A 
 1926      6500
 1927              	.LASF169:
 1928 126f 6C6F6E67 		.ascii	"long unsigned int\000"
 1928      20756E73 
 1928      69676E65 
 1928      6420696E 
 1928      7400
 1929              	.LASF103:
 1930 1281 74637077 		.ascii	"tcpwm_0_interrupts_3_IRQn\000"
 1930      6D5F305F 
 1930      696E7465 
 1930      72727570 
 1930      74735F33 
 1931              	.LASF260:
 1932 129b 63707573 		.ascii	"cpussRomCtl\000"
 1932      73526F6D 
 1932      43746C00 
 1933              	.LASF64:
 1934 12a7 63707573 		.ascii	"cpuss_interrupts_dw0_4_IRQn\000"
 1934      735F696E 
ARM GAS  C:\Users\JC\AppData\Local\Temp\ccb8XBiS.s 			page 49


 1934      74657272 
 1934      75707473 
 1934      5F647730 
 1935              	.LASF176:
 1936 12c3 696E7433 		.ascii	"int32_t\000"
 1936      325F7400 
 1937              	.LASF266:
 1938 12cb 63795F73 		.ascii	"cy_stc_device_t\000"
 1938      74635F64 
 1938      65766963 
 1938      655F7400 
 1939              	.LASF113:
 1940 12db 74637077 		.ascii	"tcpwm_1_interrupts_5_IRQn\000"
 1940      6D5F315F 
 1940      696E7465 
 1940      72727570 
 1940      74735F35 
 1941              	.LASF140:
 1942 12f5 7564625F 		.ascii	"udb_interrupts_8_IRQn\000"
 1942      696E7465 
 1942      72727570 
 1942      74735F38 
 1942      5F495251 
 1943              	.LASF183:
 1944 130b 75646242 		.ascii	"udbBase\000"
 1944      61736500 
 1945              	.LASF126:
 1946 1313 74637077 		.ascii	"tcpwm_1_interrupts_18_IRQn\000"
 1946      6D5F315F 
 1946      696E7465 
 1946      72727570 
 1946      74735F31 
 1947              	.LASF7:
 1948 132e 44656275 		.ascii	"DebugMonitor_IRQn\000"
 1948      674D6F6E 
 1948      69746F72 
 1948      5F495251 
 1948      6E00
 1949              	.LASF5:
 1950 1340 55736167 		.ascii	"UsageFault_IRQn\000"
 1950      65466175 
 1950      6C745F49 
 1950      52516E00 
 1951              	.LASF275:
 1952 1350 55415254 		.ascii	"UART_1_SCB_IRQ_cfg\000"
 1952      5F315F53 
 1952      43425F49 
 1952      52515F63 
 1952      666700
 1953              	.LASF135:
 1954 1363 7564625F 		.ascii	"udb_interrupts_3_IRQn\000"
 1954      696E7465 
 1954      72727570 
 1954      74735F33 
 1954      5F495251 
 1955              	.LASF162:
 1956 1379 756E7369 		.ascii	"unsigned char\000"
ARM GAS  C:\Users\JC\AppData\Local\Temp\ccb8XBiS.s 			page 50


 1956      676E6564 
 1956      20636861 
 1956      7200
 1957              	.LASF278:
 1958 1387 47656E65 		.ascii	"Generated_Source\\PSoC6\\cyfitter_sysint_cfg.c\000"
 1958      72617465 
 1958      645F536F 
 1958      75726365 
 1958      5C50536F 
 1959              	.LASF168:
 1960 13b4 5F5F7569 		.ascii	"__uint32_t\000"
 1960      6E743332 
 1960      5F7400
 1961              	.LASF265:
 1962 13bf 6970634C 		.ascii	"ipcLockStatusOffset\000"
 1962      6F636B53 
 1962      74617475 
 1962      734F6666 
 1962      73657400 
 1963              	.LASF121:
 1964 13d3 74637077 		.ascii	"tcpwm_1_interrupts_13_IRQn\000"
 1964      6D5F315F 
 1964      696E7465 
 1964      72727570 
 1964      74735F31 
 1965              	.LASF39:
 1966 13ee 63707573 		.ascii	"cpuss_interrupts_ipc_4_IRQn\000"
 1966      735F696E 
 1966      74657272 
 1966      75707473 
 1966      5F697063 
 1967              	.LASF221:
 1968 140a 666C6173 		.ascii	"flashEraseDelay\000"
 1968      68457261 
 1968      73654465 
 1968      6C617900 
 1969              	.LASF65:
 1970 141a 63707573 		.ascii	"cpuss_interrupts_dw0_5_IRQn\000"
 1970      735F696E 
 1970      74657272 
 1970      75707473 
 1970      5F647730 
 1971              	.LASF227:
 1972 1436 64774368 		.ascii	"dwChOffset\000"
 1972      4F666673 
 1972      657400
 1973              	.LASF88:
 1974 1441 63707573 		.ascii	"cpuss_interrupts_dw1_12_IRQn\000"
 1974      735F696E 
 1974      74657272 
 1974      75707473 
 1974      5F647731 
 1975              	.LASF26:
 1976 145e 696F7373 		.ascii	"ioss_interrupt_vdd_IRQn\000"
 1976      5F696E74 
 1976      65727275 
 1976      70745F76 
ARM GAS  C:\Users\JC\AppData\Local\Temp\ccb8XBiS.s 			page 51


 1976      64645F49 
 1977              	.LASF161:
 1978 1476 5F5F7569 		.ascii	"__uint8_t\000"
 1978      6E74385F 
 1978      7400
 1979              	.LASF49:
 1980 1480 63707573 		.ascii	"cpuss_interrupts_ipc_14_IRQn\000"
 1980      735F696E 
 1980      74657272 
 1980      75707473 
 1980      5F697063 
 1981              	.LASF0:
 1982 149d 52657365 		.ascii	"Reset_IRQn\000"
 1982      745F4952 
 1982      516E00
 1983              	.LASF217:
 1984 14a8 666C6173 		.ascii	"flashRwwRequired\000"
 1984      68527777 
 1984      52657175 
 1984      69726564 
 1984      00
 1985              	.LASF246:
 1986 14b9 6770696F 		.ascii	"gpioPrtCfgOffset\000"
 1986      50727443 
 1986      66674F66 
 1986      66736574 
 1986      00
 1987              	.LASF212:
 1988 14ca 65704D6F 		.ascii	"epMonitorNr\000"
 1988      6E69746F 
 1988      724E7200 
 1989              	.LASF2:
 1990 14d6 48617264 		.ascii	"HardFault_IRQn\000"
 1990      4661756C 
 1990      745F4952 
 1990      516E00
 1991              	.LASF159:
 1992 14e5 7369676E 		.ascii	"signed char\000"
 1992      65642063 
 1992      68617200 
 1993              	.LASF148:
 1994 14f1 70617373 		.ascii	"pass_interrupt_sar_IRQn\000"
 1994      5F696E74 
 1994      65727275 
 1994      70745F73 
 1994      61725F49 
 1995              	.LASF132:
 1996 1509 7564625F 		.ascii	"udb_interrupts_0_IRQn\000"
 1996      696E7465 
 1996      72727570 
 1996      74735F30 
 1996      5F495251 
 1997              	.LASF200:
 1998 151f 63707573 		.ascii	"cpussIpcIrqNr\000"
 1998      73497063 
 1998      4972714E 
 1998      7200
ARM GAS  C:\Users\JC\AppData\Local\Temp\ccb8XBiS.s 			page 52


 1999              	.LASF230:
 2000 152d 64774368 		.ascii	"dwChCtlPreemptablePos\000"
 2000      43746C50 
 2000      7265656D 
 2000      70746162 
 2000      6C65506F 
 2001              	.LASF118:
 2002 1543 74637077 		.ascii	"tcpwm_1_interrupts_10_IRQn\000"
 2002      6D5F315F 
 2002      696E7465 
 2002      72727570 
 2002      74735F31 
 2003              	.LASF15:
 2004 155e 696F7373 		.ascii	"ioss_interrupts_gpio_5_IRQn\000"
 2004      5F696E74 
 2004      65727275 
 2004      7074735F 
 2004      6770696F 
 2005              	.LASF44:
 2006 157a 63707573 		.ascii	"cpuss_interrupts_ipc_9_IRQn\000"
 2006      735F696E 
 2006      74657272 
 2006      75707473 
 2006      5F697063 
 2007              	.LASF197:
 2008 1596 70657269 		.ascii	"periVersion\000"
 2008      56657273 
 2008      696F6E00 
 2009              	.LASF93:
 2010 15a2 63707573 		.ascii	"cpuss_interrupts_fault_1_IRQn\000"
 2010      735F696E 
 2010      74657272 
 2010      75707473 
 2010      5F666175 
 2011              	.LASF269:
 2012 15c0 646F7562 		.ascii	"double\000"
 2012      6C6500
 2013              	.LASF187:
 2014 15c7 70617373 		.ascii	"passBase\000"
 2014      42617365 
 2014      00
 2015              	.LASF224:
 2016 15d0 666C6173 		.ascii	"flashCtlMainWs2Freq\000"
 2016      6843746C 
 2016      4D61696E 
 2016      57733246 
 2016      72657100 
 2017              	.LASF10:
 2018 15e4 696F7373 		.ascii	"ioss_interrupts_gpio_0_IRQn\000"
 2018      5F696E74 
 2018      65727275 
 2018      7074735F 
 2018      6770696F 
 2019              	.LASF71:
 2020 1600 63707573 		.ascii	"cpuss_interrupts_dw0_11_IRQn\000"
 2020      735F696E 
 2020      74657272 
ARM GAS  C:\Users\JC\AppData\Local\Temp\ccb8XBiS.s 			page 53


 2020      75707473 
 2020      5F647730 
 2021              	.LASF226:
 2022 161d 666C6173 		.ascii	"flashCtlMainWs4Freq\000"
 2022      6843746C 
 2022      4D61696E 
 2022      57733446 
 2022      72657100 
 2023              	.LASF79:
 2024 1631 63707573 		.ascii	"cpuss_interrupts_dw1_3_IRQn\000"
 2024      735F696E 
 2024      74657272 
 2024      75707473 
 2024      5F647731 
 2025              	.LASF105:
 2026 164d 74637077 		.ascii	"tcpwm_0_interrupts_5_IRQn\000"
 2026      6D5F305F 
 2026      696E7465 
 2026      72727570 
 2026      74735F35 
 2027              	.LASF277:
 2028 1667 474E5520 		.ascii	"GNU C11 5.4.1 20160609 (release) [ARM/embedded-5-br"
 2028      43313120 
 2028      352E342E 
 2028      31203230 
 2028      31363036 
 2029 169a 616E6368 		.ascii	"anch revision 237715] -mcpu=cortex-m4 -mfloat-abi=s"
 2029      20726576 
 2029      6973696F 
 2029      6E203233 
 2029      37373135 
 2030 16cd 6F667466 		.ascii	"oftfp -mfpu=fpv4-sp-d16 -mthumb -g -O0 -ffunction-s"
 2030      70202D6D 
 2030      6670753D 
 2030      66707634 
 2030      2D73702D 
 2031 1700 65637469 		.ascii	"ections -ffat-lto-objects\000"
 2031      6F6E7320 
 2031      2D666661 
 2031      742D6C74 
 2031      6F2D6F62 
 2032              	.LASF94:
 2033 171a 63707573 		.ascii	"cpuss_interrupt_crypto_IRQn\000"
 2033      735F696E 
 2033      74657272 
 2033      7570745F 
 2033      63727970 
 2034              	.LASF100:
 2035 1736 74637077 		.ascii	"tcpwm_0_interrupts_0_IRQn\000"
 2035      6D5F305F 
 2035      696E7465 
 2035      72727570 
 2035      74735F30 
 2036              	.LASF196:
 2037 1750 69706356 		.ascii	"ipcVersion\000"
 2037      65727369 
 2037      6F6E00
ARM GAS  C:\Users\JC\AppData\Local\Temp\ccb8XBiS.s 			page 54


 2038              	.LASF38:
 2039 175b 63707573 		.ascii	"cpuss_interrupts_ipc_3_IRQn\000"
 2039      735F696E 
 2039      74657272 
 2039      75707473 
 2039      5F697063 
 2040              	.LASF58:
 2041 1777 7363625F 		.ascii	"scb_7_interrupt_IRQn\000"
 2041      375F696E 
 2041      74657272 
 2041      7570745F 
 2041      4952516E 
 2042              	.LASF98:
 2043 178c 63707573 		.ascii	"cpuss_interrupts_cm4_cti_0_IRQn\000"
 2043      735F696E 
 2043      74657272 
 2043      75707473 
 2043      5F636D34 
 2044              	.LASF110:
 2045 17ac 74637077 		.ascii	"tcpwm_1_interrupts_2_IRQn\000"
 2045      6D5F315F 
 2045      696E7465 
 2045      72727570 
 2045      74735F32 
 2046              		.ident	"GCC: (GNU Tools for ARM Embedded Processors) 5.4.1 20160609 (release) [ARM/embedded-5-bran
