ARM GAS  C:\Users\JC\AppData\Local\Temp\cchUL8hi.s 			page 1


   1              		.syntax unified
   2              		.cpu cortex-m0plus
   3              		.fpu softvfp
   4              		.eabi_attribute 20, 1
   5              		.eabi_attribute 21, 1
   6              		.eabi_attribute 23, 3
   7              		.eabi_attribute 24, 1
   8              		.eabi_attribute 25, 1
   9              		.eabi_attribute 26, 1
  10              		.eabi_attribute 30, 6
  11              		.eabi_attribute 34, 0
  12              		.eabi_attribute 18, 4
  13              		.thumb
  14              		.syntax unified
  15              		.file	"cy_device.c"
  16              		.text
  17              	.Ltext0:
  18              		.cfi_sections	.debug_frame
  19              		.comm	cy_device,4,4
  20              		.global	cy_deviceIpBlockCfgPSoC6_01
  21              		.section	.rodata
  22              		.align	2
  23              		.type	cy_deviceIpBlockCfgPSoC6_01, %object
  24              		.size	cy_deviceIpBlockCfgPSoC6_01, 184
  25              	cy_deviceIpBlockCfgPSoC6_01:
  26 0000 00002140 		.word	1075904512
  27 0004 00002540 		.word	1076166656
  28 0008 00000140 		.word	1073807360
  29 000c 00003440 		.word	1077149696
  30 0010 00002440 		.word	1076101120
  31 0014 00003140 		.word	1076953088
  32 0018 00003240 		.word	1077018624
  33 001c 00001F41 		.word	1092550656
  34 0020 00002340 		.word	1076035584
  35 0024 00001140 		.word	1074855936
  36 0028 01       		.byte	1
  37 0029 01       		.byte	1
  38 002a 01       		.byte	1
  39 002b 01       		.byte	1
  40 002c 01       		.byte	1
  41 002d 01       		.byte	1
  42 002e 01       		.byte	1
  43 002f 01       		.byte	1
  44 0030 01       		.byte	1
  45 0031 10       		.byte	16
  46 0032 10       		.byte	16
  47 0033 10       		.byte	16
  48 0034 80       		.byte	-128
  49 0035 00       		.space	1
  50 0036 1900     		.short	25
  51 0038 5500     		.short	85
  52 003a F000     		.short	240
  53 003c 05       		.byte	5
  54 003d 01       		.byte	1
  55 003e 05       		.byte	5
  56 003f 3B       		.byte	59
  57 0040 04       		.byte	4
ARM GAS  C:\Users\JC\AppData\Local\Temp\cchUL8hi.s 			page 2


  58 0041 10       		.byte	16
  59 0042 1C       		.byte	28
  60 0043 01       		.byte	1
  61 0044 01       		.byte	1
  62 0045 000000   		.space	3
  63 0048 0FC00000 		.word	49167
  64 004c 00040000 		.word	1024
  65 0050 01       		.byte	1
  66 0051 01       		.byte	1
  67 0052 01       		.byte	1
  68 0053 01       		.byte	1
  69 0054 01       		.byte	1
  70 0055 1D       		.byte	29
  71 0056 3A       		.byte	58
  72 0057 57       		.byte	87
  73 0058 78       		.byte	120
  74 0059 96       		.byte	-106
  75 005a 0008     		.short	2048
  76 005c 2000     		.short	32
  77 005e 10       		.byte	16
  78 005f 12       		.byte	18
  79 0060 08       		.byte	8
  80 0061 000000   		.space	3
  81 0064 001F0000 		.word	7936
  82 0068 0010     		.short	4096
  83 006a 000F     		.short	3840
  84 006c 0020     		.short	8192
  85 006e 0002     		.short	512
  86 0070 3F       		.byte	63
  87 0071 06       		.byte	6
  88 0072 08       		.byte	8
  89 0073 0E       		.byte	14
  90 0074 0008     		.short	2048
  91 0076 0009     		.short	2304
  92 0078 000A     		.short	2560
  93 007a 000B     		.short	2816
  94 007c 24       		.byte	36
  95 007d 28       		.byte	40
  96 007e 2C       		.byte	44
  97 007f 30       		.byte	48
  98 0080 34       		.byte	52
  99 0081 000000   		.space	3
 100 0084 10000000 		.word	16
 101 0088 90000000 		.word	144
 102 008c 88000000 		.word	136
 103 0090 08000000 		.word	8
 104 0094 80000000 		.word	128
 105 0098 04F00000 		.word	61444
 106 009c 00F00000 		.word	61440
 107 00a0 40020000 		.word	576
 108 00a4 2005     		.short	1312
 109 00a6 A000     		.short	160
 110 00a8 D001     		.short	464
 111 00aa 0001     		.short	256
 112 00ac 8001     		.short	384
 113 00ae A001     		.short	416
 114 00b0 2000     		.short	32
ARM GAS  C:\Users\JC\AppData\Local\Temp\cchUL8hi.s 			page 3


 115 00b2 0000     		.space	2
 116 00b4 10000000 		.word	16
 117              		.global	cy_deviceIpBlockCfgPSoC6_02
 118              		.align	2
 119              		.type	cy_deviceIpBlockCfgPSoC6_02, %object
 120              		.size	cy_deviceIpBlockCfgPSoC6_02, 184
 121              	cy_deviceIpBlockCfgPSoC6_02:
 122 00b8 00002040 		.word	1075838976
 123 00bc 00002440 		.word	1076101120
 124 00c0 00000040 		.word	1073741824
 125 00c4 00000000 		.word	0
 126 00c8 00002340 		.word	1076035584
 127 00cc 00003040 		.word	1076887552
 128 00d0 00003140 		.word	1076953088
 129 00d4 00009F40 		.word	1084162048
 130 00d8 00002240 		.word	1075970048
 131 00dc 00001040 		.word	1074790400
 132 00e0 02       		.byte	2
 133 00e1 02       		.byte	2
 134 00e2 02       		.byte	2
 135 00e3 02       		.byte	2
 136 00e4 02       		.byte	2
 137 00e5 02       		.byte	2
 138 00e6 02       		.byte	2
 139 00e7 02       		.byte	2
 140 00e8 02       		.byte	2
 141 00e9 10       		.byte	16
 142 00ea 10       		.byte	16
 143 00eb 1D       		.byte	29
 144 00ec 80       		.byte	-128
 145 00ed 00       		.space	1
 146 00ee 1700     		.short	23
 147 00f0 7500     		.short	117
 148 00f2 FF03     		.short	1023
 149 00f4 06       		.byte	6
 150 00f5 02       		.byte	2
 151 00f6 06       		.byte	6
 152 00f7 36       		.byte	54
 153 00f8 04       		.byte	4
 154 00f9 10       		.byte	16
 155 00fa 20       		.byte	32
 156 00fb 00       		.byte	0
 157 00fc 00       		.byte	0
 158 00fd 000000   		.space	3
 159 0100 7FC00000 		.word	49279
 160 0104 00040000 		.word	1024
 161 0108 00       		.byte	0
 162 0109 00       		.byte	0
 163 010a 00       		.byte	0
 164 010b 00       		.byte	0
 165 010c 00       		.byte	0
 166 010d 19       		.byte	25
 167 010e 32       		.byte	50
 168 010f 4B       		.byte	75
 169 0110 64       		.byte	100
 170 0111 7D       		.byte	125
 171 0112 0080     		.short	-32768
ARM GAS  C:\Users\JC\AppData\Local\Temp\cchUL8hi.s 			page 4


 172 0114 4000     		.short	64
 173 0116 08       		.byte	8
 174 0117 0B       		.byte	11
 175 0118 10       		.byte	16
 176 0119 000000   		.space	3
 177 011c 0000FF01 		.word	33488896
 178 0120 2002     		.short	544
 179 0122 001F     		.short	7936
 180 0124 0080     		.short	-32768
 181 0126 0004     		.short	1024
 182 0128 FF       		.byte	-1
 183 0129 08       		.byte	8
 184 012a 10       		.byte	16
 185 012b 18       		.byte	24
 186 012c 0010     		.short	4096
 187 012e 0014     		.short	5120
 188 0130 0018     		.short	6144
 189 0132 001C     		.short	7168
 190 0134 40       		.byte	64
 191 0135 44       		.byte	68
 192 0136 48       		.byte	72
 193 0137 4C       		.byte	76
 194 0138 50       		.byte	80
 195 0139 000000   		.space	3
 196 013c 08100000 		.word	4104
 197 0140 08000000 		.word	8
 198 0144 04000000 		.word	4
 199 0148 04100000 		.word	4100
 200 014c 00120000 		.word	4608
 201 0150 04210000 		.word	8452
 202 0154 00210000 		.word	8448
 203 0158 00160000 		.word	5632
 204 015c 4011     		.short	4416
 205 015e 4002     		.short	576
 206 0160 C413     		.short	5060
 207 0162 0013     		.short	4864
 208 0164 8013     		.short	4992
 209 0166 A013     		.short	5024
 210 0168 2000     		.short	32
 211 016a 0000     		.space	2
 212 016c 1C000000 		.word	28
 213              		.section	.text.Cy_PDL_Init,"ax",%progbits
 214              		.align	2
 215              		.global	Cy_PDL_Init
 216              		.code	16
 217              		.thumb_func
 218              		.type	Cy_PDL_Init, %function
 219              	Cy_PDL_Init:
 220              	.LFB0:
 221              		.file 1 "Generated_Source\\PSoC6\\pdl\\drivers\\peripheral\\device\\cy_device.c"
   1:Generated_Source\PSoC6\pdl\drivers\peripheral\device/cy_device.c **** /***************************************************************************//**
   2:Generated_Source\PSoC6\pdl\drivers\peripheral\device/cy_device.c **** * \file cy_device.c
   3:Generated_Source\PSoC6\pdl\drivers\peripheral\device/cy_device.c **** * \version 1.0
   4:Generated_Source\PSoC6\pdl\drivers\peripheral\device/cy_device.c **** *
   5:Generated_Source\PSoC6\pdl\drivers\peripheral\device/cy_device.c **** * This file provides the definitions for core and peripheral block HW base
   6:Generated_Source\PSoC6\pdl\drivers\peripheral\device/cy_device.c **** * addresses, versions, and parameters.
   7:Generated_Source\PSoC6\pdl\drivers\peripheral\device/cy_device.c **** *
ARM GAS  C:\Users\JC\AppData\Local\Temp\cchUL8hi.s 			page 5


   8:Generated_Source\PSoC6\pdl\drivers\peripheral\device/cy_device.c **** ********************************************************************************
   9:Generated_Source\PSoC6\pdl\drivers\peripheral\device/cy_device.c **** * \copyright
  10:Generated_Source\PSoC6\pdl\drivers\peripheral\device/cy_device.c **** * Copyright 2018, Cypress Semiconductor Corporation. All rights reserved.
  11:Generated_Source\PSoC6\pdl\drivers\peripheral\device/cy_device.c **** * You may use this file only in accordance with the license, terms, conditions,
  12:Generated_Source\PSoC6\pdl\drivers\peripheral\device/cy_device.c **** * disclaimers, and limitations in the end user license agreement accompanying
  13:Generated_Source\PSoC6\pdl\drivers\peripheral\device/cy_device.c **** * the software package with which this file was provided.
  14:Generated_Source\PSoC6\pdl\drivers\peripheral\device/cy_device.c **** *******************************************************************************/
  15:Generated_Source\PSoC6\pdl\drivers\peripheral\device/cy_device.c **** 
  16:Generated_Source\PSoC6\pdl\drivers\peripheral\device/cy_device.c **** #include "cy_device.h"
  17:Generated_Source\PSoC6\pdl\drivers\peripheral\device/cy_device.c **** 
  18:Generated_Source\PSoC6\pdl\drivers\peripheral\device/cy_device.c **** /*******************************************************************************
  19:Generated_Source\PSoC6\pdl\drivers\peripheral\device/cy_device.c **** *                   Global Variables
  20:Generated_Source\PSoC6\pdl\drivers\peripheral\device/cy_device.c **** *******************************************************************************/
  21:Generated_Source\PSoC6\pdl\drivers\peripheral\device/cy_device.c **** 
  22:Generated_Source\PSoC6\pdl\drivers\peripheral\device/cy_device.c **** /* This is set in Cy_PDL_Init() to the device information relevant
  23:Generated_Source\PSoC6\pdl\drivers\peripheral\device/cy_device.c ****  * for the current target.
  24:Generated_Source\PSoC6\pdl\drivers\peripheral\device/cy_device.c ****  */
  25:Generated_Source\PSoC6\pdl\drivers\peripheral\device/cy_device.c **** const cy_stc_device_t * cy_device;
  26:Generated_Source\PSoC6\pdl\drivers\peripheral\device/cy_device.c **** 
  27:Generated_Source\PSoC6\pdl\drivers\peripheral\device/cy_device.c **** /* Platform and peripheral block configuration */
  28:Generated_Source\PSoC6\pdl\drivers\peripheral\device/cy_device.c **** const cy_stc_device_t cy_deviceIpBlockCfgPSoC6_01 =
  29:Generated_Source\PSoC6\pdl\drivers\peripheral\device/cy_device.c **** {
  30:Generated_Source\PSoC6\pdl\drivers\peripheral\device/cy_device.c ****     /* Base HW addresses */
  31:Generated_Source\PSoC6\pdl\drivers\peripheral\device/cy_device.c ****     /* cpussBase                 */ 0x40210000UL,
  32:Generated_Source\PSoC6\pdl\drivers\peripheral\device/cy_device.c ****     /* flashcBase                */ 0x40250000UL,
  33:Generated_Source\PSoC6\pdl\drivers\peripheral\device/cy_device.c ****     /* periBase                  */ 0x40010000UL,
  34:Generated_Source\PSoC6\pdl\drivers\peripheral\device/cy_device.c ****     /* udbBase                   */ 0x40340000UL,
  35:Generated_Source\PSoC6\pdl\drivers\peripheral\device/cy_device.c ****     /* protBase                  */ 0x40240000UL,
  36:Generated_Source\PSoC6\pdl\drivers\peripheral\device/cy_device.c ****     /* hsiomBase                 */ 0x40310000UL,
  37:Generated_Source\PSoC6\pdl\drivers\peripheral\device/cy_device.c ****     /* gpioBase                  */ 0x40320000UL,
  38:Generated_Source\PSoC6\pdl\drivers\peripheral\device/cy_device.c ****     /* passBase                  */ 0x411F0000UL,
  39:Generated_Source\PSoC6\pdl\drivers\peripheral\device/cy_device.c ****     /* ipcBase                   */ 0x40230000UL,
  40:Generated_Source\PSoC6\pdl\drivers\peripheral\device/cy_device.c ****     /* cryptoBase                */ 0x40110000UL,
  41:Generated_Source\PSoC6\pdl\drivers\peripheral\device/cy_device.c **** 
  42:Generated_Source\PSoC6\pdl\drivers\peripheral\device/cy_device.c ****     /* IP block versions */
  43:Generated_Source\PSoC6\pdl\drivers\peripheral\device/cy_device.c ****     /* cpussVersion              */ 1U,
  44:Generated_Source\PSoC6\pdl\drivers\peripheral\device/cy_device.c ****     /* cryptoVersion             */ 1U,
  45:Generated_Source\PSoC6\pdl\drivers\peripheral\device/cy_device.c ****     /* dwVersion                 */ 1U,
  46:Generated_Source\PSoC6\pdl\drivers\peripheral\device/cy_device.c ****     /* flashcVersion             */ 1U,
  47:Generated_Source\PSoC6\pdl\drivers\peripheral\device/cy_device.c ****     /* gpioVersion               */ 1U,
  48:Generated_Source\PSoC6\pdl\drivers\peripheral\device/cy_device.c ****     /* hsiomVersion              */ 1U,
  49:Generated_Source\PSoC6\pdl\drivers\peripheral\device/cy_device.c ****     /* ipcVersion                */ 1U,
  50:Generated_Source\PSoC6\pdl\drivers\peripheral\device/cy_device.c ****     /* periVersion               */ 1U,
  51:Generated_Source\PSoC6\pdl\drivers\peripheral\device/cy_device.c ****     /* protVersion               */ 1U,
  52:Generated_Source\PSoC6\pdl\drivers\peripheral\device/cy_device.c **** 
  53:Generated_Source\PSoC6\pdl\drivers\peripheral\device/cy_device.c ****     /* Parameters  */
  54:Generated_Source\PSoC6\pdl\drivers\peripheral\device/cy_device.c ****     /* cpussIpcNr                */ 16U,
  55:Generated_Source\PSoC6\pdl\drivers\peripheral\device/cy_device.c ****     /* cpussIpcIrqNr             */ 16U,
  56:Generated_Source\PSoC6\pdl\drivers\peripheral\device/cy_device.c ****     /* cpussDwChNr               */ 16U,
  57:Generated_Source\PSoC6\pdl\drivers\peripheral\device/cy_device.c ****     /* cpussFlashPaSize          */ 128U,
  58:Generated_Source\PSoC6\pdl\drivers\peripheral\device/cy_device.c ****     /* cpussIpc0Irq              */ 25,
  59:Generated_Source\PSoC6\pdl\drivers\peripheral\device/cy_device.c ****     /* cpussFmIrq                */ 85,
  60:Generated_Source\PSoC6\pdl\drivers\peripheral\device/cy_device.c ****     /* cpussNotConnectedIrq      */ 240,
  61:Generated_Source\PSoC6\pdl\drivers\peripheral\device/cy_device.c ****     /* srssNumClkpath            */ 5U,
  62:Generated_Source\PSoC6\pdl\drivers\peripheral\device/cy_device.c ****     /* srssNumPll                */ 1U,
  63:Generated_Source\PSoC6\pdl\drivers\peripheral\device/cy_device.c ****     /* srssNumHfroot             */ 5U,
  64:Generated_Source\PSoC6\pdl\drivers\peripheral\device/cy_device.c ****     /* periClockNr               */ 59U,
ARM GAS  C:\Users\JC\AppData\Local\Temp\cchUL8hi.s 			page 6


  65:Generated_Source\PSoC6\pdl\drivers\peripheral\device/cy_device.c ****     /* smifDeviceNr              */ 4U,
  66:Generated_Source\PSoC6\pdl\drivers\peripheral\device/cy_device.c ****     /* passSarChannels           */ 16U,
  67:Generated_Source\PSoC6\pdl\drivers\peripheral\device/cy_device.c ****     /* epMonitorNr               */ 28u,
  68:Generated_Source\PSoC6\pdl\drivers\peripheral\device/cy_device.c ****     /* udbPresent                */ 1U,
  69:Generated_Source\PSoC6\pdl\drivers\peripheral\device/cy_device.c ****     /* sysPmSimoPresent          */ 1U,
  70:Generated_Source\PSoC6\pdl\drivers\peripheral\device/cy_device.c ****     /* protBusMasterMask         */ 0xC00FUL,
  71:Generated_Source\PSoC6\pdl\drivers\peripheral\device/cy_device.c ****     /* cryptoMemSize             */ 1024u,
  72:Generated_Source\PSoC6\pdl\drivers\peripheral\device/cy_device.c ****     /* flashRwwRequired          */ 1U,
  73:Generated_Source\PSoC6\pdl\drivers\peripheral\device/cy_device.c ****     /* flashPipeRequired         */ 1U,
  74:Generated_Source\PSoC6\pdl\drivers\peripheral\device/cy_device.c ****     /* flashWriteDelay           */ 1U,
  75:Generated_Source\PSoC6\pdl\drivers\peripheral\device/cy_device.c ****     /* flashProgramDelay         */ 1U,
  76:Generated_Source\PSoC6\pdl\drivers\peripheral\device/cy_device.c ****     /* flashEraseDelay           */ 1U,
  77:Generated_Source\PSoC6\pdl\drivers\peripheral\device/cy_device.c ****     /* flashCtlMainWs0Freq       */ 29U,
  78:Generated_Source\PSoC6\pdl\drivers\peripheral\device/cy_device.c ****     /* flashCtlMainWs1Freq       */ 58U,
  79:Generated_Source\PSoC6\pdl\drivers\peripheral\device/cy_device.c ****     /* flashCtlMainWs2Freq       */ 87U,
  80:Generated_Source\PSoC6\pdl\drivers\peripheral\device/cy_device.c ****     /* flashCtlMainWs3Freq       */ 120U,
  81:Generated_Source\PSoC6\pdl\drivers\peripheral\device/cy_device.c ****     /* flashCtlMainWs4Freq       */ 150U,
  82:Generated_Source\PSoC6\pdl\drivers\peripheral\device/cy_device.c **** 
  83:Generated_Source\PSoC6\pdl\drivers\peripheral\device/cy_device.c ****     /* Peripheral register offsets */
  84:Generated_Source\PSoC6\pdl\drivers\peripheral\device/cy_device.c **** 
  85:Generated_Source\PSoC6\pdl\drivers\peripheral\device/cy_device.c ****     /* DW registers */
  86:Generated_Source\PSoC6\pdl\drivers\peripheral\device/cy_device.c ****     /* dwChOffset                */ offsetof(DW_V1_Type, CH_STRUCT),
  87:Generated_Source\PSoC6\pdl\drivers\peripheral\device/cy_device.c ****     /* dwChSize                  */ sizeof(DW_CH_STRUCT_V1_Type),
  88:Generated_Source\PSoC6\pdl\drivers\peripheral\device/cy_device.c ****     /* dwChCtlPrioPos            */ (uint8_t)DW_CH_STRUCT_CH_CTL_PRIO_Pos,
  89:Generated_Source\PSoC6\pdl\drivers\peripheral\device/cy_device.c ****     /* dwChCtlPreemptablePos     */ (uint8_t)DW_CH_STRUCT_CH_CTL_PREEMPTABLE_Pos,
  90:Generated_Source\PSoC6\pdl\drivers\peripheral\device/cy_device.c ****     /* dwStatusChIdxPos          */ (uint8_t)DW_STATUS_CH_IDX_Pos,
  91:Generated_Source\PSoC6\pdl\drivers\peripheral\device/cy_device.c ****     /* dwStatusChIdxMsk          */ DW_STATUS_CH_IDX_Msk,
  92:Generated_Source\PSoC6\pdl\drivers\peripheral\device/cy_device.c **** 
  93:Generated_Source\PSoC6\pdl\drivers\peripheral\device/cy_device.c ****     /* PERI registers */
  94:Generated_Source\PSoC6\pdl\drivers\peripheral\device/cy_device.c ****     /* periTrCmdOffset           */ offsetof(PERI_V1_Type, TR_CMD),
  95:Generated_Source\PSoC6\pdl\drivers\peripheral\device/cy_device.c ****     /* periTrCmdGrSelMsk         */ PERI_TR_CMD_GROUP_SEL_Msk,
  96:Generated_Source\PSoC6\pdl\drivers\peripheral\device/cy_device.c ****     /* periTrGrOffset            */ offsetof(PERI_V1_Type, TR_GR),
  97:Generated_Source\PSoC6\pdl\drivers\peripheral\device/cy_device.c ****     /* periTrGrSize              */ sizeof(PERI_TR_GR_V1_Type),
  98:Generated_Source\PSoC6\pdl\drivers\peripheral\device/cy_device.c **** 
  99:Generated_Source\PSoC6\pdl\drivers\peripheral\device/cy_device.c ****     /* periDivCmdDivSelMsk       */ PERI_DIV_CMD_DIV_SEL_Msk,
 100:Generated_Source\PSoC6\pdl\drivers\peripheral\device/cy_device.c ****     /* periDivCmdTypeSelPos      */ PERI_DIV_CMD_TYPE_SEL_Pos,
 101:Generated_Source\PSoC6\pdl\drivers\peripheral\device/cy_device.c ****     /* periDivCmdPaDivSelPos     */ PERI_DIV_CMD_PA_DIV_SEL_Pos,
 102:Generated_Source\PSoC6\pdl\drivers\peripheral\device/cy_device.c ****     /* periDivCmdPaTypeSelPos    */ PERI_DIV_CMD_PA_TYPE_SEL_Pos,
 103:Generated_Source\PSoC6\pdl\drivers\peripheral\device/cy_device.c **** 
 104:Generated_Source\PSoC6\pdl\drivers\peripheral\device/cy_device.c ****     /* periDiv8CtlOffset         */ offsetof(PERI_V1_Type, DIV_8_CTL),
 105:Generated_Source\PSoC6\pdl\drivers\peripheral\device/cy_device.c ****     /* periDiv16CtlOffset        */ offsetof(PERI_V1_Type, DIV_16_CTL),
 106:Generated_Source\PSoC6\pdl\drivers\peripheral\device/cy_device.c ****     /* periDiv16_5CtlOffset      */ offsetof(PERI_V1_Type, DIV_16_5_CTL),
 107:Generated_Source\PSoC6\pdl\drivers\peripheral\device/cy_device.c ****     /* periDiv24_5CtlOffset      */ offsetof(PERI_V1_Type, DIV_24_5_CTL),
 108:Generated_Source\PSoC6\pdl\drivers\peripheral\device/cy_device.c **** 
 109:Generated_Source\PSoC6\pdl\drivers\peripheral\device/cy_device.c ****     /* GPIO registers */
 110:Generated_Source\PSoC6\pdl\drivers\peripheral\device/cy_device.c ****     /* gpioPrtIntrCfgOffset      */ offsetof(GPIO_PRT_V1_Type, INTR_CFG),
 111:Generated_Source\PSoC6\pdl\drivers\peripheral\device/cy_device.c ****     /* gpioPrtCfgOffset          */ offsetof(GPIO_PRT_V1_Type, CFG),
 112:Generated_Source\PSoC6\pdl\drivers\peripheral\device/cy_device.c ****     /* gpioPrtCfgInOffset        */ offsetof(GPIO_PRT_V1_Type, CFG_IN),
 113:Generated_Source\PSoC6\pdl\drivers\peripheral\device/cy_device.c ****     /* gpioPrtCfgOutOffset       */ offsetof(GPIO_PRT_V1_Type, CFG_OUT),
 114:Generated_Source\PSoC6\pdl\drivers\peripheral\device/cy_device.c ****     /* gpioPrtCfgSioOffset       */ offsetof(GPIO_PRT_V1_Type, CFG_SIO),
 115:Generated_Source\PSoC6\pdl\drivers\peripheral\device/cy_device.c **** 
 116:Generated_Source\PSoC6\pdl\drivers\peripheral\device/cy_device.c ****     /* CPUSS registers  */
 117:Generated_Source\PSoC6\pdl\drivers\peripheral\device/cy_device.c ****     /* cpussCm0ClockCtlOffset    */ offsetof(CPUSS_V1_Type, CM0_CLOCK_CTL),
 118:Generated_Source\PSoC6\pdl\drivers\peripheral\device/cy_device.c ****     /* cpussCm4ClockCtlOffset    */ offsetof(CPUSS_V1_Type, CM4_CLOCK_CTL),
 119:Generated_Source\PSoC6\pdl\drivers\peripheral\device/cy_device.c ****     /* cpussCm4StatusOffset      */ offsetof(CPUSS_V1_Type, CM4_STATUS),
 120:Generated_Source\PSoC6\pdl\drivers\peripheral\device/cy_device.c ****     /* cpussCm0StatusOffset      */ offsetof(CPUSS_V1_Type, CM0_STATUS),
 121:Generated_Source\PSoC6\pdl\drivers\peripheral\device/cy_device.c ****     /* cpussCm4PwrCtlOffset      */ offsetof(CPUSS_V1_Type, CM4_PWR_CTL),
ARM GAS  C:\Users\JC\AppData\Local\Temp\cchUL8hi.s 			page 7


 122:Generated_Source\PSoC6\pdl\drivers\peripheral\device/cy_device.c ****     /* cpussTrimRamCtlOffset     */ offsetof(CPUSS_V1_Type, TRIM_RAM_CTL),
 123:Generated_Source\PSoC6\pdl\drivers\peripheral\device/cy_device.c ****     /* cpussTrimRomCtlOffset     */ offsetof(CPUSS_V1_Type, TRIM_ROM_CTL),
 124:Generated_Source\PSoC6\pdl\drivers\peripheral\device/cy_device.c ****     /* cpussSysTickCtlOffset     */ offsetof(CPUSS_V1_Type, SYSTICK_CTL),
 125:Generated_Source\PSoC6\pdl\drivers\peripheral\device/cy_device.c **** 
 126:Generated_Source\PSoC6\pdl\drivers\peripheral\device/cy_device.c ****     /* cpussCm0NmiCtlOffset      */ (uint16_t)offsetof(CPUSS_V1_Type, CM0_NMI_CTL),
 127:Generated_Source\PSoC6\pdl\drivers\peripheral\device/cy_device.c ****     /* cpussCm4NmiCtlOffset      */ (uint16_t)offsetof(CPUSS_V1_Type, CM4_NMI_CTL),
 128:Generated_Source\PSoC6\pdl\drivers\peripheral\device/cy_device.c ****     /* cpussRomCtl               */ (uint16_t)offsetof(CPUSS_V1_Type, ROM_CTL),
 129:Generated_Source\PSoC6\pdl\drivers\peripheral\device/cy_device.c ****     /* cpussRam0Ctl0             */ (uint16_t)offsetof(CPUSS_V1_Type, RAM0_CTL0),
 130:Generated_Source\PSoC6\pdl\drivers\peripheral\device/cy_device.c ****     /* cpussRam1Ctl0             */ (uint16_t)offsetof(CPUSS_V1_Type, RAM1_CTL0),
 131:Generated_Source\PSoC6\pdl\drivers\peripheral\device/cy_device.c ****     /* cpussRam2Ctl0             */ (uint16_t)offsetof(CPUSS_V1_Type, RAM2_CTL0),
 132:Generated_Source\PSoC6\pdl\drivers\peripheral\device/cy_device.c **** 
 133:Generated_Source\PSoC6\pdl\drivers\peripheral\device/cy_device.c ****     /* IPC registers */
 134:Generated_Source\PSoC6\pdl\drivers\peripheral\device/cy_device.c ****     /* ipcStructSize             */ sizeof(IPC_STRUCT_V1_Type),
 135:Generated_Source\PSoC6\pdl\drivers\peripheral\device/cy_device.c ****     /* ipcLockStatusOffset       */ offsetof(IPC_STRUCT_V1_Type, LOCK_STATUS),
 136:Generated_Source\PSoC6\pdl\drivers\peripheral\device/cy_device.c **** };
 137:Generated_Source\PSoC6\pdl\drivers\peripheral\device/cy_device.c **** 
 138:Generated_Source\PSoC6\pdl\drivers\peripheral\device/cy_device.c **** const cy_stc_device_t cy_deviceIpBlockCfgPSoC6_02 =
 139:Generated_Source\PSoC6\pdl\drivers\peripheral\device/cy_device.c **** {
 140:Generated_Source\PSoC6\pdl\drivers\peripheral\device/cy_device.c ****     /* Base HW addresses */
 141:Generated_Source\PSoC6\pdl\drivers\peripheral\device/cy_device.c ****     /* cpussBase                 */ 0x40200000UL,
 142:Generated_Source\PSoC6\pdl\drivers\peripheral\device/cy_device.c ****     /* flashcBase                */ 0x40240000UL,
 143:Generated_Source\PSoC6\pdl\drivers\peripheral\device/cy_device.c ****     /* periBase                  */ 0x40000000UL,
 144:Generated_Source\PSoC6\pdl\drivers\peripheral\device/cy_device.c ****     /* udbBase                   */ 0UL,
 145:Generated_Source\PSoC6\pdl\drivers\peripheral\device/cy_device.c ****     /* protBase                  */ 0x40230000UL,
 146:Generated_Source\PSoC6\pdl\drivers\peripheral\device/cy_device.c ****     /* hsiomBase                 */ 0x40300000UL,
 147:Generated_Source\PSoC6\pdl\drivers\peripheral\device/cy_device.c ****     /* gpioBase                  */ 0x40310000UL,
 148:Generated_Source\PSoC6\pdl\drivers\peripheral\device/cy_device.c ****     /* passBase                  */ 0x409F0000UL,
 149:Generated_Source\PSoC6\pdl\drivers\peripheral\device/cy_device.c ****     /* ipcBase                   */ 0x40220000UL,
 150:Generated_Source\PSoC6\pdl\drivers\peripheral\device/cy_device.c ****     /* cryptoBase                */ 0x40100000UL,
 151:Generated_Source\PSoC6\pdl\drivers\peripheral\device/cy_device.c **** 
 152:Generated_Source\PSoC6\pdl\drivers\peripheral\device/cy_device.c ****     /* IP block versions */
 153:Generated_Source\PSoC6\pdl\drivers\peripheral\device/cy_device.c ****     /* cpussVersion              */ 2U,
 154:Generated_Source\PSoC6\pdl\drivers\peripheral\device/cy_device.c ****     /* cryptoVersion             */ 2U,
 155:Generated_Source\PSoC6\pdl\drivers\peripheral\device/cy_device.c ****     /* dwVersion                 */ 2U,
 156:Generated_Source\PSoC6\pdl\drivers\peripheral\device/cy_device.c ****     /* flashcVersion             */ 2U,
 157:Generated_Source\PSoC6\pdl\drivers\peripheral\device/cy_device.c ****     /* gpioVersion               */ 2U,
 158:Generated_Source\PSoC6\pdl\drivers\peripheral\device/cy_device.c ****     /* hsiomVersion              */ 2U,
 159:Generated_Source\PSoC6\pdl\drivers\peripheral\device/cy_device.c ****     /* ipcVersion                */ 2U,
 160:Generated_Source\PSoC6\pdl\drivers\peripheral\device/cy_device.c ****     /* periVersion               */ 2U,
 161:Generated_Source\PSoC6\pdl\drivers\peripheral\device/cy_device.c ****     /* protVersion               */ 2U,
 162:Generated_Source\PSoC6\pdl\drivers\peripheral\device/cy_device.c **** 
 163:Generated_Source\PSoC6\pdl\drivers\peripheral\device/cy_device.c ****     /* Parameters */
 164:Generated_Source\PSoC6\pdl\drivers\peripheral\device/cy_device.c ****     /* cpussIpcNr                */ 16U,
 165:Generated_Source\PSoC6\pdl\drivers\peripheral\device/cy_device.c ****     /* cpussIpcIrqNr             */ 16U,
 166:Generated_Source\PSoC6\pdl\drivers\peripheral\device/cy_device.c ****     /* cpussDwChNr               */ 29U,
 167:Generated_Source\PSoC6\pdl\drivers\peripheral\device/cy_device.c ****     /* cpussFlashPaSize          */ 128U,
 168:Generated_Source\PSoC6\pdl\drivers\peripheral\device/cy_device.c ****     /* cpussIpc0Irq              */ 23,
 169:Generated_Source\PSoC6\pdl\drivers\peripheral\device/cy_device.c ****     /* cpussFmIrq                */ 117,
 170:Generated_Source\PSoC6\pdl\drivers\peripheral\device/cy_device.c ****     /* cpussNotConnectedIrq      */ 1023,
 171:Generated_Source\PSoC6\pdl\drivers\peripheral\device/cy_device.c ****     /* srssNumClkpath            */ 6U,
 172:Generated_Source\PSoC6\pdl\drivers\peripheral\device/cy_device.c ****     /* srssNumPll                */ 2U,
 173:Generated_Source\PSoC6\pdl\drivers\peripheral\device/cy_device.c ****     /* srssNumHfroot             */ 6U,
 174:Generated_Source\PSoC6\pdl\drivers\peripheral\device/cy_device.c ****     /* periClockNr               */ 54U,
 175:Generated_Source\PSoC6\pdl\drivers\peripheral\device/cy_device.c ****     /* smifDeviceNr              */ 4,
 176:Generated_Source\PSoC6\pdl\drivers\peripheral\device/cy_device.c ****     /* passSarChannels           */ 16U,
 177:Generated_Source\PSoC6\pdl\drivers\peripheral\device/cy_device.c ****     /* epMonitorNr               */ 32u,
 178:Generated_Source\PSoC6\pdl\drivers\peripheral\device/cy_device.c ****     /* udbPresent                */ 0U,
ARM GAS  C:\Users\JC\AppData\Local\Temp\cchUL8hi.s 			page 8


 179:Generated_Source\PSoC6\pdl\drivers\peripheral\device/cy_device.c ****     /* sysPmSimoPresent          */ 0U,
 180:Generated_Source\PSoC6\pdl\drivers\peripheral\device/cy_device.c ****     /* protBusMasterMask         */ 0xC07FUL,
 181:Generated_Source\PSoC6\pdl\drivers\peripheral\device/cy_device.c ****     /* cryptoMemSize             */ 1024u,
 182:Generated_Source\PSoC6\pdl\drivers\peripheral\device/cy_device.c ****     /* flashRwwRequired          */ 0U,
 183:Generated_Source\PSoC6\pdl\drivers\peripheral\device/cy_device.c ****     /* flashPipeRequired         */ 0U,
 184:Generated_Source\PSoC6\pdl\drivers\peripheral\device/cy_device.c ****     /* flashWriteDelay           */ 0U,
 185:Generated_Source\PSoC6\pdl\drivers\peripheral\device/cy_device.c ****     /* flashProgramDelay         */ 0U,
 186:Generated_Source\PSoC6\pdl\drivers\peripheral\device/cy_device.c ****     /* flashEraseDelay           */ 0U,
 187:Generated_Source\PSoC6\pdl\drivers\peripheral\device/cy_device.c ****     /* flashCtlMainWs0Freq       */ 25U,
 188:Generated_Source\PSoC6\pdl\drivers\peripheral\device/cy_device.c ****     /* flashCtlMainWs1Freq       */ 50U,
 189:Generated_Source\PSoC6\pdl\drivers\peripheral\device/cy_device.c ****     /* flashCtlMainWs2Freq       */ 75U,
 190:Generated_Source\PSoC6\pdl\drivers\peripheral\device/cy_device.c ****     /* flashCtlMainWs3Freq       */ 100U,
 191:Generated_Source\PSoC6\pdl\drivers\peripheral\device/cy_device.c ****     /* flashCtlMainWs4Freq       */ 125U,
 192:Generated_Source\PSoC6\pdl\drivers\peripheral\device/cy_device.c **** 
 193:Generated_Source\PSoC6\pdl\drivers\peripheral\device/cy_device.c ****     /* Peripheral register offsets */
 194:Generated_Source\PSoC6\pdl\drivers\peripheral\device/cy_device.c **** 
 195:Generated_Source\PSoC6\pdl\drivers\peripheral\device/cy_device.c ****     /* DW registers */
 196:Generated_Source\PSoC6\pdl\drivers\peripheral\device/cy_device.c ****     /* dwChOffset                */ offsetof(DW_V2_Type, CH_STRUCT),
 197:Generated_Source\PSoC6\pdl\drivers\peripheral\device/cy_device.c ****     /* dwChSize                  */ sizeof(DW_CH_STRUCT_V2_Type),
 198:Generated_Source\PSoC6\pdl\drivers\peripheral\device/cy_device.c ****     /* dwChCtlPrioPos            */ (uint8_t)DW_CH_STRUCT_V2_CH_CTL_PRIO_Pos,
 199:Generated_Source\PSoC6\pdl\drivers\peripheral\device/cy_device.c ****     /* dwChCtlPreemptablePos     */ (uint8_t)DW_CH_STRUCT_V2_CH_CTL_PREEMPTABLE_Pos,
 200:Generated_Source\PSoC6\pdl\drivers\peripheral\device/cy_device.c ****     /* dwStatusChIdxPos          */ (uint8_t)DW_V2_STATUS_CH_IDX_Pos,
 201:Generated_Source\PSoC6\pdl\drivers\peripheral\device/cy_device.c ****     /* dwStatusChIdxMsk          */ DW_V2_STATUS_CH_IDX_Msk,
 202:Generated_Source\PSoC6\pdl\drivers\peripheral\device/cy_device.c **** 
 203:Generated_Source\PSoC6\pdl\drivers\peripheral\device/cy_device.c ****     /* PERI registers  */
 204:Generated_Source\PSoC6\pdl\drivers\peripheral\device/cy_device.c ****     /* periTrCmdOffset           */ offsetof(PERI_V2_Type, TR_CMD),
 205:Generated_Source\PSoC6\pdl\drivers\peripheral\device/cy_device.c ****     /* periTrCmdGrSelMsk         */ PERI_V2_TR_CMD_GROUP_SEL_Msk,
 206:Generated_Source\PSoC6\pdl\drivers\peripheral\device/cy_device.c ****     /* periTrGrOffset            */ offsetof(PERI_V2_Type, TR_GR),
 207:Generated_Source\PSoC6\pdl\drivers\peripheral\device/cy_device.c ****     /* periTrGrSize              */ sizeof(PERI_TR_GR_V2_Type),
 208:Generated_Source\PSoC6\pdl\drivers\peripheral\device/cy_device.c **** 
 209:Generated_Source\PSoC6\pdl\drivers\peripheral\device/cy_device.c ****     /* periDivCmdDivSelMsk       */ (uint8_t)PERI_V2_DIV_CMD_DIV_SEL_Msk,
 210:Generated_Source\PSoC6\pdl\drivers\peripheral\device/cy_device.c ****     /* periDivCmdTypeSelPos      */ (uint8_t)PERI_V2_DIV_CMD_TYPE_SEL_Pos,
 211:Generated_Source\PSoC6\pdl\drivers\peripheral\device/cy_device.c ****     /* periDivCmdPaDivSelPos     */ (uint8_t)PERI_V2_DIV_CMD_PA_DIV_SEL_Pos,
 212:Generated_Source\PSoC6\pdl\drivers\peripheral\device/cy_device.c ****     /* periDivCmdPaTypeSelPos    */ (uint8_t)PERI_V2_DIV_CMD_PA_TYPE_SEL_Pos,
 213:Generated_Source\PSoC6\pdl\drivers\peripheral\device/cy_device.c **** 
 214:Generated_Source\PSoC6\pdl\drivers\peripheral\device/cy_device.c ****     /* periDiv8CtlOffset         */ offsetof(PERI_V2_Type, DIV_8_CTL),
 215:Generated_Source\PSoC6\pdl\drivers\peripheral\device/cy_device.c ****     /* periDiv16CtlOffset        */ offsetof(PERI_V2_Type, DIV_16_CTL),
 216:Generated_Source\PSoC6\pdl\drivers\peripheral\device/cy_device.c ****     /* periDiv16_5CtlOffset      */ offsetof(PERI_V2_Type, DIV_16_5_CTL),
 217:Generated_Source\PSoC6\pdl\drivers\peripheral\device/cy_device.c ****     /* periDiv24_5CtlOffset      */ offsetof(PERI_V2_Type, DIV_24_5_CTL),
 218:Generated_Source\PSoC6\pdl\drivers\peripheral\device/cy_device.c **** 
 219:Generated_Source\PSoC6\pdl\drivers\peripheral\device/cy_device.c ****     /* GPIO registers  */
 220:Generated_Source\PSoC6\pdl\drivers\peripheral\device/cy_device.c ****     /* gpioPrtIntrCfgOffset      */ offsetof(GPIO_PRT_V2_Type, INTR_CFG),
 221:Generated_Source\PSoC6\pdl\drivers\peripheral\device/cy_device.c ****     /* gpioPrtCfgOffset          */ offsetof(GPIO_PRT_V2_Type, CFG),
 222:Generated_Source\PSoC6\pdl\drivers\peripheral\device/cy_device.c ****     /* gpioPrtCfgInOffset        */ offsetof(GPIO_PRT_V2_Type, CFG_IN),
 223:Generated_Source\PSoC6\pdl\drivers\peripheral\device/cy_device.c ****     /* gpioPrtCfgOutOffset       */ offsetof(GPIO_PRT_V2_Type, CFG_OUT),
 224:Generated_Source\PSoC6\pdl\drivers\peripheral\device/cy_device.c ****     /* gpioPrtCfgSioOffset       */ offsetof(GPIO_PRT_V2_Type, CFG_SIO),
 225:Generated_Source\PSoC6\pdl\drivers\peripheral\device/cy_device.c **** 
 226:Generated_Source\PSoC6\pdl\drivers\peripheral\device/cy_device.c ****     /* CPUSS registers */
 227:Generated_Source\PSoC6\pdl\drivers\peripheral\device/cy_device.c ****     /* cpussCm0ClockCtlOffset    */ offsetof(CPUSS_V2_Type, CM0_CLOCK_CTL),
 228:Generated_Source\PSoC6\pdl\drivers\peripheral\device/cy_device.c ****     /* cpussCm4ClockCtlOffset    */ offsetof(CPUSS_V2_Type, CM4_CLOCK_CTL),
 229:Generated_Source\PSoC6\pdl\drivers\peripheral\device/cy_device.c ****     /* cpussCm4StatusOffset      */ offsetof(CPUSS_V2_Type, CM4_STATUS),
 230:Generated_Source\PSoC6\pdl\drivers\peripheral\device/cy_device.c ****     /* cpussCm0StatusOffset      */ offsetof(CPUSS_V2_Type, CM0_STATUS),
 231:Generated_Source\PSoC6\pdl\drivers\peripheral\device/cy_device.c ****     /* cpussCm4PwrCtlOffset      */ offsetof(CPUSS_V2_Type, CM4_PWR_CTL),
 232:Generated_Source\PSoC6\pdl\drivers\peripheral\device/cy_device.c ****     /* cpussTrimRamCtlOffset     */ offsetof(CPUSS_V2_Type, TRIM_RAM_CTL),
 233:Generated_Source\PSoC6\pdl\drivers\peripheral\device/cy_device.c ****     /* cpussTrimRomCtlOffset     */ offsetof(CPUSS_V2_Type, TRIM_ROM_CTL),
 234:Generated_Source\PSoC6\pdl\drivers\peripheral\device/cy_device.c ****     /* cpussSysTickCtlOffset     */ offsetof(CPUSS_V2_Type, SYSTICK_CTL),
 235:Generated_Source\PSoC6\pdl\drivers\peripheral\device/cy_device.c ****     /* cpussCm0NmiCtlOffset      */ (uint16_t)offsetof(CPUSS_V2_Type, CM0_NMI_CTL),
ARM GAS  C:\Users\JC\AppData\Local\Temp\cchUL8hi.s 			page 9


 236:Generated_Source\PSoC6\pdl\drivers\peripheral\device/cy_device.c ****     /* cpussCm4NmiCtlOffset      */ (uint16_t)offsetof(CPUSS_V2_Type, CM4_NMI_CTL),
 237:Generated_Source\PSoC6\pdl\drivers\peripheral\device/cy_device.c ****     /* cpussRomCtl               */ (uint16_t)offsetof(CPUSS_V2_Type, ROM_CTL),
 238:Generated_Source\PSoC6\pdl\drivers\peripheral\device/cy_device.c ****     /* cpussRam0Ctl0             */ (uint16_t)offsetof(CPUSS_V2_Type, RAM0_CTL0),
 239:Generated_Source\PSoC6\pdl\drivers\peripheral\device/cy_device.c ****     /* cpussRam1Ctl0             */ (uint16_t)offsetof(CPUSS_V2_Type, RAM1_CTL0),
 240:Generated_Source\PSoC6\pdl\drivers\peripheral\device/cy_device.c ****     /* cpussRam2Ctl0             */ (uint16_t)offsetof(CPUSS_V2_Type, RAM2_CTL0),
 241:Generated_Source\PSoC6\pdl\drivers\peripheral\device/cy_device.c **** 
 242:Generated_Source\PSoC6\pdl\drivers\peripheral\device/cy_device.c ****     /* IPC registers */
 243:Generated_Source\PSoC6\pdl\drivers\peripheral\device/cy_device.c ****     /* ipcStructSize             */ sizeof(IPC_STRUCT_V2_Type),
 244:Generated_Source\PSoC6\pdl\drivers\peripheral\device/cy_device.c ****     /* ipcLockStatusOffset       */ offsetof(IPC_STRUCT_V2_Type, LOCK_STATUS),
 245:Generated_Source\PSoC6\pdl\drivers\peripheral\device/cy_device.c **** };
 246:Generated_Source\PSoC6\pdl\drivers\peripheral\device/cy_device.c **** 
 247:Generated_Source\PSoC6\pdl\drivers\peripheral\device/cy_device.c **** 
 248:Generated_Source\PSoC6\pdl\drivers\peripheral\device/cy_device.c **** /******************************************************************************
 249:Generated_Source\PSoC6\pdl\drivers\peripheral\device/cy_device.c **** * Function Name: Cy_PDL_Init
 250:Generated_Source\PSoC6\pdl\drivers\peripheral\device/cy_device.c **** ****************************************************************************//**
 251:Generated_Source\PSoC6\pdl\drivers\peripheral\device/cy_device.c **** *
 252:Generated_Source\PSoC6\pdl\drivers\peripheral\device/cy_device.c **** * \brief Initializes the platform and peripheral block configuration for the
 253:Generated_Source\PSoC6\pdl\drivers\peripheral\device/cy_device.c **** * given target device.
 254:Generated_Source\PSoC6\pdl\drivers\peripheral\device/cy_device.c **** *
 255:Generated_Source\PSoC6\pdl\drivers\peripheral\device/cy_device.c **** * \param device
 256:Generated_Source\PSoC6\pdl\drivers\peripheral\device/cy_device.c **** * Pointer to the platform and peripheral block configuration
 257:Generated_Source\PSoC6\pdl\drivers\peripheral\device/cy_device.c **** *
 258:Generated_Source\PSoC6\pdl\drivers\peripheral\device/cy_device.c **** * \note
 259:Generated_Source\PSoC6\pdl\drivers\peripheral\device/cy_device.c **** * This function must be called prior calling any function in PDL.
 260:Generated_Source\PSoC6\pdl\drivers\peripheral\device/cy_device.c **** *
 261:Generated_Source\PSoC6\pdl\drivers\peripheral\device/cy_device.c **** *******************************************************************************/
 262:Generated_Source\PSoC6\pdl\drivers\peripheral\device/cy_device.c **** void Cy_PDL_Init(const cy_stc_device_t * device)
 263:Generated_Source\PSoC6\pdl\drivers\peripheral\device/cy_device.c **** {
 222              		.loc 1 263 0
 223              		.cfi_startproc
 224              		@ args = 0, pretend = 0, frame = 8
 225              		@ frame_needed = 1, uses_anonymous_args = 0
 226 0000 80B5     		push	{r7, lr}
 227              		.cfi_def_cfa_offset 8
 228              		.cfi_offset 7, -8
 229              		.cfi_offset 14, -4
 230 0002 82B0     		sub	sp, sp, #8
 231              		.cfi_def_cfa_offset 16
 232 0004 00AF     		add	r7, sp, #0
 233              		.cfi_def_cfa_register 7
 234 0006 7860     		str	r0, [r7, #4]
 264:Generated_Source\PSoC6\pdl\drivers\peripheral\device/cy_device.c ****     cy_device = device;
 235              		.loc 1 264 0
 236 0008 034B     		ldr	r3, .L2
 237 000a 7A68     		ldr	r2, [r7, #4]
 238 000c 1A60     		str	r2, [r3]
 265:Generated_Source\PSoC6\pdl\drivers\peripheral\device/cy_device.c **** }
 239              		.loc 1 265 0
 240 000e C046     		nop
 241 0010 BD46     		mov	sp, r7
 242 0012 02B0     		add	sp, sp, #8
 243              		@ sp needed
 244 0014 80BD     		pop	{r7, pc}
 245              	.L3:
 246 0016 C046     		.align	2
 247              	.L2:
 248 0018 00000000 		.word	cy_device
ARM GAS  C:\Users\JC\AppData\Local\Temp\cchUL8hi.s 			page 10


 249              		.cfi_endproc
 250              	.LFE0:
 251              		.size	Cy_PDL_Init, .-Cy_PDL_Init
 252              		.text
 253              	.Letext0:
 254              		.file 2 "c:\\program files (x86)\\cypress\\psoc creator\\4.4\\psoc creator\\import\\gnu\\arm\\5.4.
 255              		.file 3 "c:\\program files (x86)\\cypress\\psoc creator\\4.4\\psoc creator\\import\\gnu\\arm\\5.4.
 256              		.file 4 "Generated_Source\\PSoC6\\pdl\\drivers\\peripheral\\device\\cy_device.h"
 257              		.section	.debug_info,"",%progbits
 258              	.Ldebug_info0:
 259 0000 4E050000 		.4byte	0x54e
 260 0004 0400     		.2byte	0x4
 261 0006 00000000 		.4byte	.Ldebug_abbrev0
 262 000a 04       		.byte	0x4
 263 000b 01       		.uleb128 0x1
 264 000c EB050000 		.4byte	.LASF109
 265 0010 0C       		.byte	0xc
 266 0011 29070000 		.4byte	.LASF110
 267 0015 E6010000 		.4byte	.LASF111
 268 0019 00000000 		.4byte	.Ldebug_ranges0+0
 269 001d 00000000 		.4byte	0
 270 0021 00000000 		.4byte	.Ldebug_line0
 271 0025 02       		.uleb128 0x2
 272 0026 01       		.byte	0x1
 273 0027 06       		.byte	0x6
 274 0028 76030000 		.4byte	.LASF0
 275 002c 03       		.uleb128 0x3
 276 002d 99020000 		.4byte	.LASF2
 277 0031 02       		.byte	0x2
 278 0032 1D       		.byte	0x1d
 279 0033 37000000 		.4byte	0x37
 280 0037 02       		.uleb128 0x2
 281 0038 01       		.byte	0x1
 282 0039 08       		.byte	0x8
 283 003a 4E030000 		.4byte	.LASF1
 284 003e 03       		.uleb128 0x3
 285 003f E1050000 		.4byte	.LASF3
 286 0043 02       		.byte	0x2
 287 0044 29       		.byte	0x29
 288 0045 49000000 		.4byte	0x49
 289 0049 02       		.uleb128 0x2
 290 004a 02       		.byte	0x2
 291 004b 05       		.byte	0x5
 292 004c 8D000000 		.4byte	.LASF4
 293 0050 03       		.uleb128 0x3
 294 0051 07010000 		.4byte	.LASF5
 295 0055 02       		.byte	0x2
 296 0056 2B       		.byte	0x2b
 297 0057 5B000000 		.4byte	0x5b
 298 005b 02       		.uleb128 0x2
 299 005c 02       		.byte	0x2
 300 005d 07       		.byte	0x7
 301 005e 4F040000 		.4byte	.LASF6
 302 0062 02       		.uleb128 0x2
 303 0063 04       		.byte	0x4
 304 0064 05       		.byte	0x5
 305 0065 67020000 		.4byte	.LASF7
ARM GAS  C:\Users\JC\AppData\Local\Temp\cchUL8hi.s 			page 11


 306 0069 03       		.uleb128 0x3
 307 006a E5000000 		.4byte	.LASF8
 308 006e 02       		.byte	0x2
 309 006f 41       		.byte	0x41
 310 0070 74000000 		.4byte	0x74
 311 0074 02       		.uleb128 0x2
 312 0075 04       		.byte	0x4
 313 0076 07       		.byte	0x7
 314 0077 4F050000 		.4byte	.LASF9
 315 007b 02       		.uleb128 0x2
 316 007c 08       		.byte	0x8
 317 007d 05       		.byte	0x5
 318 007e D8010000 		.4byte	.LASF10
 319 0082 02       		.uleb128 0x2
 320 0083 08       		.byte	0x8
 321 0084 07       		.byte	0x7
 322 0085 82030000 		.4byte	.LASF11
 323 0089 04       		.uleb128 0x4
 324 008a 04       		.byte	0x4
 325 008b 05       		.byte	0x5
 326 008c 696E7400 		.ascii	"int\000"
 327 0090 02       		.uleb128 0x2
 328 0091 04       		.byte	0x4
 329 0092 07       		.byte	0x7
 330 0093 0F070000 		.4byte	.LASF12
 331 0097 03       		.uleb128 0x3
 332 0098 42010000 		.4byte	.LASF13
 333 009c 03       		.byte	0x3
 334 009d 18       		.byte	0x18
 335 009e 2C000000 		.4byte	0x2c
 336 00a2 03       		.uleb128 0x3
 337 00a3 C6040000 		.4byte	.LASF14
 338 00a7 03       		.byte	0x3
 339 00a8 20       		.byte	0x20
 340 00a9 3E000000 		.4byte	0x3e
 341 00ad 03       		.uleb128 0x3
 342 00ae 62040000 		.4byte	.LASF15
 343 00b2 03       		.byte	0x3
 344 00b3 24       		.byte	0x24
 345 00b4 50000000 		.4byte	0x50
 346 00b8 03       		.uleb128 0x3
 347 00b9 7E010000 		.4byte	.LASF16
 348 00bd 03       		.byte	0x3
 349 00be 30       		.byte	0x30
 350 00bf 69000000 		.4byte	0x69
 351 00c3 02       		.uleb128 0x2
 352 00c4 08       		.byte	0x8
 353 00c5 04       		.byte	0x4
 354 00c6 29030000 		.4byte	.LASF17
 355 00ca 02       		.uleb128 0x2
 356 00cb 04       		.byte	0x4
 357 00cc 07       		.byte	0x7
 358 00cd A7000000 		.4byte	.LASF18
 359 00d1 05       		.uleb128 0x5
 360 00d2 B8       		.byte	0xb8
 361 00d3 04       		.byte	0x4
 362 00d4 34       		.byte	0x34
ARM GAS  C:\Users\JC\AppData\Local\Temp\cchUL8hi.s 			page 12


 363 00d5 E2040000 		.4byte	0x4e2
 364 00d9 06       		.uleb128 0x6
 365 00da F0000000 		.4byte	.LASF19
 366 00de 04       		.byte	0x4
 367 00df 37       		.byte	0x37
 368 00e0 B8000000 		.4byte	0xb8
 369 00e4 00       		.byte	0
 370 00e5 06       		.uleb128 0x6
 371 00e6 A2050000 		.4byte	.LASF20
 372 00ea 04       		.byte	0x4
 373 00eb 38       		.byte	0x38
 374 00ec B8000000 		.4byte	0xb8
 375 00f0 04       		.byte	0x4
 376 00f1 06       		.uleb128 0x6
 377 00f2 6D030000 		.4byte	.LASF21
 378 00f6 04       		.byte	0x4
 379 00f7 39       		.byte	0x39
 380 00f8 B8000000 		.4byte	0xb8
 381 00fc 08       		.byte	0x8
 382 00fd 06       		.uleb128 0x6
 383 00fe A7040000 		.4byte	.LASF22
 384 0102 04       		.byte	0x4
 385 0103 3A       		.byte	0x3a
 386 0104 B8000000 		.4byte	0xb8
 387 0108 0C       		.byte	0xc
 388 0109 06       		.uleb128 0x6
 389 010a FA060000 		.4byte	.LASF23
 390 010e 04       		.byte	0x4
 391 010f 3B       		.byte	0x3b
 392 0110 B8000000 		.4byte	0xb8
 393 0114 10       		.byte	0x10
 394 0115 06       		.uleb128 0x6
 395 0116 BE010000 		.4byte	.LASF24
 396 011a 04       		.byte	0x4
 397 011b 3C       		.byte	0x3c
 398 011c B8000000 		.4byte	0xb8
 399 0120 14       		.byte	0x14
 400 0121 06       		.uleb128 0x6
 401 0122 99030000 		.4byte	.LASF25
 402 0126 04       		.byte	0x4
 403 0127 3D       		.byte	0x3d
 404 0128 B8000000 		.4byte	0xb8
 405 012c 18       		.byte	0x18
 406 012d 06       		.uleb128 0x6
 407 012e CF010000 		.4byte	.LASF26
 408 0132 04       		.byte	0x4
 409 0133 3E       		.byte	0x3e
 410 0134 B8000000 		.4byte	0xb8
 411 0138 1C       		.byte	0x1c
 412 0139 06       		.uleb128 0x6
 413 013a F2060000 		.4byte	.LASF27
 414 013e 04       		.byte	0x4
 415 013f 3F       		.byte	0x3f
 416 0140 B8000000 		.4byte	0xb8
 417 0144 20       		.byte	0x20
 418 0145 06       		.uleb128 0x6
 419 0146 82000000 		.4byte	.LASF28
ARM GAS  C:\Users\JC\AppData\Local\Temp\cchUL8hi.s 			page 13


 420 014a 04       		.byte	0x4
 421 014b 40       		.byte	0x40
 422 014c B8000000 		.4byte	0xb8
 423 0150 24       		.byte	0x24
 424 0151 06       		.uleb128 0x6
 425 0152 FA000000 		.4byte	.LASF29
 426 0156 04       		.byte	0x4
 427 0157 43       		.byte	0x43
 428 0158 97000000 		.4byte	0x97
 429 015c 28       		.byte	0x28
 430 015d 06       		.uleb128 0x6
 431 015e 0C050000 		.4byte	.LASF30
 432 0162 04       		.byte	0x4
 433 0163 44       		.byte	0x44
 434 0164 97000000 		.4byte	0x97
 435 0168 29       		.byte	0x29
 436 0169 06       		.uleb128 0x6
 437 016a 6F050000 		.4byte	.LASF31
 438 016e 04       		.byte	0x4
 439 016f 45       		.byte	0x45
 440 0170 97000000 		.4byte	0x97
 441 0174 2A       		.byte	0x2a
 442 0175 06       		.uleb128 0x6
 443 0176 41040000 		.4byte	.LASF32
 444 017a 04       		.byte	0x4
 445 017b 46       		.byte	0x46
 446 017c 97000000 		.4byte	0x97
 447 0180 2B       		.byte	0x2b
 448 0181 06       		.uleb128 0x6
 449 0182 1A050000 		.4byte	.LASF33
 450 0186 04       		.byte	0x4
 451 0187 47       		.byte	0x47
 452 0188 97000000 		.4byte	0x97
 453 018c 2C       		.byte	0x2c
 454 018d 06       		.uleb128 0x6
 455 018e 54000000 		.4byte	.LASF34
 456 0192 04       		.byte	0x4
 457 0193 48       		.byte	0x48
 458 0194 97000000 		.4byte	0x97
 459 0198 2D       		.byte	0x2d
 460 0199 06       		.uleb128 0x6
 461 019a B0000000 		.4byte	.LASF35
 462 019e 04       		.byte	0x4
 463 019f 49       		.byte	0x49
 464 01a0 97000000 		.4byte	0x97
 465 01a4 2E       		.byte	0x2e
 466 01a5 06       		.uleb128 0x6
 467 01a6 4A010000 		.4byte	.LASF36
 468 01aa 04       		.byte	0x4
 469 01ab 4A       		.byte	0x4a
 470 01ac 97000000 		.4byte	0x97
 471 01b0 2F       		.byte	0x2f
 472 01b1 06       		.uleb128 0x6
 473 01b2 D9000000 		.4byte	.LASF37
 474 01b6 04       		.byte	0x4
 475 01b7 4B       		.byte	0x4b
 476 01b8 97000000 		.4byte	0x97
ARM GAS  C:\Users\JC\AppData\Local\Temp\cchUL8hi.s 			page 14


 477 01bc 30       		.byte	0x30
 478 01bd 06       		.uleb128 0x6
 479 01be 12010000 		.4byte	.LASF38
 480 01c2 04       		.byte	0x4
 481 01c3 4E       		.byte	0x4e
 482 01c4 97000000 		.4byte	0x97
 483 01c8 31       		.byte	0x31
 484 01c9 06       		.uleb128 0x6
 485 01ca D3050000 		.4byte	.LASF39
 486 01ce 04       		.byte	0x4
 487 01cf 4F       		.byte	0x4f
 488 01d0 97000000 		.4byte	0x97
 489 01d4 32       		.byte	0x32
 490 01d5 06       		.uleb128 0x6
 491 01d6 76000000 		.4byte	.LASF40
 492 01da 04       		.byte	0x4
 493 01db 50       		.byte	0x50
 494 01dc 97000000 		.4byte	0x97
 495 01e0 33       		.byte	0x33
 496 01e1 06       		.uleb128 0x6
 497 01e2 00000000 		.4byte	.LASF41
 498 01e6 04       		.byte	0x4
 499 01e7 51       		.byte	0x51
 500 01e8 97000000 		.4byte	0x97
 501 01ec 34       		.byte	0x34
 502 01ed 06       		.uleb128 0x6
 503 01ee 9C010000 		.4byte	.LASF42
 504 01f2 04       		.byte	0x4
 505 01f3 52       		.byte	0x52
 506 01f4 A2000000 		.4byte	0xa2
 507 01f8 36       		.byte	0x36
 508 01f9 06       		.uleb128 0x6
 509 01fa F8030000 		.4byte	.LASF43
 510 01fe 04       		.byte	0x4
 511 01ff 53       		.byte	0x53
 512 0200 A2000000 		.4byte	0xa2
 513 0204 38       		.byte	0x38
 514 0205 06       		.uleb128 0x6
 515 0206 03040000 		.4byte	.LASF44
 516 020a 04       		.byte	0x4
 517 020b 54       		.byte	0x54
 518 020c A2000000 		.4byte	0xa2
 519 0210 3A       		.byte	0x3a
 520 0211 06       		.uleb128 0x6
 521 0212 CE040000 		.4byte	.LASF45
 522 0216 04       		.byte	0x4
 523 0217 55       		.byte	0x55
 524 0218 97000000 		.4byte	0x97
 525 021c 3C       		.byte	0x3c
 526 021d 06       		.uleb128 0x6
 527 021e BB040000 		.4byte	.LASF46
 528 0222 04       		.byte	0x4
 529 0223 56       		.byte	0x56
 530 0224 97000000 		.4byte	0x97
 531 0228 3D       		.byte	0x3d
 532 0229 06       		.uleb128 0x6
 533 022a 32000000 		.4byte	.LASF47
ARM GAS  C:\Users\JC\AppData\Local\Temp\cchUL8hi.s 			page 15


 534 022e 04       		.byte	0x4
 535 022f 57       		.byte	0x57
 536 0230 97000000 		.4byte	0x97
 537 0234 3E       		.byte	0x3e
 538 0235 06       		.uleb128 0x6
 539 0236 AF040000 		.4byte	.LASF48
 540 023a 04       		.byte	0x4
 541 023b 58       		.byte	0x58
 542 023c 97000000 		.4byte	0x97
 543 0240 3F       		.byte	0x3f
 544 0241 06       		.uleb128 0x6
 545 0242 1C070000 		.4byte	.LASF49
 546 0246 04       		.byte	0x4
 547 0247 59       		.byte	0x59
 548 0248 97000000 		.4byte	0x97
 549 024c 40       		.byte	0x40
 550 024d 06       		.uleb128 0x6
 551 024e C3050000 		.4byte	.LASF50
 552 0252 04       		.byte	0x4
 553 0253 5A       		.byte	0x5a
 554 0254 97000000 		.4byte	0x97
 555 0258 41       		.byte	0x41
 556 0259 06       		.uleb128 0x6
 557 025a 79050000 		.4byte	.LASF51
 558 025e 04       		.byte	0x4
 559 025f 5B       		.byte	0x5b
 560 0260 97000000 		.4byte	0x97
 561 0264 42       		.byte	0x42
 562 0265 06       		.uleb128 0x6
 563 0266 43030000 		.4byte	.LASF52
 564 026a 04       		.byte	0x4
 565 026b 5C       		.byte	0x5c
 566 026c 97000000 		.4byte	0x97
 567 0270 43       		.byte	0x43
 568 0271 06       		.uleb128 0x6
 569 0272 5C030000 		.4byte	.LASF53
 570 0276 04       		.byte	0x4
 571 0277 5D       		.byte	0x5d
 572 0278 97000000 		.4byte	0x97
 573 027c 44       		.byte	0x44
 574 027d 06       		.uleb128 0x6
 575 027e 6B040000 		.4byte	.LASF54
 576 0282 04       		.byte	0x4
 577 0283 5E       		.byte	0x5e
 578 0284 B8000000 		.4byte	0xb8
 579 0288 48       		.byte	0x48
 580 0289 06       		.uleb128 0x6
 581 028a ED040000 		.4byte	.LASF55
 582 028e 04       		.byte	0x4
 583 028f 5F       		.byte	0x5f
 584 0290 B8000000 		.4byte	0xb8
 585 0294 4C       		.byte	0x4c
 586 0295 06       		.uleb128 0x6
 587 0296 1D010000 		.4byte	.LASF56
 588 029a 04       		.byte	0x4
 589 029b 60       		.byte	0x60
 590 029c 97000000 		.4byte	0x97
ARM GAS  C:\Users\JC\AppData\Local\Temp\cchUL8hi.s 			page 16


 591 02a0 50       		.byte	0x50
 592 02a1 06       		.uleb128 0x6
 593 02a2 D2060000 		.4byte	.LASF57
 594 02a6 04       		.byte	0x4
 595 02a7 61       		.byte	0x61
 596 02a8 97000000 		.4byte	0x97
 597 02ac 51       		.byte	0x51
 598 02ad 06       		.uleb128 0x6
 599 02ae 97000000 		.4byte	.LASF58
 600 02b2 04       		.byte	0x4
 601 02b3 62       		.byte	0x62
 602 02b4 97000000 		.4byte	0x97
 603 02b8 52       		.byte	0x52
 604 02b9 06       		.uleb128 0x6
 605 02ba E6030000 		.4byte	.LASF59
 606 02be 04       		.byte	0x4
 607 02bf 63       		.byte	0x63
 608 02c0 97000000 		.4byte	0x97
 609 02c4 53       		.byte	0x53
 610 02c5 06       		.uleb128 0x6
 611 02c6 5F010000 		.4byte	.LASF60
 612 02ca 04       		.byte	0x4
 613 02cb 64       		.byte	0x64
 614 02cc 97000000 		.4byte	0x97
 615 02d0 54       		.byte	0x54
 616 02d1 06       		.uleb128 0x6
 617 02d2 85020000 		.4byte	.LASF61
 618 02d6 04       		.byte	0x4
 619 02d7 65       		.byte	0x65
 620 02d8 97000000 		.4byte	0x97
 621 02dc 55       		.byte	0x55
 622 02dd 06       		.uleb128 0x6
 623 02de 3B050000 		.4byte	.LASF62
 624 02e2 04       		.byte	0x4
 625 02e3 66       		.byte	0x66
 626 02e4 97000000 		.4byte	0x97
 627 02e8 56       		.byte	0x56
 628 02e9 06       		.uleb128 0x6
 629 02ea A9060000 		.4byte	.LASF63
 630 02ee 04       		.byte	0x4
 631 02ef 67       		.byte	0x67
 632 02f0 97000000 		.4byte	0x97
 633 02f4 57       		.byte	0x57
 634 02f5 06       		.uleb128 0x6
 635 02f6 CD020000 		.4byte	.LASF64
 636 02fa 04       		.byte	0x4
 637 02fb 68       		.byte	0x68
 638 02fc 97000000 		.4byte	0x97
 639 0300 58       		.byte	0x58
 640 0301 06       		.uleb128 0x6
 641 0302 7F070000 		.4byte	.LASF65
 642 0306 04       		.byte	0x4
 643 0307 69       		.byte	0x69
 644 0308 97000000 		.4byte	0x97
 645 030c 59       		.byte	0x59
 646 030d 06       		.uleb128 0x6
 647 030e 27000000 		.4byte	.LASF66
ARM GAS  C:\Users\JC\AppData\Local\Temp\cchUL8hi.s 			page 17


 648 0312 04       		.byte	0x4
 649 0313 6E       		.byte	0x6e
 650 0314 AD000000 		.4byte	0xad
 651 0318 5A       		.byte	0x5a
 652 0319 06       		.uleb128 0x6
 653 031a 56010000 		.4byte	.LASF67
 654 031e 04       		.byte	0x4
 655 031f 6F       		.byte	0x6f
 656 0320 AD000000 		.4byte	0xad
 657 0324 5C       		.byte	0x5c
 658 0325 06       		.uleb128 0x6
 659 0326 6F010000 		.4byte	.LASF68
 660 032a 04       		.byte	0x4
 661 032b 70       		.byte	0x70
 662 032c 97000000 		.4byte	0x97
 663 0330 5E       		.byte	0x5e
 664 0331 06       		.uleb128 0x6
 665 0332 A4070000 		.4byte	.LASF69
 666 0336 04       		.byte	0x4
 667 0337 71       		.byte	0x71
 668 0338 97000000 		.4byte	0x97
 669 033c 5F       		.byte	0x5f
 670 033d 06       		.uleb128 0x6
 671 033e 93070000 		.4byte	.LASF70
 672 0342 04       		.byte	0x4
 673 0343 72       		.byte	0x72
 674 0344 97000000 		.4byte	0x97
 675 0348 60       		.byte	0x60
 676 0349 06       		.uleb128 0x6
 677 034a 40020000 		.4byte	.LASF71
 678 034e 04       		.byte	0x4
 679 034f 73       		.byte	0x73
 680 0350 B8000000 		.4byte	0xb8
 681 0354 64       		.byte	0x64
 682 0355 06       		.uleb128 0x6
 683 0356 DD040000 		.4byte	.LASF72
 684 035a 04       		.byte	0x4
 685 035b 76       		.byte	0x76
 686 035c AD000000 		.4byte	0xad
 687 0360 68       		.byte	0x68
 688 0361 06       		.uleb128 0x6
 689 0362 0A030000 		.4byte	.LASF73
 690 0366 04       		.byte	0x4
 691 0367 77       		.byte	0x77
 692 0368 AD000000 		.4byte	0xad
 693 036c 6A       		.byte	0x6a
 694 036d 06       		.uleb128 0x6
 695 036e 31020000 		.4byte	.LASF74
 696 0372 04       		.byte	0x4
 697 0373 78       		.byte	0x78
 698 0374 AD000000 		.4byte	0xad
 699 0378 6C       		.byte	0x6c
 700 0379 06       		.uleb128 0x6
 701 037a 1C030000 		.4byte	.LASF75
 702 037e 04       		.byte	0x4
 703 037f 79       		.byte	0x79
 704 0380 AD000000 		.4byte	0xad
ARM GAS  C:\Users\JC\AppData\Local\Temp\cchUL8hi.s 			page 18


 705 0384 6E       		.byte	0x6e
 706 0385 06       		.uleb128 0x6
 707 0386 93040000 		.4byte	.LASF76
 708 038a 04       		.byte	0x4
 709 038b 7B       		.byte	0x7b
 710 038c 97000000 		.4byte	0x97
 711 0390 70       		.byte	0x70
 712 0391 06       		.uleb128 0x6
 713 0392 87010000 		.4byte	.LASF77
 714 0396 04       		.byte	0x4
 715 0397 7C       		.byte	0x7c
 716 0398 97000000 		.4byte	0x97
 717 039c 71       		.byte	0x71
 718 039d 06       		.uleb128 0x6
 719 039e AD050000 		.4byte	.LASF78
 720 03a2 04       		.byte	0x4
 721 03a3 7D       		.byte	0x7d
 722 03a4 97000000 		.4byte	0x97
 723 03a8 72       		.byte	0x72
 724 03a9 06       		.uleb128 0x6
 725 03aa 92060000 		.4byte	.LASF79
 726 03ae 04       		.byte	0x4
 727 03af 7E       		.byte	0x7e
 728 03b0 97000000 		.4byte	0x97
 729 03b4 73       		.byte	0x73
 730 03b5 06       		.uleb128 0x6
 731 03b6 E1020000 		.4byte	.LASF80
 732 03ba 04       		.byte	0x4
 733 03bb 80       		.byte	0x80
 734 03bc AD000000 		.4byte	0xad
 735 03c0 74       		.byte	0x74
 736 03c1 06       		.uleb128 0x6
 737 03c2 BA020000 		.4byte	.LASF81
 738 03c6 04       		.byte	0x4
 739 03c7 81       		.byte	0x81
 740 03c8 AD000000 		.4byte	0xad
 741 03cc 76       		.byte	0x76
 742 03cd 06       		.uleb128 0x6
 743 03ce BD060000 		.4byte	.LASF82
 744 03d2 04       		.byte	0x4
 745 03d3 82       		.byte	0x82
 746 03d4 AD000000 		.4byte	0xad
 747 03d8 78       		.byte	0x78
 748 03d9 06       		.uleb128 0x6
 749 03da 2C040000 		.4byte	.LASF83
 750 03de 04       		.byte	0x4
 751 03df 83       		.byte	0x83
 752 03e0 AD000000 		.4byte	0xad
 753 03e4 7A       		.byte	0x7a
 754 03e5 06       		.uleb128 0x6
 755 03e6 70020000 		.4byte	.LASF84
 756 03ea 04       		.byte	0x4
 757 03eb 86       		.byte	0x86
 758 03ec 97000000 		.4byte	0x97
 759 03f0 7C       		.byte	0x7c
 760 03f1 06       		.uleb128 0x6
 761 03f2 FB040000 		.4byte	.LASF85
ARM GAS  C:\Users\JC\AppData\Local\Temp\cchUL8hi.s 			page 19


 762 03f6 04       		.byte	0x4
 763 03f7 87       		.byte	0x87
 764 03f8 97000000 		.4byte	0x97
 765 03fc 7D       		.byte	0x7d
 766 03fd 06       		.uleb128 0x6
 767 03fe 85050000 		.4byte	.LASF86
 768 0402 04       		.byte	0x4
 769 0403 88       		.byte	0x88
 770 0404 97000000 		.4byte	0x97
 771 0408 7E       		.byte	0x7e
 772 0409 06       		.uleb128 0x6
 773 040a 40000000 		.4byte	.LASF87
 774 040e 04       		.byte	0x4
 775 040f 89       		.byte	0x89
 776 0410 97000000 		.4byte	0x97
 777 0414 7F       		.byte	0x7f
 778 0415 06       		.uleb128 0x6
 779 0416 2E010000 		.4byte	.LASF88
 780 041a 04       		.byte	0x4
 781 041b 8A       		.byte	0x8a
 782 041c 97000000 		.4byte	0x97
 783 0420 80       		.byte	0x80
 784 0421 06       		.uleb128 0x6
 785 0422 A3020000 		.4byte	.LASF89
 786 0426 04       		.byte	0x4
 787 0427 8D       		.byte	0x8d
 788 0428 B8000000 		.4byte	0xb8
 789 042c 84       		.byte	0x84
 790 042d 06       		.uleb128 0x6
 791 042e F3020000 		.4byte	.LASF90
 792 0432 04       		.byte	0x4
 793 0433 8E       		.byte	0x8e
 794 0434 B8000000 		.4byte	0xb8
 795 0438 88       		.byte	0x88
 796 0439 06       		.uleb128 0x6
 797 043a 61000000 		.4byte	.LASF91
 798 043e 04       		.byte	0x4
 799 043f 8F       		.byte	0x8f
 800 0440 B8000000 		.4byte	0xb8
 801 0444 8C       		.byte	0x8c
 802 0445 06       		.uleb128 0x6
 803 0446 6A070000 		.4byte	.LASF92
 804 044a 04       		.byte	0x4
 805 044b 90       		.byte	0x90
 806 044c B8000000 		.4byte	0xb8
 807 0450 90       		.byte	0x90
 808 0451 06       		.uleb128 0x6
 809 0452 26050000 		.4byte	.LASF93
 810 0456 04       		.byte	0x4
 811 0457 91       		.byte	0x91
 812 0458 B8000000 		.4byte	0xb8
 813 045c 94       		.byte	0x94
 814 045d 06       		.uleb128 0x6
 815 045e 11000000 		.4byte	.LASF94
 816 0462 04       		.byte	0x4
 817 0463 92       		.byte	0x92
 818 0464 B8000000 		.4byte	0xb8
ARM GAS  C:\Users\JC\AppData\Local\Temp\cchUL8hi.s 			page 20


 819 0468 98       		.byte	0x98
 820 0469 06       		.uleb128 0x6
 821 046a 7D040000 		.4byte	.LASF95
 822 046e 04       		.byte	0x4
 823 046f 93       		.byte	0x93
 824 0470 B8000000 		.4byte	0xb8
 825 0474 9C       		.byte	0x9c
 826 0475 06       		.uleb128 0x6
 827 0476 51020000 		.4byte	.LASF96
 828 047a 04       		.byte	0x4
 829 047b 94       		.byte	0x94
 830 047c B8000000 		.4byte	0xb8
 831 0480 A0       		.byte	0xa0
 832 0481 06       		.uleb128 0x6
 833 0482 A9010000 		.4byte	.LASF97
 834 0486 04       		.byte	0x4
 835 0487 95       		.byte	0x95
 836 0488 AD000000 		.4byte	0xad
 837 048c A4       		.byte	0xa4
 838 048d 06       		.uleb128 0x6
 839 048e 7D060000 		.4byte	.LASF98
 840 0492 04       		.byte	0x4
 841 0493 96       		.byte	0x96
 842 0494 AD000000 		.4byte	0xad
 843 0498 A6       		.byte	0xa6
 844 0499 06       		.uleb128 0x6
 845 049a 03070000 		.4byte	.LASF99
 846 049e 04       		.byte	0x4
 847 049f 97       		.byte	0x97
 848 04a0 AD000000 		.4byte	0xad
 849 04a4 A8       		.byte	0xa8
 850 04a5 06       		.uleb128 0x6
 851 04a6 61050000 		.4byte	.LASF100
 852 04aa 04       		.byte	0x4
 853 04ab 98       		.byte	0x98
 854 04ac AD000000 		.4byte	0xad
 855 04b0 AA       		.byte	0xaa
 856 04b1 06       		.uleb128 0x6
 857 04b2 BB000000 		.4byte	.LASF101
 858 04b6 04       		.byte	0x4
 859 04b7 99       		.byte	0x99
 860 04b8 AD000000 		.4byte	0xad
 861 04bc AC       		.byte	0xac
 862 04bd 06       		.uleb128 0x6
 863 04be 35030000 		.4byte	.LASF102
 864 04c2 04       		.byte	0x4
 865 04c3 9A       		.byte	0x9a
 866 04c4 AD000000 		.4byte	0xad
 867 04c8 AE       		.byte	0xae
 868 04c9 06       		.uleb128 0x6
 869 04ca E4060000 		.4byte	.LASF103
 870 04ce 04       		.byte	0x4
 871 04cf 9D       		.byte	0x9d
 872 04d0 AD000000 		.4byte	0xad
 873 04d4 B0       		.byte	0xb0
 874 04d5 06       		.uleb128 0x6
 875 04d6 18040000 		.4byte	.LASF104
ARM GAS  C:\Users\JC\AppData\Local\Temp\cchUL8hi.s 			page 21


 876 04da 04       		.byte	0x4
 877 04db 9E       		.byte	0x9e
 878 04dc B8000000 		.4byte	0xb8
 879 04e0 B4       		.byte	0xb4
 880 04e1 00       		.byte	0
 881 04e2 03       		.uleb128 0x3
 882 04e3 C9000000 		.4byte	.LASF105
 883 04e7 04       		.byte	0x4
 884 04e8 9F       		.byte	0x9f
 885 04e9 D1000000 		.4byte	0xd1
 886 04ed 07       		.uleb128 0x7
 887 04ee DA030000 		.4byte	.LASF112
 888 04f2 01       		.byte	0x1
 889 04f3 0601     		.2byte	0x106
 890 04f5 00000000 		.4byte	.LFB0
 891 04f9 1C000000 		.4byte	.LFE0-.LFB0
 892 04fd 01       		.uleb128 0x1
 893 04fe 9C       		.byte	0x9c
 894 04ff 13050000 		.4byte	0x513
 895 0503 08       		.uleb128 0x8
 896 0504 C8010000 		.4byte	.LASF113
 897 0508 01       		.byte	0x1
 898 0509 0601     		.2byte	0x106
 899 050b 13050000 		.4byte	0x513
 900 050f 02       		.uleb128 0x2
 901 0510 91       		.byte	0x91
 902 0511 74       		.sleb128 -12
 903 0512 00       		.byte	0
 904 0513 09       		.uleb128 0x9
 905 0514 04       		.byte	0x4
 906 0515 19050000 		.4byte	0x519
 907 0519 0A       		.uleb128 0xa
 908 051a E2040000 		.4byte	0x4e2
 909 051e 0B       		.uleb128 0xb
 910 051f A2030000 		.4byte	.LASF106
 911 0523 01       		.byte	0x1
 912 0524 1C       		.byte	0x1c
 913 0525 19050000 		.4byte	0x519
 914 0529 05       		.uleb128 0x5
 915 052a 03       		.byte	0x3
 916 052b 00000000 		.4byte	cy_deviceIpBlockCfgPSoC6_01
 917 052f 0B       		.uleb128 0xb
 918 0530 BE030000 		.4byte	.LASF107
 919 0534 01       		.byte	0x1
 920 0535 8A       		.byte	0x8a
 921 0536 19050000 		.4byte	0x519
 922 053a 05       		.uleb128 0x5
 923 053b 03       		.byte	0x3
 924 053c 00000000 		.4byte	cy_deviceIpBlockCfgPSoC6_02
 925 0540 0B       		.uleb128 0xb
 926 0541 98050000 		.4byte	.LASF108
 927 0545 01       		.byte	0x1
 928 0546 19       		.byte	0x19
 929 0547 13050000 		.4byte	0x513
 930 054b 05       		.uleb128 0x5
 931 054c 03       		.byte	0x3
 932 054d 00000000 		.4byte	cy_device
ARM GAS  C:\Users\JC\AppData\Local\Temp\cchUL8hi.s 			page 22


 933 0551 00       		.byte	0
 934              		.section	.debug_abbrev,"",%progbits
 935              	.Ldebug_abbrev0:
 936 0000 01       		.uleb128 0x1
 937 0001 11       		.uleb128 0x11
 938 0002 01       		.byte	0x1
 939 0003 25       		.uleb128 0x25
 940 0004 0E       		.uleb128 0xe
 941 0005 13       		.uleb128 0x13
 942 0006 0B       		.uleb128 0xb
 943 0007 03       		.uleb128 0x3
 944 0008 0E       		.uleb128 0xe
 945 0009 1B       		.uleb128 0x1b
 946 000a 0E       		.uleb128 0xe
 947 000b 55       		.uleb128 0x55
 948 000c 17       		.uleb128 0x17
 949 000d 11       		.uleb128 0x11
 950 000e 01       		.uleb128 0x1
 951 000f 10       		.uleb128 0x10
 952 0010 17       		.uleb128 0x17
 953 0011 00       		.byte	0
 954 0012 00       		.byte	0
 955 0013 02       		.uleb128 0x2
 956 0014 24       		.uleb128 0x24
 957 0015 00       		.byte	0
 958 0016 0B       		.uleb128 0xb
 959 0017 0B       		.uleb128 0xb
 960 0018 3E       		.uleb128 0x3e
 961 0019 0B       		.uleb128 0xb
 962 001a 03       		.uleb128 0x3
 963 001b 0E       		.uleb128 0xe
 964 001c 00       		.byte	0
 965 001d 00       		.byte	0
 966 001e 03       		.uleb128 0x3
 967 001f 16       		.uleb128 0x16
 968 0020 00       		.byte	0
 969 0021 03       		.uleb128 0x3
 970 0022 0E       		.uleb128 0xe
 971 0023 3A       		.uleb128 0x3a
 972 0024 0B       		.uleb128 0xb
 973 0025 3B       		.uleb128 0x3b
 974 0026 0B       		.uleb128 0xb
 975 0027 49       		.uleb128 0x49
 976 0028 13       		.uleb128 0x13
 977 0029 00       		.byte	0
 978 002a 00       		.byte	0
 979 002b 04       		.uleb128 0x4
 980 002c 24       		.uleb128 0x24
 981 002d 00       		.byte	0
 982 002e 0B       		.uleb128 0xb
 983 002f 0B       		.uleb128 0xb
 984 0030 3E       		.uleb128 0x3e
 985 0031 0B       		.uleb128 0xb
 986 0032 03       		.uleb128 0x3
 987 0033 08       		.uleb128 0x8
 988 0034 00       		.byte	0
 989 0035 00       		.byte	0
ARM GAS  C:\Users\JC\AppData\Local\Temp\cchUL8hi.s 			page 23


 990 0036 05       		.uleb128 0x5
 991 0037 13       		.uleb128 0x13
 992 0038 01       		.byte	0x1
 993 0039 0B       		.uleb128 0xb
 994 003a 0B       		.uleb128 0xb
 995 003b 3A       		.uleb128 0x3a
 996 003c 0B       		.uleb128 0xb
 997 003d 3B       		.uleb128 0x3b
 998 003e 0B       		.uleb128 0xb
 999 003f 01       		.uleb128 0x1
 1000 0040 13       		.uleb128 0x13
 1001 0041 00       		.byte	0
 1002 0042 00       		.byte	0
 1003 0043 06       		.uleb128 0x6
 1004 0044 0D       		.uleb128 0xd
 1005 0045 00       		.byte	0
 1006 0046 03       		.uleb128 0x3
 1007 0047 0E       		.uleb128 0xe
 1008 0048 3A       		.uleb128 0x3a
 1009 0049 0B       		.uleb128 0xb
 1010 004a 3B       		.uleb128 0x3b
 1011 004b 0B       		.uleb128 0xb
 1012 004c 49       		.uleb128 0x49
 1013 004d 13       		.uleb128 0x13
 1014 004e 38       		.uleb128 0x38
 1015 004f 0B       		.uleb128 0xb
 1016 0050 00       		.byte	0
 1017 0051 00       		.byte	0
 1018 0052 07       		.uleb128 0x7
 1019 0053 2E       		.uleb128 0x2e
 1020 0054 01       		.byte	0x1
 1021 0055 3F       		.uleb128 0x3f
 1022 0056 19       		.uleb128 0x19
 1023 0057 03       		.uleb128 0x3
 1024 0058 0E       		.uleb128 0xe
 1025 0059 3A       		.uleb128 0x3a
 1026 005a 0B       		.uleb128 0xb
 1027 005b 3B       		.uleb128 0x3b
 1028 005c 05       		.uleb128 0x5
 1029 005d 27       		.uleb128 0x27
 1030 005e 19       		.uleb128 0x19
 1031 005f 11       		.uleb128 0x11
 1032 0060 01       		.uleb128 0x1
 1033 0061 12       		.uleb128 0x12
 1034 0062 06       		.uleb128 0x6
 1035 0063 40       		.uleb128 0x40
 1036 0064 18       		.uleb128 0x18
 1037 0065 9742     		.uleb128 0x2117
 1038 0067 19       		.uleb128 0x19
 1039 0068 01       		.uleb128 0x1
 1040 0069 13       		.uleb128 0x13
 1041 006a 00       		.byte	0
 1042 006b 00       		.byte	0
 1043 006c 08       		.uleb128 0x8
 1044 006d 05       		.uleb128 0x5
 1045 006e 00       		.byte	0
 1046 006f 03       		.uleb128 0x3
ARM GAS  C:\Users\JC\AppData\Local\Temp\cchUL8hi.s 			page 24


 1047 0070 0E       		.uleb128 0xe
 1048 0071 3A       		.uleb128 0x3a
 1049 0072 0B       		.uleb128 0xb
 1050 0073 3B       		.uleb128 0x3b
 1051 0074 05       		.uleb128 0x5
 1052 0075 49       		.uleb128 0x49
 1053 0076 13       		.uleb128 0x13
 1054 0077 02       		.uleb128 0x2
 1055 0078 18       		.uleb128 0x18
 1056 0079 00       		.byte	0
 1057 007a 00       		.byte	0
 1058 007b 09       		.uleb128 0x9
 1059 007c 0F       		.uleb128 0xf
 1060 007d 00       		.byte	0
 1061 007e 0B       		.uleb128 0xb
 1062 007f 0B       		.uleb128 0xb
 1063 0080 49       		.uleb128 0x49
 1064 0081 13       		.uleb128 0x13
 1065 0082 00       		.byte	0
 1066 0083 00       		.byte	0
 1067 0084 0A       		.uleb128 0xa
 1068 0085 26       		.uleb128 0x26
 1069 0086 00       		.byte	0
 1070 0087 49       		.uleb128 0x49
 1071 0088 13       		.uleb128 0x13
 1072 0089 00       		.byte	0
 1073 008a 00       		.byte	0
 1074 008b 0B       		.uleb128 0xb
 1075 008c 34       		.uleb128 0x34
 1076 008d 00       		.byte	0
 1077 008e 03       		.uleb128 0x3
 1078 008f 0E       		.uleb128 0xe
 1079 0090 3A       		.uleb128 0x3a
 1080 0091 0B       		.uleb128 0xb
 1081 0092 3B       		.uleb128 0x3b
 1082 0093 0B       		.uleb128 0xb
 1083 0094 49       		.uleb128 0x49
 1084 0095 13       		.uleb128 0x13
 1085 0096 3F       		.uleb128 0x3f
 1086 0097 19       		.uleb128 0x19
 1087 0098 02       		.uleb128 0x2
 1088 0099 18       		.uleb128 0x18
 1089 009a 00       		.byte	0
 1090 009b 00       		.byte	0
 1091 009c 00       		.byte	0
 1092              		.section	.debug_aranges,"",%progbits
 1093 0000 1C000000 		.4byte	0x1c
 1094 0004 0200     		.2byte	0x2
 1095 0006 00000000 		.4byte	.Ldebug_info0
 1096 000a 04       		.byte	0x4
 1097 000b 00       		.byte	0
 1098 000c 0000     		.2byte	0
 1099 000e 0000     		.2byte	0
 1100 0010 00000000 		.4byte	.LFB0
 1101 0014 1C000000 		.4byte	.LFE0-.LFB0
 1102 0018 00000000 		.4byte	0
 1103 001c 00000000 		.4byte	0
ARM GAS  C:\Users\JC\AppData\Local\Temp\cchUL8hi.s 			page 25


 1104              		.section	.debug_ranges,"",%progbits
 1105              	.Ldebug_ranges0:
 1106 0000 00000000 		.4byte	.LFB0
 1107 0004 1C000000 		.4byte	.LFE0
 1108 0008 00000000 		.4byte	0
 1109 000c 00000000 		.4byte	0
 1110              		.section	.debug_line,"",%progbits
 1111              	.Ldebug_line0:
 1112 0000 7B010000 		.section	.debug_str,"MS",%progbits,1
 1112      02006301 
 1112      00000201 
 1112      FB0E0D00 
 1112      01010101 
 1113              	.LASF41:
 1114 0000 63707573 		.ascii	"cpussFlashPaSize\000"
 1114      73466C61 
 1114      73685061 
 1114      53697A65 
 1114      00
 1115              	.LASF94:
 1116 0011 63707573 		.ascii	"cpussTrimRamCtlOffset\000"
 1116      73547269 
 1116      6D52616D 
 1116      43746C4F 
 1116      66667365 
 1117              	.LASF66:
 1118 0027 64774368 		.ascii	"dwChOffset\000"
 1118      4F666673 
 1118      657400
 1119              	.LASF47:
 1120 0032 73727373 		.ascii	"srssNumHfroot\000"
 1120      4E756D48 
 1120      66726F6F 
 1120      7400
 1121              	.LASF87:
 1122 0040 6770696F 		.ascii	"gpioPrtCfgOutOffset\000"
 1122      50727443 
 1122      66674F75 
 1122      744F6666 
 1122      73657400 
 1123              	.LASF34:
 1124 0054 6873696F 		.ascii	"hsiomVersion\000"
 1124      6D566572 
 1124      73696F6E 
 1124      00
 1125              	.LASF91:
 1126 0061 63707573 		.ascii	"cpussCm4StatusOffset\000"
 1126      73436D34 
 1126      53746174 
 1126      75734F66 
 1126      66736574 
 1127              	.LASF40:
 1128 0076 63707573 		.ascii	"cpussDwChNr\000"
 1128      73447743 
 1128      684E7200 
 1129              	.LASF28:
 1130 0082 63727970 		.ascii	"cryptoBase\000"
ARM GAS  C:\Users\JC\AppData\Local\Temp\cchUL8hi.s 			page 26


 1130      746F4261 
 1130      736500
 1131              	.LASF4:
 1132 008d 73686F72 		.ascii	"short int\000"
 1132      7420696E 
 1132      7400
 1133              	.LASF58:
 1134 0097 666C6173 		.ascii	"flashWriteDelay\000"
 1134      68577269 
 1134      74654465 
 1134      6C617900 
 1135              	.LASF18:
 1136 00a7 73697A65 		.ascii	"sizetype\000"
 1136      74797065 
 1136      00
 1137              	.LASF35:
 1138 00b0 69706356 		.ascii	"ipcVersion\000"
 1138      65727369 
 1138      6F6E00
 1139              	.LASF101:
 1140 00bb 63707573 		.ascii	"cpussRam1Ctl0\000"
 1140      7352616D 
 1140      3143746C 
 1140      3000
 1141              	.LASF105:
 1142 00c9 63795F73 		.ascii	"cy_stc_device_t\000"
 1142      74635F64 
 1142      65766963 
 1142      655F7400 
 1143              	.LASF37:
 1144 00d9 70726F74 		.ascii	"protVersion\000"
 1144      56657273 
 1144      696F6E00 
 1145              	.LASF8:
 1146 00e5 5F5F7569 		.ascii	"__uint32_t\000"
 1146      6E743332 
 1146      5F7400
 1147              	.LASF19:
 1148 00f0 63707573 		.ascii	"cpussBase\000"
 1148      73426173 
 1148      6500
 1149              	.LASF29:
 1150 00fa 63707573 		.ascii	"cpussVersion\000"
 1150      73566572 
 1150      73696F6E 
 1150      00
 1151              	.LASF5:
 1152 0107 5F5F7569 		.ascii	"__uint16_t\000"
 1152      6E743136 
 1152      5F7400
 1153              	.LASF38:
 1154 0112 63707573 		.ascii	"cpussIpcNr\000"
 1154      73497063 
 1154      4E7200
 1155              	.LASF56:
 1156 011d 666C6173 		.ascii	"flashRwwRequired\000"
 1156      68527777 
ARM GAS  C:\Users\JC\AppData\Local\Temp\cchUL8hi.s 			page 27


 1156      52657175 
 1156      69726564 
 1156      00
 1157              	.LASF88:
 1158 012e 6770696F 		.ascii	"gpioPrtCfgSioOffset\000"
 1158      50727443 
 1158      66675369 
 1158      6F4F6666 
 1158      73657400 
 1159              	.LASF13:
 1160 0142 75696E74 		.ascii	"uint8_t\000"
 1160      385F7400 
 1161              	.LASF36:
 1162 014a 70657269 		.ascii	"periVersion\000"
 1162      56657273 
 1162      696F6E00 
 1163              	.LASF67:
 1164 0156 64774368 		.ascii	"dwChSize\000"
 1164      53697A65 
 1164      00
 1165              	.LASF60:
 1166 015f 666C6173 		.ascii	"flashEraseDelay\000"
 1166      68457261 
 1166      73654465 
 1166      6C617900 
 1167              	.LASF68:
 1168 016f 64774368 		.ascii	"dwChCtlPrioPos\000"
 1168      43746C50 
 1168      72696F50 
 1168      6F7300
 1169              	.LASF16:
 1170 017e 75696E74 		.ascii	"uint32_t\000"
 1170      33325F74 
 1170      00
 1171              	.LASF77:
 1172 0187 70657269 		.ascii	"periDivCmdTypeSelPos\000"
 1172      44697643 
 1172      6D645479 
 1172      70655365 
 1172      6C506F73 
 1173              	.LASF42:
 1174 019c 63707573 		.ascii	"cpussIpc0Irq\000"
 1174      73497063 
 1174      30497271 
 1174      00
 1175              	.LASF97:
 1176 01a9 63707573 		.ascii	"cpussCm0NmiCtlOffset\000"
 1176      73436D30 
 1176      4E6D6943 
 1176      746C4F66 
 1176      66736574 
 1177              	.LASF24:
 1178 01be 6873696F 		.ascii	"hsiomBase\000"
 1178      6D426173 
 1178      6500
 1179              	.LASF113:
 1180 01c8 64657669 		.ascii	"device\000"
ARM GAS  C:\Users\JC\AppData\Local\Temp\cchUL8hi.s 			page 28


 1180      636500
 1181              	.LASF26:
 1182 01cf 70617373 		.ascii	"passBase\000"
 1182      42617365 
 1182      00
 1183              	.LASF10:
 1184 01d8 6C6F6E67 		.ascii	"long long int\000"
 1184      206C6F6E 
 1184      6720696E 
 1184      7400
 1185              	.LASF111:
 1186 01e6 443A5C4F 		.ascii	"D:\\OneDrive\\OneDrive - UNSW\\2022_T1\\Thesis A\\d"
 1186      6E654472 
 1186      6976655C 
 1186      4F6E6544 
 1186      72697665 
 1187 0214 61726179 		.ascii	"arayus\\VDAC_Saw_Export.cydsn\000"
 1187      75735C56 
 1187      4441435F 
 1187      5361775F 
 1187      4578706F 
 1188              	.LASF74:
 1189 0231 70657269 		.ascii	"periTrGrOffset\000"
 1189      54724772 
 1189      4F666673 
 1189      657400
 1190              	.LASF71:
 1191 0240 64775374 		.ascii	"dwStatusChIdxMsk\000"
 1191      61747573 
 1191      43684964 
 1191      784D736B 
 1191      00
 1192              	.LASF96:
 1193 0251 63707573 		.ascii	"cpussSysTickCtlOffset\000"
 1193      73537973 
 1193      5469636B 
 1193      43746C4F 
 1193      66667365 
 1194              	.LASF7:
 1195 0267 6C6F6E67 		.ascii	"long int\000"
 1195      20696E74 
 1195      00
 1196              	.LASF84:
 1197 0270 6770696F 		.ascii	"gpioPrtIntrCfgOffset\000"
 1197      50727449 
 1197      6E747243 
 1197      66674F66 
 1197      66736574 
 1198              	.LASF61:
 1199 0285 666C6173 		.ascii	"flashCtlMainWs0Freq\000"
 1199      6843746C 
 1199      4D61696E 
 1199      57733046 
 1199      72657100 
 1200              	.LASF2:
 1201 0299 5F5F7569 		.ascii	"__uint8_t\000"
 1201      6E74385F 
ARM GAS  C:\Users\JC\AppData\Local\Temp\cchUL8hi.s 			page 29


 1201      7400
 1202              	.LASF89:
 1203 02a3 63707573 		.ascii	"cpussCm0ClockCtlOffset\000"
 1203      73436D30 
 1203      436C6F63 
 1203      6B43746C 
 1203      4F666673 
 1204              	.LASF81:
 1205 02ba 70657269 		.ascii	"periDiv16CtlOffset\000"
 1205      44697631 
 1205      3643746C 
 1205      4F666673 
 1205      657400
 1206              	.LASF64:
 1207 02cd 666C6173 		.ascii	"flashCtlMainWs3Freq\000"
 1207      6843746C 
 1207      4D61696E 
 1207      57733346 
 1207      72657100 
 1208              	.LASF80:
 1209 02e1 70657269 		.ascii	"periDiv8CtlOffset\000"
 1209      44697638 
 1209      43746C4F 
 1209      66667365 
 1209      7400
 1210              	.LASF90:
 1211 02f3 63707573 		.ascii	"cpussCm4ClockCtlOffset\000"
 1211      73436D34 
 1211      436C6F63 
 1211      6B43746C 
 1211      4F666673 
 1212              	.LASF73:
 1213 030a 70657269 		.ascii	"periTrCmdGrSelMsk\000"
 1213      5472436D 
 1213      64477253 
 1213      656C4D73 
 1213      6B00
 1214              	.LASF75:
 1215 031c 70657269 		.ascii	"periTrGrSize\000"
 1215      54724772 
 1215      53697A65 
 1215      00
 1216              	.LASF17:
 1217 0329 6C6F6E67 		.ascii	"long double\000"
 1217      20646F75 
 1217      626C6500 
 1218              	.LASF102:
 1219 0335 63707573 		.ascii	"cpussRam2Ctl0\000"
 1219      7352616D 
 1219      3243746C 
 1219      3000
 1220              	.LASF52:
 1221 0343 75646250 		.ascii	"udbPresent\000"
 1221      72657365 
 1221      6E7400
 1222              	.LASF1:
 1223 034e 756E7369 		.ascii	"unsigned char\000"
ARM GAS  C:\Users\JC\AppData\Local\Temp\cchUL8hi.s 			page 30


 1223      676E6564 
 1223      20636861 
 1223      7200
 1224              	.LASF53:
 1225 035c 73797350 		.ascii	"sysPmSimoPresent\000"
 1225      6D53696D 
 1225      6F507265 
 1225      73656E74 
 1225      00
 1226              	.LASF21:
 1227 036d 70657269 		.ascii	"periBase\000"
 1227      42617365 
 1227      00
 1228              	.LASF0:
 1229 0376 7369676E 		.ascii	"signed char\000"
 1229      65642063 
 1229      68617200 
 1230              	.LASF11:
 1231 0382 6C6F6E67 		.ascii	"long long unsigned int\000"
 1231      206C6F6E 
 1231      6720756E 
 1231      7369676E 
 1231      65642069 
 1232              	.LASF25:
 1233 0399 6770696F 		.ascii	"gpioBase\000"
 1233      42617365 
 1233      00
 1234              	.LASF106:
 1235 03a2 63795F64 		.ascii	"cy_deviceIpBlockCfgPSoC6_01\000"
 1235      65766963 
 1235      65497042 
 1235      6C6F636B 
 1235      43666750 
 1236              	.LASF107:
 1237 03be 63795F64 		.ascii	"cy_deviceIpBlockCfgPSoC6_02\000"
 1237      65766963 
 1237      65497042 
 1237      6C6F636B 
 1237      43666750 
 1238              	.LASF112:
 1239 03da 43795F50 		.ascii	"Cy_PDL_Init\000"
 1239      444C5F49 
 1239      6E697400 
 1240              	.LASF59:
 1241 03e6 666C6173 		.ascii	"flashProgramDelay\000"
 1241      6850726F 
 1241      6772616D 
 1241      44656C61 
 1241      7900
 1242              	.LASF43:
 1243 03f8 63707573 		.ascii	"cpussFmIrq\000"
 1243      73466D49 
 1243      727100
 1244              	.LASF44:
 1245 0403 63707573 		.ascii	"cpussNotConnectedIrq\000"
 1245      734E6F74 
 1245      436F6E6E 
ARM GAS  C:\Users\JC\AppData\Local\Temp\cchUL8hi.s 			page 31


 1245      65637465 
 1245      64497271 
 1246              	.LASF104:
 1247 0418 6970634C 		.ascii	"ipcLockStatusOffset\000"
 1247      6F636B53 
 1247      74617475 
 1247      734F6666 
 1247      73657400 
 1248              	.LASF83:
 1249 042c 70657269 		.ascii	"periDiv24_5CtlOffset\000"
 1249      44697632 
 1249      345F3543 
 1249      746C4F66 
 1249      66736574 
 1250              	.LASF32:
 1251 0441 666C6173 		.ascii	"flashcVersion\000"
 1251      68635665 
 1251      7273696F 
 1251      6E00
 1252              	.LASF6:
 1253 044f 73686F72 		.ascii	"short unsigned int\000"
 1253      7420756E 
 1253      7369676E 
 1253      65642069 
 1253      6E7400
 1254              	.LASF15:
 1255 0462 75696E74 		.ascii	"uint16_t\000"
 1255      31365F74 
 1255      00
 1256              	.LASF54:
 1257 046b 70726F74 		.ascii	"protBusMasterMask\000"
 1257      4275734D 
 1257      61737465 
 1257      724D6173 
 1257      6B00
 1258              	.LASF95:
 1259 047d 63707573 		.ascii	"cpussTrimRomCtlOffset\000"
 1259      73547269 
 1259      6D526F6D 
 1259      43746C4F 
 1259      66667365 
 1260              	.LASF76:
 1261 0493 70657269 		.ascii	"periDivCmdDivSelMsk\000"
 1261      44697643 
 1261      6D644469 
 1261      7653656C 
 1261      4D736B00 
 1262              	.LASF22:
 1263 04a7 75646242 		.ascii	"udbBase\000"
 1263      61736500 
 1264              	.LASF48:
 1265 04af 70657269 		.ascii	"periClockNr\000"
 1265      436C6F63 
 1265      6B4E7200 
 1266              	.LASF46:
 1267 04bb 73727373 		.ascii	"srssNumPll\000"
 1267      4E756D50 
ARM GAS  C:\Users\JC\AppData\Local\Temp\cchUL8hi.s 			page 32


 1267      6C6C00
 1268              	.LASF14:
 1269 04c6 696E7431 		.ascii	"int16_t\000"
 1269      365F7400 
 1270              	.LASF45:
 1271 04ce 73727373 		.ascii	"srssNumClkpath\000"
 1271      4E756D43 
 1271      6C6B7061 
 1271      746800
 1272              	.LASF72:
 1273 04dd 70657269 		.ascii	"periTrCmdOffset\000"
 1273      5472436D 
 1273      644F6666 
 1273      73657400 
 1274              	.LASF55:
 1275 04ed 63727970 		.ascii	"cryptoMemSize\000"
 1275      746F4D65 
 1275      6D53697A 
 1275      6500
 1276              	.LASF85:
 1277 04fb 6770696F 		.ascii	"gpioPrtCfgOffset\000"
 1277      50727443 
 1277      66674F66 
 1277      66736574 
 1277      00
 1278              	.LASF30:
 1279 050c 63727970 		.ascii	"cryptoVersion\000"
 1279      746F5665 
 1279      7273696F 
 1279      6E00
 1280              	.LASF33:
 1281 051a 6770696F 		.ascii	"gpioVersion\000"
 1281      56657273 
 1281      696F6E00 
 1282              	.LASF93:
 1283 0526 63707573 		.ascii	"cpussCm4PwrCtlOffset\000"
 1283      73436D34 
 1283      50777243 
 1283      746C4F66 
 1283      66736574 
 1284              	.LASF62:
 1285 053b 666C6173 		.ascii	"flashCtlMainWs1Freq\000"
 1285      6843746C 
 1285      4D61696E 
 1285      57733146 
 1285      72657100 
 1286              	.LASF9:
 1287 054f 6C6F6E67 		.ascii	"long unsigned int\000"
 1287      20756E73 
 1287      69676E65 
 1287      6420696E 
 1287      7400
 1288              	.LASF100:
 1289 0561 63707573 		.ascii	"cpussRam0Ctl0\000"
 1289      7352616D 
 1289      3043746C 
 1289      3000
ARM GAS  C:\Users\JC\AppData\Local\Temp\cchUL8hi.s 			page 33


 1290              	.LASF31:
 1291 056f 64775665 		.ascii	"dwVersion\000"
 1291      7273696F 
 1291      6E00
 1292              	.LASF51:
 1293 0579 65704D6F 		.ascii	"epMonitorNr\000"
 1293      6E69746F 
 1293      724E7200 
 1294              	.LASF86:
 1295 0585 6770696F 		.ascii	"gpioPrtCfgInOffset\000"
 1295      50727443 
 1295      6667496E 
 1295      4F666673 
 1295      657400
 1296              	.LASF108:
 1297 0598 63795F64 		.ascii	"cy_device\000"
 1297      65766963 
 1297      6500
 1298              	.LASF20:
 1299 05a2 666C6173 		.ascii	"flashcBase\000"
 1299      68634261 
 1299      736500
 1300              	.LASF78:
 1301 05ad 70657269 		.ascii	"periDivCmdPaDivSelPos\000"
 1301      44697643 
 1301      6D645061 
 1301      44697653 
 1301      656C506F 
 1302              	.LASF50:
 1303 05c3 70617373 		.ascii	"passSarChannels\000"
 1303      53617243 
 1303      68616E6E 
 1303      656C7300 
 1304              	.LASF39:
 1305 05d3 63707573 		.ascii	"cpussIpcIrqNr\000"
 1305      73497063 
 1305      4972714E 
 1305      7200
 1306              	.LASF3:
 1307 05e1 5F5F696E 		.ascii	"__int16_t\000"
 1307      7431365F 
 1307      7400
 1308              	.LASF109:
 1309 05eb 474E5520 		.ascii	"GNU C11 5.4.1 20160609 (release) [ARM/embedded-5-br"
 1309      43313120 
 1309      352E342E 
 1309      31203230 
 1309      31363036 
 1310 061e 616E6368 		.ascii	"anch revision 237715] -mcpu=cortex-m0plus -mthumb -"
 1310      20726576 
 1310      6973696F 
 1310      6E203233 
 1310      37373135 
 1311 0651 67202D4F 		.ascii	"g -O0 -ffunction-sections -ffat-lto-objects\000"
 1311      30202D66 
 1311      66756E63 
 1311      74696F6E 
ARM GAS  C:\Users\JC\AppData\Local\Temp\cchUL8hi.s 			page 34


 1311      2D736563 
 1312              	.LASF98:
 1313 067d 63707573 		.ascii	"cpussCm4NmiCtlOffset\000"
 1313      73436D34 
 1313      4E6D6943 
 1313      746C4F66 
 1313      66736574 
 1314              	.LASF79:
 1315 0692 70657269 		.ascii	"periDivCmdPaTypeSelPos\000"
 1315      44697643 
 1315      6D645061 
 1315      54797065 
 1315      53656C50 
 1316              	.LASF63:
 1317 06a9 666C6173 		.ascii	"flashCtlMainWs2Freq\000"
 1317      6843746C 
 1317      4D61696E 
 1317      57733246 
 1317      72657100 
 1318              	.LASF82:
 1319 06bd 70657269 		.ascii	"periDiv16_5CtlOffset\000"
 1319      44697631 
 1319      365F3543 
 1319      746C4F66 
 1319      66736574 
 1320              	.LASF57:
 1321 06d2 666C6173 		.ascii	"flashPipeRequired\000"
 1321      68506970 
 1321      65526571 
 1321      75697265 
 1321      6400
 1322              	.LASF103:
 1323 06e4 69706353 		.ascii	"ipcStructSize\000"
 1323      74727563 
 1323      7453697A 
 1323      6500
 1324              	.LASF27:
 1325 06f2 69706342 		.ascii	"ipcBase\000"
 1325      61736500 
 1326              	.LASF23:
 1327 06fa 70726F74 		.ascii	"protBase\000"
 1327      42617365 
 1327      00
 1328              	.LASF99:
 1329 0703 63707573 		.ascii	"cpussRomCtl\000"
 1329      73526F6D 
 1329      43746C00 
 1330              	.LASF12:
 1331 070f 756E7369 		.ascii	"unsigned int\000"
 1331      676E6564 
 1331      20696E74 
 1331      00
 1332              	.LASF49:
 1333 071c 736D6966 		.ascii	"smifDeviceNr\000"
 1333      44657669 
 1333      63654E72 
 1333      00
ARM GAS  C:\Users\JC\AppData\Local\Temp\cchUL8hi.s 			page 35


 1334              	.LASF110:
 1335 0729 47656E65 		.ascii	"Generated_Source\\PSoC6\\pdl\\drivers\\peripheral\\"
 1335      72617465 
 1335      645F536F 
 1335      75726365 
 1335      5C50536F 
 1336 0757 64657669 		.ascii	"device\\cy_device.c\000"
 1336      63655C63 
 1336      795F6465 
 1336      76696365 
 1336      2E6300
 1337              	.LASF92:
 1338 076a 63707573 		.ascii	"cpussCm0StatusOffset\000"
 1338      73436D30 
 1338      53746174 
 1338      75734F66 
 1338      66736574 
 1339              	.LASF65:
 1340 077f 666C6173 		.ascii	"flashCtlMainWs4Freq\000"
 1340      6843746C 
 1340      4D61696E 
 1340      57733446 
 1340      72657100 
 1341              	.LASF70:
 1342 0793 64775374 		.ascii	"dwStatusChIdxPos\000"
 1342      61747573 
 1342      43684964 
 1342      78506F73 
 1342      00
 1343              	.LASF69:
 1344 07a4 64774368 		.ascii	"dwChCtlPreemptablePos\000"
 1344      43746C50 
 1344      7265656D 
 1344      70746162 
 1344      6C65506F 
 1345              		.ident	"GCC: (GNU Tools for ARM Embedded Processors) 5.4.1 20160609 (release) [ARM/embedded-5-bran
