ARM GAS  C:\Users\JC\AppData\Local\Temp\ccHO5IjY.s 			page 1


   1              		.syntax unified
   2              		.cpu cortex-m0plus
   3              		.fpu softvfp
   4              		.eabi_attribute 20, 1
   5              		.eabi_attribute 21, 1
   6              		.eabi_attribute 23, 3
   7              		.eabi_attribute 24, 1
   8              		.eabi_attribute 25, 1
   9              		.eabi_attribute 26, 1
  10              		.eabi_attribute 30, 6
  11              		.eabi_attribute 34, 0
  12              		.eabi_attribute 18, 4
  13              		.thumb
  14              		.syntax unified
  15              		.file	"cy_sysanalog.c"
  16              		.text
  17              	.Ltext0:
  18              		.cfi_sections	.debug_frame
  19              		.global	Cy_SysAnalog_Fast_Local
  20              		.section	.rodata
  21              		.align	2
  22              		.type	Cy_SysAnalog_Fast_Local, %object
  23              		.size	Cy_SysAnalog_Fast_Local, 16
  24              	Cy_SysAnalog_Fast_Local:
  25 0000 01       		.byte	1
  26 0001 000000   		.space	3
  27 0004 00000100 		.word	65536
  28 0008 00001000 		.word	1048576
  29 000c 00000000 		.word	0
  30              		.global	Cy_SysAnalog_Fast_SRSS
  31              		.align	2
  32              		.type	Cy_SysAnalog_Fast_SRSS, %object
  33              		.size	Cy_SysAnalog_Fast_SRSS, 16
  34              	Cy_SysAnalog_Fast_SRSS:
  35 0010 01       		.byte	1
  36 0011 000000   		.space	3
  37 0014 00000000 		.word	0
  38 0018 00000000 		.word	0
  39 001c 00000000 		.word	0
  40              		.global	Cy_SysAnalog_Fast_External
  41              		.align	2
  42              		.type	Cy_SysAnalog_Fast_External, %object
  43              		.size	Cy_SysAnalog_Fast_External, 16
  44              	Cy_SysAnalog_Fast_External:
  45 0020 01       		.byte	1
  46 0021 000000   		.space	3
  47 0024 00000100 		.word	65536
  48 0028 00002000 		.word	2097152
  49 002c 00000000 		.word	0
  50              		.align	2
  51              	.LC0:
  52 0030 47656E65 		.ascii	"Generated_Source\\PSoC6\\pdl\\drivers\\peripheral\\"
  52      72617465 
  52      645F536F 
  52      75726365 
  52      5C50536F 
  53 005e 73797361 		.ascii	"sysanalog\\cy_sysanalog.c\000"
ARM GAS  C:\Users\JC\AppData\Local\Temp\ccHO5IjY.s 			page 2


  53      6E616C6F 
  53      675C6379 
  53      5F737973 
  53      616E616C 
  54              		.section	.text.Cy_SysAnalog_Init,"ax",%progbits
  55              		.align	2
  56              		.global	Cy_SysAnalog_Init
  57              		.code	16
  58              		.thumb_func
  59              		.type	Cy_SysAnalog_Init, %function
  60              	Cy_SysAnalog_Init:
  61              	.LFB88:
  62              		.file 1 "Generated_Source\\PSoC6\\pdl\\drivers\\peripheral\\sysanalog\\cy_sysanalog.c"
   1:Generated_Source\PSoC6\pdl\drivers\peripheral\sysanalog/cy_sysanalog.c **** /***************************************************************************//**
   2:Generated_Source\PSoC6\pdl\drivers\peripheral\sysanalog/cy_sysanalog.c **** * \file cy_sysanalog.c
   3:Generated_Source\PSoC6\pdl\drivers\peripheral\sysanalog/cy_sysanalog.c **** * \version 1.10
   4:Generated_Source\PSoC6\pdl\drivers\peripheral\sysanalog/cy_sysanalog.c **** *
   5:Generated_Source\PSoC6\pdl\drivers\peripheral\sysanalog/cy_sysanalog.c **** * Provides the public functions for the API for the SAR driver.
   6:Generated_Source\PSoC6\pdl\drivers\peripheral\sysanalog/cy_sysanalog.c **** *
   7:Generated_Source\PSoC6\pdl\drivers\peripheral\sysanalog/cy_sysanalog.c **** ********************************************************************************
   8:Generated_Source\PSoC6\pdl\drivers\peripheral\sysanalog/cy_sysanalog.c **** * \copyright
   9:Generated_Source\PSoC6\pdl\drivers\peripheral\sysanalog/cy_sysanalog.c **** * Copyright 2017-2018, Cypress Semiconductor Corporation. All rights reserved.
  10:Generated_Source\PSoC6\pdl\drivers\peripheral\sysanalog/cy_sysanalog.c **** * You may use this file only in accordance with the license, terms, conditions,
  11:Generated_Source\PSoC6\pdl\drivers\peripheral\sysanalog/cy_sysanalog.c **** * disclaimers, and limitations in the end user license agreement accompanying
  12:Generated_Source\PSoC6\pdl\drivers\peripheral\sysanalog/cy_sysanalog.c **** * the software package with which this file was provided.
  13:Generated_Source\PSoC6\pdl\drivers\peripheral\sysanalog/cy_sysanalog.c **** *******************************************************************************/
  14:Generated_Source\PSoC6\pdl\drivers\peripheral\sysanalog/cy_sysanalog.c **** #include "cy_sysanalog.h"
  15:Generated_Source\PSoC6\pdl\drivers\peripheral\sysanalog/cy_sysanalog.c **** 
  16:Generated_Source\PSoC6\pdl\drivers\peripheral\sysanalog/cy_sysanalog.c **** #ifdef CY_IP_MXS40PASS
  17:Generated_Source\PSoC6\pdl\drivers\peripheral\sysanalog/cy_sysanalog.c **** 
  18:Generated_Source\PSoC6\pdl\drivers\peripheral\sysanalog/cy_sysanalog.c **** #if defined(__cplusplus)
  19:Generated_Source\PSoC6\pdl\drivers\peripheral\sysanalog/cy_sysanalog.c **** extern "C" {
  20:Generated_Source\PSoC6\pdl\drivers\peripheral\sysanalog/cy_sysanalog.c **** #endif
  21:Generated_Source\PSoC6\pdl\drivers\peripheral\sysanalog/cy_sysanalog.c **** 
  22:Generated_Source\PSoC6\pdl\drivers\peripheral\sysanalog/cy_sysanalog.c **** /* Configure the AREF to use the local Vref and local IZTAT. Can be used with \ref Cy_SysAnalog_Ini
  23:Generated_Source\PSoC6\pdl\drivers\peripheral\sysanalog/cy_sysanalog.c **** const cy_stc_sysanalog_config_t Cy_SysAnalog_Fast_Local =
  24:Generated_Source\PSoC6\pdl\drivers\peripheral\sysanalog/cy_sysanalog.c **** {
  25:Generated_Source\PSoC6\pdl\drivers\peripheral\sysanalog/cy_sysanalog.c ****     /*.startup    */ CY_SYSANALOG_STARTUP_FAST,
  26:Generated_Source\PSoC6\pdl\drivers\peripheral\sysanalog/cy_sysanalog.c ****     /*.iztat      */ CY_SYSANALOG_IZTAT_SOURCE_LOCAL,
  27:Generated_Source\PSoC6\pdl\drivers\peripheral\sysanalog/cy_sysanalog.c ****     /*.vref       */ CY_SYSANALOG_VREF_SOURCE_LOCAL_1_2V,
  28:Generated_Source\PSoC6\pdl\drivers\peripheral\sysanalog/cy_sysanalog.c ****     /*.deepSleep  */ CY_SYSANALOG_DEEPSLEEP_DISABLE,
  29:Generated_Source\PSoC6\pdl\drivers\peripheral\sysanalog/cy_sysanalog.c **** };
  30:Generated_Source\PSoC6\pdl\drivers\peripheral\sysanalog/cy_sysanalog.c **** 
  31:Generated_Source\PSoC6\pdl\drivers\peripheral\sysanalog/cy_sysanalog.c **** /* Configure the AREF to use the SRSS Vref and SRSS IZTAT. Can be used with \ref Cy_SysAnalog_Init.
  32:Generated_Source\PSoC6\pdl\drivers\peripheral\sysanalog/cy_sysanalog.c **** const cy_stc_sysanalog_config_t Cy_SysAnalog_Fast_SRSS =
  33:Generated_Source\PSoC6\pdl\drivers\peripheral\sysanalog/cy_sysanalog.c **** {
  34:Generated_Source\PSoC6\pdl\drivers\peripheral\sysanalog/cy_sysanalog.c ****     /*.startup    */ CY_SYSANALOG_STARTUP_FAST,
  35:Generated_Source\PSoC6\pdl\drivers\peripheral\sysanalog/cy_sysanalog.c ****     /*.iztat      */ CY_SYSANALOG_IZTAT_SOURCE_SRSS,
  36:Generated_Source\PSoC6\pdl\drivers\peripheral\sysanalog/cy_sysanalog.c ****     /*.vref       */ CY_SYSANALOG_VREF_SOURCE_SRSS,
  37:Generated_Source\PSoC6\pdl\drivers\peripheral\sysanalog/cy_sysanalog.c ****     /*.deepSleep  */ CY_SYSANALOG_DEEPSLEEP_DISABLE,
  38:Generated_Source\PSoC6\pdl\drivers\peripheral\sysanalog/cy_sysanalog.c **** };
  39:Generated_Source\PSoC6\pdl\drivers\peripheral\sysanalog/cy_sysanalog.c **** 
  40:Generated_Source\PSoC6\pdl\drivers\peripheral\sysanalog/cy_sysanalog.c **** /* Configure the AREF to use the external Vref and local IZTAT. Can be used with \ref Cy_SysAnalog_
  41:Generated_Source\PSoC6\pdl\drivers\peripheral\sysanalog/cy_sysanalog.c **** const cy_stc_sysanalog_config_t Cy_SysAnalog_Fast_External =
  42:Generated_Source\PSoC6\pdl\drivers\peripheral\sysanalog/cy_sysanalog.c **** {
  43:Generated_Source\PSoC6\pdl\drivers\peripheral\sysanalog/cy_sysanalog.c ****     /*.startup    */ CY_SYSANALOG_STARTUP_FAST,
  44:Generated_Source\PSoC6\pdl\drivers\peripheral\sysanalog/cy_sysanalog.c ****     /*.iztat      */ CY_SYSANALOG_IZTAT_SOURCE_LOCAL,
ARM GAS  C:\Users\JC\AppData\Local\Temp\ccHO5IjY.s 			page 3


  45:Generated_Source\PSoC6\pdl\drivers\peripheral\sysanalog/cy_sysanalog.c ****     /*.vref       */ CY_SYSANALOG_VREF_SOURCE_EXTERNAL,
  46:Generated_Source\PSoC6\pdl\drivers\peripheral\sysanalog/cy_sysanalog.c ****     /*.deepSleep  */ CY_SYSANALOG_DEEPSLEEP_DISABLE,
  47:Generated_Source\PSoC6\pdl\drivers\peripheral\sysanalog/cy_sysanalog.c **** };
  48:Generated_Source\PSoC6\pdl\drivers\peripheral\sysanalog/cy_sysanalog.c **** 
  49:Generated_Source\PSoC6\pdl\drivers\peripheral\sysanalog/cy_sysanalog.c **** /*******************************************************************************
  50:Generated_Source\PSoC6\pdl\drivers\peripheral\sysanalog/cy_sysanalog.c **** * Function Name: Cy_SysAnalog_Init
  51:Generated_Source\PSoC6\pdl\drivers\peripheral\sysanalog/cy_sysanalog.c **** ****************************************************************************//**
  52:Generated_Source\PSoC6\pdl\drivers\peripheral\sysanalog/cy_sysanalog.c **** *
  53:Generated_Source\PSoC6\pdl\drivers\peripheral\sysanalog/cy_sysanalog.c **** * Initialize the AREF block.
  54:Generated_Source\PSoC6\pdl\drivers\peripheral\sysanalog/cy_sysanalog.c **** *
  55:Generated_Source\PSoC6\pdl\drivers\peripheral\sysanalog/cy_sysanalog.c **** * \param config
  56:Generated_Source\PSoC6\pdl\drivers\peripheral\sysanalog/cy_sysanalog.c **** * Pointer to structure containing configuration data. See \ref cy_stc_sysanalog_config_t
  57:Generated_Source\PSoC6\pdl\drivers\peripheral\sysanalog/cy_sysanalog.c **** *
  58:Generated_Source\PSoC6\pdl\drivers\peripheral\sysanalog/cy_sysanalog.c **** * \return
  59:Generated_Source\PSoC6\pdl\drivers\peripheral\sysanalog/cy_sysanalog.c **** * - \ref CY_SYSANALOG_SUCCESS : initialization complete
  60:Generated_Source\PSoC6\pdl\drivers\peripheral\sysanalog/cy_sysanalog.c **** * - \ref CY_SYSANALOG_BAD_PARAM : input pointers are null, initialization incomplete
  61:Generated_Source\PSoC6\pdl\drivers\peripheral\sysanalog/cy_sysanalog.c **** *
  62:Generated_Source\PSoC6\pdl\drivers\peripheral\sysanalog/cy_sysanalog.c **** * \funcusage
  63:Generated_Source\PSoC6\pdl\drivers\peripheral\sysanalog/cy_sysanalog.c **** *
  64:Generated_Source\PSoC6\pdl\drivers\peripheral\sysanalog/cy_sysanalog.c **** * \snippet sysanalog_sut_01.cydsn/main_cm0p.c SYSANA_SNIPPET_INIT
  65:Generated_Source\PSoC6\pdl\drivers\peripheral\sysanalog/cy_sysanalog.c **** *
  66:Generated_Source\PSoC6\pdl\drivers\peripheral\sysanalog/cy_sysanalog.c **** *******************************************************************************/
  67:Generated_Source\PSoC6\pdl\drivers\peripheral\sysanalog/cy_sysanalog.c **** cy_en_sysanalog_status_t Cy_SysAnalog_Init(const cy_stc_sysanalog_config_t *config)
  68:Generated_Source\PSoC6\pdl\drivers\peripheral\sysanalog/cy_sysanalog.c **** {
  63              		.loc 1 68 0
  64              		.cfi_startproc
  65              		@ args = 0, pretend = 0, frame = 16
  66              		@ frame_needed = 1, uses_anonymous_args = 0
  67 0000 80B5     		push	{r7, lr}
  68              		.cfi_def_cfa_offset 8
  69              		.cfi_offset 7, -8
  70              		.cfi_offset 14, -4
  71 0002 84B0     		sub	sp, sp, #16
  72              		.cfi_def_cfa_offset 24
  73 0004 00AF     		add	r7, sp, #0
  74              		.cfi_def_cfa_register 7
  75 0006 7860     		str	r0, [r7, #4]
  69:Generated_Source\PSoC6\pdl\drivers\peripheral\sysanalog/cy_sysanalog.c ****     CY_ASSERT_L1(NULL != config);
  76              		.loc 1 69 0
  77 0008 7B68     		ldr	r3, [r7, #4]
  78 000a 002B     		cmp	r3, #0
  79 000c 04D1     		bne	.L2
  80              		.loc 1 69 0 is_stmt 0 discriminator 1
  81 000e 3C4B     		ldr	r3, .L10
  82 0010 4521     		movs	r1, #69
  83 0012 1800     		movs	r0, r3
  84 0014 FFF7FEFF 		bl	Cy_SysLib_AssertFailed
  85              	.L2:
  70:Generated_Source\PSoC6\pdl\drivers\peripheral\sysanalog/cy_sysanalog.c **** 
  71:Generated_Source\PSoC6\pdl\drivers\peripheral\sysanalog/cy_sysanalog.c ****     cy_en_sysanalog_status_t result;
  72:Generated_Source\PSoC6\pdl\drivers\peripheral\sysanalog/cy_sysanalog.c ****     uint32_t ctrlReg = CY_SYSANALOG_DEINIT;
  86              		.loc 1 72 0 is_stmt 1
  87 0018 0023     		movs	r3, #0
  88 001a BB60     		str	r3, [r7, #8]
  73:Generated_Source\PSoC6\pdl\drivers\peripheral\sysanalog/cy_sysanalog.c **** 
  74:Generated_Source\PSoC6\pdl\drivers\peripheral\sysanalog/cy_sysanalog.c ****     if (NULL == config)
  89              		.loc 1 74 0
ARM GAS  C:\Users\JC\AppData\Local\Temp\ccHO5IjY.s 			page 4


  90 001c 7B68     		ldr	r3, [r7, #4]
  91 001e 002B     		cmp	r3, #0
  92 0020 02D1     		bne	.L3
  75:Generated_Source\PSoC6\pdl\drivers\peripheral\sysanalog/cy_sysanalog.c ****     {
  76:Generated_Source\PSoC6\pdl\drivers\peripheral\sysanalog/cy_sysanalog.c ****         result = CY_SYSANALOG_BAD_PARAM;
  93              		.loc 1 76 0
  94 0022 384B     		ldr	r3, .L10+4
  95 0024 FB60     		str	r3, [r7, #12]
  96 0026 65E0     		b	.L4
  97              	.L3:
  77:Generated_Source\PSoC6\pdl\drivers\peripheral\sysanalog/cy_sysanalog.c ****     }
  78:Generated_Source\PSoC6\pdl\drivers\peripheral\sysanalog/cy_sysanalog.c ****     else
  79:Generated_Source\PSoC6\pdl\drivers\peripheral\sysanalog/cy_sysanalog.c ****     {
  80:Generated_Source\PSoC6\pdl\drivers\peripheral\sysanalog/cy_sysanalog.c ****         CY_ASSERT_L3(CY_SYSANALOG_STARTUP(config->startup));
  98              		.loc 1 80 0
  99 0028 7B68     		ldr	r3, [r7, #4]
 100 002a 1B78     		ldrb	r3, [r3]
 101 002c 002B     		cmp	r3, #0
 102 002e 08D0     		beq	.L5
 103              		.loc 1 80 0 is_stmt 0 discriminator 1
 104 0030 7B68     		ldr	r3, [r7, #4]
 105 0032 1B78     		ldrb	r3, [r3]
 106 0034 012B     		cmp	r3, #1
 107 0036 04D0     		beq	.L5
 108              		.loc 1 80 0 discriminator 2
 109 0038 314B     		ldr	r3, .L10
 110 003a 5021     		movs	r1, #80
 111 003c 1800     		movs	r0, r3
 112 003e FFF7FEFF 		bl	Cy_SysLib_AssertFailed
 113              	.L5:
  81:Generated_Source\PSoC6\pdl\drivers\peripheral\sysanalog/cy_sysanalog.c ****         CY_ASSERT_L3(CY_SYSANALOG_DEEPSLEEP(config->deepSleep));
 114              		.loc 1 81 0 is_stmt 1
 115 0042 7B68     		ldr	r3, [r7, #4]
 116 0044 DB68     		ldr	r3, [r3, #12]
 117 0046 002B     		cmp	r3, #0
 118 0048 16D0     		beq	.L6
 119              		.loc 1 81 0 is_stmt 0 discriminator 1
 120 004a 7B68     		ldr	r3, [r7, #4]
 121 004c DA68     		ldr	r2, [r3, #12]
 122 004e A023     		movs	r3, #160
 123 0050 DB05     		lsls	r3, r3, #23
 124 0052 9A42     		cmp	r2, r3
 125 0054 10D0     		beq	.L6
 126              		.loc 1 81 0 discriminator 2
 127 0056 7B68     		ldr	r3, [r7, #4]
 128 0058 DA68     		ldr	r2, [r3, #12]
 129 005a C023     		movs	r3, #192
 130 005c DB05     		lsls	r3, r3, #23
 131 005e 9A42     		cmp	r2, r3
 132 0060 0AD0     		beq	.L6
 133              		.loc 1 81 0 discriminator 3
 134 0062 7B68     		ldr	r3, [r7, #4]
 135 0064 DA68     		ldr	r2, [r3, #12]
 136 0066 E023     		movs	r3, #224
 137 0068 DB05     		lsls	r3, r3, #23
 138 006a 9A42     		cmp	r2, r3
 139 006c 04D0     		beq	.L6
ARM GAS  C:\Users\JC\AppData\Local\Temp\ccHO5IjY.s 			page 5


 140              		.loc 1 81 0 discriminator 4
 141 006e 244B     		ldr	r3, .L10
 142 0070 5121     		movs	r1, #81
 143 0072 1800     		movs	r0, r3
 144 0074 FFF7FEFF 		bl	Cy_SysLib_AssertFailed
 145              	.L6:
  82:Generated_Source\PSoC6\pdl\drivers\peripheral\sysanalog/cy_sysanalog.c ****         CY_ASSERT_L3(CY_SYSANALOG_VREF(config->vref));
 146              		.loc 1 82 0 is_stmt 1
 147 0078 7B68     		ldr	r3, [r7, #4]
 148 007a 9B68     		ldr	r3, [r3, #8]
 149 007c 002B     		cmp	r3, #0
 150 007e 10D0     		beq	.L7
 151              		.loc 1 82 0 is_stmt 0 discriminator 1
 152 0080 7B68     		ldr	r3, [r7, #4]
 153 0082 9A68     		ldr	r2, [r3, #8]
 154 0084 8023     		movs	r3, #128
 155 0086 5B03     		lsls	r3, r3, #13
 156 0088 9A42     		cmp	r2, r3
 157 008a 0AD0     		beq	.L7
 158              		.loc 1 82 0 discriminator 2
 159 008c 7B68     		ldr	r3, [r7, #4]
 160 008e 9A68     		ldr	r2, [r3, #8]
 161 0090 8023     		movs	r3, #128
 162 0092 9B03     		lsls	r3, r3, #14
 163 0094 9A42     		cmp	r2, r3
 164 0096 04D0     		beq	.L7
 165              		.loc 1 82 0 discriminator 3
 166 0098 194B     		ldr	r3, .L10
 167 009a 5221     		movs	r1, #82
 168 009c 1800     		movs	r0, r3
 169 009e FFF7FEFF 		bl	Cy_SysLib_AssertFailed
 170              	.L7:
  83:Generated_Source\PSoC6\pdl\drivers\peripheral\sysanalog/cy_sysanalog.c ****         CY_ASSERT_L3(CY_SYSANALOG_IZTAT(config->iztat));
 171              		.loc 1 83 0 is_stmt 1
 172 00a2 7B68     		ldr	r3, [r7, #4]
 173 00a4 5B68     		ldr	r3, [r3, #4]
 174 00a6 002B     		cmp	r3, #0
 175 00a8 0AD0     		beq	.L8
 176              		.loc 1 83 0 is_stmt 0 discriminator 1
 177 00aa 7B68     		ldr	r3, [r7, #4]
 178 00ac 5A68     		ldr	r2, [r3, #4]
 179 00ae 8023     		movs	r3, #128
 180 00b0 5B02     		lsls	r3, r3, #9
 181 00b2 9A42     		cmp	r2, r3
 182 00b4 04D0     		beq	.L8
 183              		.loc 1 83 0 discriminator 2
 184 00b6 124B     		ldr	r3, .L10
 185 00b8 5321     		movs	r1, #83
 186 00ba 1800     		movs	r0, r3
 187 00bc FFF7FEFF 		bl	Cy_SysLib_AssertFailed
 188              	.L8:
  84:Generated_Source\PSoC6\pdl\drivers\peripheral\sysanalog/cy_sysanalog.c **** 
  85:Generated_Source\PSoC6\pdl\drivers\peripheral\sysanalog/cy_sysanalog.c ****         ctrlReg = (uint32_t) config->startup \
 189              		.loc 1 85 0 is_stmt 1
 190 00c0 7B68     		ldr	r3, [r7, #4]
 191 00c2 1B78     		ldrb	r3, [r3]
  86:Generated_Source\PSoC6\pdl\drivers\peripheral\sysanalog/cy_sysanalog.c ****                   | CY_SYSANALOG_DEFAULT_BIAS_SCALE \
ARM GAS  C:\Users\JC\AppData\Local\Temp\ccHO5IjY.s 			page 6


 192              		.loc 1 86 0
 193 00c4 0422     		movs	r2, #4
 194 00c6 1343     		orrs	r3, r2
 195 00c8 DBB2     		uxtb	r3, r3
 196 00ca 1A00     		movs	r2, r3
  87:Generated_Source\PSoC6\pdl\drivers\peripheral\sysanalog/cy_sysanalog.c ****                   | (uint32_t) config->iztat \
 197              		.loc 1 87 0
 198 00cc 7B68     		ldr	r3, [r7, #4]
 199 00ce 5B68     		ldr	r3, [r3, #4]
 200 00d0 1A43     		orrs	r2, r3
  88:Generated_Source\PSoC6\pdl\drivers\peripheral\sysanalog/cy_sysanalog.c ****                   | (uint32_t) config->vref \
 201              		.loc 1 88 0
 202 00d2 7B68     		ldr	r3, [r7, #4]
 203 00d4 9B68     		ldr	r3, [r3, #8]
 204 00d6 1A43     		orrs	r2, r3
  89:Generated_Source\PSoC6\pdl\drivers\peripheral\sysanalog/cy_sysanalog.c ****                   | (uint32_t) config->deepSleep;
 205              		.loc 1 89 0
 206 00d8 7B68     		ldr	r3, [r7, #4]
 207 00da DB68     		ldr	r3, [r3, #12]
  85:Generated_Source\PSoC6\pdl\drivers\peripheral\sysanalog/cy_sysanalog.c ****                   | CY_SYSANALOG_DEFAULT_BIAS_SCALE \
 208              		.loc 1 85 0
 209 00dc 1343     		orrs	r3, r2
 210 00de BB60     		str	r3, [r7, #8]
  90:Generated_Source\PSoC6\pdl\drivers\peripheral\sysanalog/cy_sysanalog.c **** 
  91:Generated_Source\PSoC6\pdl\drivers\peripheral\sysanalog/cy_sysanalog.c ****         PASS_AREF_AREF_CTRL = ctrlReg;
 211              		.loc 1 91 0
 212 00e0 094B     		ldr	r3, .L10+8
 213 00e2 1B68     		ldr	r3, [r3]
 214 00e4 DB69     		ldr	r3, [r3, #28]
 215 00e6 1900     		movs	r1, r3
 216 00e8 E023     		movs	r3, #224
 217 00ea 1B01     		lsls	r3, r3, #4
 218 00ec BA68     		ldr	r2, [r7, #8]
 219 00ee CA50     		str	r2, [r1, r3]
  92:Generated_Source\PSoC6\pdl\drivers\peripheral\sysanalog/cy_sysanalog.c **** 
  93:Generated_Source\PSoC6\pdl\drivers\peripheral\sysanalog/cy_sysanalog.c ****         result = CY_SYSANALOG_SUCCESS;
 220              		.loc 1 93 0
 221 00f0 0023     		movs	r3, #0
 222 00f2 FB60     		str	r3, [r7, #12]
 223              	.L4:
  94:Generated_Source\PSoC6\pdl\drivers\peripheral\sysanalog/cy_sysanalog.c ****     }
  95:Generated_Source\PSoC6\pdl\drivers\peripheral\sysanalog/cy_sysanalog.c **** 
  96:Generated_Source\PSoC6\pdl\drivers\peripheral\sysanalog/cy_sysanalog.c ****     return result;
 224              		.loc 1 96 0
 225 00f4 FB68     		ldr	r3, [r7, #12]
  97:Generated_Source\PSoC6\pdl\drivers\peripheral\sysanalog/cy_sysanalog.c **** }
 226              		.loc 1 97 0
 227 00f6 1800     		movs	r0, r3
 228 00f8 BD46     		mov	sp, r7
 229 00fa 04B0     		add	sp, sp, #16
 230              		@ sp needed
 231 00fc 80BD     		pop	{r7, pc}
 232              	.L11:
 233 00fe C046     		.align	2
 234              	.L10:
 235 0100 30000000 		.word	.LC0
 236 0104 01005E00 		.word	6160385
ARM GAS  C:\Users\JC\AppData\Local\Temp\ccHO5IjY.s 			page 7


 237 0108 00000000 		.word	cy_device
 238              		.cfi_endproc
 239              	.LFE88:
 240              		.size	Cy_SysAnalog_Init, .-Cy_SysAnalog_Init
 241              		.text
 242              	.Letext0:
 243              		.file 2 "c:\\program files (x86)\\cypress\\psoc creator\\4.4\\psoc creator\\import\\gnu\\arm\\5.4.
 244              		.file 3 "c:\\program files (x86)\\cypress\\psoc creator\\4.4\\psoc creator\\import\\gnu\\arm\\5.4.
 245              		.file 4 "Generated_Source\\PSoC6\\pdl\\devices/psoc6/include/ip/cyip_pass.h"
 246              		.file 5 "Generated_Source\\PSoC6\\pdl\\drivers/peripheral/device/cy_device.h"
 247              		.file 6 "Generated_Source\\PSoC6\\pdl\\drivers/peripheral/syslib/cy_syslib.h"
 248              		.file 7 "Generated_Source\\PSoC6\\pdl\\drivers\\peripheral\\sysanalog\\cy_sysanalog.h"
 249              		.section	.debug_info,"",%progbits
 250              	.Ldebug_info0:
 251 0000 DA070000 		.4byte	0x7da
 252 0004 0400     		.2byte	0x4
 253 0006 00000000 		.4byte	.Ldebug_abbrev0
 254 000a 04       		.byte	0x4
 255 000b 01       		.uleb128 0x1
 256 000c 07050000 		.4byte	.LASF153
 257 0010 0C       		.byte	0xc
 258 0011 8D0A0000 		.4byte	.LASF154
 259 0015 35010000 		.4byte	.LASF155
 260 0019 00000000 		.4byte	.Ldebug_ranges0+0
 261 001d 00000000 		.4byte	0
 262 0021 00000000 		.4byte	.Ldebug_line0
 263 0025 02       		.uleb128 0x2
 264 0026 01       		.byte	0x1
 265 0027 06       		.byte	0x6
 266 0028 62020000 		.4byte	.LASF0
 267 002c 03       		.uleb128 0x3
 268 002d AA000000 		.4byte	.LASF2
 269 0031 02       		.byte	0x2
 270 0032 1D       		.byte	0x1d
 271 0033 37000000 		.4byte	0x37
 272 0037 02       		.uleb128 0x2
 273 0038 01       		.byte	0x1
 274 0039 08       		.byte	0x8
 275 003a EF070000 		.4byte	.LASF1
 276 003e 03       		.uleb128 0x3
 277 003f DA030000 		.4byte	.LASF3
 278 0043 02       		.byte	0x2
 279 0044 29       		.byte	0x29
 280 0045 49000000 		.4byte	0x49
 281 0049 02       		.uleb128 0x2
 282 004a 02       		.byte	0x2
 283 004b 05       		.byte	0x5
 284 004c 11080000 		.4byte	.LASF4
 285 0050 03       		.uleb128 0x3
 286 0051 E9080000 		.4byte	.LASF5
 287 0055 02       		.byte	0x2
 288 0056 2B       		.byte	0x2b
 289 0057 5B000000 		.4byte	0x5b
 290 005b 02       		.uleb128 0x2
 291 005c 02       		.byte	0x2
 292 005d 07       		.byte	0x7
 293 005e 66090000 		.4byte	.LASF6
ARM GAS  C:\Users\JC\AppData\Local\Temp\ccHO5IjY.s 			page 8


 294 0062 02       		.uleb128 0x2
 295 0063 04       		.byte	0x4
 296 0064 05       		.byte	0x5
 297 0065 CC020000 		.4byte	.LASF7
 298 0069 03       		.uleb128 0x3
 299 006a BF030000 		.4byte	.LASF8
 300 006e 02       		.byte	0x2
 301 006f 41       		.byte	0x41
 302 0070 74000000 		.4byte	0x74
 303 0074 02       		.uleb128 0x2
 304 0075 04       		.byte	0x4
 305 0076 07       		.byte	0x7
 306 0077 89040000 		.4byte	.LASF9
 307 007b 02       		.uleb128 0x2
 308 007c 08       		.byte	0x8
 309 007d 05       		.byte	0x5
 310 007e 54020000 		.4byte	.LASF10
 311 0082 02       		.uleb128 0x2
 312 0083 08       		.byte	0x8
 313 0084 07       		.byte	0x7
 314 0085 80010000 		.4byte	.LASF11
 315 0089 04       		.uleb128 0x4
 316 008a 04       		.byte	0x4
 317 008b 05       		.byte	0x5
 318 008c 696E7400 		.ascii	"int\000"
 319 0090 02       		.uleb128 0x2
 320 0091 04       		.byte	0x4
 321 0092 07       		.byte	0x7
 322 0093 19040000 		.4byte	.LASF12
 323 0097 03       		.uleb128 0x3
 324 0098 E5090000 		.4byte	.LASF13
 325 009c 03       		.byte	0x3
 326 009d 18       		.byte	0x18
 327 009e 2C000000 		.4byte	0x2c
 328 00a2 03       		.uleb128 0x3
 329 00a3 4C020000 		.4byte	.LASF14
 330 00a7 03       		.byte	0x3
 331 00a8 20       		.byte	0x20
 332 00a9 3E000000 		.4byte	0x3e
 333 00ad 03       		.uleb128 0x3
 334 00ae 26040000 		.4byte	.LASF15
 335 00b2 03       		.byte	0x3
 336 00b3 24       		.byte	0x24
 337 00b4 50000000 		.4byte	0x50
 338 00b8 03       		.uleb128 0x3
 339 00b9 9E080000 		.4byte	.LASF16
 340 00bd 03       		.byte	0x3
 341 00be 30       		.byte	0x30
 342 00bf 69000000 		.4byte	0x69
 343 00c3 02       		.uleb128 0x2
 344 00c4 08       		.byte	0x8
 345 00c5 04       		.byte	0x4
 346 00c6 A7080000 		.4byte	.LASF17
 347 00ca 02       		.uleb128 0x2
 348 00cb 04       		.byte	0x4
 349 00cc 07       		.byte	0x7
 350 00cd 38060000 		.4byte	.LASF18
ARM GAS  C:\Users\JC\AppData\Local\Temp\ccHO5IjY.s 			page 9


 351 00d1 05       		.uleb128 0x5
 352 00d2 B8000000 		.4byte	0xb8
 353 00d6 06       		.uleb128 0x6
 354 00d7 D1000000 		.4byte	0xd1
 355 00db 07       		.uleb128 0x7
 356 00dc D6000000 		.4byte	0xd6
 357 00e0 EB000000 		.4byte	0xeb
 358 00e4 08       		.uleb128 0x8
 359 00e5 CA000000 		.4byte	0xca
 360 00e9 3E       		.byte	0x3e
 361 00ea 00       		.byte	0
 362 00eb 09       		.uleb128 0x9
 363 00ec 0001     		.2byte	0x100
 364 00ee 04       		.byte	0x4
 365 00ef 22       		.byte	0x22
 366 00f0 0D010000 		.4byte	0x10d
 367 00f4 0A       		.uleb128 0xa
 368 00f5 C5010000 		.4byte	.LASF19
 369 00f9 04       		.byte	0x4
 370 00fa 23       		.byte	0x23
 371 00fb D1000000 		.4byte	0xd1
 372 00ff 00       		.byte	0
 373 0100 0A       		.uleb128 0xa
 374 0101 20080000 		.4byte	.LASF20
 375 0105 04       		.byte	0x4
 376 0106 24       		.byte	0x24
 377 0107 12010000 		.4byte	0x112
 378 010b 04       		.byte	0x4
 379 010c 00       		.byte	0
 380 010d 05       		.uleb128 0x5
 381 010e DB000000 		.4byte	0xdb
 382 0112 06       		.uleb128 0x6
 383 0113 0D010000 		.4byte	0x10d
 384 0117 03       		.uleb128 0x3
 385 0118 09070000 		.4byte	.LASF21
 386 011c 04       		.byte	0x4
 387 011d 25       		.byte	0x25
 388 011e EB000000 		.4byte	0xeb
 389 0122 09       		.uleb128 0x9
 390 0123 200F     		.2byte	0xf20
 391 0125 04       		.byte	0x4
 392 0126 2A       		.byte	0x2a
 393 0127 B9010000 		.4byte	0x1b9
 394 012b 0A       		.uleb128 0xa
 395 012c D5020000 		.4byte	.LASF22
 396 0130 04       		.byte	0x4
 397 0131 2B       		.byte	0x2b
 398 0132 D6000000 		.4byte	0xd6
 399 0136 00       		.byte	0
 400 0137 0A       		.uleb128 0xa
 401 0138 20080000 		.4byte	.LASF20
 402 013c 04       		.byte	0x4
 403 013d 2C       		.byte	0x2c
 404 013e CF010000 		.4byte	0x1cf
 405 0142 04       		.byte	0x4
 406 0143 0B       		.uleb128 0xb
 407 0144 45080000 		.4byte	.LASF23
ARM GAS  C:\Users\JC\AppData\Local\Temp\ccHO5IjY.s 			page 10


 408 0148 04       		.byte	0x4
 409 0149 2D       		.byte	0x2d
 410 014a 17010000 		.4byte	0x117
 411 014e 000E     		.2byte	0xe00
 412 0150 0B       		.uleb128 0xb
 413 0151 13030000 		.4byte	.LASF24
 414 0155 04       		.byte	0x4
 415 0156 2E       		.byte	0x2e
 416 0157 D1000000 		.4byte	0xd1
 417 015b 000F     		.2byte	0xf00
 418 015d 0B       		.uleb128 0xb
 419 015e 97020000 		.4byte	.LASF25
 420 0162 04       		.byte	0x4
 421 0163 2F       		.byte	0x2f
 422 0164 D1000000 		.4byte	0xd1
 423 0168 040F     		.2byte	0xf04
 424 016a 0B       		.uleb128 0xb
 425 016b 45030000 		.4byte	.LASF26
 426 016f 04       		.byte	0x4
 427 0170 30       		.byte	0x30
 428 0171 D1000000 		.4byte	0xd1
 429 0175 080F     		.2byte	0xf08
 430 0177 0B       		.uleb128 0xb
 431 0178 B7020000 		.4byte	.LASF27
 432 017c 04       		.byte	0x4
 433 017d 31       		.byte	0x31
 434 017e D1000000 		.4byte	0xd1
 435 0182 0C0F     		.2byte	0xf0c
 436 0184 0B       		.uleb128 0xb
 437 0185 71040000 		.4byte	.LASF28
 438 0189 04       		.byte	0x4
 439 018a 32       		.byte	0x32
 440 018b D1000000 		.4byte	0xd1
 441 018f 100F     		.2byte	0xf10
 442 0191 0B       		.uleb128 0xb
 443 0192 7D040000 		.4byte	.LASF29
 444 0196 04       		.byte	0x4
 445 0197 33       		.byte	0x33
 446 0198 D1000000 		.4byte	0xd1
 447 019c 140F     		.2byte	0xf14
 448 019e 0B       		.uleb128 0xb
 449 019f A1070000 		.4byte	.LASF30
 450 01a3 04       		.byte	0x4
 451 01a4 34       		.byte	0x34
 452 01a5 D1000000 		.4byte	0xd1
 453 01a9 180F     		.2byte	0xf18
 454 01ab 0B       		.uleb128 0xb
 455 01ac AE090000 		.4byte	.LASF31
 456 01b0 04       		.byte	0x4
 457 01b1 35       		.byte	0x35
 458 01b2 D1000000 		.4byte	0xd1
 459 01b6 1C0F     		.2byte	0xf1c
 460 01b8 00       		.byte	0
 461 01b9 07       		.uleb128 0x7
 462 01ba D6000000 		.4byte	0xd6
 463 01be CA010000 		.4byte	0x1ca
 464 01c2 0C       		.uleb128 0xc
ARM GAS  C:\Users\JC\AppData\Local\Temp\ccHO5IjY.s 			page 11


 465 01c3 CA000000 		.4byte	0xca
 466 01c7 7E03     		.2byte	0x37e
 467 01c9 00       		.byte	0
 468 01ca 05       		.uleb128 0x5
 469 01cb B9010000 		.4byte	0x1b9
 470 01cf 06       		.uleb128 0x6
 471 01d0 CA010000 		.4byte	0x1ca
 472 01d4 03       		.uleb128 0x3
 473 01d5 07090000 		.4byte	.LASF32
 474 01d9 04       		.byte	0x4
 475 01da 36       		.byte	0x36
 476 01db 22010000 		.4byte	0x122
 477 01df 0D       		.uleb128 0xd
 478 01e0 B8       		.byte	0xb8
 479 01e1 05       		.byte	0x5
 480 01e2 34       		.byte	0x34
 481 01e3 F0050000 		.4byte	0x5f0
 482 01e7 0A       		.uleb128 0xa
 483 01e8 E0000000 		.4byte	.LASF33
 484 01ec 05       		.byte	0x5
 485 01ed 37       		.byte	0x37
 486 01ee B8000000 		.4byte	0xb8
 487 01f2 00       		.byte	0
 488 01f3 0A       		.uleb128 0xa
 489 01f4 B4030000 		.4byte	.LASF34
 490 01f8 05       		.byte	0x5
 491 01f9 38       		.byte	0x38
 492 01fa B8000000 		.4byte	0xb8
 493 01fe 04       		.byte	0x4
 494 01ff 0A       		.uleb128 0xa
 495 0200 EE020000 		.4byte	.LASF35
 496 0204 05       		.byte	0x5
 497 0205 39       		.byte	0x39
 498 0206 B8000000 		.4byte	0xb8
 499 020a 08       		.byte	0x8
 500 020b 0A       		.uleb128 0xa
 501 020c E7070000 		.4byte	.LASF36
 502 0210 05       		.byte	0x5
 503 0211 3A       		.byte	0x3a
 504 0212 B8000000 		.4byte	0xb8
 505 0216 0C       		.byte	0xc
 506 0217 0A       		.uleb128 0xa
 507 0218 83020000 		.4byte	.LASF37
 508 021c 05       		.byte	0x5
 509 021d 3B       		.byte	0x3b
 510 021e B8000000 		.4byte	0xb8
 511 0222 10       		.byte	0x10
 512 0223 0A       		.uleb128 0xa
 513 0224 C2020000 		.4byte	.LASF38
 514 0228 05       		.byte	0x5
 515 0229 3C       		.byte	0x3c
 516 022a B8000000 		.4byte	0xb8
 517 022e 14       		.byte	0x14
 518 022f 0A       		.uleb128 0xa
 519 0230 AE040000 		.4byte	.LASF39
 520 0234 05       		.byte	0x5
 521 0235 3D       		.byte	0x3d
ARM GAS  C:\Users\JC\AppData\Local\Temp\ccHO5IjY.s 			page 12


 522 0236 B8000000 		.4byte	0xb8
 523 023a 18       		.byte	0x18
 524 023b 0A       		.uleb128 0xa
 525 023c 86000000 		.4byte	.LASF40
 526 0240 05       		.byte	0x5
 527 0241 3E       		.byte	0x3e
 528 0242 B8000000 		.4byte	0xb8
 529 0246 1C       		.byte	0x1c
 530 0247 0A       		.uleb128 0xa
 531 0248 29080000 		.4byte	.LASF41
 532 024c 05       		.byte	0x5
 533 024d 3F       		.byte	0x3f
 534 024e B8000000 		.4byte	0xb8
 535 0252 20       		.byte	0x20
 536 0253 0A       		.uleb128 0xa
 537 0254 34070000 		.4byte	.LASF42
 538 0258 05       		.byte	0x5
 539 0259 40       		.byte	0x40
 540 025a B8000000 		.4byte	0xb8
 541 025e 24       		.byte	0x24
 542 025f 0A       		.uleb128 0xa
 543 0260 0A060000 		.4byte	.LASF43
 544 0264 05       		.byte	0x5
 545 0265 43       		.byte	0x43
 546 0266 97000000 		.4byte	0x97
 547 026a 28       		.byte	0x28
 548 026b 0A       		.uleb128 0xa
 549 026c 6C000000 		.4byte	.LASF44
 550 0270 05       		.byte	0x5
 551 0271 44       		.byte	0x44
 552 0272 97000000 		.4byte	0x97
 553 0276 29       		.byte	0x29
 554 0277 0A       		.uleb128 0xa
 555 0278 3C0A0000 		.4byte	.LASF45
 556 027c 05       		.byte	0x5
 557 027d 45       		.byte	0x45
 558 027e 97000000 		.4byte	0x97
 559 0282 2A       		.byte	0x2a
 560 0283 0A       		.uleb128 0xa
 561 0284 D9070000 		.4byte	.LASF46
 562 0288 05       		.byte	0x5
 563 0289 46       		.byte	0x46
 564 028a 97000000 		.4byte	0x97
 565 028e 2B       		.byte	0x2b
 566 028f 0A       		.uleb128 0xa
 567 0290 99050000 		.4byte	.LASF47
 568 0294 05       		.byte	0x5
 569 0295 47       		.byte	0x47
 570 0296 97000000 		.4byte	0x97
 571 029a 2C       		.byte	0x2c
 572 029b 0A       		.uleb128 0xa
 573 029c 2B090000 		.4byte	.LASF48
 574 02a0 05       		.byte	0x5
 575 02a1 48       		.byte	0x48
 576 02a2 97000000 		.4byte	0x97
 577 02a6 2D       		.byte	0x2d
 578 02a7 0A       		.uleb128 0xa
ARM GAS  C:\Users\JC\AppData\Local\Temp\ccHO5IjY.s 			page 13


 579 02a8 8C020000 		.4byte	.LASF49
 580 02ac 05       		.byte	0x5
 581 02ad 49       		.byte	0x49
 582 02ae 97000000 		.4byte	0x97
 583 02b2 2E       		.byte	0x2e
 584 02b3 0A       		.uleb128 0xa
 585 02b4 17060000 		.4byte	.LASF50
 586 02b8 05       		.byte	0x5
 587 02b9 4A       		.byte	0x4a
 588 02ba 97000000 		.4byte	0x97
 589 02be 2F       		.byte	0x2f
 590 02bf 0A       		.uleb128 0xa
 591 02c0 C9060000 		.4byte	.LASF51
 592 02c4 05       		.byte	0x5
 593 02c5 4B       		.byte	0x4b
 594 02c6 97000000 		.4byte	0x97
 595 02ca 30       		.byte	0x30
 596 02cb 0A       		.uleb128 0xa
 597 02cc A3040000 		.4byte	.LASF52
 598 02d0 05       		.byte	0x5
 599 02d1 4E       		.byte	0x4e
 600 02d2 97000000 		.4byte	0x97
 601 02d6 31       		.byte	0x31
 602 02d7 0A       		.uleb128 0xa
 603 02d8 9C000000 		.4byte	.LASF53
 604 02dc 05       		.byte	0x5
 605 02dd 4F       		.byte	0x4f
 606 02de 97000000 		.4byte	0x97
 607 02e2 32       		.byte	0x32
 608 02e3 0A       		.uleb128 0xa
 609 02e4 0D040000 		.4byte	.LASF54
 610 02e8 05       		.byte	0x5
 611 02e9 50       		.byte	0x50
 612 02ea 97000000 		.4byte	0x97
 613 02ee 33       		.byte	0x33
 614 02ef 0A       		.uleb128 0xa
 615 02f0 93060000 		.4byte	.LASF55
 616 02f4 05       		.byte	0x5
 617 02f5 51       		.byte	0x51
 618 02f6 97000000 		.4byte	0x97
 619 02fa 34       		.byte	0x34
 620 02fb 0A       		.uleb128 0xa
 621 02fc 90090000 		.4byte	.LASF56
 622 0300 05       		.byte	0x5
 623 0301 52       		.byte	0x52
 624 0302 A2000000 		.4byte	0xa2
 625 0306 36       		.byte	0x36
 626 0307 0A       		.uleb128 0xa
 627 0308 F7020000 		.4byte	.LASF57
 628 030c 05       		.byte	0x5
 629 030d 53       		.byte	0x53
 630 030e A2000000 		.4byte	0xa2
 631 0312 38       		.byte	0x38
 632 0313 0A       		.uleb128 0xa
 633 0314 BA090000 		.4byte	.LASF58
 634 0318 05       		.byte	0x5
 635 0319 54       		.byte	0x54
ARM GAS  C:\Users\JC\AppData\Local\Temp\ccHO5IjY.s 			page 14


 636 031a A2000000 		.4byte	0xa2
 637 031e 3A       		.byte	0x3a
 638 031f 0A       		.uleb128 0xa
 639 0320 2D0A0000 		.4byte	.LASF59
 640 0324 05       		.byte	0x5
 641 0325 55       		.byte	0x55
 642 0326 97000000 		.4byte	0x97
 643 032a 3C       		.byte	0x3c
 644 032b 0A       		.uleb128 0xa
 645 032c 50030000 		.4byte	.LASF60
 646 0330 05       		.byte	0x5
 647 0331 56       		.byte	0x56
 648 0332 97000000 		.4byte	0x97
 649 0336 3D       		.byte	0x3d
 650 0337 0A       		.uleb128 0xa
 651 0338 64080000 		.4byte	.LASF61
 652 033c 05       		.byte	0x5
 653 033d 57       		.byte	0x57
 654 033e 97000000 		.4byte	0x97
 655 0342 3E       		.byte	0x3e
 656 0343 0A       		.uleb128 0xa
 657 0344 7A000000 		.4byte	.LASF62
 658 0348 05       		.byte	0x5
 659 0349 58       		.byte	0x58
 660 034a 97000000 		.4byte	0x97
 661 034e 3F       		.byte	0x3f
 662 034f 0A       		.uleb128 0xa
 663 0350 3F070000 		.4byte	.LASF63
 664 0354 05       		.byte	0x5
 665 0355 59       		.byte	0x59
 666 0356 97000000 		.4byte	0x97
 667 035a 40       		.byte	0x40
 668 035b 0A       		.uleb128 0xa
 669 035c CA030000 		.4byte	.LASF64
 670 0360 05       		.byte	0x5
 671 0361 5A       		.byte	0x5a
 672 0362 97000000 		.4byte	0x97
 673 0366 41       		.byte	0x41
 674 0367 0A       		.uleb128 0xa
 675 0368 BC050000 		.4byte	.LASF65
 676 036c 05       		.byte	0x5
 677 036d 5B       		.byte	0x5b
 678 036e 97000000 		.4byte	0x97
 679 0372 42       		.byte	0x42
 680 0373 0A       		.uleb128 0xa
 681 0374 E6060000 		.4byte	.LASF66
 682 0378 05       		.byte	0x5
 683 0379 5C       		.byte	0x5c
 684 037a 97000000 		.4byte	0x97
 685 037e 43       		.byte	0x43
 686 037f 0A       		.uleb128 0xa
 687 0380 02030000 		.4byte	.LASF67
 688 0384 05       		.byte	0x5
 689 0385 5D       		.byte	0x5d
 690 0386 97000000 		.4byte	0x97
 691 038a 44       		.byte	0x44
 692 038b 0A       		.uleb128 0xa
ARM GAS  C:\Users\JC\AppData\Local\Temp\ccHO5IjY.s 			page 15


 693 038c 00000000 		.4byte	.LASF68
 694 0390 05       		.byte	0x5
 695 0391 5E       		.byte	0x5e
 696 0392 B8000000 		.4byte	0xb8
 697 0396 48       		.byte	0x48
 698 0397 0A       		.uleb128 0xa
 699 0398 E0020000 		.4byte	.LASF69
 700 039c 05       		.byte	0x5
 701 039d 5F       		.byte	0x5f
 702 039e B8000000 		.4byte	0xb8
 703 03a2 4C       		.byte	0x4c
 704 03a3 0A       		.uleb128 0xa
 705 03a4 DB0A0000 		.4byte	.LASF70
 706 03a8 05       		.byte	0x5
 707 03a9 60       		.byte	0x60
 708 03aa 97000000 		.4byte	0x97
 709 03ae 50       		.byte	0x50
 710 03af 0A       		.uleb128 0xa
 711 03b0 02020000 		.4byte	.LASF71
 712 03b4 05       		.byte	0x5
 713 03b5 61       		.byte	0x61
 714 03b6 97000000 		.4byte	0x97
 715 03ba 51       		.byte	0x51
 716 03bb 0A       		.uleb128 0xa
 717 03bc D5090000 		.4byte	.LASF72
 718 03c0 05       		.byte	0x5
 719 03c1 62       		.byte	0x62
 720 03c2 97000000 		.4byte	0x97
 721 03c6 52       		.byte	0x52
 722 03c7 0A       		.uleb128 0xa
 723 03c8 7B0A0000 		.4byte	.LASF73
 724 03cc 05       		.byte	0x5
 725 03cd 63       		.byte	0x63
 726 03ce 97000000 		.4byte	0x97
 727 03d2 53       		.byte	0x53
 728 03d3 0A       		.uleb128 0xa
 729 03d4 72080000 		.4byte	.LASF74
 730 03d8 05       		.byte	0x5
 731 03d9 64       		.byte	0x64
 732 03da 97000000 		.4byte	0x97
 733 03de 54       		.byte	0x54
 734 03df 0A       		.uleb128 0xa
 735 03e0 38020000 		.4byte	.LASF75
 736 03e4 05       		.byte	0x5
 737 03e5 65       		.byte	0x65
 738 03e6 97000000 		.4byte	0x97
 739 03ea 55       		.byte	0x55
 740 03eb 0A       		.uleb128 0xa
 741 03ec 38090000 		.4byte	.LASF76
 742 03f0 05       		.byte	0x5
 743 03f1 66       		.byte	0x66
 744 03f2 97000000 		.4byte	0x97
 745 03f6 56       		.byte	0x56
 746 03f7 0A       		.uleb128 0xa
 747 03f8 B7040000 		.4byte	.LASF77
 748 03fc 05       		.byte	0x5
 749 03fd 67       		.byte	0x67
ARM GAS  C:\Users\JC\AppData\Local\Temp\ccHO5IjY.s 			page 16


 750 03fe 97000000 		.4byte	0x97
 751 0402 57       		.byte	0x57
 752 0403 0A       		.uleb128 0xa
 753 0404 31000000 		.4byte	.LASF78
 754 0408 05       		.byte	0x5
 755 0409 68       		.byte	0x68
 756 040a 97000000 		.4byte	0x97
 757 040e 58       		.byte	0x58
 758 040f 0A       		.uleb128 0xa
 759 0410 FD070000 		.4byte	.LASF79
 760 0414 05       		.byte	0x5
 761 0415 69       		.byte	0x69
 762 0416 97000000 		.4byte	0x97
 763 041a 59       		.byte	0x59
 764 041b 0A       		.uleb128 0xa
 765 041c 1E030000 		.4byte	.LASF80
 766 0420 05       		.byte	0x5
 767 0421 6E       		.byte	0x6e
 768 0422 AD000000 		.4byte	0xad
 769 0426 5A       		.byte	0x5a
 770 0427 0A       		.uleb128 0xa
 771 0428 79090000 		.4byte	.LASF81
 772 042c 05       		.byte	0x5
 773 042d 6F       		.byte	0x6f
 774 042e AD000000 		.4byte	0xad
 775 0432 5C       		.byte	0x5c
 776 0433 0A       		.uleb128 0xa
 777 0434 0C010000 		.4byte	.LASF82
 778 0438 05       		.byte	0x5
 779 0439 70       		.byte	0x70
 780 043a 97000000 		.4byte	0x97
 781 043e 5E       		.byte	0x5e
 782 043f 0A       		.uleb128 0xa
 783 0440 C3070000 		.4byte	.LASF83
 784 0444 05       		.byte	0x5
 785 0445 71       		.byte	0x71
 786 0446 97000000 		.4byte	0x97
 787 044a 5F       		.byte	0x5f
 788 044b 0A       		.uleb128 0xa
 789 044c D5060000 		.4byte	.LASF84
 790 0450 05       		.byte	0x5
 791 0451 72       		.byte	0x72
 792 0452 97000000 		.4byte	0x97
 793 0456 60       		.byte	0x60
 794 0457 0A       		.uleb128 0xa
 795 0458 90070000 		.4byte	.LASF85
 796 045c 05       		.byte	0x5
 797 045d 73       		.byte	0x73
 798 045e B8000000 		.4byte	0xb8
 799 0462 64       		.byte	0x64
 800 0463 0A       		.uleb128 0xa
 801 0464 97010000 		.4byte	.LASF86
 802 0468 05       		.byte	0x5
 803 0469 76       		.byte	0x76
 804 046a AD000000 		.4byte	0xad
 805 046e 68       		.byte	0x68
 806 046f 0A       		.uleb128 0xa
ARM GAS  C:\Users\JC\AppData\Local\Temp\ccHO5IjY.s 			page 17


 807 0470 5F040000 		.4byte	.LASF87
 808 0474 05       		.byte	0x5
 809 0475 77       		.byte	0x77
 810 0476 AD000000 		.4byte	0xad
 811 047a 6A       		.byte	0x6a
 812 047b 0A       		.uleb128 0xa
 813 047c CB040000 		.4byte	.LASF88
 814 0480 05       		.byte	0x5
 815 0481 78       		.byte	0x78
 816 0482 AD000000 		.4byte	0xad
 817 0486 6C       		.byte	0x6c
 818 0487 0A       		.uleb128 0xa
 819 0488 8F000000 		.4byte	.LASF89
 820 048c 05       		.byte	0x5
 821 048d 79       		.byte	0x79
 822 048e AD000000 		.4byte	0xad
 823 0492 6E       		.byte	0x6e
 824 0493 0A       		.uleb128 0xa
 825 0494 31080000 		.4byte	.LASF90
 826 0498 05       		.byte	0x5
 827 0499 7B       		.byte	0x7b
 828 049a 97000000 		.4byte	0x97
 829 049e 70       		.byte	0x70
 830 049f 0A       		.uleb128 0xa
 831 04a0 6E020000 		.4byte	.LASF91
 832 04a4 05       		.byte	0x5
 833 04a5 7C       		.byte	0x7c
 834 04a6 97000000 		.4byte	0x97
 835 04aa 71       		.byte	0x71
 836 04ab 0A       		.uleb128 0xa
 837 04ac 650A0000 		.4byte	.LASF92
 838 04b0 05       		.byte	0x5
 839 04b1 7D       		.byte	0x7d
 840 04b2 97000000 		.4byte	0x97
 841 04b6 72       		.byte	0x72
 842 04b7 0A       		.uleb128 0xa
 843 04b8 A4060000 		.4byte	.LASF93
 844 04bc 05       		.byte	0x5
 845 04bd 7E       		.byte	0x7e
 846 04be 97000000 		.4byte	0x97
 847 04c2 73       		.byte	0x73
 848 04c3 0A       		.uleb128 0xa
 849 04c4 5B030000 		.4byte	.LASF94
 850 04c8 05       		.byte	0x5
 851 04c9 80       		.byte	0x80
 852 04ca AD000000 		.4byte	0xad
 853 04ce 74       		.byte	0x74
 854 04cf 0A       		.uleb128 0xa
 855 04d0 F4080000 		.4byte	.LASF95
 856 04d4 05       		.byte	0x5
 857 04d5 81       		.byte	0x81
 858 04d6 AD000000 		.4byte	0xad
 859 04da 76       		.byte	0x76
 860 04db 0A       		.uleb128 0xa
 861 04dc 30030000 		.4byte	.LASF96
 862 04e0 05       		.byte	0x5
 863 04e1 82       		.byte	0x82
ARM GAS  C:\Users\JC\AppData\Local\Temp\ccHO5IjY.s 			page 18


 864 04e2 AD000000 		.4byte	0xad
 865 04e6 78       		.byte	0x78
 866 04e7 0A       		.uleb128 0xa
 867 04e8 B4000000 		.4byte	.LASF97
 868 04ec 05       		.byte	0x5
 869 04ed 83       		.byte	0x83
 870 04ee AD000000 		.4byte	0xad
 871 04f2 7A       		.byte	0x7a
 872 04f3 0A       		.uleb128 0xa
 873 04f4 020A0000 		.4byte	.LASF98
 874 04f8 05       		.byte	0x5
 875 04f9 86       		.byte	0x86
 876 04fa 97000000 		.4byte	0x97
 877 04fe 7C       		.byte	0x7c
 878 04ff 0A       		.uleb128 0xa
 879 0500 9D090000 		.4byte	.LASF99
 880 0504 05       		.byte	0x5
 881 0505 87       		.byte	0x87
 882 0506 97000000 		.4byte	0x97
 883 050a 7D       		.byte	0x7d
 884 050b 0A       		.uleb128 0xa
 885 050c 45000000 		.4byte	.LASF100
 886 0510 05       		.byte	0x5
 887 0511 88       		.byte	0x88
 888 0512 97000000 		.4byte	0x97
 889 0516 7E       		.byte	0x7e
 890 0517 0A       		.uleb128 0xa
 891 0518 82030000 		.4byte	.LASF101
 892 051c 05       		.byte	0x5
 893 051d 89       		.byte	0x89
 894 051e 97000000 		.4byte	0x97
 895 0522 7F       		.byte	0x7f
 896 0523 0A       		.uleb128 0xa
 897 0524 F9030000 		.4byte	.LASF102
 898 0528 05       		.byte	0x5
 899 0529 8A       		.byte	0x8a
 900 052a 97000000 		.4byte	0x97
 901 052e 80       		.byte	0x80
 902 052f 0A       		.uleb128 0xa
 903 0530 F3050000 		.4byte	.LASF103
 904 0534 05       		.byte	0x5
 905 0535 8D       		.byte	0x8d
 906 0536 B8000000 		.4byte	0xb8
 907 053a 84       		.byte	0x84
 908 053b 0A       		.uleb128 0xa
 909 053c C9000000 		.4byte	.LASF104
 910 0540 05       		.byte	0x5
 911 0541 8E       		.byte	0x8e
 912 0542 B8000000 		.4byte	0xb8
 913 0546 88       		.byte	0x88
 914 0547 0A       		.uleb128 0xa
 915 0548 ED090000 		.4byte	.LASF105
 916 054c 05       		.byte	0x5
 917 054d 8F       		.byte	0x8f
 918 054e B8000000 		.4byte	0xb8
 919 0552 8C       		.byte	0x8c
 920 0553 0A       		.uleb128 0xa
ARM GAS  C:\Users\JC\AppData\Local\Temp\ccHO5IjY.s 			page 19


 921 0554 23060000 		.4byte	.LASF106
 922 0558 05       		.byte	0x5
 923 0559 90       		.byte	0x90
 924 055a B8000000 		.4byte	0xb8
 925 055e 90       		.byte	0x90
 926 055f 0A       		.uleb128 0xa
 927 0560 E4030000 		.4byte	.LASF107
 928 0564 05       		.byte	0x5
 929 0565 91       		.byte	0x91
 930 0566 B8000000 		.4byte	0xb8
 931 056a 94       		.byte	0x94
 932 056b 0A       		.uleb128 0xa
 933 056c DD050000 		.4byte	.LASF108
 934 0570 05       		.byte	0x5
 935 0571 92       		.byte	0x92
 936 0572 B8000000 		.4byte	0xb8
 937 0576 98       		.byte	0x98
 938 0577 0A       		.uleb128 0xa
 939 0578 170A0000 		.4byte	.LASF109
 940 057c 05       		.byte	0x5
 941 057d 93       		.byte	0x93
 942 057e B8000000 		.4byte	0xb8
 943 0582 9C       		.byte	0x9c
 944 0583 0A       		.uleb128 0xa
 945 0584 CF010000 		.4byte	.LASF110
 946 0588 05       		.byte	0x5
 947 0589 94       		.byte	0x94
 948 058a B8000000 		.4byte	0xb8
 949 058e A0       		.byte	0xa0
 950 058f 0A       		.uleb128 0xa
 951 0590 A2020000 		.4byte	.LASF111
 952 0594 05       		.byte	0x5
 953 0595 95       		.byte	0x95
 954 0596 AD000000 		.4byte	0xad
 955 059a A4       		.byte	0xa4
 956 059b 0A       		.uleb128 0xa
 957 059c C8050000 		.4byte	.LASF112
 958 05a0 05       		.byte	0x5
 959 05a1 96       		.byte	0x96
 960 05a2 AD000000 		.4byte	0xad
 961 05a6 A6       		.byte	0xa6
 962 05a7 0A       		.uleb128 0xa
 963 05a8 B7070000 		.4byte	.LASF113
 964 05ac 05       		.byte	0x5
 965 05ad 97       		.byte	0x97
 966 05ae AD000000 		.4byte	0xad
 967 05b2 A8       		.byte	0xa8
 968 05b3 0A       		.uleb128 0xa
 969 05b4 D4080000 		.4byte	.LASF114
 970 05b8 05       		.byte	0x5
 971 05b9 98       		.byte	0x98
 972 05ba AD000000 		.4byte	0xad
 973 05be AA       		.byte	0xaa
 974 05bf 0A       		.uleb128 0xa
 975 05c0 DA040000 		.4byte	.LASF115
 976 05c4 05       		.byte	0x5
 977 05c5 99       		.byte	0x99
ARM GAS  C:\Users\JC\AppData\Local\Temp\ccHO5IjY.s 			page 20


 978 05c6 AD000000 		.4byte	0xad
 979 05ca AC       		.byte	0xac
 980 05cb 0A       		.uleb128 0xa
 981 05cc BB060000 		.4byte	.LASF116
 982 05d0 05       		.byte	0x5
 983 05d1 9A       		.byte	0x9a
 984 05d2 AD000000 		.4byte	0xad
 985 05d6 AE       		.byte	0xae
 986 05d7 0A       		.uleb128 0xa
 987 05d8 82090000 		.4byte	.LASF117
 988 05dc 05       		.byte	0x5
 989 05dd 9D       		.byte	0x9d
 990 05de AD000000 		.4byte	0xad
 991 05e2 B0       		.byte	0xb0
 992 05e3 0A       		.uleb128 0xa
 993 05e4 58000000 		.4byte	.LASF118
 994 05e8 05       		.byte	0x5
 995 05e9 9E       		.byte	0x9e
 996 05ea B8000000 		.4byte	0xb8
 997 05ee B4       		.byte	0xb4
 998 05ef 00       		.byte	0
 999 05f0 03       		.uleb128 0x3
 1000 05f1 AC050000 		.4byte	.LASF119
 1001 05f5 05       		.byte	0x5
 1002 05f6 9F       		.byte	0x9f
 1003 05f7 DF010000 		.4byte	0x1df
 1004 05fb 0E       		.uleb128 0xe
 1005 05fc A5050000 		.4byte	.LASF120
 1006 0600 06       		.byte	0x6
 1007 0601 F601     		.2byte	0x1f6
 1008 0603 07060000 		.4byte	0x607
 1009 0607 02       		.uleb128 0x2
 1010 0608 01       		.byte	0x1
 1011 0609 08       		.byte	0x8
 1012 060a B3080000 		.4byte	.LASF121
 1013 060e 02       		.uleb128 0x2
 1014 060f 04       		.byte	0x4
 1015 0610 04       		.byte	0x4
 1016 0611 8A070000 		.4byte	.LASF122
 1017 0615 02       		.uleb128 0x2
 1018 0616 08       		.byte	0x8
 1019 0617 04       		.byte	0x4
 1020 0618 29030000 		.4byte	.LASF123
 1021 061c 0F       		.uleb128 0xf
 1022 061d 04       		.byte	0x4
 1023 061e 90000000 		.4byte	0x90
 1024 0622 07       		.byte	0x7
 1025 0623 DB       		.byte	0xdb
 1026 0624 38060000 		.4byte	0x638
 1027 0628 10       		.uleb128 0x10
 1028 0629 6D030000 		.4byte	.LASF124
 1029 062d 00       		.byte	0
 1030 062e 11       		.uleb128 0x11
 1031 062f 14090000 		.4byte	.LASF125
 1032 0633 01005E00 		.4byte	0x5e0001
 1033 0637 00       		.byte	0
 1034 0638 03       		.uleb128 0x3
ARM GAS  C:\Users\JC\AppData\Local\Temp\ccHO5IjY.s 			page 21


 1035 0639 1B070000 		.4byte	.LASF126
 1036 063d 07       		.byte	0x7
 1037 063e DE       		.byte	0xde
 1038 063f 1C060000 		.4byte	0x61c
 1039 0643 0F       		.uleb128 0xf
 1040 0644 01       		.byte	0x1
 1041 0645 37000000 		.4byte	0x37
 1042 0649 07       		.byte	0x7
 1043 064a E8       		.byte	0xe8
 1044 064b 5C060000 		.4byte	0x65c
 1045 064f 10       		.uleb128 0x10
 1046 0650 82080000 		.4byte	.LASF127
 1047 0654 00       		.byte	0
 1048 0655 10       		.uleb128 0x10
 1049 0656 1B010000 		.4byte	.LASF128
 1050 065a 01       		.byte	0x1
 1051 065b 00       		.byte	0
 1052 065c 03       		.uleb128 0x3
 1053 065d 4C090000 		.4byte	.LASF129
 1054 0661 07       		.byte	0x7
 1055 0662 EB       		.byte	0xeb
 1056 0663 43060000 		.4byte	0x643
 1057 0667 0F       		.uleb128 0xf
 1058 0668 04       		.byte	0x4
 1059 0669 90000000 		.4byte	0x90
 1060 066d 07       		.byte	0x7
 1061 066e F5       		.byte	0xf5
 1062 066f 8C060000 		.4byte	0x68c
 1063 0673 10       		.uleb128 0x10
 1064 0674 96030000 		.4byte	.LASF130
 1065 0678 00       		.byte	0
 1066 0679 11       		.uleb128 0x11
 1067 067a 14020000 		.4byte	.LASF131
 1068 067e 00001000 		.4byte	0x100000
 1069 0682 11       		.uleb128 0x11
 1070 0683 EA000000 		.4byte	.LASF132
 1071 0687 00002000 		.4byte	0x200000
 1072 068b 00       		.byte	0
 1073 068c 03       		.uleb128 0x3
 1074 068d A7010000 		.4byte	.LASF133
 1075 0691 07       		.byte	0x7
 1076 0692 F9       		.byte	0xf9
 1077 0693 67060000 		.4byte	0x667
 1078 0697 12       		.uleb128 0x12
 1079 0698 04       		.byte	0x4
 1080 0699 90000000 		.4byte	0x90
 1081 069d 07       		.byte	0x7
 1082 069e 0401     		.2byte	0x104
 1083 06a0 B4060000 		.4byte	0x6b4
 1084 06a4 10       		.uleb128 0x10
 1085 06a5 460A0000 		.4byte	.LASF134
 1086 06a9 00       		.byte	0
 1087 06aa 11       		.uleb128 0x11
 1088 06ab 41060000 		.4byte	.LASF135
 1089 06af 00000100 		.4byte	0x10000
 1090 06b3 00       		.byte	0
 1091 06b4 0E       		.uleb128 0xe
ARM GAS  C:\Users\JC\AppData\Local\Temp\ccHO5IjY.s 			page 22


 1092 06b5 12000000 		.4byte	.LASF136
 1093 06b9 07       		.byte	0x7
 1094 06ba 0701     		.2byte	0x107
 1095 06bc 97060000 		.4byte	0x697
 1096 06c0 12       		.uleb128 0x12
 1097 06c1 04       		.byte	0x4
 1098 06c2 90000000 		.4byte	0x90
 1099 06c6 07       		.byte	0x7
 1100 06c7 1301     		.2byte	0x113
 1101 06c9 EF060000 		.4byte	0x6ef
 1102 06cd 10       		.uleb128 0x10
 1103 06ce E8040000 		.4byte	.LASF137
 1104 06d2 00       		.byte	0
 1105 06d3 11       		.uleb128 0x11
 1106 06d4 4C070000 		.4byte	.LASF138
 1107 06d8 00000050 		.4byte	0x50000000
 1108 06dc 11       		.uleb128 0x11
 1109 06dd 6B070000 		.4byte	.LASF139
 1110 06e1 00000060 		.4byte	0x60000000
 1111 06e5 11       		.uleb128 0x11
 1112 06e6 2F040000 		.4byte	.LASF140
 1113 06ea 00000070 		.4byte	0x70000000
 1114 06ee 00       		.byte	0
 1115 06ef 0E       		.uleb128 0xe
 1116 06f0 E5010000 		.4byte	.LASF141
 1117 06f4 07       		.byte	0x7
 1118 06f5 1C01     		.2byte	0x11c
 1119 06f7 C0060000 		.4byte	0x6c0
 1120 06fb 13       		.uleb128 0x13
 1121 06fc 10       		.byte	0x10
 1122 06fd 07       		.byte	0x7
 1123 06fe 4001     		.2byte	0x140
 1124 0700 39070000 		.4byte	0x739
 1125 0704 14       		.uleb128 0x14
 1126 0705 9B040000 		.4byte	.LASF142
 1127 0709 07       		.byte	0x7
 1128 070a 4201     		.2byte	0x142
 1129 070c 5C060000 		.4byte	0x65c
 1130 0710 00       		.byte	0
 1131 0711 14       		.uleb128 0x14
 1132 0712 CF090000 		.4byte	.LASF143
 1133 0716 07       		.byte	0x7
 1134 0717 4301     		.2byte	0x143
 1135 0719 B4060000 		.4byte	0x6b4
 1136 071d 04       		.byte	0x4
 1137 071e 14       		.uleb128 0x14
 1138 071f 1B080000 		.4byte	.LASF144
 1139 0723 07       		.byte	0x7
 1140 0724 4401     		.2byte	0x144
 1141 0726 8C060000 		.4byte	0x68c
 1142 072a 08       		.byte	0x8
 1143 072b 14       		.uleb128 0x14
 1144 072c B8080000 		.4byte	.LASF145
 1145 0730 07       		.byte	0x7
 1146 0731 4501     		.2byte	0x145
 1147 0733 EF060000 		.4byte	0x6ef
 1148 0737 0C       		.byte	0xc
ARM GAS  C:\Users\JC\AppData\Local\Temp\ccHO5IjY.s 			page 23


 1149 0738 00       		.byte	0
 1150 0739 0E       		.uleb128 0xe
 1151 073a 4A080000 		.4byte	.LASF146
 1152 073e 07       		.byte	0x7
 1153 073f 4601     		.2byte	0x146
 1154 0741 FB060000 		.4byte	0x6fb
 1155 0745 15       		.uleb128 0x15
 1156 0746 C2080000 		.4byte	.LASF156
 1157 074a 01       		.byte	0x1
 1158 074b 43       		.byte	0x43
 1159 074c 38060000 		.4byte	0x638
 1160 0750 00000000 		.4byte	.LFB88
 1161 0754 0C010000 		.4byte	.LFE88-.LFB88
 1162 0758 01       		.uleb128 0x1
 1163 0759 9C       		.byte	0x9c
 1164 075a 89070000 		.4byte	0x789
 1165 075e 16       		.uleb128 0x16
 1166 075f E2080000 		.4byte	.LASF157
 1167 0763 01       		.byte	0x1
 1168 0764 43       		.byte	0x43
 1169 0765 89070000 		.4byte	0x789
 1170 0769 02       		.uleb128 0x2
 1171 076a 91       		.byte	0x91
 1172 076b 6C       		.sleb128 -20
 1173 076c 17       		.uleb128 0x17
 1174 076d D40A0000 		.4byte	.LASF147
 1175 0771 01       		.byte	0x1
 1176 0772 47       		.byte	0x47
 1177 0773 38060000 		.4byte	0x638
 1178 0777 02       		.uleb128 0x2
 1179 0778 91       		.byte	0x91
 1180 0779 74       		.sleb128 -12
 1181 077a 17       		.uleb128 0x17
 1182 077b 57040000 		.4byte	.LASF148
 1183 077f 01       		.byte	0x1
 1184 0780 48       		.byte	0x48
 1185 0781 B8000000 		.4byte	0xb8
 1186 0785 02       		.uleb128 0x2
 1187 0786 91       		.byte	0x91
 1188 0787 70       		.sleb128 -16
 1189 0788 00       		.byte	0
 1190 0789 18       		.uleb128 0x18
 1191 078a 04       		.byte	0x4
 1192 078b 8F070000 		.4byte	0x78f
 1193 078f 06       		.uleb128 0x6
 1194 0790 39070000 		.4byte	0x739
 1195 0794 19       		.uleb128 0x19
 1196 0795 AD070000 		.4byte	.LASF149
 1197 0799 05       		.byte	0x5
 1198 079a A7       		.byte	0xa7
 1199 079b 9F070000 		.4byte	0x79f
 1200 079f 18       		.uleb128 0x18
 1201 07a0 04       		.byte	0x4
 1202 07a1 A5070000 		.4byte	0x7a5
 1203 07a5 06       		.uleb128 0x6
 1204 07a6 F0050000 		.4byte	0x5f0
 1205 07aa 1A       		.uleb128 0x1a
ARM GAS  C:\Users\JC\AppData\Local\Temp\ccHO5IjY.s 			page 24


 1206 07ab F1060000 		.4byte	.LASF150
 1207 07af 01       		.byte	0x1
 1208 07b0 17       		.byte	0x17
 1209 07b1 8F070000 		.4byte	0x78f
 1210 07b5 05       		.uleb128 0x5
 1211 07b6 03       		.byte	0x3
 1212 07b7 00000000 		.4byte	Cy_SysAnalog_Fast_Local
 1213 07bb 1A       		.uleb128 0x1a
 1214 07bc 7C060000 		.4byte	.LASF151
 1215 07c0 01       		.byte	0x1
 1216 07c1 20       		.byte	0x20
 1217 07c2 8F070000 		.4byte	0x78f
 1218 07c6 05       		.uleb128 0x5
 1219 07c7 03       		.byte	0x3
 1220 07c8 00000000 		.4byte	Cy_SysAnalog_Fast_SRSS
 1221 07cc 1A       		.uleb128 0x1a
 1222 07cd 61060000 		.4byte	.LASF152
 1223 07d1 01       		.byte	0x1
 1224 07d2 29       		.byte	0x29
 1225 07d3 8F070000 		.4byte	0x78f
 1226 07d7 05       		.uleb128 0x5
 1227 07d8 03       		.byte	0x3
 1228 07d9 00000000 		.4byte	Cy_SysAnalog_Fast_External
 1229 07dd 00       		.byte	0
 1230              		.section	.debug_abbrev,"",%progbits
 1231              	.Ldebug_abbrev0:
 1232 0000 01       		.uleb128 0x1
 1233 0001 11       		.uleb128 0x11
 1234 0002 01       		.byte	0x1
 1235 0003 25       		.uleb128 0x25
 1236 0004 0E       		.uleb128 0xe
 1237 0005 13       		.uleb128 0x13
 1238 0006 0B       		.uleb128 0xb
 1239 0007 03       		.uleb128 0x3
 1240 0008 0E       		.uleb128 0xe
 1241 0009 1B       		.uleb128 0x1b
 1242 000a 0E       		.uleb128 0xe
 1243 000b 55       		.uleb128 0x55
 1244 000c 17       		.uleb128 0x17
 1245 000d 11       		.uleb128 0x11
 1246 000e 01       		.uleb128 0x1
 1247 000f 10       		.uleb128 0x10
 1248 0010 17       		.uleb128 0x17
 1249 0011 00       		.byte	0
 1250 0012 00       		.byte	0
 1251 0013 02       		.uleb128 0x2
 1252 0014 24       		.uleb128 0x24
 1253 0015 00       		.byte	0
 1254 0016 0B       		.uleb128 0xb
 1255 0017 0B       		.uleb128 0xb
 1256 0018 3E       		.uleb128 0x3e
 1257 0019 0B       		.uleb128 0xb
 1258 001a 03       		.uleb128 0x3
 1259 001b 0E       		.uleb128 0xe
 1260 001c 00       		.byte	0
 1261 001d 00       		.byte	0
 1262 001e 03       		.uleb128 0x3
ARM GAS  C:\Users\JC\AppData\Local\Temp\ccHO5IjY.s 			page 25


 1263 001f 16       		.uleb128 0x16
 1264 0020 00       		.byte	0
 1265 0021 03       		.uleb128 0x3
 1266 0022 0E       		.uleb128 0xe
 1267 0023 3A       		.uleb128 0x3a
 1268 0024 0B       		.uleb128 0xb
 1269 0025 3B       		.uleb128 0x3b
 1270 0026 0B       		.uleb128 0xb
 1271 0027 49       		.uleb128 0x49
 1272 0028 13       		.uleb128 0x13
 1273 0029 00       		.byte	0
 1274 002a 00       		.byte	0
 1275 002b 04       		.uleb128 0x4
 1276 002c 24       		.uleb128 0x24
 1277 002d 00       		.byte	0
 1278 002e 0B       		.uleb128 0xb
 1279 002f 0B       		.uleb128 0xb
 1280 0030 3E       		.uleb128 0x3e
 1281 0031 0B       		.uleb128 0xb
 1282 0032 03       		.uleb128 0x3
 1283 0033 08       		.uleb128 0x8
 1284 0034 00       		.byte	0
 1285 0035 00       		.byte	0
 1286 0036 05       		.uleb128 0x5
 1287 0037 35       		.uleb128 0x35
 1288 0038 00       		.byte	0
 1289 0039 49       		.uleb128 0x49
 1290 003a 13       		.uleb128 0x13
 1291 003b 00       		.byte	0
 1292 003c 00       		.byte	0
 1293 003d 06       		.uleb128 0x6
 1294 003e 26       		.uleb128 0x26
 1295 003f 00       		.byte	0
 1296 0040 49       		.uleb128 0x49
 1297 0041 13       		.uleb128 0x13
 1298 0042 00       		.byte	0
 1299 0043 00       		.byte	0
 1300 0044 07       		.uleb128 0x7
 1301 0045 01       		.uleb128 0x1
 1302 0046 01       		.byte	0x1
 1303 0047 49       		.uleb128 0x49
 1304 0048 13       		.uleb128 0x13
 1305 0049 01       		.uleb128 0x1
 1306 004a 13       		.uleb128 0x13
 1307 004b 00       		.byte	0
 1308 004c 00       		.byte	0
 1309 004d 08       		.uleb128 0x8
 1310 004e 21       		.uleb128 0x21
 1311 004f 00       		.byte	0
 1312 0050 49       		.uleb128 0x49
 1313 0051 13       		.uleb128 0x13
 1314 0052 2F       		.uleb128 0x2f
 1315 0053 0B       		.uleb128 0xb
 1316 0054 00       		.byte	0
 1317 0055 00       		.byte	0
 1318 0056 09       		.uleb128 0x9
 1319 0057 13       		.uleb128 0x13
ARM GAS  C:\Users\JC\AppData\Local\Temp\ccHO5IjY.s 			page 26


 1320 0058 01       		.byte	0x1
 1321 0059 0B       		.uleb128 0xb
 1322 005a 05       		.uleb128 0x5
 1323 005b 3A       		.uleb128 0x3a
 1324 005c 0B       		.uleb128 0xb
 1325 005d 3B       		.uleb128 0x3b
 1326 005e 0B       		.uleb128 0xb
 1327 005f 01       		.uleb128 0x1
 1328 0060 13       		.uleb128 0x13
 1329 0061 00       		.byte	0
 1330 0062 00       		.byte	0
 1331 0063 0A       		.uleb128 0xa
 1332 0064 0D       		.uleb128 0xd
 1333 0065 00       		.byte	0
 1334 0066 03       		.uleb128 0x3
 1335 0067 0E       		.uleb128 0xe
 1336 0068 3A       		.uleb128 0x3a
 1337 0069 0B       		.uleb128 0xb
 1338 006a 3B       		.uleb128 0x3b
 1339 006b 0B       		.uleb128 0xb
 1340 006c 49       		.uleb128 0x49
 1341 006d 13       		.uleb128 0x13
 1342 006e 38       		.uleb128 0x38
 1343 006f 0B       		.uleb128 0xb
 1344 0070 00       		.byte	0
 1345 0071 00       		.byte	0
 1346 0072 0B       		.uleb128 0xb
 1347 0073 0D       		.uleb128 0xd
 1348 0074 00       		.byte	0
 1349 0075 03       		.uleb128 0x3
 1350 0076 0E       		.uleb128 0xe
 1351 0077 3A       		.uleb128 0x3a
 1352 0078 0B       		.uleb128 0xb
 1353 0079 3B       		.uleb128 0x3b
 1354 007a 0B       		.uleb128 0xb
 1355 007b 49       		.uleb128 0x49
 1356 007c 13       		.uleb128 0x13
 1357 007d 38       		.uleb128 0x38
 1358 007e 05       		.uleb128 0x5
 1359 007f 00       		.byte	0
 1360 0080 00       		.byte	0
 1361 0081 0C       		.uleb128 0xc
 1362 0082 21       		.uleb128 0x21
 1363 0083 00       		.byte	0
 1364 0084 49       		.uleb128 0x49
 1365 0085 13       		.uleb128 0x13
 1366 0086 2F       		.uleb128 0x2f
 1367 0087 05       		.uleb128 0x5
 1368 0088 00       		.byte	0
 1369 0089 00       		.byte	0
 1370 008a 0D       		.uleb128 0xd
 1371 008b 13       		.uleb128 0x13
 1372 008c 01       		.byte	0x1
 1373 008d 0B       		.uleb128 0xb
 1374 008e 0B       		.uleb128 0xb
 1375 008f 3A       		.uleb128 0x3a
 1376 0090 0B       		.uleb128 0xb
ARM GAS  C:\Users\JC\AppData\Local\Temp\ccHO5IjY.s 			page 27


 1377 0091 3B       		.uleb128 0x3b
 1378 0092 0B       		.uleb128 0xb
 1379 0093 01       		.uleb128 0x1
 1380 0094 13       		.uleb128 0x13
 1381 0095 00       		.byte	0
 1382 0096 00       		.byte	0
 1383 0097 0E       		.uleb128 0xe
 1384 0098 16       		.uleb128 0x16
 1385 0099 00       		.byte	0
 1386 009a 03       		.uleb128 0x3
 1387 009b 0E       		.uleb128 0xe
 1388 009c 3A       		.uleb128 0x3a
 1389 009d 0B       		.uleb128 0xb
 1390 009e 3B       		.uleb128 0x3b
 1391 009f 05       		.uleb128 0x5
 1392 00a0 49       		.uleb128 0x49
 1393 00a1 13       		.uleb128 0x13
 1394 00a2 00       		.byte	0
 1395 00a3 00       		.byte	0
 1396 00a4 0F       		.uleb128 0xf
 1397 00a5 04       		.uleb128 0x4
 1398 00a6 01       		.byte	0x1
 1399 00a7 0B       		.uleb128 0xb
 1400 00a8 0B       		.uleb128 0xb
 1401 00a9 49       		.uleb128 0x49
 1402 00aa 13       		.uleb128 0x13
 1403 00ab 3A       		.uleb128 0x3a
 1404 00ac 0B       		.uleb128 0xb
 1405 00ad 3B       		.uleb128 0x3b
 1406 00ae 0B       		.uleb128 0xb
 1407 00af 01       		.uleb128 0x1
 1408 00b0 13       		.uleb128 0x13
 1409 00b1 00       		.byte	0
 1410 00b2 00       		.byte	0
 1411 00b3 10       		.uleb128 0x10
 1412 00b4 28       		.uleb128 0x28
 1413 00b5 00       		.byte	0
 1414 00b6 03       		.uleb128 0x3
 1415 00b7 0E       		.uleb128 0xe
 1416 00b8 1C       		.uleb128 0x1c
 1417 00b9 0B       		.uleb128 0xb
 1418 00ba 00       		.byte	0
 1419 00bb 00       		.byte	0
 1420 00bc 11       		.uleb128 0x11
 1421 00bd 28       		.uleb128 0x28
 1422 00be 00       		.byte	0
 1423 00bf 03       		.uleb128 0x3
 1424 00c0 0E       		.uleb128 0xe
 1425 00c1 1C       		.uleb128 0x1c
 1426 00c2 06       		.uleb128 0x6
 1427 00c3 00       		.byte	0
 1428 00c4 00       		.byte	0
 1429 00c5 12       		.uleb128 0x12
 1430 00c6 04       		.uleb128 0x4
 1431 00c7 01       		.byte	0x1
 1432 00c8 0B       		.uleb128 0xb
 1433 00c9 0B       		.uleb128 0xb
ARM GAS  C:\Users\JC\AppData\Local\Temp\ccHO5IjY.s 			page 28


 1434 00ca 49       		.uleb128 0x49
 1435 00cb 13       		.uleb128 0x13
 1436 00cc 3A       		.uleb128 0x3a
 1437 00cd 0B       		.uleb128 0xb
 1438 00ce 3B       		.uleb128 0x3b
 1439 00cf 05       		.uleb128 0x5
 1440 00d0 01       		.uleb128 0x1
 1441 00d1 13       		.uleb128 0x13
 1442 00d2 00       		.byte	0
 1443 00d3 00       		.byte	0
 1444 00d4 13       		.uleb128 0x13
 1445 00d5 13       		.uleb128 0x13
 1446 00d6 01       		.byte	0x1
 1447 00d7 0B       		.uleb128 0xb
 1448 00d8 0B       		.uleb128 0xb
 1449 00d9 3A       		.uleb128 0x3a
 1450 00da 0B       		.uleb128 0xb
 1451 00db 3B       		.uleb128 0x3b
 1452 00dc 05       		.uleb128 0x5
 1453 00dd 01       		.uleb128 0x1
 1454 00de 13       		.uleb128 0x13
 1455 00df 00       		.byte	0
 1456 00e0 00       		.byte	0
 1457 00e1 14       		.uleb128 0x14
 1458 00e2 0D       		.uleb128 0xd
 1459 00e3 00       		.byte	0
 1460 00e4 03       		.uleb128 0x3
 1461 00e5 0E       		.uleb128 0xe
 1462 00e6 3A       		.uleb128 0x3a
 1463 00e7 0B       		.uleb128 0xb
 1464 00e8 3B       		.uleb128 0x3b
 1465 00e9 05       		.uleb128 0x5
 1466 00ea 49       		.uleb128 0x49
 1467 00eb 13       		.uleb128 0x13
 1468 00ec 38       		.uleb128 0x38
 1469 00ed 0B       		.uleb128 0xb
 1470 00ee 00       		.byte	0
 1471 00ef 00       		.byte	0
 1472 00f0 15       		.uleb128 0x15
 1473 00f1 2E       		.uleb128 0x2e
 1474 00f2 01       		.byte	0x1
 1475 00f3 3F       		.uleb128 0x3f
 1476 00f4 19       		.uleb128 0x19
 1477 00f5 03       		.uleb128 0x3
 1478 00f6 0E       		.uleb128 0xe
 1479 00f7 3A       		.uleb128 0x3a
 1480 00f8 0B       		.uleb128 0xb
 1481 00f9 3B       		.uleb128 0x3b
 1482 00fa 0B       		.uleb128 0xb
 1483 00fb 27       		.uleb128 0x27
 1484 00fc 19       		.uleb128 0x19
 1485 00fd 49       		.uleb128 0x49
 1486 00fe 13       		.uleb128 0x13
 1487 00ff 11       		.uleb128 0x11
 1488 0100 01       		.uleb128 0x1
 1489 0101 12       		.uleb128 0x12
 1490 0102 06       		.uleb128 0x6
ARM GAS  C:\Users\JC\AppData\Local\Temp\ccHO5IjY.s 			page 29


 1491 0103 40       		.uleb128 0x40
 1492 0104 18       		.uleb128 0x18
 1493 0105 9642     		.uleb128 0x2116
 1494 0107 19       		.uleb128 0x19
 1495 0108 01       		.uleb128 0x1
 1496 0109 13       		.uleb128 0x13
 1497 010a 00       		.byte	0
 1498 010b 00       		.byte	0
 1499 010c 16       		.uleb128 0x16
 1500 010d 05       		.uleb128 0x5
 1501 010e 00       		.byte	0
 1502 010f 03       		.uleb128 0x3
 1503 0110 0E       		.uleb128 0xe
 1504 0111 3A       		.uleb128 0x3a
 1505 0112 0B       		.uleb128 0xb
 1506 0113 3B       		.uleb128 0x3b
 1507 0114 0B       		.uleb128 0xb
 1508 0115 49       		.uleb128 0x49
 1509 0116 13       		.uleb128 0x13
 1510 0117 02       		.uleb128 0x2
 1511 0118 18       		.uleb128 0x18
 1512 0119 00       		.byte	0
 1513 011a 00       		.byte	0
 1514 011b 17       		.uleb128 0x17
 1515 011c 34       		.uleb128 0x34
 1516 011d 00       		.byte	0
 1517 011e 03       		.uleb128 0x3
 1518 011f 0E       		.uleb128 0xe
 1519 0120 3A       		.uleb128 0x3a
 1520 0121 0B       		.uleb128 0xb
 1521 0122 3B       		.uleb128 0x3b
 1522 0123 0B       		.uleb128 0xb
 1523 0124 49       		.uleb128 0x49
 1524 0125 13       		.uleb128 0x13
 1525 0126 02       		.uleb128 0x2
 1526 0127 18       		.uleb128 0x18
 1527 0128 00       		.byte	0
 1528 0129 00       		.byte	0
 1529 012a 18       		.uleb128 0x18
 1530 012b 0F       		.uleb128 0xf
 1531 012c 00       		.byte	0
 1532 012d 0B       		.uleb128 0xb
 1533 012e 0B       		.uleb128 0xb
 1534 012f 49       		.uleb128 0x49
 1535 0130 13       		.uleb128 0x13
 1536 0131 00       		.byte	0
 1537 0132 00       		.byte	0
 1538 0133 19       		.uleb128 0x19
 1539 0134 34       		.uleb128 0x34
 1540 0135 00       		.byte	0
 1541 0136 03       		.uleb128 0x3
 1542 0137 0E       		.uleb128 0xe
 1543 0138 3A       		.uleb128 0x3a
 1544 0139 0B       		.uleb128 0xb
 1545 013a 3B       		.uleb128 0x3b
 1546 013b 0B       		.uleb128 0xb
 1547 013c 49       		.uleb128 0x49
ARM GAS  C:\Users\JC\AppData\Local\Temp\ccHO5IjY.s 			page 30


 1548 013d 13       		.uleb128 0x13
 1549 013e 3F       		.uleb128 0x3f
 1550 013f 19       		.uleb128 0x19
 1551 0140 3C       		.uleb128 0x3c
 1552 0141 19       		.uleb128 0x19
 1553 0142 00       		.byte	0
 1554 0143 00       		.byte	0
 1555 0144 1A       		.uleb128 0x1a
 1556 0145 34       		.uleb128 0x34
 1557 0146 00       		.byte	0
 1558 0147 03       		.uleb128 0x3
 1559 0148 0E       		.uleb128 0xe
 1560 0149 3A       		.uleb128 0x3a
 1561 014a 0B       		.uleb128 0xb
 1562 014b 3B       		.uleb128 0x3b
 1563 014c 0B       		.uleb128 0xb
 1564 014d 49       		.uleb128 0x49
 1565 014e 13       		.uleb128 0x13
 1566 014f 3F       		.uleb128 0x3f
 1567 0150 19       		.uleb128 0x19
 1568 0151 02       		.uleb128 0x2
 1569 0152 18       		.uleb128 0x18
 1570 0153 00       		.byte	0
 1571 0154 00       		.byte	0
 1572 0155 00       		.byte	0
 1573              		.section	.debug_aranges,"",%progbits
 1574 0000 1C000000 		.4byte	0x1c
 1575 0004 0200     		.2byte	0x2
 1576 0006 00000000 		.4byte	.Ldebug_info0
 1577 000a 04       		.byte	0x4
 1578 000b 00       		.byte	0
 1579 000c 0000     		.2byte	0
 1580 000e 0000     		.2byte	0
 1581 0010 00000000 		.4byte	.LFB88
 1582 0014 0C010000 		.4byte	.LFE88-.LFB88
 1583 0018 00000000 		.4byte	0
 1584 001c 00000000 		.4byte	0
 1585              		.section	.debug_ranges,"",%progbits
 1586              	.Ldebug_ranges0:
 1587 0000 00000000 		.4byte	.LFB88
 1588 0004 0C010000 		.4byte	.LFE88
 1589 0008 00000000 		.4byte	0
 1590 000c 00000000 		.4byte	0
 1591              		.section	.debug_line,"",%progbits
 1592              	.Ldebug_line0:
 1593 0000 A5020000 		.section	.debug_str,"MS",%progbits,1
 1593      02003702 
 1593      00000201 
 1593      FB0E0D00 
 1593      01010101 
 1594              	.LASF68:
 1595 0000 70726F74 		.ascii	"protBusMasterMask\000"
 1595      4275734D 
 1595      61737465 
 1595      724D6173 
 1595      6B00
 1596              	.LASF136:
ARM GAS  C:\Users\JC\AppData\Local\Temp\ccHO5IjY.s 			page 31


 1597 0012 63795F65 		.ascii	"cy_en_sysanalog_iztat_source_t\000"
 1597      6E5F7379 
 1597      73616E61 
 1597      6C6F675F 
 1597      697A7461 
 1598              	.LASF78:
 1599 0031 666C6173 		.ascii	"flashCtlMainWs3Freq\000"
 1599      6843746C 
 1599      4D61696E 
 1599      57733346 
 1599      72657100 
 1600              	.LASF100:
 1601 0045 6770696F 		.ascii	"gpioPrtCfgInOffset\000"
 1601      50727443 
 1601      6667496E 
 1601      4F666673 
 1601      657400
 1602              	.LASF118:
 1603 0058 6970634C 		.ascii	"ipcLockStatusOffset\000"
 1603      6F636B53 
 1603      74617475 
 1603      734F6666 
 1603      73657400 
 1604              	.LASF44:
 1605 006c 63727970 		.ascii	"cryptoVersion\000"
 1605      746F5665 
 1605      7273696F 
 1605      6E00
 1606              	.LASF62:
 1607 007a 70657269 		.ascii	"periClockNr\000"
 1607      436C6F63 
 1607      6B4E7200 
 1608              	.LASF40:
 1609 0086 70617373 		.ascii	"passBase\000"
 1609      42617365 
 1609      00
 1610              	.LASF89:
 1611 008f 70657269 		.ascii	"periTrGrSize\000"
 1611      54724772 
 1611      53697A65 
 1611      00
 1612              	.LASF53:
 1613 009c 63707573 		.ascii	"cpussIpcIrqNr\000"
 1613      73497063 
 1613      4972714E 
 1613      7200
 1614              	.LASF2:
 1615 00aa 5F5F7569 		.ascii	"__uint8_t\000"
 1615      6E74385F 
 1615      7400
 1616              	.LASF97:
 1617 00b4 70657269 		.ascii	"periDiv24_5CtlOffset\000"
 1617      44697632 
 1617      345F3543 
 1617      746C4F66 
 1617      66736574 
 1618              	.LASF104:
ARM GAS  C:\Users\JC\AppData\Local\Temp\ccHO5IjY.s 			page 32


 1619 00c9 63707573 		.ascii	"cpussCm4ClockCtlOffset\000"
 1619      73436D34 
 1619      436C6F63 
 1619      6B43746C 
 1619      4F666673 
 1620              	.LASF33:
 1621 00e0 63707573 		.ascii	"cpussBase\000"
 1621      73426173 
 1621      6500
 1622              	.LASF132:
 1623 00ea 43595F53 		.ascii	"CY_SYSANALOG_VREF_SOURCE_EXTERNAL\000"
 1623      5953414E 
 1623      414C4F47 
 1623      5F565245 
 1623      465F534F 
 1624              	.LASF82:
 1625 010c 64774368 		.ascii	"dwChCtlPrioPos\000"
 1625      43746C50 
 1625      72696F50 
 1625      6F7300
 1626              	.LASF128:
 1627 011b 43595F53 		.ascii	"CY_SYSANALOG_STARTUP_FAST\000"
 1627      5953414E 
 1627      414C4F47 
 1627      5F535441 
 1627      52545550 
 1628              	.LASF155:
 1629 0135 443A5C4F 		.ascii	"D:\\OneDrive\\OneDrive - UNSW\\2022_T1\\Thesis A\\d"
 1629      6E654472 
 1629      6976655C 
 1629      4F6E6544 
 1629      72697665 
 1630 0163 61726179 		.ascii	"arayus\\VDAC_Saw_Export.cydsn\000"
 1630      75735C56 
 1630      4441435F 
 1630      5361775F 
 1630      4578706F 
 1631              	.LASF11:
 1632 0180 6C6F6E67 		.ascii	"long long unsigned int\000"
 1632      206C6F6E 
 1632      6720756E 
 1632      7369676E 
 1632      65642069 
 1633              	.LASF86:
 1634 0197 70657269 		.ascii	"periTrCmdOffset\000"
 1634      5472436D 
 1634      644F6666 
 1634      73657400 
 1635              	.LASF133:
 1636 01a7 63795F65 		.ascii	"cy_en_sysanalog_vref_source_t\000"
 1636      6E5F7379 
 1636      73616E61 
 1636      6C6F675F 
 1636      76726566 
 1637              	.LASF19:
 1638 01c5 41524546 		.ascii	"AREF_CTRL\000"
 1638      5F435452 
ARM GAS  C:\Users\JC\AppData\Local\Temp\ccHO5IjY.s 			page 33


 1638      4C00
 1639              	.LASF110:
 1640 01cf 63707573 		.ascii	"cpussSysTickCtlOffset\000"
 1640      73537973 
 1640      5469636B 
 1640      43746C4F 
 1640      66667365 
 1641              	.LASF141:
 1642 01e5 63795F65 		.ascii	"cy_en_sysanalog_deep_sleep_t\000"
 1642      6E5F7379 
 1642      73616E61 
 1642      6C6F675F 
 1642      64656570 
 1643              	.LASF71:
 1644 0202 666C6173 		.ascii	"flashPipeRequired\000"
 1644      68506970 
 1644      65526571 
 1644      75697265 
 1644      6400
 1645              	.LASF131:
 1646 0214 43595F53 		.ascii	"CY_SYSANALOG_VREF_SOURCE_LOCAL_1_2V\000"
 1646      5953414E 
 1646      414C4F47 
 1646      5F565245 
 1646      465F534F 
 1647              	.LASF75:
 1648 0238 666C6173 		.ascii	"flashCtlMainWs0Freq\000"
 1648      6843746C 
 1648      4D61696E 
 1648      57733046 
 1648      72657100 
 1649              	.LASF14:
 1650 024c 696E7431 		.ascii	"int16_t\000"
 1650      365F7400 
 1651              	.LASF10:
 1652 0254 6C6F6E67 		.ascii	"long long int\000"
 1652      206C6F6E 
 1652      6720696E 
 1652      7400
 1653              	.LASF0:
 1654 0262 7369676E 		.ascii	"signed char\000"
 1654      65642063 
 1654      68617200 
 1655              	.LASF91:
 1656 026e 70657269 		.ascii	"periDivCmdTypeSelPos\000"
 1656      44697643 
 1656      6D645479 
 1656      70655365 
 1656      6C506F73 
 1657              	.LASF37:
 1658 0283 70726F74 		.ascii	"protBase\000"
 1658      42617365 
 1658      00
 1659              	.LASF49:
 1660 028c 69706356 		.ascii	"ipcVersion\000"
 1660      65727369 
 1660      6F6E00
ARM GAS  C:\Users\JC\AppData\Local\Temp\ccHO5IjY.s 			page 34


 1661              	.LASF25:
 1662 0297 56524546 		.ascii	"VREF_TRIM1\000"
 1662      5F545249 
 1662      4D3100
 1663              	.LASF111:
 1664 02a2 63707573 		.ascii	"cpussCm0NmiCtlOffset\000"
 1664      73436D30 
 1664      4E6D6943 
 1664      746C4F66 
 1664      66736574 
 1665              	.LASF27:
 1666 02b7 56524546 		.ascii	"VREF_TRIM3\000"
 1666      5F545249 
 1666      4D3300
 1667              	.LASF38:
 1668 02c2 6873696F 		.ascii	"hsiomBase\000"
 1668      6D426173 
 1668      6500
 1669              	.LASF7:
 1670 02cc 6C6F6E67 		.ascii	"long int\000"
 1670      20696E74 
 1670      00
 1671              	.LASF22:
 1672 02d5 494E5452 		.ascii	"INTR_CAUSE\000"
 1672      5F434155 
 1672      534500
 1673              	.LASF69:
 1674 02e0 63727970 		.ascii	"cryptoMemSize\000"
 1674      746F4D65 
 1674      6D53697A 
 1674      6500
 1675              	.LASF35:
 1676 02ee 70657269 		.ascii	"periBase\000"
 1676      42617365 
 1676      00
 1677              	.LASF57:
 1678 02f7 63707573 		.ascii	"cpussFmIrq\000"
 1678      73466D49 
 1678      727100
 1679              	.LASF67:
 1680 0302 73797350 		.ascii	"sysPmSimoPresent\000"
 1680      6D53696D 
 1680      6F507265 
 1680      73656E74 
 1680      00
 1681              	.LASF24:
 1682 0313 56524546 		.ascii	"VREF_TRIM0\000"
 1682      5F545249 
 1682      4D3000
 1683              	.LASF80:
 1684 031e 64774368 		.ascii	"dwChOffset\000"
 1684      4F666673 
 1684      657400
 1685              	.LASF123:
 1686 0329 646F7562 		.ascii	"double\000"
 1686      6C6500
 1687              	.LASF96:
ARM GAS  C:\Users\JC\AppData\Local\Temp\ccHO5IjY.s 			page 35


 1688 0330 70657269 		.ascii	"periDiv16_5CtlOffset\000"
 1688      44697631 
 1688      365F3543 
 1688      746C4F66 
 1688      66736574 
 1689              	.LASF26:
 1690 0345 56524546 		.ascii	"VREF_TRIM2\000"
 1690      5F545249 
 1690      4D3200
 1691              	.LASF60:
 1692 0350 73727373 		.ascii	"srssNumPll\000"
 1692      4E756D50 
 1692      6C6C00
 1693              	.LASF94:
 1694 035b 70657269 		.ascii	"periDiv8CtlOffset\000"
 1694      44697638 
 1694      43746C4F 
 1694      66667365 
 1694      7400
 1695              	.LASF124:
 1696 036d 43595F53 		.ascii	"CY_SYSANALOG_SUCCESS\000"
 1696      5953414E 
 1696      414C4F47 
 1696      5F535543 
 1696      43455353 
 1697              	.LASF101:
 1698 0382 6770696F 		.ascii	"gpioPrtCfgOutOffset\000"
 1698      50727443 
 1698      66674F75 
 1698      744F6666 
 1698      73657400 
 1699              	.LASF130:
 1700 0396 43595F53 		.ascii	"CY_SYSANALOG_VREF_SOURCE_SRSS\000"
 1700      5953414E 
 1700      414C4F47 
 1700      5F565245 
 1700      465F534F 
 1701              	.LASF34:
 1702 03b4 666C6173 		.ascii	"flashcBase\000"
 1702      68634261 
 1702      736500
 1703              	.LASF8:
 1704 03bf 5F5F7569 		.ascii	"__uint32_t\000"
 1704      6E743332 
 1704      5F7400
 1705              	.LASF64:
 1706 03ca 70617373 		.ascii	"passSarChannels\000"
 1706      53617243 
 1706      68616E6E 
 1706      656C7300 
 1707              	.LASF3:
 1708 03da 5F5F696E 		.ascii	"__int16_t\000"
 1708      7431365F 
 1708      7400
 1709              	.LASF107:
 1710 03e4 63707573 		.ascii	"cpussCm4PwrCtlOffset\000"
 1710      73436D34 
ARM GAS  C:\Users\JC\AppData\Local\Temp\ccHO5IjY.s 			page 36


 1710      50777243 
 1710      746C4F66 
 1710      66736574 
 1711              	.LASF102:
 1712 03f9 6770696F 		.ascii	"gpioPrtCfgSioOffset\000"
 1712      50727443 
 1712      66675369 
 1712      6F4F6666 
 1712      73657400 
 1713              	.LASF54:
 1714 040d 63707573 		.ascii	"cpussDwChNr\000"
 1714      73447743 
 1714      684E7200 
 1715              	.LASF12:
 1716 0419 756E7369 		.ascii	"unsigned int\000"
 1716      676E6564 
 1716      20696E74 
 1716      00
 1717              	.LASF15:
 1718 0426 75696E74 		.ascii	"uint16_t\000"
 1718      31365F74 
 1718      00
 1719              	.LASF140:
 1720 042f 43595F53 		.ascii	"CY_SYSANALOG_DEEPSLEEP_IPTAT_IZTAT_VREF\000"
 1720      5953414E 
 1720      414C4F47 
 1720      5F444545 
 1720      50534C45 
 1721              	.LASF148:
 1722 0457 6374726C 		.ascii	"ctrlReg\000"
 1722      52656700 
 1723              	.LASF87:
 1724 045f 70657269 		.ascii	"periTrCmdGrSelMsk\000"
 1724      5472436D 
 1724      64477253 
 1724      656C4D73 
 1724      6B00
 1725              	.LASF28:
 1726 0471 495A5441 		.ascii	"IZTAT_TRIM0\000"
 1726      545F5452 
 1726      494D3000 
 1727              	.LASF29:
 1728 047d 495A5441 		.ascii	"IZTAT_TRIM1\000"
 1728      545F5452 
 1728      494D3100 
 1729              	.LASF9:
 1730 0489 6C6F6E67 		.ascii	"long unsigned int\000"
 1730      20756E73 
 1730      69676E65 
 1730      6420696E 
 1730      7400
 1731              	.LASF142:
 1732 049b 73746172 		.ascii	"startup\000"
 1732      74757000 
 1733              	.LASF52:
 1734 04a3 63707573 		.ascii	"cpussIpcNr\000"
 1734      73497063 
ARM GAS  C:\Users\JC\AppData\Local\Temp\ccHO5IjY.s 			page 37


 1734      4E7200
 1735              	.LASF39:
 1736 04ae 6770696F 		.ascii	"gpioBase\000"
 1736      42617365 
 1736      00
 1737              	.LASF77:
 1738 04b7 666C6173 		.ascii	"flashCtlMainWs2Freq\000"
 1738      6843746C 
 1738      4D61696E 
 1738      57733246 
 1738      72657100 
 1739              	.LASF88:
 1740 04cb 70657269 		.ascii	"periTrGrOffset\000"
 1740      54724772 
 1740      4F666673 
 1740      657400
 1741              	.LASF115:
 1742 04da 63707573 		.ascii	"cpussRam1Ctl0\000"
 1742      7352616D 
 1742      3143746C 
 1742      3000
 1743              	.LASF137:
 1744 04e8 43595F53 		.ascii	"CY_SYSANALOG_DEEPSLEEP_DISABLE\000"
 1744      5953414E 
 1744      414C4F47 
 1744      5F444545 
 1744      50534C45 
 1745              	.LASF153:
 1746 0507 474E5520 		.ascii	"GNU C11 5.4.1 20160609 (release) [ARM/embedded-5-br"
 1746      43313120 
 1746      352E342E 
 1746      31203230 
 1746      31363036 
 1747 053a 616E6368 		.ascii	"anch revision 237715] -mcpu=cortex-m0plus -mthumb -"
 1747      20726576 
 1747      6973696F 
 1747      6E203233 
 1747      37373135 
 1748 056d 67202D4F 		.ascii	"g -O0 -ffunction-sections -ffat-lto-objects\000"
 1748      30202D66 
 1748      66756E63 
 1748      74696F6E 
 1748      2D736563 
 1749              	.LASF47:
 1750 0599 6770696F 		.ascii	"gpioVersion\000"
 1750      56657273 
 1750      696F6E00 
 1751              	.LASF120:
 1752 05a5 63686172 		.ascii	"char_t\000"
 1752      5F7400
 1753              	.LASF119:
 1754 05ac 63795F73 		.ascii	"cy_stc_device_t\000"
 1754      74635F64 
 1754      65766963 
 1754      655F7400 
 1755              	.LASF65:
 1756 05bc 65704D6F 		.ascii	"epMonitorNr\000"
ARM GAS  C:\Users\JC\AppData\Local\Temp\ccHO5IjY.s 			page 38


 1756      6E69746F 
 1756      724E7200 
 1757              	.LASF112:
 1758 05c8 63707573 		.ascii	"cpussCm4NmiCtlOffset\000"
 1758      73436D34 
 1758      4E6D6943 
 1758      746C4F66 
 1758      66736574 
 1759              	.LASF108:
 1760 05dd 63707573 		.ascii	"cpussTrimRamCtlOffset\000"
 1760      73547269 
 1760      6D52616D 
 1760      43746C4F 
 1760      66667365 
 1761              	.LASF103:
 1762 05f3 63707573 		.ascii	"cpussCm0ClockCtlOffset\000"
 1762      73436D30 
 1762      436C6F63 
 1762      6B43746C 
 1762      4F666673 
 1763              	.LASF43:
 1764 060a 63707573 		.ascii	"cpussVersion\000"
 1764      73566572 
 1764      73696F6E 
 1764      00
 1765              	.LASF50:
 1766 0617 70657269 		.ascii	"periVersion\000"
 1766      56657273 
 1766      696F6E00 
 1767              	.LASF106:
 1768 0623 63707573 		.ascii	"cpussCm0StatusOffset\000"
 1768      73436D30 
 1768      53746174 
 1768      75734F66 
 1768      66736574 
 1769              	.LASF18:
 1770 0638 73697A65 		.ascii	"sizetype\000"
 1770      74797065 
 1770      00
 1771              	.LASF135:
 1772 0641 43595F53 		.ascii	"CY_SYSANALOG_IZTAT_SOURCE_LOCAL\000"
 1772      5953414E 
 1772      414C4F47 
 1772      5F495A54 
 1772      41545F53 
 1773              	.LASF152:
 1774 0661 43795F53 		.ascii	"Cy_SysAnalog_Fast_External\000"
 1774      7973416E 
 1774      616C6F67 
 1774      5F466173 
 1774      745F4578 
 1775              	.LASF151:
 1776 067c 43795F53 		.ascii	"Cy_SysAnalog_Fast_SRSS\000"
 1776      7973416E 
 1776      616C6F67 
 1776      5F466173 
 1776      745F5352 
ARM GAS  C:\Users\JC\AppData\Local\Temp\ccHO5IjY.s 			page 39


 1777              	.LASF55:
 1778 0693 63707573 		.ascii	"cpussFlashPaSize\000"
 1778      73466C61 
 1778      73685061 
 1778      53697A65 
 1778      00
 1779              	.LASF93:
 1780 06a4 70657269 		.ascii	"periDivCmdPaTypeSelPos\000"
 1780      44697643 
 1780      6D645061 
 1780      54797065 
 1780      53656C50 
 1781              	.LASF116:
 1782 06bb 63707573 		.ascii	"cpussRam2Ctl0\000"
 1782      7352616D 
 1782      3243746C 
 1782      3000
 1783              	.LASF51:
 1784 06c9 70726F74 		.ascii	"protVersion\000"
 1784      56657273 
 1784      696F6E00 
 1785              	.LASF84:
 1786 06d5 64775374 		.ascii	"dwStatusChIdxPos\000"
 1786      61747573 
 1786      43684964 
 1786      78506F73 
 1786      00
 1787              	.LASF66:
 1788 06e6 75646250 		.ascii	"udbPresent\000"
 1788      72657365 
 1788      6E7400
 1789              	.LASF150:
 1790 06f1 43795F53 		.ascii	"Cy_SysAnalog_Fast_Local\000"
 1790      7973416E 
 1790      616C6F67 
 1790      5F466173 
 1790      745F4C6F 
 1791              	.LASF21:
 1792 0709 50415353 		.ascii	"PASS_AREF_V1_Type\000"
 1792      5F415245 
 1792      465F5631 
 1792      5F547970 
 1792      6500
 1793              	.LASF126:
 1794 071b 63795F65 		.ascii	"cy_en_sysanalog_status_t\000"
 1794      6E5F7379 
 1794      73616E61 
 1794      6C6F675F 
 1794      73746174 
 1795              	.LASF42:
 1796 0734 63727970 		.ascii	"cryptoBase\000"
 1796      746F4261 
 1796      736500
 1797              	.LASF63:
 1798 073f 736D6966 		.ascii	"smifDeviceNr\000"
 1798      44657669 
 1798      63654E72 
ARM GAS  C:\Users\JC\AppData\Local\Temp\ccHO5IjY.s 			page 40


 1798      00
 1799              	.LASF138:
 1800 074c 43595F53 		.ascii	"CY_SYSANALOG_DEEPSLEEP_IPTAT_1\000"
 1800      5953414E 
 1800      414C4F47 
 1800      5F444545 
 1800      50534C45 
 1801              	.LASF139:
 1802 076b 43595F53 		.ascii	"CY_SYSANALOG_DEEPSLEEP_IPTAT_2\000"
 1802      5953414E 
 1802      414C4F47 
 1802      5F444545 
 1802      50534C45 
 1803              	.LASF122:
 1804 078a 666C6F61 		.ascii	"float\000"
 1804      7400
 1805              	.LASF85:
 1806 0790 64775374 		.ascii	"dwStatusChIdxMsk\000"
 1806      61747573 
 1806      43684964 
 1806      784D736B 
 1806      00
 1807              	.LASF30:
 1808 07a1 49505441 		.ascii	"IPTAT_TRIM0\000"
 1808      545F5452 
 1808      494D3000 
 1809              	.LASF149:
 1810 07ad 63795F64 		.ascii	"cy_device\000"
 1810      65766963 
 1810      6500
 1811              	.LASF113:
 1812 07b7 63707573 		.ascii	"cpussRomCtl\000"
 1812      73526F6D 
 1812      43746C00 
 1813              	.LASF83:
 1814 07c3 64774368 		.ascii	"dwChCtlPreemptablePos\000"
 1814      43746C50 
 1814      7265656D 
 1814      70746162 
 1814      6C65506F 
 1815              	.LASF46:
 1816 07d9 666C6173 		.ascii	"flashcVersion\000"
 1816      68635665 
 1816      7273696F 
 1816      6E00
 1817              	.LASF36:
 1818 07e7 75646242 		.ascii	"udbBase\000"
 1818      61736500 
 1819              	.LASF1:
 1820 07ef 756E7369 		.ascii	"unsigned char\000"
 1820      676E6564 
 1820      20636861 
 1820      7200
 1821              	.LASF79:
 1822 07fd 666C6173 		.ascii	"flashCtlMainWs4Freq\000"
 1822      6843746C 
 1822      4D61696E 
ARM GAS  C:\Users\JC\AppData\Local\Temp\ccHO5IjY.s 			page 41


 1822      57733446 
 1822      72657100 
 1823              	.LASF4:
 1824 0811 73686F72 		.ascii	"short int\000"
 1824      7420696E 
 1824      7400
 1825              	.LASF144:
 1826 081b 76726566 		.ascii	"vref\000"
 1826      00
 1827              	.LASF20:
 1828 0820 52455345 		.ascii	"RESERVED\000"
 1828      52564544 
 1828      00
 1829              	.LASF41:
 1830 0829 69706342 		.ascii	"ipcBase\000"
 1830      61736500 
 1831              	.LASF90:
 1832 0831 70657269 		.ascii	"periDivCmdDivSelMsk\000"
 1832      44697643 
 1832      6D644469 
 1832      7653656C 
 1832      4D736B00 
 1833              	.LASF23:
 1834 0845 41524546 		.ascii	"AREF\000"
 1834      00
 1835              	.LASF146:
 1836 084a 63795F73 		.ascii	"cy_stc_sysanalog_config_t\000"
 1836      74635F73 
 1836      7973616E 
 1836      616C6F67 
 1836      5F636F6E 
 1837              	.LASF61:
 1838 0864 73727373 		.ascii	"srssNumHfroot\000"
 1838      4E756D48 
 1838      66726F6F 
 1838      7400
 1839              	.LASF74:
 1840 0872 666C6173 		.ascii	"flashEraseDelay\000"
 1840      68457261 
 1840      73654465 
 1840      6C617900 
 1841              	.LASF127:
 1842 0882 43595F53 		.ascii	"CY_SYSANALOG_STARTUP_NORMAL\000"
 1842      5953414E 
 1842      414C4F47 
 1842      5F535441 
 1842      52545550 
 1843              	.LASF16:
 1844 089e 75696E74 		.ascii	"uint32_t\000"
 1844      33325F74 
 1844      00
 1845              	.LASF17:
 1846 08a7 6C6F6E67 		.ascii	"long double\000"
 1846      20646F75 
 1846      626C6500 
 1847              	.LASF121:
 1848 08b3 63686172 		.ascii	"char\000"
ARM GAS  C:\Users\JC\AppData\Local\Temp\ccHO5IjY.s 			page 42


 1848      00
 1849              	.LASF145:
 1850 08b8 64656570 		.ascii	"deepSleep\000"
 1850      536C6565 
 1850      7000
 1851              	.LASF156:
 1852 08c2 43795F53 		.ascii	"Cy_SysAnalog_Init\000"
 1852      7973416E 
 1852      616C6F67 
 1852      5F496E69 
 1852      7400
 1853              	.LASF114:
 1854 08d4 63707573 		.ascii	"cpussRam0Ctl0\000"
 1854      7352616D 
 1854      3043746C 
 1854      3000
 1855              	.LASF157:
 1856 08e2 636F6E66 		.ascii	"config\000"
 1856      696700
 1857              	.LASF5:
 1858 08e9 5F5F7569 		.ascii	"__uint16_t\000"
 1858      6E743136 
 1858      5F7400
 1859              	.LASF95:
 1860 08f4 70657269 		.ascii	"periDiv16CtlOffset\000"
 1860      44697631 
 1860      3643746C 
 1860      4F666673 
 1860      657400
 1861              	.LASF32:
 1862 0907 50415353 		.ascii	"PASS_V1_Type\000"
 1862      5F56315F 
 1862      54797065 
 1862      00
 1863              	.LASF125:
 1864 0914 43595F53 		.ascii	"CY_SYSANALOG_BAD_PARAM\000"
 1864      5953414E 
 1864      414C4F47 
 1864      5F424144 
 1864      5F504152 
 1865              	.LASF48:
 1866 092b 6873696F 		.ascii	"hsiomVersion\000"
 1866      6D566572 
 1866      73696F6E 
 1866      00
 1867              	.LASF76:
 1868 0938 666C6173 		.ascii	"flashCtlMainWs1Freq\000"
 1868      6843746C 
 1868      4D61696E 
 1868      57733146 
 1868      72657100 
 1869              	.LASF129:
 1870 094c 63795F65 		.ascii	"cy_en_sysanalog_startup_t\000"
 1870      6E5F7379 
 1870      73616E61 
 1870      6C6F675F 
 1870      73746172 
ARM GAS  C:\Users\JC\AppData\Local\Temp\ccHO5IjY.s 			page 43


 1871              	.LASF6:
 1872 0966 73686F72 		.ascii	"short unsigned int\000"
 1872      7420756E 
 1872      7369676E 
 1872      65642069 
 1872      6E7400
 1873              	.LASF81:
 1874 0979 64774368 		.ascii	"dwChSize\000"
 1874      53697A65 
 1874      00
 1875              	.LASF117:
 1876 0982 69706353 		.ascii	"ipcStructSize\000"
 1876      74727563 
 1876      7453697A 
 1876      6500
 1877              	.LASF56:
 1878 0990 63707573 		.ascii	"cpussIpc0Irq\000"
 1878      73497063 
 1878      30497271 
 1878      00
 1879              	.LASF99:
 1880 099d 6770696F 		.ascii	"gpioPrtCfgOffset\000"
 1880      50727443 
 1880      66674F66 
 1880      66736574 
 1880      00
 1881              	.LASF31:
 1882 09ae 49435441 		.ascii	"ICTAT_TRIM0\000"
 1882      545F5452 
 1882      494D3000 
 1883              	.LASF58:
 1884 09ba 63707573 		.ascii	"cpussNotConnectedIrq\000"
 1884      734E6F74 
 1884      436F6E6E 
 1884      65637465 
 1884      64497271 
 1885              	.LASF143:
 1886 09cf 697A7461 		.ascii	"iztat\000"
 1886      7400
 1887              	.LASF72:
 1888 09d5 666C6173 		.ascii	"flashWriteDelay\000"
 1888      68577269 
 1888      74654465 
 1888      6C617900 
 1889              	.LASF13:
 1890 09e5 75696E74 		.ascii	"uint8_t\000"
 1890      385F7400 
 1891              	.LASF105:
 1892 09ed 63707573 		.ascii	"cpussCm4StatusOffset\000"
 1892      73436D34 
 1892      53746174 
 1892      75734F66 
 1892      66736574 
 1893              	.LASF98:
 1894 0a02 6770696F 		.ascii	"gpioPrtIntrCfgOffset\000"
 1894      50727449 
 1894      6E747243 
ARM GAS  C:\Users\JC\AppData\Local\Temp\ccHO5IjY.s 			page 44


 1894      66674F66 
 1894      66736574 
 1895              	.LASF109:
 1896 0a17 63707573 		.ascii	"cpussTrimRomCtlOffset\000"
 1896      73547269 
 1896      6D526F6D 
 1896      43746C4F 
 1896      66667365 
 1897              	.LASF59:
 1898 0a2d 73727373 		.ascii	"srssNumClkpath\000"
 1898      4E756D43 
 1898      6C6B7061 
 1898      746800
 1899              	.LASF45:
 1900 0a3c 64775665 		.ascii	"dwVersion\000"
 1900      7273696F 
 1900      6E00
 1901              	.LASF134:
 1902 0a46 43595F53 		.ascii	"CY_SYSANALOG_IZTAT_SOURCE_SRSS\000"
 1902      5953414E 
 1902      414C4F47 
 1902      5F495A54 
 1902      41545F53 
 1903              	.LASF92:
 1904 0a65 70657269 		.ascii	"periDivCmdPaDivSelPos\000"
 1904      44697643 
 1904      6D645061 
 1904      44697653 
 1904      656C506F 
 1905              	.LASF73:
 1906 0a7b 666C6173 		.ascii	"flashProgramDelay\000"
 1906      6850726F 
 1906      6772616D 
 1906      44656C61 
 1906      7900
 1907              	.LASF154:
 1908 0a8d 47656E65 		.ascii	"Generated_Source\\PSoC6\\pdl\\drivers\\peripheral\\"
 1908      72617465 
 1908      645F536F 
 1908      75726365 
 1908      5C50536F 
 1909 0abb 73797361 		.ascii	"sysanalog\\cy_sysanalog.c\000"
 1909      6E616C6F 
 1909      675C6379 
 1909      5F737973 
 1909      616E616C 
 1910              	.LASF147:
 1911 0ad4 72657375 		.ascii	"result\000"
 1911      6C7400
 1912              	.LASF70:
 1913 0adb 666C6173 		.ascii	"flashRwwRequired\000"
 1913      68527777 
 1913      52657175 
 1913      69726564 
 1913      00
 1914              		.ident	"GCC: (GNU Tools for ARM Embedded Processors) 5.4.1 20160609 (release) [ARM/embedded-5-bran
