ARM GAS  C:\Users\JC\AppData\Local\Temp\ccZWpgtv.s 			page 1


   1              		.syntax unified
   2              		.cpu cortex-m4
   3              		.eabi_attribute 27, 1
   4              		.fpu fpv4-sp-d16
   5              		.eabi_attribute 20, 1
   6              		.eabi_attribute 21, 1
   7              		.eabi_attribute 23, 3
   8              		.eabi_attribute 24, 1
   9              		.eabi_attribute 25, 1
  10              		.eabi_attribute 26, 1
  11              		.eabi_attribute 30, 1
  12              		.eabi_attribute 34, 1
  13              		.eabi_attribute 18, 4
  14              		.thumb
  15              		.syntax unified
  16              		.file	"BLE_custom_config.c"
  17              		.text
  18              	.Ltext0:
  19              		.cfi_sections	.debug_frame
  20              		.global	cy_ble_customConfig
  21              		.section	.rodata
  22              		.align	2
  23              		.type	cy_ble_customs, %object
  24              		.size	cy_ble_customs, 12
  25              	cy_ble_customs:
  26 0000 1000     		.short	16
  27 0002 1200     		.short	18
  28 0004 1300     		.short	19
  29 0006 1400     		.short	20
  30 0008 1600     		.short	22
  31 000a 0000     		.short	0
  32              		.data
  33              		.align	2
  34              		.type	cy_ble_customConfig, %object
  35              		.size	cy_ble_customConfig, 4
  36              	cy_ble_customConfig:
  37 0000 00000000 		.word	cy_ble_customs
  38              		.text
  39              	.Letext0:
  40              		.file 1 "c:\\program files (x86)\\cypress\\psoc creator\\4.4\\psoc creator\\import\\gnu\\arm\\5.4.
  41              		.file 2 "c:\\program files (x86)\\cypress\\psoc creator\\4.4\\psoc creator\\import\\gnu\\arm\\5.4.
  42              		.file 3 "Generated_Source\\PSoC6\\pdl\\drivers/peripheral/device/cy_device.h"
  43              		.file 4 "Generated_Source\\PSoC6\\pdl\\middleware/ble/cy_ble_stack_host_main.h"
  44              		.file 5 "Generated_Source\\PSoC6\\pdl\\middleware/ble/cy_ble_stack_gatt.h"
  45              		.file 6 "Generated_Source\\PSoC6\\pdl\\middleware/ble/cy_ble_gap.h"
  46              		.file 7 "Generated_Source\\PSoC6\\pdl\\middleware/ble/cy_ble_custom.h"
  47              		.file 8 "Generated_Source\\PSoC6\\pdl\\cmsis/include/core_cm4.h"
  48              		.file 9 "Generated_Source\\PSoC6\\BLE_custom_config.c"
  49              		.section	.debug_info,"",%progbits
  50              	.Ldebug_info0:
  51 0000 19070000 		.4byte	0x719
  52 0004 0400     		.2byte	0x4
  53 0006 00000000 		.4byte	.Ldebug_abbrev0
  54 000a 04       		.byte	0x4
  55 000b 01       		.uleb128 0x1
  56 000c FB050000 		.4byte	.LASF145
  57 0010 0C       		.byte	0xc
ARM GAS  C:\Users\JC\AppData\Local\Temp\ccZWpgtv.s 			page 2


  58 0011 F5030000 		.4byte	.LASF146
  59 0015 A6080000 		.4byte	.LASF147
  60 0019 00000000 		.4byte	.Ldebug_line0
  61 001d 02       		.uleb128 0x2
  62 001e 04       		.byte	0x4
  63 001f 05       		.byte	0x5
  64 0020 696E7400 		.ascii	"int\000"
  65 0024 03       		.uleb128 0x3
  66 0025 04       		.byte	0x4
  67 0026 07       		.byte	0x7
  68 0027 60030000 		.4byte	.LASF0
  69 002b 03       		.uleb128 0x3
  70 002c 08       		.byte	0x8
  71 002d 05       		.byte	0x5
  72 002e 60010000 		.4byte	.LASF1
  73 0032 03       		.uleb128 0x3
  74 0033 08       		.byte	0x8
  75 0034 04       		.byte	0x4
  76 0035 2A080000 		.4byte	.LASF2
  77 0039 03       		.uleb128 0x3
  78 003a 01       		.byte	0x1
  79 003b 06       		.byte	0x6
  80 003c 6E010000 		.4byte	.LASF3
  81 0040 04       		.uleb128 0x4
  82 0041 86000000 		.4byte	.LASF5
  83 0045 01       		.byte	0x1
  84 0046 1D       		.byte	0x1d
  85 0047 4B000000 		.4byte	0x4b
  86 004b 03       		.uleb128 0x3
  87 004c 01       		.byte	0x1
  88 004d 08       		.byte	0x8
  89 004e 65070000 		.4byte	.LASF4
  90 0052 04       		.uleb128 0x4
  91 0053 F7020000 		.4byte	.LASF6
  92 0057 01       		.byte	0x1
  93 0058 29       		.byte	0x29
  94 0059 5D000000 		.4byte	0x5d
  95 005d 03       		.uleb128 0x3
  96 005e 02       		.byte	0x2
  97 005f 05       		.byte	0x5
  98 0060 87070000 		.4byte	.LASF7
  99 0064 04       		.uleb128 0x4
 100 0065 55080000 		.4byte	.LASF8
 101 0069 01       		.byte	0x1
 102 006a 2B       		.byte	0x2b
 103 006b 6F000000 		.4byte	0x6f
 104 006f 03       		.uleb128 0x3
 105 0070 02       		.byte	0x2
 106 0071 07       		.byte	0x7
 107 0072 12090000 		.4byte	.LASF9
 108 0076 04       		.uleb128 0x4
 109 0077 8C080000 		.4byte	.LASF10
 110 007b 01       		.byte	0x1
 111 007c 3F       		.byte	0x3f
 112 007d 81000000 		.4byte	0x81
 113 0081 03       		.uleb128 0x3
 114 0082 04       		.byte	0x4
ARM GAS  C:\Users\JC\AppData\Local\Temp\ccZWpgtv.s 			page 3


 115 0083 05       		.byte	0x5
 116 0084 E2010000 		.4byte	.LASF11
 117 0088 04       		.uleb128 0x4
 118 0089 CD020000 		.4byte	.LASF12
 119 008d 01       		.byte	0x1
 120 008e 41       		.byte	0x41
 121 008f 93000000 		.4byte	0x93
 122 0093 03       		.uleb128 0x3
 123 0094 04       		.byte	0x4
 124 0095 07       		.byte	0x7
 125 0096 CF030000 		.4byte	.LASF13
 126 009a 03       		.uleb128 0x3
 127 009b 08       		.byte	0x8
 128 009c 07       		.byte	0x7
 129 009d E8000000 		.4byte	.LASF14
 130 00a1 03       		.uleb128 0x3
 131 00a2 04       		.byte	0x4
 132 00a3 07       		.byte	0x7
 133 00a4 25050000 		.4byte	.LASF15
 134 00a8 03       		.uleb128 0x3
 135 00a9 01       		.byte	0x1
 136 00aa 08       		.byte	0x8
 137 00ab 36080000 		.4byte	.LASF16
 138 00af 04       		.uleb128 0x4
 139 00b0 D6090000 		.4byte	.LASF17
 140 00b4 02       		.byte	0x2
 141 00b5 18       		.byte	0x18
 142 00b6 40000000 		.4byte	0x40
 143 00ba 04       		.uleb128 0x4
 144 00bb 58010000 		.4byte	.LASF18
 145 00bf 02       		.byte	0x2
 146 00c0 20       		.byte	0x20
 147 00c1 52000000 		.4byte	0x52
 148 00c5 04       		.uleb128 0x4
 149 00c6 B4030000 		.4byte	.LASF19
 150 00ca 02       		.byte	0x2
 151 00cb 24       		.byte	0x24
 152 00cc 64000000 		.4byte	0x64
 153 00d0 04       		.uleb128 0x4
 154 00d1 5D070000 		.4byte	.LASF20
 155 00d5 02       		.byte	0x2
 156 00d6 2C       		.byte	0x2c
 157 00d7 76000000 		.4byte	0x76
 158 00db 04       		.uleb128 0x4
 159 00dc 21080000 		.4byte	.LASF21
 160 00e0 02       		.byte	0x2
 161 00e1 30       		.byte	0x30
 162 00e2 88000000 		.4byte	0x88
 163 00e6 05       		.uleb128 0x5
 164 00e7 B8       		.byte	0xb8
 165 00e8 03       		.byte	0x3
 166 00e9 34       		.byte	0x34
 167 00ea F7040000 		.4byte	0x4f7
 168 00ee 06       		.uleb128 0x6
 169 00ef CF000000 		.4byte	.LASF22
 170 00f3 03       		.byte	0x3
 171 00f4 37       		.byte	0x37
ARM GAS  C:\Users\JC\AppData\Local\Temp\ccZWpgtv.s 			page 4


 172 00f5 DB000000 		.4byte	0xdb
 173 00f9 00       		.byte	0
 174 00fa 06       		.uleb128 0x6
 175 00fb C2020000 		.4byte	.LASF23
 176 00ff 03       		.byte	0x3
 177 0100 38       		.byte	0x38
 178 0101 DB000000 		.4byte	0xdb
 179 0105 04       		.byte	0x4
 180 0106 06       		.uleb128 0x6
 181 0107 26020000 		.4byte	.LASF24
 182 010b 03       		.byte	0x3
 183 010c 39       		.byte	0x39
 184 010d DB000000 		.4byte	0xdb
 185 0111 08       		.byte	0x8
 186 0112 06       		.uleb128 0x6
 187 0113 25070000 		.4byte	.LASF25
 188 0117 03       		.byte	0x3
 189 0118 3A       		.byte	0x3a
 190 0119 DB000000 		.4byte	0xdb
 191 011d 0C       		.byte	0xc
 192 011e 06       		.uleb128 0x6
 193 011f 8F010000 		.4byte	.LASF26
 194 0123 03       		.byte	0x3
 195 0124 3B       		.byte	0x3b
 196 0125 DB000000 		.4byte	0xdb
 197 0129 10       		.byte	0x10
 198 012a 06       		.uleb128 0x6
 199 012b D8010000 		.4byte	.LASF27
 200 012f 03       		.byte	0x3
 201 0130 3C       		.byte	0x3c
 202 0131 DB000000 		.4byte	0xdb
 203 0135 14       		.byte	0x14
 204 0136 06       		.uleb128 0x6
 205 0137 EC030000 		.4byte	.LASF28
 206 013b 03       		.byte	0x3
 207 013c 3D       		.byte	0x3d
 208 013d DB000000 		.4byte	0xdb
 209 0141 18       		.byte	0x18
 210 0142 06       		.uleb128 0x6
 211 0143 67000000 		.4byte	.LASF29
 212 0147 03       		.byte	0x3
 213 0148 3E       		.byte	0x3e
 214 0149 DB000000 		.4byte	0xdb
 215 014d 1C       		.byte	0x1c
 216 014e 06       		.uleb128 0x6
 217 014f 400A0000 		.4byte	.LASF30
 218 0153 03       		.byte	0x3
 219 0154 3F       		.byte	0x3f
 220 0155 DB000000 		.4byte	0xdb
 221 0159 20       		.byte	0x20
 222 015a 06       		.uleb128 0x6
 223 015b E3050000 		.4byte	.LASF31
 224 015f 03       		.byte	0x3
 225 0160 40       		.byte	0x40
 226 0161 DB000000 		.4byte	0xdb
 227 0165 24       		.byte	0x24
 228 0166 06       		.uleb128 0x6
ARM GAS  C:\Users\JC\AppData\Local\Temp\ccZWpgtv.s 			page 5


 229 0167 DA040000 		.4byte	.LASF32
 230 016b 03       		.byte	0x3
 231 016c 43       		.byte	0x43
 232 016d AF000000 		.4byte	0xaf
 233 0171 28       		.byte	0x28
 234 0172 06       		.uleb128 0x6
 235 0173 4D000000 		.4byte	.LASF33
 236 0177 03       		.byte	0x3
 237 0178 44       		.byte	0x44
 238 0179 AF000000 		.4byte	0xaf
 239 017d 29       		.byte	0x29
 240 017e 06       		.uleb128 0x6
 241 017f 360A0000 		.4byte	.LASF34
 242 0183 03       		.byte	0x3
 243 0184 45       		.byte	0x45
 244 0185 AF000000 		.4byte	0xaf
 245 0189 2A       		.byte	0x2a
 246 018a 06       		.uleb128 0x6
 247 018b D5050000 		.4byte	.LASF35
 248 018f 03       		.byte	0x3
 249 0190 46       		.byte	0x46
 250 0191 AF000000 		.4byte	0xaf
 251 0195 2B       		.byte	0x2b
 252 0196 06       		.uleb128 0x6
 253 0197 6A040000 		.4byte	.LASF36
 254 019b 03       		.byte	0x3
 255 019c 47       		.byte	0x47
 256 019d AF000000 		.4byte	0xaf
 257 01a1 2C       		.byte	0x2c
 258 01a2 06       		.uleb128 0x6
 259 01a3 F1080000 		.4byte	.LASF37
 260 01a7 03       		.byte	0x3
 261 01a8 48       		.byte	0x48
 262 01a9 AF000000 		.4byte	0xaf
 263 01ad 2D       		.byte	0x2d
 264 01ae 06       		.uleb128 0x6
 265 01af 98010000 		.4byte	.LASF38
 266 01b3 03       		.byte	0x3
 267 01b4 49       		.byte	0x49
 268 01b5 AF000000 		.4byte	0xaf
 269 01b9 2E       		.byte	0x2e
 270 01ba 06       		.uleb128 0x6
 271 01bb 04050000 		.4byte	.LASF39
 272 01bf 03       		.byte	0x3
 273 01c0 4A       		.byte	0x4a
 274 01c1 AF000000 		.4byte	0xaf
 275 01c5 2F       		.byte	0x2f
 276 01c6 06       		.uleb128 0x6
 277 01c7 3B080000 		.4byte	.LASF40
 278 01cb 03       		.byte	0x3
 279 01cc 4B       		.byte	0x4b
 280 01cd AF000000 		.4byte	0xaf
 281 01d1 30       		.byte	0x30
 282 01d2 06       		.uleb128 0x6
 283 01d3 E1030000 		.4byte	.LASF41
 284 01d7 03       		.byte	0x3
 285 01d8 4E       		.byte	0x4e
ARM GAS  C:\Users\JC\AppData\Local\Temp\ccZWpgtv.s 			page 6


 286 01d9 AF000000 		.4byte	0xaf
 287 01dd 31       		.byte	0x31
 288 01de 06       		.uleb128 0x6
 289 01df 78000000 		.4byte	.LASF42
 290 01e3 03       		.byte	0x3
 291 01e4 4F       		.byte	0x4f
 292 01e5 AF000000 		.4byte	0xaf
 293 01e9 32       		.byte	0x32
 294 01ea 06       		.uleb128 0x6
 295 01eb 54030000 		.4byte	.LASF43
 296 01ef 03       		.byte	0x3
 297 01f0 50       		.byte	0x50
 298 01f1 AF000000 		.4byte	0xaf
 299 01f5 33       		.byte	0x33
 300 01f6 06       		.uleb128 0x6
 301 01f7 39050000 		.4byte	.LASF44
 302 01fb 03       		.byte	0x3
 303 01fc 51       		.byte	0x51
 304 01fd AF000000 		.4byte	0xaf
 305 0201 34       		.byte	0x34
 306 0202 06       		.uleb128 0x6
 307 0203 3C090000 		.4byte	.LASF45
 308 0207 03       		.byte	0x3
 309 0208 52       		.byte	0x52
 310 0209 BA000000 		.4byte	0xba
 311 020d 36       		.byte	0x36
 312 020e 06       		.uleb128 0x6
 313 020f 40020000 		.4byte	.LASF46
 314 0213 03       		.byte	0x3
 315 0214 53       		.byte	0x53
 316 0215 BA000000 		.4byte	0xba
 317 0219 38       		.byte	0x38
 318 021a 06       		.uleb128 0x6
 319 021b 8B090000 		.4byte	.LASF47
 320 021f 03       		.byte	0x3
 321 0220 54       		.byte	0x54
 322 0221 BA000000 		.4byte	0xba
 323 0225 3A       		.byte	0x3a
 324 0226 06       		.uleb128 0x6
 325 0227 270A0000 		.4byte	.LASF48
 326 022b 03       		.byte	0x3
 327 022c 55       		.byte	0x55
 328 022d AF000000 		.4byte	0xaf
 329 0231 3C       		.byte	0x3c
 330 0232 06       		.uleb128 0x6
 331 0233 67020000 		.4byte	.LASF49
 332 0237 03       		.byte	0x3
 333 0238 56       		.byte	0x56
 334 0239 AF000000 		.4byte	0xaf
 335 023d 3D       		.byte	0x3d
 336 023e 06       		.uleb128 0x6
 337 023f 03080000 		.4byte	.LASF50
 338 0243 03       		.byte	0x3
 339 0244 57       		.byte	0x57
 340 0245 AF000000 		.4byte	0xaf
 341 0249 3E       		.byte	0x3e
 342 024a 06       		.uleb128 0x6
ARM GAS  C:\Users\JC\AppData\Local\Temp\ccZWpgtv.s 			page 7


 343 024b 5B000000 		.4byte	.LASF51
 344 024f 03       		.byte	0x3
 345 0250 58       		.byte	0x58
 346 0251 AF000000 		.4byte	0xaf
 347 0255 3F       		.byte	0x3f
 348 0256 06       		.uleb128 0x6
 349 0257 EE050000 		.4byte	.LASF52
 350 025b 03       		.byte	0x3
 351 025c 59       		.byte	0x59
 352 025d AF000000 		.4byte	0xaf
 353 0261 40       		.byte	0x40
 354 0262 06       		.uleb128 0x6
 355 0263 E7020000 		.4byte	.LASF53
 356 0267 03       		.byte	0x3
 357 0268 5A       		.byte	0x5a
 358 0269 AF000000 		.4byte	0xaf
 359 026d 41       		.byte	0x41
 360 026e 06       		.uleb128 0x6
 361 026f 86040000 		.4byte	.LASF54
 362 0273 03       		.byte	0x3
 363 0274 5B       		.byte	0x5b
 364 0275 AF000000 		.4byte	0xaf
 365 0279 42       		.byte	0x42
 366 027a 06       		.uleb128 0x6
 367 027b B3050000 		.4byte	.LASF55
 368 027f 03       		.byte	0x3
 369 0280 5C       		.byte	0x5c
 370 0281 AF000000 		.4byte	0xaf
 371 0285 43       		.byte	0x43
 372 0286 06       		.uleb128 0x6
 373 0287 2F020000 		.4byte	.LASF56
 374 028b 03       		.byte	0x3
 375 028c 5D       		.byte	0x5d
 376 028d AF000000 		.4byte	0xaf
 377 0291 44       		.byte	0x44
 378 0292 06       		.uleb128 0x6
 379 0293 00000000 		.4byte	.LASF57
 380 0297 03       		.byte	0x3
 381 0298 5E       		.byte	0x5e
 382 0299 DB000000 		.4byte	0xdb
 383 029d 48       		.byte	0x48
 384 029e 06       		.uleb128 0x6
 385 029f 02020000 		.4byte	.LASF58
 386 02a3 03       		.byte	0x3
 387 02a4 5F       		.byte	0x5f
 388 02a5 DB000000 		.4byte	0xdb
 389 02a9 4C       		.byte	0x4c
 390 02aa 06       		.uleb128 0x6
 391 02ab B60A0000 		.4byte	.LASF59
 392 02af 03       		.byte	0x3
 393 02b0 60       		.byte	0x60
 394 02b1 AF000000 		.4byte	0xaf
 395 02b5 50       		.byte	0x50
 396 02b6 06       		.uleb128 0x6
 397 02b7 32010000 		.4byte	.LASF60
 398 02bb 03       		.byte	0x3
 399 02bc 61       		.byte	0x61
ARM GAS  C:\Users\JC\AppData\Local\Temp\ccZWpgtv.s 			page 8


 400 02bd AF000000 		.4byte	0xaf
 401 02c1 51       		.byte	0x51
 402 02c2 06       		.uleb128 0x6
 403 02c3 AE060000 		.4byte	.LASF61
 404 02c7 03       		.byte	0x3
 405 02c8 62       		.byte	0x62
 406 02c9 AF000000 		.4byte	0xaf
 407 02cd 52       		.byte	0x52
 408 02ce 06       		.uleb128 0x6
 409 02cf 5E0A0000 		.4byte	.LASF62
 410 02d3 03       		.byte	0x3
 411 02d4 63       		.byte	0x63
 412 02d5 AF000000 		.4byte	0xaf
 413 02d9 53       		.byte	0x53
 414 02da 06       		.uleb128 0x6
 415 02db 11080000 		.4byte	.LASF63
 416 02df 03       		.byte	0x3
 417 02e0 64       		.byte	0x64
 418 02e1 AF000000 		.4byte	0xaf
 419 02e5 54       		.byte	0x54
 420 02e6 06       		.uleb128 0x6
 421 02e7 44010000 		.4byte	.LASF64
 422 02eb 03       		.byte	0x3
 423 02ec 65       		.byte	0x65
 424 02ed AF000000 		.4byte	0xaf
 425 02f1 55       		.byte	0x55
 426 02f2 06       		.uleb128 0x6
 427 02f3 FE080000 		.4byte	.LASF65
 428 02f7 03       		.byte	0x3
 429 02f8 66       		.byte	0x66
 430 02f9 AF000000 		.4byte	0xaf
 431 02fd 56       		.byte	0x56
 432 02fe 06       		.uleb128 0x6
 433 02ff BF070000 		.4byte	.LASF66
 434 0303 03       		.byte	0x3
 435 0304 67       		.byte	0x67
 436 0305 AF000000 		.4byte	0xaf
 437 0309 57       		.byte	0x57
 438 030a 06       		.uleb128 0x6
 439 030b 12000000 		.4byte	.LASF67
 440 030f 03       		.byte	0x3
 441 0310 68       		.byte	0x68
 442 0311 AF000000 		.4byte	0xaf
 443 0315 58       		.byte	0x58
 444 0316 06       		.uleb128 0x6
 445 0317 73070000 		.4byte	.LASF68
 446 031b 03       		.byte	0x3
 447 031c 69       		.byte	0x69
 448 031d AF000000 		.4byte	0xaf
 449 0321 59       		.byte	0x59
 450 0322 06       		.uleb128 0x6
 451 0323 2E050000 		.4byte	.LASF69
 452 0327 03       		.byte	0x3
 453 0328 6E       		.byte	0x6e
 454 0329 C5000000 		.4byte	0xc5
 455 032d 5A       		.byte	0x5a
 456 032e 06       		.uleb128 0x6
ARM GAS  C:\Users\JC\AppData\Local\Temp\ccZWpgtv.s 			page 9


 457 032f 25090000 		.4byte	.LASF70
 458 0333 03       		.byte	0x3
 459 0334 6F       		.byte	0x6f
 460 0335 C5000000 		.4byte	0xc5
 461 0339 5C       		.byte	0x5c
 462 033a 06       		.uleb128 0x6
 463 033b D9000000 		.4byte	.LASF71
 464 033f 03       		.byte	0x3
 465 0340 70       		.byte	0x70
 466 0341 AF000000 		.4byte	0xaf
 467 0345 5E       		.byte	0x5e
 468 0346 06       		.uleb128 0x6
 469 0347 0F070000 		.4byte	.LASF72
 470 034b 03       		.byte	0x3
 471 034c 71       		.byte	0x71
 472 034d AF000000 		.4byte	0xaf
 473 0351 5F       		.byte	0x5f
 474 0352 06       		.uleb128 0x6
 475 0353 A2050000 		.4byte	.LASF73
 476 0357 03       		.byte	0x3
 477 0358 72       		.byte	0x72
 478 0359 AF000000 		.4byte	0xaf
 479 035d 60       		.byte	0x60
 480 035e 06       		.uleb128 0x6
 481 035f E8060000 		.4byte	.LASF74
 482 0363 03       		.byte	0x3
 483 0364 73       		.byte	0x73
 484 0365 DB000000 		.4byte	0xdb
 485 0369 64       		.byte	0x64
 486 036a 06       		.uleb128 0x6
 487 036b FF000000 		.4byte	.LASF75
 488 036f 03       		.byte	0x3
 489 0370 76       		.byte	0x76
 490 0371 C5000000 		.4byte	0xc5
 491 0375 68       		.byte	0x68
 492 0376 06       		.uleb128 0x6
 493 0377 BD030000 		.4byte	.LASF76
 494 037b 03       		.byte	0x3
 495 037c 77       		.byte	0x77
 496 037d C5000000 		.4byte	0xc5
 497 0381 6A       		.byte	0x6a
 498 0382 06       		.uleb128 0x6
 499 0383 20040000 		.4byte	.LASF77
 500 0387 03       		.byte	0x3
 501 0388 78       		.byte	0x78
 502 0389 C5000000 		.4byte	0xc5
 503 038d 6C       		.byte	0x6c
 504 038e 06       		.uleb128 0x6
 505 038f 5D040000 		.4byte	.LASF78
 506 0393 03       		.byte	0x3
 507 0394 79       		.byte	0x79
 508 0395 C5000000 		.4byte	0xc5
 509 0399 6E       		.byte	0x6e
 510 039a 06       		.uleb128 0x6
 511 039b AB070000 		.4byte	.LASF79
 512 039f 03       		.byte	0x3
 513 03a0 7B       		.byte	0x7b
ARM GAS  C:\Users\JC\AppData\Local\Temp\ccZWpgtv.s 			page 10


 514 03a1 AF000000 		.4byte	0xaf
 515 03a5 70       		.byte	0x70
 516 03a6 06       		.uleb128 0x6
 517 03a7 7A010000 		.4byte	.LASF80
 518 03ab 03       		.byte	0x3
 519 03ac 7C       		.byte	0x7c
 520 03ad AF000000 		.4byte	0xaf
 521 03b1 71       		.byte	0x71
 522 03b2 06       		.uleb128 0x6
 523 03b3 480A0000 		.4byte	.LASF81
 524 03b7 03       		.byte	0x3
 525 03b8 7D       		.byte	0x7d
 526 03b9 AF000000 		.4byte	0xaf
 527 03bd 72       		.byte	0x72
 528 03be 06       		.uleb128 0x6
 529 03bf 69050000 		.4byte	.LASF82
 530 03c3 03       		.byte	0x3
 531 03c4 7E       		.byte	0x7e
 532 03c5 AF000000 		.4byte	0xaf
 533 03c9 73       		.byte	0x73
 534 03ca 06       		.uleb128 0x6
 535 03cb 72020000 		.4byte	.LASF83
 536 03cf 03       		.byte	0x3
 537 03d0 80       		.byte	0x80
 538 03d1 C5000000 		.4byte	0xc5
 539 03d5 74       		.byte	0x74
 540 03d6 06       		.uleb128 0x6
 541 03d7 79080000 		.4byte	.LASF84
 542 03db 03       		.byte	0x3
 543 03dc 81       		.byte	0x81
 544 03dd C5000000 		.4byte	0xc5
 545 03e1 76       		.byte	0x76
 546 03e2 06       		.uleb128 0x6
 547 03e3 52020000 		.4byte	.LASF85
 548 03e7 03       		.byte	0x3
 549 03e8 82       		.byte	0x82
 550 03e9 C5000000 		.4byte	0xc5
 551 03ed 78       		.byte	0x78
 552 03ee 06       		.uleb128 0x6
 553 03ef 90000000 		.4byte	.LASF86
 554 03f3 03       		.byte	0x3
 555 03f4 83       		.byte	0x83
 556 03f5 C5000000 		.4byte	0xc5
 557 03f9 7A       		.byte	0x7a
 558 03fa 06       		.uleb128 0x6
 559 03fb F3090000 		.4byte	.LASF87
 560 03ff 03       		.byte	0x3
 561 0400 86       		.byte	0x86
 562 0401 AF000000 		.4byte	0xaf
 563 0405 7C       		.byte	0x7c
 564 0406 06       		.uleb128 0x6
 565 0407 49090000 		.4byte	.LASF88
 566 040b 03       		.byte	0x3
 567 040c 87       		.byte	0x87
 568 040d AF000000 		.4byte	0xaf
 569 0411 7D       		.byte	0x7d
 570 0412 06       		.uleb128 0x6
ARM GAS  C:\Users\JC\AppData\Local\Temp\ccZWpgtv.s 			page 11


 571 0413 26000000 		.4byte	.LASF89
 572 0417 03       		.byte	0x3
 573 0418 88       		.byte	0x88
 574 0419 AF000000 		.4byte	0xaf
 575 041d 7E       		.byte	0x7e
 576 041e 06       		.uleb128 0x6
 577 041f AE020000 		.4byte	.LASF90
 578 0423 03       		.byte	0x3
 579 0424 89       		.byte	0x89
 580 0425 AF000000 		.4byte	0xaf
 581 0429 7F       		.byte	0x7f
 582 042a 06       		.uleb128 0x6
 583 042b 40030000 		.4byte	.LASF91
 584 042f 03       		.byte	0x3
 585 0430 8A       		.byte	0x8a
 586 0431 AF000000 		.4byte	0xaf
 587 0435 80       		.byte	0x80
 588 0436 06       		.uleb128 0x6
 589 0437 BD040000 		.4byte	.LASF92
 590 043b 03       		.byte	0x3
 591 043c 8D       		.byte	0x8d
 592 043d DB000000 		.4byte	0xdb
 593 0441 84       		.byte	0x84
 594 0442 06       		.uleb128 0x6
 595 0443 EB010000 		.4byte	.LASF93
 596 0447 03       		.byte	0x3
 597 0448 8E       		.byte	0x8e
 598 0449 DB000000 		.4byte	0xdb
 599 044d 88       		.byte	0x88
 600 044e 06       		.uleb128 0x6
 601 044f DE090000 		.4byte	.LASF94
 602 0453 03       		.byte	0x3
 603 0454 8F       		.byte	0x8f
 604 0455 DB000000 		.4byte	0xdb
 605 0459 8C       		.byte	0x8c
 606 045a 06       		.uleb128 0x6
 607 045b 10050000 		.4byte	.LASF95
 608 045f 03       		.byte	0x3
 609 0460 90       		.byte	0x90
 610 0461 DB000000 		.4byte	0xdb
 611 0465 90       		.byte	0x90
 612 0466 06       		.uleb128 0x6
 613 0467 01030000 		.4byte	.LASF96
 614 046b 03       		.byte	0x3
 615 046c 91       		.byte	0x91
 616 046d DB000000 		.4byte	0xdb
 617 0471 94       		.byte	0x94
 618 0472 06       		.uleb128 0x6
 619 0473 A7040000 		.4byte	.LASF97
 620 0477 03       		.byte	0x3
 621 0478 92       		.byte	0x92
 622 0479 DB000000 		.4byte	0xdb
 623 047d 98       		.byte	0x98
 624 047e 06       		.uleb128 0x6
 625 047f 080A0000 		.4byte	.LASF98
 626 0483 03       		.byte	0x3
 627 0484 93       		.byte	0x93
ARM GAS  C:\Users\JC\AppData\Local\Temp\ccZWpgtv.s 			page 12


 628 0485 DB000000 		.4byte	0xdb
 629 0489 9C       		.byte	0x9c
 630 048a 06       		.uleb128 0x6
 631 048b 0F010000 		.4byte	.LASF99
 632 048f 03       		.byte	0x3
 633 0490 94       		.byte	0x94
 634 0491 DB000000 		.4byte	0xdb
 635 0495 A0       		.byte	0xa0
 636 0496 06       		.uleb128 0x6
 637 0497 A3010000 		.4byte	.LASF100
 638 049b 03       		.byte	0x3
 639 049c 95       		.byte	0x95
 640 049d C5000000 		.4byte	0xc5
 641 04a1 A4       		.byte	0xa4
 642 04a2 06       		.uleb128 0x6
 643 04a3 92040000 		.4byte	.LASF101
 644 04a7 03       		.byte	0x3
 645 04a8 96       		.byte	0x96
 646 04a9 C5000000 		.4byte	0xc5
 647 04ad A6       		.byte	0xa6
 648 04ae 06       		.uleb128 0x6
 649 04af 03070000 		.4byte	.LASF102
 650 04b3 03       		.byte	0x3
 651 04b4 97       		.byte	0x97
 652 04b5 C5000000 		.4byte	0xc5
 653 04b9 A8       		.byte	0xa8
 654 04ba 06       		.uleb128 0x6
 655 04bb 47080000 		.4byte	.LASF103
 656 04bf 03       		.byte	0x3
 657 04c0 98       		.byte	0x98
 658 04c1 C5000000 		.4byte	0xc5
 659 04c5 AA       		.byte	0xaa
 660 04c6 06       		.uleb128 0x6
 661 04c7 2F040000 		.4byte	.LASF104
 662 04cb 03       		.byte	0x3
 663 04cc 99       		.byte	0x99
 664 04cd C5000000 		.4byte	0xc5
 665 04d1 AC       		.byte	0xac
 666 04d2 06       		.uleb128 0x6
 667 04d3 80050000 		.4byte	.LASF105
 668 04d7 03       		.byte	0x3
 669 04d8 9A       		.byte	0x9a
 670 04d9 C5000000 		.4byte	0xc5
 671 04dd AE       		.byte	0xae
 672 04de 06       		.uleb128 0x6
 673 04df 2E090000 		.4byte	.LASF106
 674 04e3 03       		.byte	0x3
 675 04e4 9D       		.byte	0x9d
 676 04e5 C5000000 		.4byte	0xc5
 677 04e9 B0       		.byte	0xb0
 678 04ea 06       		.uleb128 0x6
 679 04eb 39000000 		.4byte	.LASF107
 680 04ef 03       		.byte	0x3
 681 04f0 9E       		.byte	0x9e
 682 04f1 DB000000 		.4byte	0xdb
 683 04f5 B4       		.byte	0xb4
 684 04f6 00       		.byte	0
ARM GAS  C:\Users\JC\AppData\Local\Temp\ccZWpgtv.s 			page 13


 685 04f7 04       		.uleb128 0x4
 686 04f8 76040000 		.4byte	.LASF108
 687 04fc 03       		.byte	0x3
 688 04fd 9F       		.byte	0x9f
 689 04fe E6000000 		.4byte	0xe6
 690 0502 03       		.uleb128 0x3
 691 0503 04       		.byte	0x4
 692 0504 04       		.byte	0x4
 693 0505 E2060000 		.4byte	.LASF109
 694 0509 03       		.uleb128 0x3
 695 050a 08       		.byte	0x8
 696 050b 04       		.byte	0x4
 697 050c 4B020000 		.4byte	.LASF110
 698 0510 07       		.uleb128 0x7
 699 0511 02       		.byte	0x2
 700 0512 04       		.byte	0x4
 701 0513 6401     		.2byte	0x164
 702 0515 34050000 		.4byte	0x534
 703 0519 08       		.uleb128 0x8
 704 051a 1E0A0000 		.4byte	.LASF111
 705 051e 04       		.byte	0x4
 706 051f 6E01     		.2byte	0x16e
 707 0521 AF000000 		.4byte	0xaf
 708 0525 00       		.byte	0
 709 0526 08       		.uleb128 0x8
 710 0527 D4040000 		.4byte	.LASF112
 711 052b 04       		.byte	0x4
 712 052c 7201     		.2byte	0x172
 713 052e AF000000 		.4byte	0xaf
 714 0532 01       		.byte	0x1
 715 0533 00       		.byte	0
 716 0534 09       		.uleb128 0x9
 717 0535 A5000000 		.4byte	.LASF113
 718 0539 04       		.byte	0x4
 719 053a 7401     		.2byte	0x174
 720 053c 10050000 		.4byte	0x510
 721 0540 09       		.uleb128 0x9
 722 0541 E7040000 		.4byte	.LASF114
 723 0545 05       		.byte	0x5
 724 0546 7F01     		.2byte	0x17f
 725 0548 C5000000 		.4byte	0xc5
 726 054c 0A       		.uleb128 0xa
 727 054d 01       		.byte	0x1
 728 054e 4B000000 		.4byte	0x4b
 729 0552 06       		.byte	0x6
 730 0553 7E       		.byte	0x7e
 731 0554 71050000 		.4byte	0x571
 732 0558 0B       		.uleb128 0xb
 733 0559 BD090000 		.4byte	.LASF115
 734 055d 00       		.byte	0
 735 055e 0B       		.uleb128 0xb
 736 055f 4A050000 		.4byte	.LASF116
 737 0563 01       		.byte	0x1
 738 0564 0B       		.uleb128 0xb
 739 0565 A0090000 		.4byte	.LASF117
 740 0569 02       		.byte	0x2
 741 056a 0B       		.uleb128 0xb
ARM GAS  C:\Users\JC\AppData\Local\Temp\ccZWpgtv.s 			page 14


 742 056b B8010000 		.4byte	.LASF118
 743 056f 03       		.byte	0x3
 744 0570 00       		.byte	0
 745 0571 04       		.uleb128 0x4
 746 0572 10020000 		.4byte	.LASF119
 747 0576 06       		.byte	0x6
 748 0577 83       		.byte	0x83
 749 0578 4C050000 		.4byte	0x54c
 750 057c 0A       		.uleb128 0xa
 751 057d 01       		.byte	0x1
 752 057e 4B000000 		.4byte	0x4b
 753 0582 06       		.byte	0x6
 754 0583 87       		.byte	0x87
 755 0584 B9050000 		.4byte	0x5b9
 756 0588 0B       		.uleb128 0xb
 757 0589 5A090000 		.4byte	.LASF120
 758 058d 00       		.byte	0
 759 058e 0B       		.uleb128 0xb
 760 058f 850A0000 		.4byte	.LASF121
 761 0593 01       		.byte	0x1
 762 0594 0B       		.uleb128 0xb
 763 0595 6D030000 		.4byte	.LASF122
 764 0599 02       		.byte	0x2
 765 059a 0B       		.uleb128 0xb
 766 059b 16030000 		.4byte	.LASF123
 767 059f 03       		.byte	0x3
 768 05a0 0B       		.uleb128 0xb
 769 05a1 84020000 		.4byte	.LASF124
 770 05a5 04       		.byte	0x4
 771 05a6 0B       		.uleb128 0xb
 772 05a7 2D070000 		.4byte	.LASF125
 773 05ab 05       		.byte	0x5
 774 05ac 0B       		.uleb128 0xb
 775 05ad 89030000 		.4byte	.LASF126
 776 05b1 06       		.byte	0x6
 777 05b2 0B       		.uleb128 0xb
 778 05b3 BE060000 		.4byte	.LASF127
 779 05b7 07       		.byte	0x7
 780 05b8 00       		.byte	0
 781 05b9 04       		.uleb128 0x4
 782 05ba BE050000 		.4byte	.LASF128
 783 05be 06       		.byte	0x6
 784 05bf 90       		.byte	0x90
 785 05c0 7C050000 		.4byte	0x57c
 786 05c4 03       		.uleb128 0x3
 787 05c5 01       		.byte	0x1
 788 05c6 02       		.byte	0x2
 789 05c7 57070000 		.4byte	.LASF129
 790 05cb 05       		.uleb128 0x5
 791 05cc 04       		.byte	0x4
 792 05cd 07       		.byte	0x7
 793 05ce 3B       		.byte	0x3b
 794 05cf EC050000 		.4byte	0x5ec
 795 05d3 06       		.uleb128 0x6
 796 05d4 700A0000 		.4byte	.LASF130
 797 05d8 07       		.byte	0x7
 798 05d9 3E       		.byte	0x3e
ARM GAS  C:\Users\JC\AppData\Local\Temp\ccZWpgtv.s 			page 15


 799 05da 40050000 		.4byte	0x540
 800 05de 00       		.byte	0
 801 05df 06       		.uleb128 0x6
 802 05e0 C70A0000 		.4byte	.LASF131
 803 05e4 07       		.byte	0x7
 804 05e5 41       		.byte	0x41
 805 05e6 EC050000 		.4byte	0x5ec
 806 05ea 02       		.byte	0x2
 807 05eb 00       		.byte	0
 808 05ec 0C       		.uleb128 0xc
 809 05ed 40050000 		.4byte	0x540
 810 05f1 FC050000 		.4byte	0x5fc
 811 05f5 0D       		.uleb128 0xd
 812 05f6 A1000000 		.4byte	0xa1
 813 05fa 00       		.byte	0
 814 05fb 00       		.byte	0
 815 05fc 04       		.uleb128 0x4
 816 05fd 91070000 		.4byte	.LASF132
 817 0601 07       		.byte	0x7
 818 0602 43       		.byte	0x43
 819 0603 CB050000 		.4byte	0x5cb
 820 0607 05       		.uleb128 0x5
 821 0608 06       		.byte	0x6
 822 0609 07       		.byte	0x7
 823 060a 46       		.byte	0x46
 824 060b 28060000 		.4byte	0x628
 825 060f 06       		.uleb128 0x6
 826 0610 BE000000 		.4byte	.LASF133
 827 0614 07       		.byte	0x7
 828 0615 49       		.byte	0x49
 829 0616 40050000 		.4byte	0x540
 830 061a 00       		.byte	0
 831 061b 06       		.uleb128 0x6
 832 061c D8020000 		.4byte	.LASF134
 833 0620 07       		.byte	0x7
 834 0621 4C       		.byte	0x4c
 835 0622 28060000 		.4byte	0x628
 836 0626 02       		.byte	0x2
 837 0627 00       		.byte	0
 838 0628 0C       		.uleb128 0xc
 839 0629 FC050000 		.4byte	0x5fc
 840 062d 38060000 		.4byte	0x638
 841 0631 0D       		.uleb128 0xd
 842 0632 A1000000 		.4byte	0xa1
 843 0636 00       		.byte	0
 844 0637 00       		.byte	0
 845 0638 04       		.uleb128 0x4
 846 0639 EE070000 		.4byte	.LASF135
 847 063d 07       		.byte	0x7
 848 063e 4E       		.byte	0x4e
 849 063f 07060000 		.4byte	0x607
 850 0643 05       		.uleb128 0x5
 851 0644 04       		.byte	0x4
 852 0645 07       		.byte	0x7
 853 0646 90       		.byte	0x90
 854 0647 58060000 		.4byte	0x658
 855 064b 06       		.uleb128 0x6
ARM GAS  C:\Users\JC\AppData\Local\Temp\ccZWpgtv.s 			page 16


 856 064c 70000000 		.4byte	.LASF136
 857 0650 07       		.byte	0x7
 858 0651 94       		.byte	0x94
 859 0652 58060000 		.4byte	0x658
 860 0656 00       		.byte	0
 861 0657 00       		.byte	0
 862 0658 0E       		.uleb128 0xe
 863 0659 04       		.byte	0x4
 864 065a 5E060000 		.4byte	0x65e
 865 065e 0F       		.uleb128 0xf
 866 065f 38060000 		.4byte	0x638
 867 0663 04       		.uleb128 0x4
 868 0664 D3070000 		.4byte	.LASF137
 869 0668 07       		.byte	0x7
 870 0669 9B       		.byte	0x9b
 871 066a 43060000 		.4byte	0x643
 872 066e 0C       		.uleb128 0xc
 873 066f 5E060000 		.4byte	0x65e
 874 0673 7E060000 		.4byte	0x67e
 875 0677 0D       		.uleb128 0xd
 876 0678 A1000000 		.4byte	0xa1
 877 067c 01       		.byte	0x1
 878 067d 00       		.byte	0
 879 067e 10       		.uleb128 0x10
 880 067f 4E040000 		.4byte	.LASF148
 881 0683 09       		.byte	0x9
 882 0684 1A       		.byte	0x1a
 883 0685 8F060000 		.4byte	0x68f
 884 0689 05       		.uleb128 0x5
 885 068a 03       		.byte	0x3
 886 068b 00000000 		.4byte	cy_ble_customs
 887 068f 0F       		.uleb128 0xf
 888 0690 6E060000 		.4byte	0x66e
 889 0694 11       		.uleb128 0x11
 890 0695 F9060000 		.4byte	.LASF138
 891 0699 03       		.byte	0x3
 892 069a A7       		.byte	0xa7
 893 069b 9F060000 		.4byte	0x69f
 894 069f 0E       		.uleb128 0xe
 895 06a0 04       		.byte	0x4
 896 06a1 A5060000 		.4byte	0x6a5
 897 06a5 0F       		.uleb128 0xf
 898 06a6 F7040000 		.4byte	0x4f7
 899 06aa 12       		.uleb128 0x12
 900 06ab 25010000 		.4byte	.LASF139
 901 06af 08       		.byte	0x8
 902 06b0 F907     		.2byte	0x7f9
 903 06b2 B6060000 		.4byte	0x6b6
 904 06b6 13       		.uleb128 0x13
 905 06b7 D0000000 		.4byte	0xd0
 906 06bb 12       		.uleb128 0x12
 907 06bc 96080000 		.4byte	.LASF140
 908 06c0 06       		.byte	0x6
 909 06c1 2202     		.2byte	0x222
 910 06c3 71050000 		.4byte	0x571
 911 06c7 0C       		.uleb128 0xc
 912 06c8 34050000 		.4byte	0x534
ARM GAS  C:\Users\JC\AppData\Local\Temp\ccZWpgtv.s 			page 17


 913 06cc D7060000 		.4byte	0x6d7
 914 06d0 0D       		.uleb128 0xd
 915 06d1 A1000000 		.4byte	0xa1
 916 06d5 00       		.byte	0
 917 06d6 00       		.byte	0
 918 06d7 12       		.uleb128 0x12
 919 06d8 79090000 		.4byte	.LASF141
 920 06dc 06       		.byte	0x6
 921 06dd 2C02     		.2byte	0x22c
 922 06df C7060000 		.4byte	0x6c7
 923 06e3 0C       		.uleb128 0xc
 924 06e4 B9050000 		.4byte	0x5b9
 925 06e8 F3060000 		.4byte	0x6f3
 926 06ec 0D       		.uleb128 0xd
 927 06ed A1000000 		.4byte	0xa1
 928 06f1 00       		.byte	0
 929 06f2 00       		.byte	0
 930 06f3 12       		.uleb128 0x12
 931 06f4 3D040000 		.4byte	.LASF142
 932 06f8 06       		.byte	0x6
 933 06f9 2D02     		.2byte	0x22d
 934 06fb E3060000 		.4byte	0x6e3
 935 06ff 12       		.uleb128 0x12
 936 0700 60080000 		.4byte	.LASF143
 937 0704 06       		.byte	0x6
 938 0705 5202     		.2byte	0x252
 939 0707 AF000000 		.4byte	0xaf
 940 070b 14       		.uleb128 0x14
 941 070c 8E050000 		.4byte	.LASF144
 942 0710 09       		.byte	0x9
 943 0711 4D       		.byte	0x4d
 944 0712 63060000 		.4byte	0x663
 945 0716 05       		.uleb128 0x5
 946 0717 03       		.byte	0x3
 947 0718 00000000 		.4byte	cy_ble_customConfig
 948 071c 00       		.byte	0
 949              		.section	.debug_abbrev,"",%progbits
 950              	.Ldebug_abbrev0:
 951 0000 01       		.uleb128 0x1
 952 0001 11       		.uleb128 0x11
 953 0002 01       		.byte	0x1
 954 0003 25       		.uleb128 0x25
 955 0004 0E       		.uleb128 0xe
 956 0005 13       		.uleb128 0x13
 957 0006 0B       		.uleb128 0xb
 958 0007 03       		.uleb128 0x3
 959 0008 0E       		.uleb128 0xe
 960 0009 1B       		.uleb128 0x1b
 961 000a 0E       		.uleb128 0xe
 962 000b 10       		.uleb128 0x10
 963 000c 17       		.uleb128 0x17
 964 000d 00       		.byte	0
 965 000e 00       		.byte	0
 966 000f 02       		.uleb128 0x2
 967 0010 24       		.uleb128 0x24
 968 0011 00       		.byte	0
 969 0012 0B       		.uleb128 0xb
ARM GAS  C:\Users\JC\AppData\Local\Temp\ccZWpgtv.s 			page 18


 970 0013 0B       		.uleb128 0xb
 971 0014 3E       		.uleb128 0x3e
 972 0015 0B       		.uleb128 0xb
 973 0016 03       		.uleb128 0x3
 974 0017 08       		.uleb128 0x8
 975 0018 00       		.byte	0
 976 0019 00       		.byte	0
 977 001a 03       		.uleb128 0x3
 978 001b 24       		.uleb128 0x24
 979 001c 00       		.byte	0
 980 001d 0B       		.uleb128 0xb
 981 001e 0B       		.uleb128 0xb
 982 001f 3E       		.uleb128 0x3e
 983 0020 0B       		.uleb128 0xb
 984 0021 03       		.uleb128 0x3
 985 0022 0E       		.uleb128 0xe
 986 0023 00       		.byte	0
 987 0024 00       		.byte	0
 988 0025 04       		.uleb128 0x4
 989 0026 16       		.uleb128 0x16
 990 0027 00       		.byte	0
 991 0028 03       		.uleb128 0x3
 992 0029 0E       		.uleb128 0xe
 993 002a 3A       		.uleb128 0x3a
 994 002b 0B       		.uleb128 0xb
 995 002c 3B       		.uleb128 0x3b
 996 002d 0B       		.uleb128 0xb
 997 002e 49       		.uleb128 0x49
 998 002f 13       		.uleb128 0x13
 999 0030 00       		.byte	0
 1000 0031 00       		.byte	0
 1001 0032 05       		.uleb128 0x5
 1002 0033 13       		.uleb128 0x13
 1003 0034 01       		.byte	0x1
 1004 0035 0B       		.uleb128 0xb
 1005 0036 0B       		.uleb128 0xb
 1006 0037 3A       		.uleb128 0x3a
 1007 0038 0B       		.uleb128 0xb
 1008 0039 3B       		.uleb128 0x3b
 1009 003a 0B       		.uleb128 0xb
 1010 003b 01       		.uleb128 0x1
 1011 003c 13       		.uleb128 0x13
 1012 003d 00       		.byte	0
 1013 003e 00       		.byte	0
 1014 003f 06       		.uleb128 0x6
 1015 0040 0D       		.uleb128 0xd
 1016 0041 00       		.byte	0
 1017 0042 03       		.uleb128 0x3
 1018 0043 0E       		.uleb128 0xe
 1019 0044 3A       		.uleb128 0x3a
 1020 0045 0B       		.uleb128 0xb
 1021 0046 3B       		.uleb128 0x3b
 1022 0047 0B       		.uleb128 0xb
 1023 0048 49       		.uleb128 0x49
 1024 0049 13       		.uleb128 0x13
 1025 004a 38       		.uleb128 0x38
 1026 004b 0B       		.uleb128 0xb
ARM GAS  C:\Users\JC\AppData\Local\Temp\ccZWpgtv.s 			page 19


 1027 004c 00       		.byte	0
 1028 004d 00       		.byte	0
 1029 004e 07       		.uleb128 0x7
 1030 004f 13       		.uleb128 0x13
 1031 0050 01       		.byte	0x1
 1032 0051 0B       		.uleb128 0xb
 1033 0052 0B       		.uleb128 0xb
 1034 0053 3A       		.uleb128 0x3a
 1035 0054 0B       		.uleb128 0xb
 1036 0055 3B       		.uleb128 0x3b
 1037 0056 05       		.uleb128 0x5
 1038 0057 01       		.uleb128 0x1
 1039 0058 13       		.uleb128 0x13
 1040 0059 00       		.byte	0
 1041 005a 00       		.byte	0
 1042 005b 08       		.uleb128 0x8
 1043 005c 0D       		.uleb128 0xd
 1044 005d 00       		.byte	0
 1045 005e 03       		.uleb128 0x3
 1046 005f 0E       		.uleb128 0xe
 1047 0060 3A       		.uleb128 0x3a
 1048 0061 0B       		.uleb128 0xb
 1049 0062 3B       		.uleb128 0x3b
 1050 0063 05       		.uleb128 0x5
 1051 0064 49       		.uleb128 0x49
 1052 0065 13       		.uleb128 0x13
 1053 0066 38       		.uleb128 0x38
 1054 0067 0B       		.uleb128 0xb
 1055 0068 00       		.byte	0
 1056 0069 00       		.byte	0
 1057 006a 09       		.uleb128 0x9
 1058 006b 16       		.uleb128 0x16
 1059 006c 00       		.byte	0
 1060 006d 03       		.uleb128 0x3
 1061 006e 0E       		.uleb128 0xe
 1062 006f 3A       		.uleb128 0x3a
 1063 0070 0B       		.uleb128 0xb
 1064 0071 3B       		.uleb128 0x3b
 1065 0072 05       		.uleb128 0x5
 1066 0073 49       		.uleb128 0x49
 1067 0074 13       		.uleb128 0x13
 1068 0075 00       		.byte	0
 1069 0076 00       		.byte	0
 1070 0077 0A       		.uleb128 0xa
 1071 0078 04       		.uleb128 0x4
 1072 0079 01       		.byte	0x1
 1073 007a 0B       		.uleb128 0xb
 1074 007b 0B       		.uleb128 0xb
 1075 007c 49       		.uleb128 0x49
 1076 007d 13       		.uleb128 0x13
 1077 007e 3A       		.uleb128 0x3a
 1078 007f 0B       		.uleb128 0xb
 1079 0080 3B       		.uleb128 0x3b
 1080 0081 0B       		.uleb128 0xb
 1081 0082 01       		.uleb128 0x1
 1082 0083 13       		.uleb128 0x13
 1083 0084 00       		.byte	0
ARM GAS  C:\Users\JC\AppData\Local\Temp\ccZWpgtv.s 			page 20


 1084 0085 00       		.byte	0
 1085 0086 0B       		.uleb128 0xb
 1086 0087 28       		.uleb128 0x28
 1087 0088 00       		.byte	0
 1088 0089 03       		.uleb128 0x3
 1089 008a 0E       		.uleb128 0xe
 1090 008b 1C       		.uleb128 0x1c
 1091 008c 0B       		.uleb128 0xb
 1092 008d 00       		.byte	0
 1093 008e 00       		.byte	0
 1094 008f 0C       		.uleb128 0xc
 1095 0090 01       		.uleb128 0x1
 1096 0091 01       		.byte	0x1
 1097 0092 49       		.uleb128 0x49
 1098 0093 13       		.uleb128 0x13
 1099 0094 01       		.uleb128 0x1
 1100 0095 13       		.uleb128 0x13
 1101 0096 00       		.byte	0
 1102 0097 00       		.byte	0
 1103 0098 0D       		.uleb128 0xd
 1104 0099 21       		.uleb128 0x21
 1105 009a 00       		.byte	0
 1106 009b 49       		.uleb128 0x49
 1107 009c 13       		.uleb128 0x13
 1108 009d 2F       		.uleb128 0x2f
 1109 009e 0B       		.uleb128 0xb
 1110 009f 00       		.byte	0
 1111 00a0 00       		.byte	0
 1112 00a1 0E       		.uleb128 0xe
 1113 00a2 0F       		.uleb128 0xf
 1114 00a3 00       		.byte	0
 1115 00a4 0B       		.uleb128 0xb
 1116 00a5 0B       		.uleb128 0xb
 1117 00a6 49       		.uleb128 0x49
 1118 00a7 13       		.uleb128 0x13
 1119 00a8 00       		.byte	0
 1120 00a9 00       		.byte	0
 1121 00aa 0F       		.uleb128 0xf
 1122 00ab 26       		.uleb128 0x26
 1123 00ac 00       		.byte	0
 1124 00ad 49       		.uleb128 0x49
 1125 00ae 13       		.uleb128 0x13
 1126 00af 00       		.byte	0
 1127 00b0 00       		.byte	0
 1128 00b1 10       		.uleb128 0x10
 1129 00b2 34       		.uleb128 0x34
 1130 00b3 00       		.byte	0
 1131 00b4 03       		.uleb128 0x3
 1132 00b5 0E       		.uleb128 0xe
 1133 00b6 3A       		.uleb128 0x3a
 1134 00b7 0B       		.uleb128 0xb
 1135 00b8 3B       		.uleb128 0x3b
 1136 00b9 0B       		.uleb128 0xb
 1137 00ba 49       		.uleb128 0x49
 1138 00bb 13       		.uleb128 0x13
 1139 00bc 02       		.uleb128 0x2
 1140 00bd 18       		.uleb128 0x18
ARM GAS  C:\Users\JC\AppData\Local\Temp\ccZWpgtv.s 			page 21


 1141 00be 00       		.byte	0
 1142 00bf 00       		.byte	0
 1143 00c0 11       		.uleb128 0x11
 1144 00c1 34       		.uleb128 0x34
 1145 00c2 00       		.byte	0
 1146 00c3 03       		.uleb128 0x3
 1147 00c4 0E       		.uleb128 0xe
 1148 00c5 3A       		.uleb128 0x3a
 1149 00c6 0B       		.uleb128 0xb
 1150 00c7 3B       		.uleb128 0x3b
 1151 00c8 0B       		.uleb128 0xb
 1152 00c9 49       		.uleb128 0x49
 1153 00ca 13       		.uleb128 0x13
 1154 00cb 3F       		.uleb128 0x3f
 1155 00cc 19       		.uleb128 0x19
 1156 00cd 3C       		.uleb128 0x3c
 1157 00ce 19       		.uleb128 0x19
 1158 00cf 00       		.byte	0
 1159 00d0 00       		.byte	0
 1160 00d1 12       		.uleb128 0x12
 1161 00d2 34       		.uleb128 0x34
 1162 00d3 00       		.byte	0
 1163 00d4 03       		.uleb128 0x3
 1164 00d5 0E       		.uleb128 0xe
 1165 00d6 3A       		.uleb128 0x3a
 1166 00d7 0B       		.uleb128 0xb
 1167 00d8 3B       		.uleb128 0x3b
 1168 00d9 05       		.uleb128 0x5
 1169 00da 49       		.uleb128 0x49
 1170 00db 13       		.uleb128 0x13
 1171 00dc 3F       		.uleb128 0x3f
 1172 00dd 19       		.uleb128 0x19
 1173 00de 3C       		.uleb128 0x3c
 1174 00df 19       		.uleb128 0x19
 1175 00e0 00       		.byte	0
 1176 00e1 00       		.byte	0
 1177 00e2 13       		.uleb128 0x13
 1178 00e3 35       		.uleb128 0x35
 1179 00e4 00       		.byte	0
 1180 00e5 49       		.uleb128 0x49
 1181 00e6 13       		.uleb128 0x13
 1182 00e7 00       		.byte	0
 1183 00e8 00       		.byte	0
 1184 00e9 14       		.uleb128 0x14
 1185 00ea 34       		.uleb128 0x34
 1186 00eb 00       		.byte	0
 1187 00ec 03       		.uleb128 0x3
 1188 00ed 0E       		.uleb128 0xe
 1189 00ee 3A       		.uleb128 0x3a
 1190 00ef 0B       		.uleb128 0xb
 1191 00f0 3B       		.uleb128 0x3b
 1192 00f1 0B       		.uleb128 0xb
 1193 00f2 49       		.uleb128 0x49
 1194 00f3 13       		.uleb128 0x13
 1195 00f4 3F       		.uleb128 0x3f
 1196 00f5 19       		.uleb128 0x19
 1197 00f6 02       		.uleb128 0x2
ARM GAS  C:\Users\JC\AppData\Local\Temp\ccZWpgtv.s 			page 22


 1198 00f7 18       		.uleb128 0x18
 1199 00f8 00       		.byte	0
 1200 00f9 00       		.byte	0
 1201 00fa 00       		.byte	0
 1202              		.section	.debug_aranges,"",%progbits
 1203 0000 14000000 		.4byte	0x14
 1204 0004 0200     		.2byte	0x2
 1205 0006 00000000 		.4byte	.Ldebug_info0
 1206 000a 04       		.byte	0x4
 1207 000b 00       		.byte	0
 1208 000c 0000     		.2byte	0
 1209 000e 0000     		.2byte	0
 1210 0010 00000000 		.4byte	0
 1211 0014 00000000 		.4byte	0
 1212              		.section	.debug_line,"",%progbits
 1213              	.Ldebug_line0:
 1214 0000 3F020000 		.section	.debug_str,"MS",%progbits,1
 1214      02003902 
 1214      00000201 
 1214      FB0E0D00 
 1214      01010101 
 1215              	.LASF57:
 1216 0000 70726F74 		.ascii	"protBusMasterMask\000"
 1216      4275734D 
 1216      61737465 
 1216      724D6173 
 1216      6B00
 1217              	.LASF67:
 1218 0012 666C6173 		.ascii	"flashCtlMainWs3Freq\000"
 1218      6843746C 
 1218      4D61696E 
 1218      57733346 
 1218      72657100 
 1219              	.LASF89:
 1220 0026 6770696F 		.ascii	"gpioPrtCfgInOffset\000"
 1220      50727443 
 1220      6667496E 
 1220      4F666673 
 1220      657400
 1221              	.LASF107:
 1222 0039 6970634C 		.ascii	"ipcLockStatusOffset\000"
 1222      6F636B53 
 1222      74617475 
 1222      734F6666 
 1222      73657400 
 1223              	.LASF33:
 1224 004d 63727970 		.ascii	"cryptoVersion\000"
 1224      746F5665 
 1224      7273696F 
 1224      6E00
 1225              	.LASF51:
 1226 005b 70657269 		.ascii	"periClockNr\000"
 1226      436C6F63 
 1226      6B4E7200 
 1227              	.LASF29:
 1228 0067 70617373 		.ascii	"passBase\000"
 1228      42617365 
ARM GAS  C:\Users\JC\AppData\Local\Temp\ccZWpgtv.s 			page 23


 1228      00
 1229              	.LASF136:
 1230 0070 63757374 		.ascii	"customs\000"
 1230      6F6D7300 
 1231              	.LASF42:
 1232 0078 63707573 		.ascii	"cpussIpcIrqNr\000"
 1232      73497063 
 1232      4972714E 
 1232      7200
 1233              	.LASF5:
 1234 0086 5F5F7569 		.ascii	"__uint8_t\000"
 1234      6E74385F 
 1234      7400
 1235              	.LASF86:
 1236 0090 70657269 		.ascii	"periDiv24_5CtlOffset\000"
 1236      44697632 
 1236      345F3543 
 1236      746C4F66 
 1236      66736574 
 1237              	.LASF113:
 1238 00a5 63795F73 		.ascii	"cy_stc_ble_conn_handle_t\000"
 1238      74635F62 
 1238      6C655F63 
 1238      6F6E6E5F 
 1238      68616E64 
 1239              	.LASF133:
 1240 00be 63757374 		.ascii	"customServHandle\000"
 1240      6F6D5365 
 1240      72764861 
 1240      6E646C65 
 1240      00
 1241              	.LASF22:
 1242 00cf 63707573 		.ascii	"cpussBase\000"
 1242      73426173 
 1242      6500
 1243              	.LASF71:
 1244 00d9 64774368 		.ascii	"dwChCtlPrioPos\000"
 1244      43746C50 
 1244      72696F50 
 1244      6F7300
 1245              	.LASF14:
 1246 00e8 6C6F6E67 		.ascii	"long long unsigned int\000"
 1246      206C6F6E 
 1246      6720756E 
 1246      7369676E 
 1246      65642069 
 1247              	.LASF75:
 1248 00ff 70657269 		.ascii	"periTrCmdOffset\000"
 1248      5472436D 
 1248      644F6666 
 1248      73657400 
 1249              	.LASF99:
 1250 010f 63707573 		.ascii	"cpussSysTickCtlOffset\000"
 1250      73537973 
 1250      5469636B 
 1250      43746C4F 
 1250      66667365 
ARM GAS  C:\Users\JC\AppData\Local\Temp\ccZWpgtv.s 			page 24


 1251              	.LASF139:
 1252 0125 49544D5F 		.ascii	"ITM_RxBuffer\000"
 1252      52784275 
 1252      66666572 
 1252      00
 1253              	.LASF60:
 1254 0132 666C6173 		.ascii	"flashPipeRequired\000"
 1254      68506970 
 1254      65526571 
 1254      75697265 
 1254      6400
 1255              	.LASF64:
 1256 0144 666C6173 		.ascii	"flashCtlMainWs0Freq\000"
 1256      6843746C 
 1256      4D61696E 
 1256      57733046 
 1256      72657100 
 1257              	.LASF18:
 1258 0158 696E7431 		.ascii	"int16_t\000"
 1258      365F7400 
 1259              	.LASF1:
 1260 0160 6C6F6E67 		.ascii	"long long int\000"
 1260      206C6F6E 
 1260      6720696E 
 1260      7400
 1261              	.LASF3:
 1262 016e 7369676E 		.ascii	"signed char\000"
 1262      65642063 
 1262      68617200 
 1263              	.LASF80:
 1264 017a 70657269 		.ascii	"periDivCmdTypeSelPos\000"
 1264      44697643 
 1264      6D645479 
 1264      70655365 
 1264      6C506F73 
 1265              	.LASF26:
 1266 018f 70726F74 		.ascii	"protBase\000"
 1266      42617365 
 1266      00
 1267              	.LASF38:
 1268 0198 69706356 		.ascii	"ipcVersion\000"
 1268      65727369 
 1268      6F6E00
 1269              	.LASF100:
 1270 01a3 63707573 		.ascii	"cpussCm0NmiCtlOffset\000"
 1270      73436D30 
 1270      4E6D6943 
 1270      746C4F66 
 1270      66736574 
 1271              	.LASF118:
 1272 01b8 43595F42 		.ascii	"CY_BLE_ADV_STATE_STOP_INITIATED\000"
 1272      4C455F41 
 1272      44565F53 
 1272      54415445 
 1272      5F53544F 
 1273              	.LASF27:
 1274 01d8 6873696F 		.ascii	"hsiomBase\000"
ARM GAS  C:\Users\JC\AppData\Local\Temp\ccZWpgtv.s 			page 25


 1274      6D426173 
 1274      6500
 1275              	.LASF11:
 1276 01e2 6C6F6E67 		.ascii	"long int\000"
 1276      20696E74 
 1276      00
 1277              	.LASF93:
 1278 01eb 63707573 		.ascii	"cpussCm4ClockCtlOffset\000"
 1278      73436D34 
 1278      436C6F63 
 1278      6B43746C 
 1278      4F666673 
 1279              	.LASF58:
 1280 0202 63727970 		.ascii	"cryptoMemSize\000"
 1280      746F4D65 
 1280      6D53697A 
 1280      6500
 1281              	.LASF119:
 1282 0210 63795F65 		.ascii	"cy_en_ble_adv_state_t\000"
 1282      6E5F626C 
 1282      655F6164 
 1282      765F7374 
 1282      6174655F 
 1283              	.LASF24:
 1284 0226 70657269 		.ascii	"periBase\000"
 1284      42617365 
 1284      00
 1285              	.LASF56:
 1286 022f 73797350 		.ascii	"sysPmSimoPresent\000"
 1286      6D53696D 
 1286      6F507265 
 1286      73656E74 
 1286      00
 1287              	.LASF46:
 1288 0240 63707573 		.ascii	"cpussFmIrq\000"
 1288      73466D49 
 1288      727100
 1289              	.LASF110:
 1290 024b 646F7562 		.ascii	"double\000"
 1290      6C6500
 1291              	.LASF85:
 1292 0252 70657269 		.ascii	"periDiv16_5CtlOffset\000"
 1292      44697631 
 1292      365F3543 
 1292      746C4F66 
 1292      66736574 
 1293              	.LASF49:
 1294 0267 73727373 		.ascii	"srssNumPll\000"
 1294      4E756D50 
 1294      6C6C00
 1295              	.LASF83:
 1296 0272 70657269 		.ascii	"periDiv8CtlOffset\000"
 1296      44697638 
 1296      43746C4F 
 1296      66667365 
 1296      7400
 1297              	.LASF124:
ARM GAS  C:\Users\JC\AppData\Local\Temp\ccZWpgtv.s 			page 26


 1298 0284 43595F42 		.ascii	"CY_BLE_CONN_STATE_CLIENT_INCL_DISCOVERING\000"
 1298      4C455F43 
 1298      4F4E4E5F 
 1298      53544154 
 1298      455F434C 
 1299              	.LASF90:
 1300 02ae 6770696F 		.ascii	"gpioPrtCfgOutOffset\000"
 1300      50727443 
 1300      66674F75 
 1300      744F6666 
 1300      73657400 
 1301              	.LASF23:
 1302 02c2 666C6173 		.ascii	"flashcBase\000"
 1302      68634261 
 1302      736500
 1303              	.LASF12:
 1304 02cd 5F5F7569 		.ascii	"__uint32_t\000"
 1304      6E743332 
 1304      5F7400
 1305              	.LASF134:
 1306 02d8 63757374 		.ascii	"customServInfo\000"
 1306      6F6D5365 
 1306      7276496E 
 1306      666F00
 1307              	.LASF53:
 1308 02e7 70617373 		.ascii	"passSarChannels\000"
 1308      53617243 
 1308      68616E6E 
 1308      656C7300 
 1309              	.LASF6:
 1310 02f7 5F5F696E 		.ascii	"__int16_t\000"
 1310      7431365F 
 1310      7400
 1311              	.LASF96:
 1312 0301 63707573 		.ascii	"cpussCm4PwrCtlOffset\000"
 1312      73436D34 
 1312      50777243 
 1312      746C4F66 
 1312      66736574 
 1313              	.LASF123:
 1314 0316 43595F42 		.ascii	"CY_BLE_CONN_STATE_CLIENT_SRVC_DISCOVERING\000"
 1314      4C455F43 
 1314      4F4E4E5F 
 1314      53544154 
 1314      455F434C 
 1315              	.LASF91:
 1316 0340 6770696F 		.ascii	"gpioPrtCfgSioOffset\000"
 1316      50727443 
 1316      66675369 
 1316      6F4F6666 
 1316      73657400 
 1317              	.LASF43:
 1318 0354 63707573 		.ascii	"cpussDwChNr\000"
 1318      73447743 
 1318      684E7200 
 1319              	.LASF0:
 1320 0360 756E7369 		.ascii	"unsigned int\000"
ARM GAS  C:\Users\JC\AppData\Local\Temp\ccZWpgtv.s 			page 27


 1320      676E6564 
 1320      20696E74 
 1320      00
 1321              	.LASF122:
 1322 036d 43595F42 		.ascii	"CY_BLE_CONN_STATE_CONNECTED\000"
 1322      4C455F43 
 1322      4F4E4E5F 
 1322      53544154 
 1322      455F434F 
 1323              	.LASF126:
 1324 0389 43595F42 		.ascii	"CY_BLE_CONN_STATE_CLIENT_DESCR_DISCOVERING\000"
 1324      4C455F43 
 1324      4F4E4E5F 
 1324      53544154 
 1324      455F434C 
 1325              	.LASF19:
 1326 03b4 75696E74 		.ascii	"uint16_t\000"
 1326      31365F74 
 1326      00
 1327              	.LASF76:
 1328 03bd 70657269 		.ascii	"periTrCmdGrSelMsk\000"
 1328      5472436D 
 1328      64477253 
 1328      656C4D73 
 1328      6B00
 1329              	.LASF13:
 1330 03cf 6C6F6E67 		.ascii	"long unsigned int\000"
 1330      20756E73 
 1330      69676E65 
 1330      6420696E 
 1330      7400
 1331              	.LASF41:
 1332 03e1 63707573 		.ascii	"cpussIpcNr\000"
 1332      73497063 
 1332      4E7200
 1333              	.LASF28:
 1334 03ec 6770696F 		.ascii	"gpioBase\000"
 1334      42617365 
 1334      00
 1335              	.LASF146:
 1336 03f5 47656E65 		.ascii	"Generated_Source\\PSoC6\\BLE_custom_config.c\000"
 1336      72617465 
 1336      645F536F 
 1336      75726365 
 1336      5C50536F 
 1337              	.LASF77:
 1338 0420 70657269 		.ascii	"periTrGrOffset\000"
 1338      54724772 
 1338      4F666673 
 1338      657400
 1339              	.LASF104:
 1340 042f 63707573 		.ascii	"cpussRam1Ctl0\000"
 1340      7352616D 
 1340      3143746C 
 1340      3000
 1341              	.LASF142:
 1342 043d 63795F62 		.ascii	"cy_ble_connState\000"
ARM GAS  C:\Users\JC\AppData\Local\Temp\ccZWpgtv.s 			page 28


 1342      6C655F63 
 1342      6F6E6E53 
 1342      74617465 
 1342      00
 1343              	.LASF148:
 1344 044e 63795F62 		.ascii	"cy_ble_customs\000"
 1344      6C655F63 
 1344      7573746F 
 1344      6D7300
 1345              	.LASF78:
 1346 045d 70657269 		.ascii	"periTrGrSize\000"
 1346      54724772 
 1346      53697A65 
 1346      00
 1347              	.LASF36:
 1348 046a 6770696F 		.ascii	"gpioVersion\000"
 1348      56657273 
 1348      696F6E00 
 1349              	.LASF108:
 1350 0476 63795F73 		.ascii	"cy_stc_device_t\000"
 1350      74635F64 
 1350      65766963 
 1350      655F7400 
 1351              	.LASF54:
 1352 0486 65704D6F 		.ascii	"epMonitorNr\000"
 1352      6E69746F 
 1352      724E7200 
 1353              	.LASF101:
 1354 0492 63707573 		.ascii	"cpussCm4NmiCtlOffset\000"
 1354      73436D34 
 1354      4E6D6943 
 1354      746C4F66 
 1354      66736574 
 1355              	.LASF97:
 1356 04a7 63707573 		.ascii	"cpussTrimRamCtlOffset\000"
 1356      73547269 
 1356      6D52616D 
 1356      43746C4F 
 1356      66667365 
 1357              	.LASF92:
 1358 04bd 63707573 		.ascii	"cpussCm0ClockCtlOffset\000"
 1358      73436D30 
 1358      436C6F63 
 1358      6B43746C 
 1358      4F666673 
 1359              	.LASF112:
 1360 04d4 61747449 		.ascii	"attId\000"
 1360      6400
 1361              	.LASF32:
 1362 04da 63707573 		.ascii	"cpussVersion\000"
 1362      73566572 
 1362      73696F6E 
 1362      00
 1363              	.LASF114:
 1364 04e7 63795F62 		.ascii	"cy_ble_gatt_db_attr_handle_t\000"
 1364      6C655F67 
 1364      6174745F 
ARM GAS  C:\Users\JC\AppData\Local\Temp\ccZWpgtv.s 			page 29


 1364      64625F61 
 1364      7474725F 
 1365              	.LASF39:
 1366 0504 70657269 		.ascii	"periVersion\000"
 1366      56657273 
 1366      696F6E00 
 1367              	.LASF95:
 1368 0510 63707573 		.ascii	"cpussCm0StatusOffset\000"
 1368      73436D30 
 1368      53746174 
 1368      75734F66 
 1368      66736574 
 1369              	.LASF15:
 1370 0525 73697A65 		.ascii	"sizetype\000"
 1370      74797065 
 1370      00
 1371              	.LASF69:
 1372 052e 64774368 		.ascii	"dwChOffset\000"
 1372      4F666673 
 1372      657400
 1373              	.LASF44:
 1374 0539 63707573 		.ascii	"cpussFlashPaSize\000"
 1374      73466C61 
 1374      73685061 
 1374      53697A65 
 1374      00
 1375              	.LASF116:
 1376 054a 43595F42 		.ascii	"CY_BLE_ADV_STATE_ADV_INITIATED\000"
 1376      4C455F41 
 1376      44565F53 
 1376      54415445 
 1376      5F414456 
 1377              	.LASF82:
 1378 0569 70657269 		.ascii	"periDivCmdPaTypeSelPos\000"
 1378      44697643 
 1378      6D645061 
 1378      54797065 
 1378      53656C50 
 1379              	.LASF105:
 1380 0580 63707573 		.ascii	"cpussRam2Ctl0\000"
 1380      7352616D 
 1380      3243746C 
 1380      3000
 1381              	.LASF144:
 1382 058e 63795F62 		.ascii	"cy_ble_customConfig\000"
 1382      6C655F63 
 1382      7573746F 
 1382      6D436F6E 
 1382      66696700 
 1383              	.LASF73:
 1384 05a2 64775374 		.ascii	"dwStatusChIdxPos\000"
 1384      61747573 
 1384      43684964 
 1384      78506F73 
 1384      00
 1385              	.LASF55:
 1386 05b3 75646250 		.ascii	"udbPresent\000"
ARM GAS  C:\Users\JC\AppData\Local\Temp\ccZWpgtv.s 			page 30


 1386      72657365 
 1386      6E7400
 1387              	.LASF128:
 1388 05be 63795F65 		.ascii	"cy_en_ble_conn_state_t\000"
 1388      6E5F626C 
 1388      655F636F 
 1388      6E6E5F73 
 1388      74617465 
 1389              	.LASF35:
 1390 05d5 666C6173 		.ascii	"flashcVersion\000"
 1390      68635665 
 1390      7273696F 
 1390      6E00
 1391              	.LASF31:
 1392 05e3 63727970 		.ascii	"cryptoBase\000"
 1392      746F4261 
 1392      736500
 1393              	.LASF52:
 1394 05ee 736D6966 		.ascii	"smifDeviceNr\000"
 1394      44657669 
 1394      63654E72 
 1394      00
 1395              	.LASF145:
 1396 05fb 474E5520 		.ascii	"GNU C11 5.4.1 20160609 (release) [ARM/embedded-5-br"
 1396      43313120 
 1396      352E342E 
 1396      31203230 
 1396      31363036 
 1397 062e 616E6368 		.ascii	"anch revision 237715] -mcpu=cortex-m4 -mfloat-abi=s"
 1397      20726576 
 1397      6973696F 
 1397      6E203233 
 1397      37373135 
 1398 0661 6F667466 		.ascii	"oftfp -mfpu=fpv4-sp-d16 -mthumb -g -Og -ffunction-s"
 1398      70202D6D 
 1398      6670753D 
 1398      66707634 
 1398      2D73702D 
 1399 0694 65637469 		.ascii	"ections -ffat-lto-objects\000"
 1399      6F6E7320 
 1399      2D666661 
 1399      742D6C74 
 1399      6F2D6F62 
 1400              	.LASF61:
 1401 06ae 666C6173 		.ascii	"flashWriteDelay\000"
 1401      68577269 
 1401      74654465 
 1401      6C617900 
 1402              	.LASF127:
 1403 06be 43595F42 		.ascii	"CY_BLE_CONN_STATE_CLIENT_DISCOVERED\000"
 1403      4C455F43 
 1403      4F4E4E5F 
 1403      53544154 
 1403      455F434C 
 1404              	.LASF109:
 1405 06e2 666C6F61 		.ascii	"float\000"
 1405      7400
ARM GAS  C:\Users\JC\AppData\Local\Temp\ccZWpgtv.s 			page 31


 1406              	.LASF74:
 1407 06e8 64775374 		.ascii	"dwStatusChIdxMsk\000"
 1407      61747573 
 1407      43684964 
 1407      784D736B 
 1407      00
 1408              	.LASF138:
 1409 06f9 63795F64 		.ascii	"cy_device\000"
 1409      65766963 
 1409      6500
 1410              	.LASF102:
 1411 0703 63707573 		.ascii	"cpussRomCtl\000"
 1411      73526F6D 
 1411      43746C00 
 1412              	.LASF72:
 1413 070f 64774368 		.ascii	"dwChCtlPreemptablePos\000"
 1413      43746C50 
 1413      7265656D 
 1413      70746162 
 1413      6C65506F 
 1414              	.LASF25:
 1415 0725 75646242 		.ascii	"udbBase\000"
 1415      61736500 
 1416              	.LASF125:
 1417 072d 43595F42 		.ascii	"CY_BLE_CONN_STATE_CLIENT_CHAR_DISCOVERING\000"
 1417      4C455F43 
 1417      4F4E4E5F 
 1417      53544154 
 1417      455F434C 
 1418              	.LASF129:
 1419 0757 5F426F6F 		.ascii	"_Bool\000"
 1419      6C00
 1420              	.LASF20:
 1421 075d 696E7433 		.ascii	"int32_t\000"
 1421      325F7400 
 1422              	.LASF4:
 1423 0765 756E7369 		.ascii	"unsigned char\000"
 1423      676E6564 
 1423      20636861 
 1423      7200
 1424              	.LASF68:
 1425 0773 666C6173 		.ascii	"flashCtlMainWs4Freq\000"
 1425      6843746C 
 1425      4D61696E 
 1425      57733446 
 1425      72657100 
 1426              	.LASF7:
 1427 0787 73686F72 		.ascii	"short int\000"
 1427      7420696E 
 1427      7400
 1428              	.LASF132:
 1429 0791 63795F73 		.ascii	"cy_stc_ble_customs_info_t\000"
 1429      74635F62 
 1429      6C655F63 
 1429      7573746F 
 1429      6D735F69 
 1430              	.LASF79:
ARM GAS  C:\Users\JC\AppData\Local\Temp\ccZWpgtv.s 			page 32


 1431 07ab 70657269 		.ascii	"periDivCmdDivSelMsk\000"
 1431      44697643 
 1431      6D644469 
 1431      7653656C 
 1431      4D736B00 
 1432              	.LASF66:
 1433 07bf 666C6173 		.ascii	"flashCtlMainWs2Freq\000"
 1433      6843746C 
 1433      4D61696E 
 1433      57733246 
 1433      72657100 
 1434              	.LASF137:
 1435 07d3 63795F73 		.ascii	"cy_stc_ble_custom_config_t\000"
 1435      74635F62 
 1435      6C655F63 
 1435      7573746F 
 1435      6D5F636F 
 1436              	.LASF135:
 1437 07ee 63795F73 		.ascii	"cy_stc_ble_customs_t\000"
 1437      74635F62 
 1437      6C655F63 
 1437      7573746F 
 1437      6D735F74 
 1438              	.LASF50:
 1439 0803 73727373 		.ascii	"srssNumHfroot\000"
 1439      4E756D48 
 1439      66726F6F 
 1439      7400
 1440              	.LASF63:
 1441 0811 666C6173 		.ascii	"flashEraseDelay\000"
 1441      68457261 
 1441      73654465 
 1441      6C617900 
 1442              	.LASF21:
 1443 0821 75696E74 		.ascii	"uint32_t\000"
 1443      33325F74 
 1443      00
 1444              	.LASF2:
 1445 082a 6C6F6E67 		.ascii	"long double\000"
 1445      20646F75 
 1445      626C6500 
 1446              	.LASF16:
 1447 0836 63686172 		.ascii	"char\000"
 1447      00
 1448              	.LASF40:
 1449 083b 70726F74 		.ascii	"protVersion\000"
 1449      56657273 
 1449      696F6E00 
 1450              	.LASF103:
 1451 0847 63707573 		.ascii	"cpussRam0Ctl0\000"
 1451      7352616D 
 1451      3043746C 
 1451      3000
 1452              	.LASF8:
 1453 0855 5F5F7569 		.ascii	"__uint16_t\000"
 1453      6E743136 
 1453      5F7400
ARM GAS  C:\Users\JC\AppData\Local\Temp\ccZWpgtv.s 			page 33


 1454              	.LASF143:
 1455 0860 63795F62 		.ascii	"cy_ble_pendingFlashWrite\000"
 1455      6C655F70 
 1455      656E6469 
 1455      6E67466C 
 1455      61736857 
 1456              	.LASF84:
 1457 0879 70657269 		.ascii	"periDiv16CtlOffset\000"
 1457      44697631 
 1457      3643746C 
 1457      4F666673 
 1457      657400
 1458              	.LASF10:
 1459 088c 5F5F696E 		.ascii	"__int32_t\000"
 1459      7433325F 
 1459      7400
 1460              	.LASF140:
 1461 0896 63795F62 		.ascii	"cy_ble_advState\000"
 1461      6C655F61 
 1461      64765374 
 1461      61746500 
 1462              	.LASF147:
 1463 08a6 443A5C4F 		.ascii	"D:\\OneDrive - UNSW\\Documents\\thesis\\VDAC_Saw_Ex"
 1463      6E654472 
 1463      69766520 
 1463      2D20554E 
 1463      53575C44 
 1464 08d5 706F7274 		.ascii	"port.cydsn\\BLE_notify.cydsn\000"
 1464      2E637964 
 1464      736E5C42 
 1464      4C455F6E 
 1464      6F746966 
 1465              	.LASF37:
 1466 08f1 6873696F 		.ascii	"hsiomVersion\000"
 1466      6D566572 
 1466      73696F6E 
 1466      00
 1467              	.LASF65:
 1468 08fe 666C6173 		.ascii	"flashCtlMainWs1Freq\000"
 1468      6843746C 
 1468      4D61696E 
 1468      57733146 
 1468      72657100 
 1469              	.LASF9:
 1470 0912 73686F72 		.ascii	"short unsigned int\000"
 1470      7420756E 
 1470      7369676E 
 1470      65642069 
 1470      6E7400
 1471              	.LASF70:
 1472 0925 64774368 		.ascii	"dwChSize\000"
 1472      53697A65 
 1472      00
 1473              	.LASF106:
 1474 092e 69706353 		.ascii	"ipcStructSize\000"
 1474      74727563 
 1474      7453697A 
ARM GAS  C:\Users\JC\AppData\Local\Temp\ccZWpgtv.s 			page 34


 1474      6500
 1475              	.LASF45:
 1476 093c 63707573 		.ascii	"cpussIpc0Irq\000"
 1476      73497063 
 1476      30497271 
 1476      00
 1477              	.LASF88:
 1478 0949 6770696F 		.ascii	"gpioPrtCfgOffset\000"
 1478      50727443 
 1478      66674F66 
 1478      66736574 
 1478      00
 1479              	.LASF120:
 1480 095a 43595F42 		.ascii	"CY_BLE_CONN_STATE_DISCONNECTED\000"
 1480      4C455F43 
 1480      4F4E4E5F 
 1480      53544154 
 1480      455F4449 
 1481              	.LASF141:
 1482 0979 63795F62 		.ascii	"cy_ble_connHandle\000"
 1482      6C655F63 
 1482      6F6E6E48 
 1482      616E646C 
 1482      6500
 1483              	.LASF47:
 1484 098b 63707573 		.ascii	"cpussNotConnectedIrq\000"
 1484      734E6F74 
 1484      436F6E6E 
 1484      65637465 
 1484      64497271 
 1485              	.LASF117:
 1486 09a0 43595F42 		.ascii	"CY_BLE_ADV_STATE_ADVERTISING\000"
 1486      4C455F41 
 1486      44565F53 
 1486      54415445 
 1486      5F414456 
 1487              	.LASF115:
 1488 09bd 43595F42 		.ascii	"CY_BLE_ADV_STATE_STOPPED\000"
 1488      4C455F41 
 1488      44565F53 
 1488      54415445 
 1488      5F53544F 
 1489              	.LASF17:
 1490 09d6 75696E74 		.ascii	"uint8_t\000"
 1490      385F7400 
 1491              	.LASF94:
 1492 09de 63707573 		.ascii	"cpussCm4StatusOffset\000"
 1492      73436D34 
 1492      53746174 
 1492      75734F66 
 1492      66736574 
 1493              	.LASF87:
 1494 09f3 6770696F 		.ascii	"gpioPrtIntrCfgOffset\000"
 1494      50727449 
 1494      6E747243 
 1494      66674F66 
 1494      66736574 
ARM GAS  C:\Users\JC\AppData\Local\Temp\ccZWpgtv.s 			page 35


 1495              	.LASF98:
 1496 0a08 63707573 		.ascii	"cpussTrimRomCtlOffset\000"
 1496      73547269 
 1496      6D526F6D 
 1496      43746C4F 
 1496      66667365 
 1497              	.LASF111:
 1498 0a1e 62644861 		.ascii	"bdHandle\000"
 1498      6E646C65 
 1498      00
 1499              	.LASF48:
 1500 0a27 73727373 		.ascii	"srssNumClkpath\000"
 1500      4E756D43 
 1500      6C6B7061 
 1500      746800
 1501              	.LASF34:
 1502 0a36 64775665 		.ascii	"dwVersion\000"
 1502      7273696F 
 1502      6E00
 1503              	.LASF30:
 1504 0a40 69706342 		.ascii	"ipcBase\000"
 1504      61736500 
 1505              	.LASF81:
 1506 0a48 70657269 		.ascii	"periDivCmdPaDivSelPos\000"
 1506      44697643 
 1506      6D645061 
 1506      44697653 
 1506      656C506F 
 1507              	.LASF62:
 1508 0a5e 666C6173 		.ascii	"flashProgramDelay\000"
 1508      6850726F 
 1508      6772616D 
 1508      44656C61 
 1508      7900
 1509              	.LASF130:
 1510 0a70 63757374 		.ascii	"customServCharHandle\000"
 1510      6F6D5365 
 1510      72764368 
 1510      61724861 
 1510      6E646C65 
 1511              	.LASF121:
 1512 0a85 43595F42 		.ascii	"CY_BLE_CONN_STATE_CLIENT_DISCONNECTED_DISCOVERED\000"
 1512      4C455F43 
 1512      4F4E4E5F 
 1512      53544154 
 1512      455F434C 
 1513              	.LASF59:
 1514 0ab6 666C6173 		.ascii	"flashRwwRequired\000"
 1514      68527777 
 1514      52657175 
 1514      69726564 
 1514      00
 1515              	.LASF131:
 1516 0ac7 63757374 		.ascii	"customServCharDesc\000"
 1516      6F6D5365 
 1516      72764368 
 1516      61724465 
ARM GAS  C:\Users\JC\AppData\Local\Temp\ccZWpgtv.s 			page 36


 1516      736300
 1517              		.ident	"GCC: (GNU Tools for ARM Embedded Processors) 5.4.1 20160609 (release) [ARM/embedded-5-bran
